train_corr: 0.6236002004545098
test_corr: 0.6116132737481328

------------------------------------------------------------
Sender: LSF System <lsfadmin@ji01>
Subject: Job 68916830: </work/tansey/meisterm/new_scripts/raw_expt.sh /work/tansey/meisterm/code raw CTD2 GDSC sample_split -1 data/rep-gdsc-ctd2-mean-log.csv /work/tansey/meisterm/results/2023-08-14/run_2c_raw_overlap/log_CTD2_GDSC/raw/7 fold_info/fold_list_10.pkl 1000 7> in cluster <juno> Done

Job </work/tansey/meisterm/new_scripts/raw_expt.sh /work/tansey/meisterm/code raw CTD2 GDSC sample_split -1 data/rep-gdsc-ctd2-mean-log.csv /work/tansey/meisterm/results/2023-08-14/run_2c_raw_overlap/log_CTD2_GDSC/raw/7 fold_info/fold_list_10.pkl 1000 7> was submitted from host <juno> by user <meisterm> in cluster <juno> at Mon Aug 14 20:30:23 2023
Job was executed on host(s) <ji01>, in queue <general>, as user <meisterm> in cluster <juno> at Mon Aug 14 20:30:24 2023
</home/meisterm> was used as the home directory.
</work/tansey/meisterm> was used as the working directory.
Started at Mon Aug 14 20:30:24 2023
Terminated at Mon Aug 14 20:30:33 2023
Results reported at Mon Aug 14 20:30:33 2023

Your job looked like:

------------------------------------------------------------
# LSBATCH: User input
/work/tansey/meisterm/new_scripts/raw_expt.sh /work/tansey/meisterm/code raw CTD2 GDSC sample_split -1 data/rep-gdsc-ctd2-mean-log.csv /work/tansey/meisterm/results/2023-08-14/run_2c_raw_overlap/log_CTD2_GDSC/raw/7 fold_info/fold_list_10.pkl 1000 7
------------------------------------------------------------

Successfully completed.

Resource usage summary:

    CPU time :                                   4.21 sec.
    Max Memory :                                 -
    Average Memory :                             -
    Total Requested Memory :                     32.00 GB
    Delta Memory :                               -
    Max Swap :                                   -
    Max Processes :                              4
    Max Threads :                                13
    Run time :                                   9 sec.
    Turnaround time :                            10 sec.

The output (if any) is above this job summary.



PS:

Read file </work/tansey/meisterm/results/2023-08-14/run_2c_raw_overlap/log_CTD2_GDSC/raw/7/err.err> for stderr output of this job.

