train_corr: 0.9116257377352953
test_corr: 0.6929088310541296

------------------------------------------------------------
Sender: LSF System <lsfadmin@ji13>
Subject: Job 68555300: </work/tansey/meisterm/new_scripts/expt.sh /work/tansey/meisterm/code transfer CTD2 GDSC random_split .90 data/rep-gdsc-ctd2-mean-log.csv /work/tansey/meisterm/results/2023-08-11/run_2d/log_CTD2_GDSC/90/transfer/4 "" 1000 4> in cluster <juno> Done

Job </work/tansey/meisterm/new_scripts/expt.sh /work/tansey/meisterm/code transfer CTD2 GDSC random_split .90 data/rep-gdsc-ctd2-mean-log.csv /work/tansey/meisterm/results/2023-08-11/run_2d/log_CTD2_GDSC/90/transfer/4 "" 1000 4> was submitted from host <juno> by user <meisterm> in cluster <juno> at Fri Aug 11 21:32:25 2023
Job was executed on host(s) <ji13>, in queue <general>, as user <meisterm> in cluster <juno> at Fri Aug 11 21:44:44 2023
</home/meisterm> was used as the home directory.
</work/tansey/meisterm> was used as the working directory.
Started at Fri Aug 11 21:44:44 2023
Terminated at Sat Aug 12 02:01:26 2023
Results reported at Sat Aug 12 02:01:26 2023

Your job looked like:

------------------------------------------------------------
# LSBATCH: User input
/work/tansey/meisterm/new_scripts/expt.sh /work/tansey/meisterm/code transfer CTD2 GDSC random_split .90 data/rep-gdsc-ctd2-mean-log.csv /work/tansey/meisterm/results/2023-08-11/run_2d/log_CTD2_GDSC/90/transfer/4 "" 1000 4
------------------------------------------------------------

Successfully completed.

Resource usage summary:

    CPU time :                                   15362.41 sec.
    Max Memory :                                 -
    Average Memory :                             -
    Total Requested Memory :                     32.00 GB
    Delta Memory :                               -
    Max Swap :                                   -
    Max Processes :                              4
    Max Threads :                                77
    Run time :                                   15403 sec.
    Turnaround time :                            16141 sec.

The output (if any) is above this job summary.



PS:

Read file </work/tansey/meisterm/results/2023-08-11/run_2d/log_CTD2_GDSC/90/transfer/4/err.err> for stderr output of this job.

