train_corr: 0.9583175917097438
test_corr: 0.8318173886041398

------------------------------------------------------------
Sender: LSF System <lsfadmin@ji12>
Subject: Job 68555448: </work/tansey/meisterm/new_scripts/expt.sh /work/tansey/meisterm/code target_only "" CTD2 random_split .10 data/rep-gdsc-ctd2-mean-log.csv /work/tansey/meisterm/results/2023-08-11/run_2d/log_CTD2/10/target_only/9 "" 1000 9> in cluster <juno> Done

Job </work/tansey/meisterm/new_scripts/expt.sh /work/tansey/meisterm/code target_only "" CTD2 random_split .10 data/rep-gdsc-ctd2-mean-log.csv /work/tansey/meisterm/results/2023-08-11/run_2d/log_CTD2/10/target_only/9 "" 1000 9> was submitted from host <juno> by user <meisterm> in cluster <juno> at Fri Aug 11 21:32:32 2023
Job was executed on host(s) <ji12>, in queue <general>, as user <meisterm> in cluster <juno> at Fri Aug 11 22:00:32 2023
</home/meisterm> was used as the home directory.
</work/tansey/meisterm> was used as the working directory.
Started at Fri Aug 11 22:00:32 2023
Terminated at Sat Aug 12 01:06:20 2023
Results reported at Sat Aug 12 01:06:20 2023

Your job looked like:

------------------------------------------------------------
# LSBATCH: User input
/work/tansey/meisterm/new_scripts/expt.sh /work/tansey/meisterm/code target_only "" CTD2 random_split .10 data/rep-gdsc-ctd2-mean-log.csv /work/tansey/meisterm/results/2023-08-11/run_2d/log_CTD2/10/target_only/9 "" 1000 9
------------------------------------------------------------

Successfully completed.

Resource usage summary:

    CPU time :                                   11115.50 sec.
    Max Memory :                                 -
    Average Memory :                             -
    Total Requested Memory :                     32.00 GB
    Delta Memory :                               -
    Max Swap :                                   -
    Max Processes :                              4
    Max Threads :                                77
    Run time :                                   11148 sec.
    Turnaround time :                            12828 sec.

The output (if any) is above this job summary.



PS:

Read file </work/tansey/meisterm/results/2023-08-11/run_2d/log_CTD2/10/target_only/9/err.err> for stderr output of this job.

