FINAL LOSS DIFF: -188.771484375
corr_test: 0.8205017430460427
corr_train: 0.8371402103865729

------------------------------------------------------------
Sender: LSF System <lsfadmin@ji14>
Subject: Job 67471668: </work/tansey/meisterm/scripts/heatmap_input.sh 10 6 56 56 REP_published_auc_mean CTD2_published_auc_mean /work/tansey/meisterm/results/2023-08-02/diagonal/log_REP_CTD2/56/56/10 1000 /work/tansey/meisterm/data> in cluster <juno> Done

Job </work/tansey/meisterm/scripts/heatmap_input.sh 10 6 56 56 REP_published_auc_mean CTD2_published_auc_mean /work/tansey/meisterm/results/2023-08-02/diagonal/log_REP_CTD2/56/56/10 1000 /work/tansey/meisterm/data> was submitted from host <juno> by user <meisterm> in cluster <juno> at Wed Aug  2 15:57:29 2023
Job was executed on host(s) <ji14>, in queue <general>, as user <meisterm> in cluster <juno> at Wed Aug  2 16:07:56 2023
</home/meisterm> was used as the home directory.
</work/tansey/meisterm> was used as the working directory.
Started at Wed Aug  2 16:07:56 2023
Terminated at Wed Aug  2 16:08:48 2023
Results reported at Wed Aug  2 16:08:48 2023

Your job looked like:

------------------------------------------------------------
# LSBATCH: User input
/work/tansey/meisterm/scripts/heatmap_input.sh 10 6 56 56 REP_published_auc_mean CTD2_published_auc_mean /work/tansey/meisterm/results/2023-08-02/diagonal/log_REP_CTD2/56/56/10 1000 /work/tansey/meisterm/data
------------------------------------------------------------

Successfully completed.

Resource usage summary:

    CPU time :                                   49.15 sec.
    Max Memory :                                 -
    Average Memory :                             -
    Total Requested Memory :                     32.00 GB
    Delta Memory :                               -
    Max Swap :                                   -
    Max Processes :                              4
    Max Threads :                                77
    Run time :                                   51 sec.
    Turnaround time :                            679 sec.

The output (if any) is above this job summary.



PS:

Read file </work/tansey/meisterm/results/2023-08-02/diagonal/log_REP_CTD2/56/56/10/model_split.err> for stderr output of this job.

FINAL LOSS DIFF: 103.3115234375
corr_test: 0.8184877097134252
corr_train: 0.8356592242000889

------------------------------------------------------------
Sender: LSF System <lsfadmin@ja07>
Subject: Job 67471670: </work/tansey/meisterm/scripts/heatmap_input.sh 10 8 56 56 REP_published_auc_mean CTD2_published_auc_mean /work/tansey/meisterm/results/2023-08-02/diagonal/log_REP_CTD2/56/56/10 1000 /work/tansey/meisterm/data> in cluster <juno> Done

Job </work/tansey/meisterm/scripts/heatmap_input.sh 10 8 56 56 REP_published_auc_mean CTD2_published_auc_mean /work/tansey/meisterm/results/2023-08-02/diagonal/log_REP_CTD2/56/56/10 1000 /work/tansey/meisterm/data> was submitted from host <juno> by user <meisterm> in cluster <juno> at Wed Aug  2 15:57:30 2023
Job was executed on host(s) <ja07>, in queue <general>, as user <meisterm> in cluster <juno> at Wed Aug  2 16:07:56 2023
</home/meisterm> was used as the home directory.
</work/tansey/meisterm> was used as the working directory.
Started at Wed Aug  2 16:07:56 2023
Terminated at Wed Aug  2 16:08:59 2023
Results reported at Wed Aug  2 16:08:59 2023

Your job looked like:

------------------------------------------------------------
# LSBATCH: User input
/work/tansey/meisterm/scripts/heatmap_input.sh 10 8 56 56 REP_published_auc_mean CTD2_published_auc_mean /work/tansey/meisterm/results/2023-08-02/diagonal/log_REP_CTD2/56/56/10 1000 /work/tansey/meisterm/data
------------------------------------------------------------

Successfully completed.

Resource usage summary:

    CPU time :                                   82.72 sec.
    Max Memory :                                 -
    Average Memory :                             -
    Total Requested Memory :                     32.00 GB
    Delta Memory :                               -
    Max Swap :                                   -
    Max Processes :                              4
    Max Threads :                                49
    Run time :                                   62 sec.
    Turnaround time :                            689 sec.

The output (if any) is above this job summary.



PS:

Read file </work/tansey/meisterm/results/2023-08-02/diagonal/log_REP_CTD2/56/56/10/model_split.err> for stderr output of this job.

FINAL LOSS DIFF: -36.4091796875
corr_test: 0.8187514700994841
corr_train: 0.8311909182482087

------------------------------------------------------------
Sender: LSF System <lsfadmin@jh06>
Subject: Job 67471672: </work/tansey/meisterm/scripts/heatmap_input.sh 10 10 56 56 REP_published_auc_mean CTD2_published_auc_mean /work/tansey/meisterm/results/2023-08-02/diagonal/log_REP_CTD2/56/56/10 1000 /work/tansey/meisterm/data> in cluster <juno> Done

Job </work/tansey/meisterm/scripts/heatmap_input.sh 10 10 56 56 REP_published_auc_mean CTD2_published_auc_mean /work/tansey/meisterm/results/2023-08-02/diagonal/log_REP_CTD2/56/56/10 1000 /work/tansey/meisterm/data> was submitted from host <juno> by user <meisterm> in cluster <juno> at Wed Aug  2 15:57:30 2023
Job was executed on host(s) <jh06>, in queue <general>, as user <meisterm> in cluster <juno> at Wed Aug  2 16:07:56 2023
</home/meisterm> was used as the home directory.
</work/tansey/meisterm> was used as the working directory.
Started at Wed Aug  2 16:07:56 2023
Terminated at Wed Aug  2 16:09:13 2023
Results reported at Wed Aug  2 16:09:13 2023

Your job looked like:

------------------------------------------------------------
# LSBATCH: User input
/work/tansey/meisterm/scripts/heatmap_input.sh 10 10 56 56 REP_published_auc_mean CTD2_published_auc_mean /work/tansey/meisterm/results/2023-08-02/diagonal/log_REP_CTD2/56/56/10 1000 /work/tansey/meisterm/data
------------------------------------------------------------

Successfully completed.

Resource usage summary:

    CPU time :                                   74.25 sec.
    Max Memory :                                 -
    Average Memory :                             -
    Total Requested Memory :                     32.00 GB
    Delta Memory :                               -
    Max Swap :                                   -
    Max Processes :                              4
    Max Threads :                                65
    Run time :                                   78 sec.
    Turnaround time :                            703 sec.

The output (if any) is above this job summary.



PS:

Read file </work/tansey/meisterm/results/2023-08-02/diagonal/log_REP_CTD2/56/56/10/model_split.err> for stderr output of this job.

FINAL LOSS DIFF: 92.99609375
corr_test: 0.818771692567715
corr_train: 0.8358141528911754

------------------------------------------------------------
Sender: LSF System <lsfadmin@jx27>
Subject: Job 67471666: </work/tansey/meisterm/scripts/heatmap_input.sh 10 4 56 56 REP_published_auc_mean CTD2_published_auc_mean /work/tansey/meisterm/results/2023-08-02/diagonal/log_REP_CTD2/56/56/10 1000 /work/tansey/meisterm/data> in cluster <juno> Done

Job </work/tansey/meisterm/scripts/heatmap_input.sh 10 4 56 56 REP_published_auc_mean CTD2_published_auc_mean /work/tansey/meisterm/results/2023-08-02/diagonal/log_REP_CTD2/56/56/10 1000 /work/tansey/meisterm/data> was submitted from host <juno> by user <meisterm> in cluster <juno> at Wed Aug  2 15:57:29 2023
Job was executed on host(s) <jx27>, in queue <general>, as user <meisterm> in cluster <juno> at Wed Aug  2 16:07:55 2023
</home/meisterm> was used as the home directory.
</work/tansey/meisterm> was used as the working directory.
Started at Wed Aug  2 16:07:55 2023
Terminated at Wed Aug  2 16:09:19 2023
Results reported at Wed Aug  2 16:09:19 2023

Your job looked like:

------------------------------------------------------------
# LSBATCH: User input
/work/tansey/meisterm/scripts/heatmap_input.sh 10 4 56 56 REP_published_auc_mean CTD2_published_auc_mean /work/tansey/meisterm/results/2023-08-02/diagonal/log_REP_CTD2/56/56/10 1000 /work/tansey/meisterm/data
------------------------------------------------------------

Successfully completed.

Resource usage summary:

    CPU time :                                   80.34 sec.
    Max Memory :                                 -
    Average Memory :                             -
    Total Requested Memory :                     32.00 GB
    Delta Memory :                               -
    Max Swap :                                   -
    Max Processes :                              4
    Max Threads :                                33
    Run time :                                   83 sec.
    Turnaround time :                            710 sec.

The output (if any) is above this job summary.



PS:

Read file </work/tansey/meisterm/results/2023-08-02/diagonal/log_REP_CTD2/56/56/10/model_split.err> for stderr output of this job.

FINAL LOSS DIFF: 216.150390625
corr_test: 0.8120724989740323
corr_train: 0.8318285796861136
FINAL LOSS DIFF: -305.0751953125
corr_test: 0.8165688227693544
corr_train: 0.8328214156626472

------------------------------------------------------------
Sender: LSF System <lsfadmin@jd04>
Subject: Job 67471665: </work/tansey/meisterm/scripts/heatmap_input.sh 10 3 56 56 REP_published_auc_mean CTD2_published_auc_mean /work/tansey/meisterm/results/2023-08-02/diagonal/log_REP_CTD2/56/56/10 1000 /work/tansey/meisterm/data> in cluster <juno> Done

Job </work/tansey/meisterm/scripts/heatmap_input.sh 10 3 56 56 REP_published_auc_mean CTD2_published_auc_mean /work/tansey/meisterm/results/2023-08-02/diagonal/log_REP_CTD2/56/56/10 1000 /work/tansey/meisterm/data> was submitted from host <juno> by user <meisterm> in cluster <juno> at Wed Aug  2 15:57:29 2023
Job was executed on host(s) <jd04>, in queue <general>, as user <meisterm> in cluster <juno> at Wed Aug  2 16:07:55 2023
</home/meisterm> was used as the home directory.
</work/tansey/meisterm> was used as the working directory.
Started at Wed Aug  2 16:07:55 2023
Terminated at Wed Aug  2 16:09:28 2023
Results reported at Wed Aug  2 16:09:28 2023

Your job looked like:

------------------------------------------------------------
# LSBATCH: User input
/work/tansey/meisterm/scripts/heatmap_input.sh 10 3 56 56 REP_published_auc_mean CTD2_published_auc_mean /work/tansey/meisterm/results/2023-08-02/diagonal/log_REP_CTD2/56/56/10 1000 /work/tansey/meisterm/data
------------------------------------------------------------

Successfully completed.

Resource usage summary:

    CPU time :                                   90.45 sec.
    Max Memory :                                 -
    Average Memory :                             -
    Total Requested Memory :                     32.00 GB
    Delta Memory :                               -
    Max Swap :                                   -
    Max Processes :                              4
    Max Threads :                                49
    Run time :                                   93 sec.
    Turnaround time :                            719 sec.

The output (if any) is above this job summary.



PS:

Read file </work/tansey/meisterm/results/2023-08-02/diagonal/log_REP_CTD2/56/56/10/model_split.err> for stderr output of this job.

FINAL LOSS DIFF: -69.1162109375
corr_test: 0.8205562493212086
corr_train: 0.8354415831021413

------------------------------------------------------------
Sender: LSF System <lsfadmin@je01>
Subject: Job 67471669: </work/tansey/meisterm/scripts/heatmap_input.sh 10 7 56 56 REP_published_auc_mean CTD2_published_auc_mean /work/tansey/meisterm/results/2023-08-02/diagonal/log_REP_CTD2/56/56/10 1000 /work/tansey/meisterm/data> in cluster <juno> Done

Job </work/tansey/meisterm/scripts/heatmap_input.sh 10 7 56 56 REP_published_auc_mean CTD2_published_auc_mean /work/tansey/meisterm/results/2023-08-02/diagonal/log_REP_CTD2/56/56/10 1000 /work/tansey/meisterm/data> was submitted from host <juno> by user <meisterm> in cluster <juno> at Wed Aug  2 15:57:29 2023
Job was executed on host(s) <je01>, in queue <general>, as user <meisterm> in cluster <juno> at Wed Aug  2 16:07:56 2023
</home/meisterm> was used as the home directory.
</work/tansey/meisterm> was used as the working directory.
Started at Wed Aug  2 16:07:56 2023
Terminated at Wed Aug  2 16:09:28 2023
Results reported at Wed Aug  2 16:09:28 2023

Your job looked like:

------------------------------------------------------------
# LSBATCH: User input
/work/tansey/meisterm/scripts/heatmap_input.sh 10 7 56 56 REP_published_auc_mean CTD2_published_auc_mean /work/tansey/meisterm/results/2023-08-02/diagonal/log_REP_CTD2/56/56/10 1000 /work/tansey/meisterm/data
------------------------------------------------------------

Successfully completed.

Resource usage summary:

    CPU time :                                   89.23 sec.
    Max Memory :                                 -
    Average Memory :                             -
    Total Requested Memory :                     32.00 GB
    Delta Memory :                               -
    Max Swap :                                   -
    Max Processes :                              4
    Max Threads :                                53
    Run time :                                   93 sec.
    Turnaround time :                            719 sec.

The output (if any) is above this job summary.



PS:

Read file </work/tansey/meisterm/results/2023-08-02/diagonal/log_REP_CTD2/56/56/10/model_split.err> for stderr output of this job.

FINAL LOSS DIFF: -22.1953125
corr_test: 0.8200897830668143
corr_train: 0.8344520161363039

------------------------------------------------------------
Sender: LSF System <lsfadmin@je11>
Subject: Job 67471663: </work/tansey/meisterm/scripts/heatmap_input.sh 10 1 56 56 REP_published_auc_mean CTD2_published_auc_mean /work/tansey/meisterm/results/2023-08-02/diagonal/log_REP_CTD2/56/56/10 1000 /work/tansey/meisterm/data> in cluster <juno> Done

Job </work/tansey/meisterm/scripts/heatmap_input.sh 10 1 56 56 REP_published_auc_mean CTD2_published_auc_mean /work/tansey/meisterm/results/2023-08-02/diagonal/log_REP_CTD2/56/56/10 1000 /work/tansey/meisterm/data> was submitted from host <juno> by user <meisterm> in cluster <juno> at Wed Aug  2 15:57:29 2023
Job was executed on host(s) <je11>, in queue <general>, as user <meisterm> in cluster <juno> at Wed Aug  2 16:07:55 2023
</home/meisterm> was used as the home directory.
</work/tansey/meisterm> was used as the working directory.
Started at Wed Aug  2 16:07:55 2023
Terminated at Wed Aug  2 16:09:29 2023
Results reported at Wed Aug  2 16:09:29 2023

Your job looked like:

------------------------------------------------------------
# LSBATCH: User input
/work/tansey/meisterm/scripts/heatmap_input.sh 10 1 56 56 REP_published_auc_mean CTD2_published_auc_mean /work/tansey/meisterm/results/2023-08-02/diagonal/log_REP_CTD2/56/56/10 1000 /work/tansey/meisterm/data
------------------------------------------------------------

Successfully completed.

Resource usage summary:

    CPU time :                                   91.13 sec.
    Max Memory :                                 -
    Average Memory :                             -
    Total Requested Memory :                     32.00 GB
    Delta Memory :                               -
    Max Swap :                                   -
    Max Processes :                              4
    Max Threads :                                53
    Run time :                                   95 sec.
    Turnaround time :                            720 sec.

The output (if any) is above this job summary.



PS:

Read file </work/tansey/meisterm/results/2023-08-02/diagonal/log_REP_CTD2/56/56/10/model_split.err> for stderr output of this job.


------------------------------------------------------------
Sender: LSF System <lsfadmin@je13>
Subject: Job 67471671: </work/tansey/meisterm/scripts/heatmap_input.sh 10 9 56 56 REP_published_auc_mean CTD2_published_auc_mean /work/tansey/meisterm/results/2023-08-02/diagonal/log_REP_CTD2/56/56/10 1000 /work/tansey/meisterm/data> in cluster <juno> Done

Job </work/tansey/meisterm/scripts/heatmap_input.sh 10 9 56 56 REP_published_auc_mean CTD2_published_auc_mean /work/tansey/meisterm/results/2023-08-02/diagonal/log_REP_CTD2/56/56/10 1000 /work/tansey/meisterm/data> was submitted from host <juno> by user <meisterm> in cluster <juno> at Wed Aug  2 15:57:30 2023
Job was executed on host(s) <je13>, in queue <general>, as user <meisterm> in cluster <juno> at Wed Aug  2 16:07:56 2023
</home/meisterm> was used as the home directory.
</work/tansey/meisterm> was used as the working directory.
Started at Wed Aug  2 16:07:56 2023
Terminated at Wed Aug  2 16:09:30 2023
Results reported at Wed Aug  2 16:09:30 2023

Your job looked like:

------------------------------------------------------------
# LSBATCH: User input
/work/tansey/meisterm/scripts/heatmap_input.sh 10 9 56 56 REP_published_auc_mean CTD2_published_auc_mean /work/tansey/meisterm/results/2023-08-02/diagonal/log_REP_CTD2/56/56/10 1000 /work/tansey/meisterm/data
------------------------------------------------------------

Successfully completed.

Resource usage summary:

    CPU time :                                   96.75 sec.
    Max Memory :                                 -
    Average Memory :                             -
    Total Requested Memory :                     32.00 GB
    Delta Memory :                               -
    Max Swap :                                   -
    Max Processes :                              4
    Max Threads :                                53
    Run time :                                   93 sec.
    Turnaround time :                            720 sec.

The output (if any) is above this job summary.



PS:

Read file </work/tansey/meisterm/results/2023-08-02/diagonal/log_REP_CTD2/56/56/10/model_split.err> for stderr output of this job.

FINAL LOSS DIFF: -3.37890625
corr_test: 0.8151902230031564
corr_train: 0.8364235361986028

------------------------------------------------------------
Sender: LSF System <lsfadmin@jd04>
Subject: Job 67471664: </work/tansey/meisterm/scripts/heatmap_input.sh 10 2 56 56 REP_published_auc_mean CTD2_published_auc_mean /work/tansey/meisterm/results/2023-08-02/diagonal/log_REP_CTD2/56/56/10 1000 /work/tansey/meisterm/data> in cluster <juno> Done

Job </work/tansey/meisterm/scripts/heatmap_input.sh 10 2 56 56 REP_published_auc_mean CTD2_published_auc_mean /work/tansey/meisterm/results/2023-08-02/diagonal/log_REP_CTD2/56/56/10 1000 /work/tansey/meisterm/data> was submitted from host <juno> by user <meisterm> in cluster <juno> at Wed Aug  2 15:57:29 2023
Job was executed on host(s) <jd04>, in queue <general>, as user <meisterm> in cluster <juno> at Wed Aug  2 16:07:55 2023
</home/meisterm> was used as the home directory.
</work/tansey/meisterm> was used as the working directory.
Started at Wed Aug  2 16:07:55 2023
Terminated at Wed Aug  2 16:09:31 2023
Results reported at Wed Aug  2 16:09:31 2023

Your job looked like:

------------------------------------------------------------
# LSBATCH: User input
/work/tansey/meisterm/scripts/heatmap_input.sh 10 2 56 56 REP_published_auc_mean CTD2_published_auc_mean /work/tansey/meisterm/results/2023-08-02/diagonal/log_REP_CTD2/56/56/10 1000 /work/tansey/meisterm/data
------------------------------------------------------------

Successfully completed.

Resource usage summary:

    CPU time :                                   93.73 sec.
    Max Memory :                                 -
    Average Memory :                             -
    Total Requested Memory :                     32.00 GB
    Delta Memory :                               -
    Max Swap :                                   -
    Max Processes :                              4
    Max Threads :                                49
    Run time :                                   96 sec.
    Turnaround time :                            722 sec.

The output (if any) is above this job summary.



PS:

Read file </work/tansey/meisterm/results/2023-08-02/diagonal/log_REP_CTD2/56/56/10/model_split.err> for stderr output of this job.

FINAL LOSS DIFF: 99.96875
corr_test: 0.8211206031324714
corr_train: 0.8308205757003885

------------------------------------------------------------
Sender: LSF System <lsfadmin@ji18>
Subject: Job 67471667: </work/tansey/meisterm/scripts/heatmap_input.sh 10 5 56 56 REP_published_auc_mean CTD2_published_auc_mean /work/tansey/meisterm/results/2023-08-02/diagonal/log_REP_CTD2/56/56/10 1000 /work/tansey/meisterm/data> in cluster <juno> Done

Job </work/tansey/meisterm/scripts/heatmap_input.sh 10 5 56 56 REP_published_auc_mean CTD2_published_auc_mean /work/tansey/meisterm/results/2023-08-02/diagonal/log_REP_CTD2/56/56/10 1000 /work/tansey/meisterm/data> was submitted from host <juno> by user <meisterm> in cluster <juno> at Wed Aug  2 15:57:29 2023
Job was executed on host(s) <ji18>, in queue <general>, as user <meisterm> in cluster <juno> at Wed Aug  2 16:07:56 2023
</home/meisterm> was used as the home directory.
</work/tansey/meisterm> was used as the working directory.
Started at Wed Aug  2 16:07:56 2023
Terminated at Wed Aug  2 16:09:35 2023
Results reported at Wed Aug  2 16:09:35 2023

Your job looked like:

------------------------------------------------------------
# LSBATCH: User input
/work/tansey/meisterm/scripts/heatmap_input.sh 10 5 56 56 REP_published_auc_mean CTD2_published_auc_mean /work/tansey/meisterm/results/2023-08-02/diagonal/log_REP_CTD2/56/56/10 1000 /work/tansey/meisterm/data
------------------------------------------------------------

Successfully completed.

Resource usage summary:

    CPU time :                                   95.42 sec.
    Max Memory :                                 -
    Average Memory :                             -
    Total Requested Memory :                     32.00 GB
    Delta Memory :                               -
    Max Swap :                                   -
    Max Processes :                              4
    Max Threads :                                77
    Run time :                                   99 sec.
    Turnaround time :                            726 sec.

The output (if any) is above this job summary.



PS:

Read file </work/tansey/meisterm/results/2023-08-02/diagonal/log_REP_CTD2/56/56/10/model_split.err> for stderr output of this job.

