train_corr: 0.9112446780812518
test_corr: 0.8485813798942118

------------------------------------------------------------
Sender: LSF System <lsfadmin@ji12>
Subject: Job 68466761: </work/tansey/meisterm/new_scripts/expt.sh /work/tansey/meisterm/code transfer GDSC REP random_split .60 data/rep-gdsc-ctd2-mean-log.csv /work/tansey/meisterm/results/2023-08-10/run_2d/log_GDSC_REP/60/transfer/4 "" 1000 4> in cluster <juno> Done

Job </work/tansey/meisterm/new_scripts/expt.sh /work/tansey/meisterm/code transfer GDSC REP random_split .60 data/rep-gdsc-ctd2-mean-log.csv /work/tansey/meisterm/results/2023-08-10/run_2d/log_GDSC_REP/60/transfer/4 "" 1000 4> was submitted from host <juno> by user <meisterm> in cluster <juno> at Thu Aug 10 17:58:31 2023
Job was executed on host(s) <ji12>, in queue <general>, as user <meisterm> in cluster <juno> at Fri Aug 11 11:52:43 2023
</home/meisterm> was used as the home directory.
</work/tansey/meisterm> was used as the working directory.
Started at Fri Aug 11 11:52:43 2023
Terminated at Fri Aug 11 15:53:50 2023
Results reported at Fri Aug 11 15:53:50 2023

Your job looked like:

------------------------------------------------------------
# LSBATCH: User input
/work/tansey/meisterm/new_scripts/expt.sh /work/tansey/meisterm/code transfer GDSC REP random_split .60 data/rep-gdsc-ctd2-mean-log.csv /work/tansey/meisterm/results/2023-08-10/run_2d/log_GDSC_REP/60/transfer/4 "" 1000 4
------------------------------------------------------------

Successfully completed.

Resource usage summary:

    CPU time :                                   14428.44 sec.
    Max Memory :                                 -
    Average Memory :                             -
    Total Requested Memory :                     32.00 GB
    Delta Memory :                               -
    Max Swap :                                   -
    Max Processes :                              4
    Max Threads :                                77
    Run time :                                   14467 sec.
    Turnaround time :                            78919 sec.

The output (if any) is above this job summary.



PS:

Read file </work/tansey/meisterm/results/2023-08-10/run_2d/log_GDSC_REP/60/transfer/4/err.err> for stderr output of this job.

