train_corr: 0.49517515039245436
test_corr: 0.4710146135304416

------------------------------------------------------------
Sender: LSF System <lsfadmin@je04>
Subject: Job 68466268: </work/tansey/meisterm/new_scripts/expt.sh /work/tansey/meisterm/code raw GDSC CTD2 sample_split -1 data/rep-gdsc-ctd2-mean-log.csv /work/tansey/meisterm/results/2023-08-10/run_2c/log_GDSC_CTD2/raw/3 fold_info/fold_list_10.pkl 1000 3> in cluster <juno> Done

Job </work/tansey/meisterm/new_scripts/expt.sh /work/tansey/meisterm/code raw GDSC CTD2 sample_split -1 data/rep-gdsc-ctd2-mean-log.csv /work/tansey/meisterm/results/2023-08-10/run_2c/log_GDSC_CTD2/raw/3 fold_info/fold_list_10.pkl 1000 3> was submitted from host <juno> by user <meisterm> in cluster <juno> at Thu Aug 10 17:57:37 2023
Job was executed on host(s) <je04>, in queue <general>, as user <meisterm> in cluster <juno> at Thu Aug 10 17:57:41 2023
</home/meisterm> was used as the home directory.
</work/tansey/meisterm> was used as the working directory.
Started at Thu Aug 10 17:57:41 2023
Terminated at Thu Aug 10 17:58:08 2023
Results reported at Thu Aug 10 17:58:08 2023

Your job looked like:

------------------------------------------------------------
# LSBATCH: User input
/work/tansey/meisterm/new_scripts/expt.sh /work/tansey/meisterm/code raw GDSC CTD2 sample_split -1 data/rep-gdsc-ctd2-mean-log.csv /work/tansey/meisterm/results/2023-08-10/run_2c/log_GDSC_CTD2/raw/3 fold_info/fold_list_10.pkl 1000 3
------------------------------------------------------------

Successfully completed.

Resource usage summary:

    CPU time :                                   9.55 sec.
    Max Memory :                                 -
    Average Memory :                             -
    Total Requested Memory :                     32.00 GB
    Delta Memory :                               -
    Max Swap :                                   -
    Max Processes :                              4
    Max Threads :                                13
    Run time :                                   27 sec.
    Turnaround time :                            31 sec.

The output (if any) is above this job summary.



PS:

Read file </work/tansey/meisterm/results/2023-08-10/run_2c/log_GDSC_CTD2/raw/3/err.err> for stderr output of this job.

