FINAL LOSS DIFF: 86.09423828125
corr_test: 0.8284374186944596
corr_train: 0.8605886274229554

------------------------------------------------------------
Sender: LSF System <lsfadmin@ji10>
Subject: Job 67467764: </work/tansey/meisterm/scripts/heatmap_input.sh 2 8 18 18 REP_published_auc_mean CTD2_published_auc_mean /work/tansey/meisterm/results/2023-08-02/diagonal/log_REP_CTD2/18/18/2 1000 /work/tansey/meisterm/data> in cluster <juno> Done

Job </work/tansey/meisterm/scripts/heatmap_input.sh 2 8 18 18 REP_published_auc_mean CTD2_published_auc_mean /work/tansey/meisterm/results/2023-08-02/diagonal/log_REP_CTD2/18/18/2 1000 /work/tansey/meisterm/data> was submitted from host <juno> by user <meisterm> in cluster <juno> at Wed Aug  2 15:54:49 2023
Job was executed on host(s) <ji10>, in queue <general>, as user <meisterm> in cluster <juno> at Wed Aug  2 16:02:48 2023
</home/meisterm> was used as the home directory.
</work/tansey/meisterm> was used as the working directory.
Started at Wed Aug  2 16:02:48 2023
Terminated at Wed Aug  2 16:03:36 2023
Results reported at Wed Aug  2 16:03:36 2023

Your job looked like:

------------------------------------------------------------
# LSBATCH: User input
/work/tansey/meisterm/scripts/heatmap_input.sh 2 8 18 18 REP_published_auc_mean CTD2_published_auc_mean /work/tansey/meisterm/results/2023-08-02/diagonal/log_REP_CTD2/18/18/2 1000 /work/tansey/meisterm/data
------------------------------------------------------------

Successfully completed.

Resource usage summary:

    CPU time :                                   43.25 sec.
    Max Memory :                                 -
    Average Memory :                             -
    Total Requested Memory :                     32.00 GB
    Delta Memory :                               -
    Max Swap :                                   -
    Max Processes :                              4
    Max Threads :                                77
    Run time :                                   48 sec.
    Turnaround time :                            527 sec.

The output (if any) is above this job summary.



PS:

Read file </work/tansey/meisterm/results/2023-08-02/diagonal/log_REP_CTD2/18/18/2/model_split.err> for stderr output of this job.

FINAL LOSS DIFF: -291.3955078125
corr_test: 0.8281577347612402
corr_train: 0.8621349555093771

------------------------------------------------------------
Sender: LSF System <lsfadmin@ji13>
Subject: Job 67467766: </work/tansey/meisterm/scripts/heatmap_input.sh 2 10 18 18 REP_published_auc_mean CTD2_published_auc_mean /work/tansey/meisterm/results/2023-08-02/diagonal/log_REP_CTD2/18/18/2 1000 /work/tansey/meisterm/data> in cluster <juno> Done

Job </work/tansey/meisterm/scripts/heatmap_input.sh 2 10 18 18 REP_published_auc_mean CTD2_published_auc_mean /work/tansey/meisterm/results/2023-08-02/diagonal/log_REP_CTD2/18/18/2 1000 /work/tansey/meisterm/data> was submitted from host <juno> by user <meisterm> in cluster <juno> at Wed Aug  2 15:54:49 2023
Job was executed on host(s) <ji13>, in queue <general>, as user <meisterm> in cluster <juno> at Wed Aug  2 16:02:48 2023
</home/meisterm> was used as the home directory.
</work/tansey/meisterm> was used as the working directory.
Started at Wed Aug  2 16:02:48 2023
Terminated at Wed Aug  2 16:03:47 2023
Results reported at Wed Aug  2 16:03:47 2023

Your job looked like:

------------------------------------------------------------
# LSBATCH: User input
/work/tansey/meisterm/scripts/heatmap_input.sh 2 10 18 18 REP_published_auc_mean CTD2_published_auc_mean /work/tansey/meisterm/results/2023-08-02/diagonal/log_REP_CTD2/18/18/2 1000 /work/tansey/meisterm/data
------------------------------------------------------------

Successfully completed.

Resource usage summary:

    CPU time :                                   56.46 sec.
    Max Memory :                                 -
    Average Memory :                             -
    Total Requested Memory :                     32.00 GB
    Delta Memory :                               -
    Max Swap :                                   -
    Max Processes :                              4
    Max Threads :                                77
    Run time :                                   61 sec.
    Turnaround time :                            538 sec.

The output (if any) is above this job summary.



PS:

Read file </work/tansey/meisterm/results/2023-08-02/diagonal/log_REP_CTD2/18/18/2/model_split.err> for stderr output of this job.

FINAL LOSS DIFF: 203.580078125
corr_test: 0.8257368517378141
corr_train: 0.8628432695187497
FINAL LOSS DIFF: 100.98291015625
corr_test: 0.82828678523494
corr_train: 0.865202322337723

------------------------------------------------------------
Sender: LSF System <lsfadmin@ji14>
Subject: Job 67467763: </work/tansey/meisterm/scripts/heatmap_input.sh 2 7 18 18 REP_published_auc_mean CTD2_published_auc_mean /work/tansey/meisterm/results/2023-08-02/diagonal/log_REP_CTD2/18/18/2 1000 /work/tansey/meisterm/data> in cluster <juno> Done

Job </work/tansey/meisterm/scripts/heatmap_input.sh 2 7 18 18 REP_published_auc_mean CTD2_published_auc_mean /work/tansey/meisterm/results/2023-08-02/diagonal/log_REP_CTD2/18/18/2 1000 /work/tansey/meisterm/data> was submitted from host <juno> by user <meisterm> in cluster <juno> at Wed Aug  2 15:54:49 2023
Job was executed on host(s) <ji14>, in queue <general>, as user <meisterm> in cluster <juno> at Wed Aug  2 16:02:47 2023
</home/meisterm> was used as the home directory.
</work/tansey/meisterm> was used as the working directory.
Started at Wed Aug  2 16:02:47 2023
Terminated at Wed Aug  2 16:03:54 2023
Results reported at Wed Aug  2 16:03:54 2023

Your job looked like:

------------------------------------------------------------
# LSBATCH: User input
/work/tansey/meisterm/scripts/heatmap_input.sh 2 7 18 18 REP_published_auc_mean CTD2_published_auc_mean /work/tansey/meisterm/results/2023-08-02/diagonal/log_REP_CTD2/18/18/2 1000 /work/tansey/meisterm/data
------------------------------------------------------------

Successfully completed.

Resource usage summary:

    CPU time :                                   64.38 sec.
    Max Memory :                                 -
    Average Memory :                             -
    Total Requested Memory :                     32.00 GB
    Delta Memory :                               -
    Max Swap :                                   -
    Max Processes :                              4
    Max Threads :                                77
    Run time :                                   68 sec.
    Turnaround time :                            545 sec.

The output (if any) is above this job summary.



PS:

Read file </work/tansey/meisterm/results/2023-08-02/diagonal/log_REP_CTD2/18/18/2/model_split.err> for stderr output of this job.


------------------------------------------------------------
Sender: LSF System <lsfadmin@ji14>
Subject: Job 67467765: </work/tansey/meisterm/scripts/heatmap_input.sh 2 9 18 18 REP_published_auc_mean CTD2_published_auc_mean /work/tansey/meisterm/results/2023-08-02/diagonal/log_REP_CTD2/18/18/2 1000 /work/tansey/meisterm/data> in cluster <juno> Done

Job </work/tansey/meisterm/scripts/heatmap_input.sh 2 9 18 18 REP_published_auc_mean CTD2_published_auc_mean /work/tansey/meisterm/results/2023-08-02/diagonal/log_REP_CTD2/18/18/2 1000 /work/tansey/meisterm/data> was submitted from host <juno> by user <meisterm> in cluster <juno> at Wed Aug  2 15:54:49 2023
Job was executed on host(s) <ji14>, in queue <general>, as user <meisterm> in cluster <juno> at Wed Aug  2 16:02:47 2023
</home/meisterm> was used as the home directory.
</work/tansey/meisterm> was used as the working directory.
Started at Wed Aug  2 16:02:47 2023
Terminated at Wed Aug  2 16:03:55 2023
Results reported at Wed Aug  2 16:03:55 2023

Your job looked like:

------------------------------------------------------------
# LSBATCH: User input
/work/tansey/meisterm/scripts/heatmap_input.sh 2 9 18 18 REP_published_auc_mean CTD2_published_auc_mean /work/tansey/meisterm/results/2023-08-02/diagonal/log_REP_CTD2/18/18/2 1000 /work/tansey/meisterm/data
------------------------------------------------------------

Successfully completed.

Resource usage summary:

    CPU time :                                   64.45 sec.
    Max Memory :                                 -
    Average Memory :                             -
    Total Requested Memory :                     32.00 GB
    Delta Memory :                               -
    Max Swap :                                   -
    Max Processes :                              4
    Max Threads :                                77
    Run time :                                   67 sec.
    Turnaround time :                            546 sec.

The output (if any) is above this job summary.



PS:

Read file </work/tansey/meisterm/results/2023-08-02/diagonal/log_REP_CTD2/18/18/2/model_split.err> for stderr output of this job.

FINAL LOSS DIFF: 80.29541015625
corr_test: 0.8235373303994137
corr_train: 0.8580144679266649

------------------------------------------------------------
Sender: LSF System <lsfadmin@je16>
Subject: Job 67467762: </work/tansey/meisterm/scripts/heatmap_input.sh 2 6 18 18 REP_published_auc_mean CTD2_published_auc_mean /work/tansey/meisterm/results/2023-08-02/diagonal/log_REP_CTD2/18/18/2 1000 /work/tansey/meisterm/data> in cluster <juno> Done

Job </work/tansey/meisterm/scripts/heatmap_input.sh 2 6 18 18 REP_published_auc_mean CTD2_published_auc_mean /work/tansey/meisterm/results/2023-08-02/diagonal/log_REP_CTD2/18/18/2 1000 /work/tansey/meisterm/data> was submitted from host <juno> by user <meisterm> in cluster <juno> at Wed Aug  2 15:54:49 2023
Job was executed on host(s) <je16>, in queue <general>, as user <meisterm> in cluster <juno> at Wed Aug  2 16:02:46 2023
</home/meisterm> was used as the home directory.
</work/tansey/meisterm> was used as the working directory.
Started at Wed Aug  2 16:02:46 2023
Terminated at Wed Aug  2 16:03:59 2023
Results reported at Wed Aug  2 16:03:59 2023

Your job looked like:

------------------------------------------------------------
# LSBATCH: User input
/work/tansey/meisterm/scripts/heatmap_input.sh 2 6 18 18 REP_published_auc_mean CTD2_published_auc_mean /work/tansey/meisterm/results/2023-08-02/diagonal/log_REP_CTD2/18/18/2 1000 /work/tansey/meisterm/data
------------------------------------------------------------

Successfully completed.

Resource usage summary:

    CPU time :                                   69.96 sec.
    Max Memory :                                 -
    Average Memory :                             -
    Total Requested Memory :                     32.00 GB
    Delta Memory :                               -
    Max Swap :                                   -
    Max Processes :                              4
    Max Threads :                                53
    Run time :                                   73 sec.
    Turnaround time :                            550 sec.

The output (if any) is above this job summary.



PS:

Read file </work/tansey/meisterm/results/2023-08-02/diagonal/log_REP_CTD2/18/18/2/model_split.err> for stderr output of this job.

FINAL LOSS DIFF: 185.44921875
corr_test: 0.8282665860444675
corr_train: 0.8624092948867546
FINAL LOSS DIFF: -58.548828125
corr_test: 0.8295136810774563
corr_train: 0.864190655157624

------------------------------------------------------------
Sender: LSF System <lsfadmin@je13>
Subject: Job 67467758: </work/tansey/meisterm/scripts/heatmap_input.sh 2 2 18 18 REP_published_auc_mean CTD2_published_auc_mean /work/tansey/meisterm/results/2023-08-02/diagonal/log_REP_CTD2/18/18/2 1000 /work/tansey/meisterm/data> in cluster <juno> Done

Job </work/tansey/meisterm/scripts/heatmap_input.sh 2 2 18 18 REP_published_auc_mean CTD2_published_auc_mean /work/tansey/meisterm/results/2023-08-02/diagonal/log_REP_CTD2/18/18/2 1000 /work/tansey/meisterm/data> was submitted from host <juno> by user <meisterm> in cluster <juno> at Wed Aug  2 15:54:49 2023
Job was executed on host(s) <je13>, in queue <general>, as user <meisterm> in cluster <juno> at Wed Aug  2 16:02:45 2023
</home/meisterm> was used as the home directory.
</work/tansey/meisterm> was used as the working directory.
Started at Wed Aug  2 16:02:45 2023
Terminated at Wed Aug  2 16:04:03 2023
Results reported at Wed Aug  2 16:04:03 2023

Your job looked like:

------------------------------------------------------------
# LSBATCH: User input
/work/tansey/meisterm/scripts/heatmap_input.sh 2 2 18 18 REP_published_auc_mean CTD2_published_auc_mean /work/tansey/meisterm/results/2023-08-02/diagonal/log_REP_CTD2/18/18/2 1000 /work/tansey/meisterm/data
------------------------------------------------------------

Successfully completed.

Resource usage summary:

    CPU time :                                   74.16 sec.
    Max Memory :                                 -
    Average Memory :                             -
    Total Requested Memory :                     32.00 GB
    Delta Memory :                               -
    Max Swap :                                   -
    Max Processes :                              4
    Max Threads :                                53
    Run time :                                   77 sec.
    Turnaround time :                            554 sec.

The output (if any) is above this job summary.



PS:

Read file </work/tansey/meisterm/results/2023-08-02/diagonal/log_REP_CTD2/18/18/2/model_split.err> for stderr output of this job.

FINAL LOSS DIFF: 360.18359375
corr_test: 0.8285962486164189
corr_train: 0.8642794237563342

------------------------------------------------------------
Sender: LSF System <lsfadmin@je11>
Subject: Job 67467759: </work/tansey/meisterm/scripts/heatmap_input.sh 2 3 18 18 REP_published_auc_mean CTD2_published_auc_mean /work/tansey/meisterm/results/2023-08-02/diagonal/log_REP_CTD2/18/18/2 1000 /work/tansey/meisterm/data> in cluster <juno> Done

Job </work/tansey/meisterm/scripts/heatmap_input.sh 2 3 18 18 REP_published_auc_mean CTD2_published_auc_mean /work/tansey/meisterm/results/2023-08-02/diagonal/log_REP_CTD2/18/18/2 1000 /work/tansey/meisterm/data> was submitted from host <juno> by user <meisterm> in cluster <juno> at Wed Aug  2 15:54:49 2023
Job was executed on host(s) <je11>, in queue <general>, as user <meisterm> in cluster <juno> at Wed Aug  2 16:02:45 2023
</home/meisterm> was used as the home directory.
</work/tansey/meisterm> was used as the working directory.
Started at Wed Aug  2 16:02:45 2023
Terminated at Wed Aug  2 16:04:04 2023
Results reported at Wed Aug  2 16:04:04 2023

Your job looked like:

------------------------------------------------------------
# LSBATCH: User input
/work/tansey/meisterm/scripts/heatmap_input.sh 2 3 18 18 REP_published_auc_mean CTD2_published_auc_mean /work/tansey/meisterm/results/2023-08-02/diagonal/log_REP_CTD2/18/18/2 1000 /work/tansey/meisterm/data
------------------------------------------------------------

Successfully completed.

Resource usage summary:

    CPU time :                                   74.20 sec.
    Max Memory :                                 -
    Average Memory :                             -
    Total Requested Memory :                     32.00 GB
    Delta Memory :                               -
    Max Swap :                                   -
    Max Processes :                              4
    Max Threads :                                53
    Run time :                                   78 sec.
    Turnaround time :                            555 sec.

The output (if any) is above this job summary.



PS:

Read file </work/tansey/meisterm/results/2023-08-02/diagonal/log_REP_CTD2/18/18/2/model_split.err> for stderr output of this job.

FINAL LOSS DIFF: 42.06884765625
corr_test: 0.8274485117739406
corr_train: 0.8641225585251169

------------------------------------------------------------
Sender: LSF System <lsfadmin@je01>
Subject: Job 67467760: </work/tansey/meisterm/scripts/heatmap_input.sh 2 4 18 18 REP_published_auc_mean CTD2_published_auc_mean /work/tansey/meisterm/results/2023-08-02/diagonal/log_REP_CTD2/18/18/2 1000 /work/tansey/meisterm/data> in cluster <juno> Done

Job </work/tansey/meisterm/scripts/heatmap_input.sh 2 4 18 18 REP_published_auc_mean CTD2_published_auc_mean /work/tansey/meisterm/results/2023-08-02/diagonal/log_REP_CTD2/18/18/2 1000 /work/tansey/meisterm/data> was submitted from host <juno> by user <meisterm> in cluster <juno> at Wed Aug  2 15:54:49 2023
Job was executed on host(s) <je01>, in queue <general>, as user <meisterm> in cluster <juno> at Wed Aug  2 16:02:46 2023
</home/meisterm> was used as the home directory.
</work/tansey/meisterm> was used as the working directory.
Started at Wed Aug  2 16:02:46 2023
Terminated at Wed Aug  2 16:04:04 2023
Results reported at Wed Aug  2 16:04:04 2023

Your job looked like:

------------------------------------------------------------
# LSBATCH: User input
/work/tansey/meisterm/scripts/heatmap_input.sh 2 4 18 18 REP_published_auc_mean CTD2_published_auc_mean /work/tansey/meisterm/results/2023-08-02/diagonal/log_REP_CTD2/18/18/2 1000 /work/tansey/meisterm/data
------------------------------------------------------------

Successfully completed.

Resource usage summary:

    CPU time :                                   74.91 sec.
    Max Memory :                                 -
    Average Memory :                             -
    Total Requested Memory :                     32.00 GB
    Delta Memory :                               -
    Max Swap :                                   -
    Max Processes :                              4
    Max Threads :                                53
    Run time :                                   78 sec.
    Turnaround time :                            555 sec.

The output (if any) is above this job summary.



PS:

Read file </work/tansey/meisterm/results/2023-08-02/diagonal/log_REP_CTD2/18/18/2/model_split.err> for stderr output of this job.

FINAL LOSS DIFF: -42.99755859375
corr_test: 0.8236448538396037
corr_train: 0.8613088663056976

------------------------------------------------------------
Sender: LSF System <lsfadmin@je01>
Subject: Job 67467761: </work/tansey/meisterm/scripts/heatmap_input.sh 2 5 18 18 REP_published_auc_mean CTD2_published_auc_mean /work/tansey/meisterm/results/2023-08-02/diagonal/log_REP_CTD2/18/18/2 1000 /work/tansey/meisterm/data> in cluster <juno> Done

Job </work/tansey/meisterm/scripts/heatmap_input.sh 2 5 18 18 REP_published_auc_mean CTD2_published_auc_mean /work/tansey/meisterm/results/2023-08-02/diagonal/log_REP_CTD2/18/18/2 1000 /work/tansey/meisterm/data> was submitted from host <juno> by user <meisterm> in cluster <juno> at Wed Aug  2 15:54:49 2023
Job was executed on host(s) <je01>, in queue <general>, as user <meisterm> in cluster <juno> at Wed Aug  2 16:02:46 2023
</home/meisterm> was used as the home directory.
</work/tansey/meisterm> was used as the working directory.
Started at Wed Aug  2 16:02:46 2023
Terminated at Wed Aug  2 16:04:05 2023
Results reported at Wed Aug  2 16:04:05 2023

Your job looked like:

------------------------------------------------------------
# LSBATCH: User input
/work/tansey/meisterm/scripts/heatmap_input.sh 2 5 18 18 REP_published_auc_mean CTD2_published_auc_mean /work/tansey/meisterm/results/2023-08-02/diagonal/log_REP_CTD2/18/18/2 1000 /work/tansey/meisterm/data
------------------------------------------------------------

Successfully completed.

Resource usage summary:

    CPU time :                                   75.69 sec.
    Max Memory :                                 -
    Average Memory :                             -
    Total Requested Memory :                     32.00 GB
    Delta Memory :                               -
    Max Swap :                                   -
    Max Processes :                              4
    Max Threads :                                53
    Run time :                                   79 sec.
    Turnaround time :                            556 sec.

The output (if any) is above this job summary.



PS:

Read file </work/tansey/meisterm/results/2023-08-02/diagonal/log_REP_CTD2/18/18/2/model_split.err> for stderr output of this job.


------------------------------------------------------------
Sender: LSF System <lsfadmin@jy03>
Subject: Job 67467757: </work/tansey/meisterm/scripts/heatmap_input.sh 2 1 18 18 REP_published_auc_mean CTD2_published_auc_mean /work/tansey/meisterm/results/2023-08-02/diagonal/log_REP_CTD2/18/18/2 1000 /work/tansey/meisterm/data> in cluster <juno> Done

Job </work/tansey/meisterm/scripts/heatmap_input.sh 2 1 18 18 REP_published_auc_mean CTD2_published_auc_mean /work/tansey/meisterm/results/2023-08-02/diagonal/log_REP_CTD2/18/18/2 1000 /work/tansey/meisterm/data> was submitted from host <juno> by user <meisterm> in cluster <juno> at Wed Aug  2 15:54:49 2023
Job was executed on host(s) <jy03>, in queue <general>, as user <meisterm> in cluster <juno> at Wed Aug  2 16:02:45 2023
</home/meisterm> was used as the home directory.
</work/tansey/meisterm> was used as the working directory.
Started at Wed Aug  2 16:02:45 2023
Terminated at Wed Aug  2 16:04:06 2023
Results reported at Wed Aug  2 16:04:06 2023

Your job looked like:

------------------------------------------------------------
# LSBATCH: User input
/work/tansey/meisterm/scripts/heatmap_input.sh 2 1 18 18 REP_published_auc_mean CTD2_published_auc_mean /work/tansey/meisterm/results/2023-08-02/diagonal/log_REP_CTD2/18/18/2 1000 /work/tansey/meisterm/data
------------------------------------------------------------

Successfully completed.

Resource usage summary:

    CPU time :                                   77.44 sec.
    Max Memory :                                 -
    Average Memory :                             -
    Total Requested Memory :                     32.00 GB
    Delta Memory :                               -
    Max Swap :                                   -
    Max Processes :                              4
    Max Threads :                                49
    Run time :                                   79 sec.
    Turnaround time :                            557 sec.

The output (if any) is above this job summary.



PS:

Read file </work/tansey/meisterm/results/2023-08-02/diagonal/log_REP_CTD2/18/18/2/model_split.err> for stderr output of this job.

