train_corr: 0.8750889864005231
test_corr: 0.7366263417948549

------------------------------------------------------------
Sender: LSF System <lsfadmin@ji09>
Subject: Job 68466687: </work/tansey/meisterm/new_scripts/expt.sh /work/tansey/meisterm/code transfer REP CTD2 random_split .80 data/rep-gdsc-ctd2-mean-log.csv /work/tansey/meisterm/results/2023-08-10/run_2d/log_REP_CTD2/80/transfer/1 "" 1000 1> in cluster <juno> Done

Job </work/tansey/meisterm/new_scripts/expt.sh /work/tansey/meisterm/code transfer REP CTD2 random_split .80 data/rep-gdsc-ctd2-mean-log.csv /work/tansey/meisterm/results/2023-08-10/run_2d/log_REP_CTD2/80/transfer/1 "" 1000 1> was submitted from host <juno> by user <meisterm> in cluster <juno> at Thu Aug 10 17:58:27 2023
Job was executed on host(s) <ji09>, in queue <general>, as user <meisterm> in cluster <juno> at Fri Aug 11 10:50:07 2023
</home/meisterm> was used as the home directory.
</work/tansey/meisterm> was used as the working directory.
Started at Fri Aug 11 10:50:07 2023
Terminated at Fri Aug 11 15:07:46 2023
Results reported at Fri Aug 11 15:07:46 2023

Your job looked like:

------------------------------------------------------------
# LSBATCH: User input
/work/tansey/meisterm/new_scripts/expt.sh /work/tansey/meisterm/code transfer REP CTD2 random_split .80 data/rep-gdsc-ctd2-mean-log.csv /work/tansey/meisterm/results/2023-08-10/run_2d/log_REP_CTD2/80/transfer/1 "" 1000 1
------------------------------------------------------------

Successfully completed.

Resource usage summary:

    CPU time :                                   15417.94 sec.
    Max Memory :                                 -
    Average Memory :                             -
    Total Requested Memory :                     32.00 GB
    Delta Memory :                               -
    Max Swap :                                   -
    Max Processes :                              4
    Max Threads :                                77
    Run time :                                   15459 sec.
    Turnaround time :                            76159 sec.

The output (if any) is above this job summary.



PS:

Read file </work/tansey/meisterm/results/2023-08-10/run_2d/log_REP_CTD2/80/transfer/1/err.err> for stderr output of this job.

