train_corr: 0.9308491673101653
test_corr: 0.7169057808066173

------------------------------------------------------------
Sender: LSF System <lsfadmin@ji04>
Subject: Job 68466653: </work/tansey/meisterm/new_scripts/expt.sh /work/tansey/meisterm/code transfer REP GDSC random_split .80 data/rep-gdsc-ctd2-mean-log.csv /work/tansey/meisterm/results/2023-08-10/run_2d/log_REP_GDSC/80/transfer/9 "" 1000 9> in cluster <juno> Done

Job </work/tansey/meisterm/new_scripts/expt.sh /work/tansey/meisterm/code transfer REP GDSC random_split .80 data/rep-gdsc-ctd2-mean-log.csv /work/tansey/meisterm/results/2023-08-10/run_2d/log_REP_GDSC/80/transfer/9 "" 1000 9> was submitted from host <juno> by user <meisterm> in cluster <juno> at Thu Aug 10 17:58:25 2023
Job was executed on host(s) <ji04>, in queue <general>, as user <meisterm> in cluster <juno> at Fri Aug 11 08:03:53 2023
</home/meisterm> was used as the home directory.
</work/tansey/meisterm> was used as the working directory.
Started at Fri Aug 11 08:03:53 2023
Terminated at Fri Aug 11 10:50:09 2023
Results reported at Fri Aug 11 10:50:09 2023

Your job looked like:

------------------------------------------------------------
# LSBATCH: User input
/work/tansey/meisterm/new_scripts/expt.sh /work/tansey/meisterm/code transfer REP GDSC random_split .80 data/rep-gdsc-ctd2-mean-log.csv /work/tansey/meisterm/results/2023-08-10/run_2d/log_REP_GDSC/80/transfer/9 "" 1000 9
------------------------------------------------------------

Successfully completed.

Resource usage summary:

    CPU time :                                   9948.52 sec.
    Max Memory :                                 -
    Average Memory :                             -
    Total Requested Memory :                     32.00 GB
    Delta Memory :                               -
    Max Swap :                                   -
    Max Processes :                              4
    Max Threads :                                77
    Run time :                                   9979 sec.
    Turnaround time :                            60704 sec.

The output (if any) is above this job summary.



PS:

Read file </work/tansey/meisterm/results/2023-08-10/run_2d/log_REP_GDSC/80/transfer/9/err.err> for stderr output of this job.

