train_corr: 0.5091596309979136
test_corr: 0.5297831956164313

------------------------------------------------------------
Sender: LSF System <lsfadmin@jy02>
Subject: Job 68466253: </work/tansey/meisterm/new_scripts/expt.sh /work/tansey/meisterm/code raw REP GDSC sample_split -1 data/rep-gdsc-ctd2-mean-log.csv /work/tansey/meisterm/results/2023-08-10/run_2c/log_REP_GDSC/raw/8 fold_info/fold_list_10.pkl 1000 8> in cluster <juno> Done

Job </work/tansey/meisterm/new_scripts/expt.sh /work/tansey/meisterm/code raw REP GDSC sample_split -1 data/rep-gdsc-ctd2-mean-log.csv /work/tansey/meisterm/results/2023-08-10/run_2c/log_REP_GDSC/raw/8 fold_info/fold_list_10.pkl 1000 8> was submitted from host <juno> by user <meisterm> in cluster <juno> at Thu Aug 10 17:57:36 2023
Job was executed on host(s) <jy02>, in queue <general>, as user <meisterm> in cluster <juno> at Thu Aug 10 17:57:41 2023
</home/meisterm> was used as the home directory.
</work/tansey/meisterm> was used as the working directory.
Started at Thu Aug 10 17:57:41 2023
Terminated at Thu Aug 10 17:57:55 2023
Results reported at Thu Aug 10 17:57:55 2023

Your job looked like:

------------------------------------------------------------
# LSBATCH: User input
/work/tansey/meisterm/new_scripts/expt.sh /work/tansey/meisterm/code raw REP GDSC sample_split -1 data/rep-gdsc-ctd2-mean-log.csv /work/tansey/meisterm/results/2023-08-10/run_2c/log_REP_GDSC/raw/8 fold_info/fold_list_10.pkl 1000 8
------------------------------------------------------------

Successfully completed.

Resource usage summary:

    CPU time :                                   5.40 sec.
    Max Memory :                                 -
    Average Memory :                             -
    Total Requested Memory :                     32.00 GB
    Delta Memory :                               -
    Max Swap :                                   -
    Max Processes :                              4
    Max Threads :                                13
    Run time :                                   15 sec.
    Turnaround time :                            19 sec.

The output (if any) is above this job summary.



PS:

Read file </work/tansey/meisterm/results/2023-08-10/run_2c/log_REP_GDSC/raw/8/err.err> for stderr output of this job.

