train_corr: 0.8977258564535113
test_corr: 0.7860798242357251

------------------------------------------------------------
Sender: LSF System <lsfadmin@je01>
Subject: Job 68466672: </work/tansey/meisterm/new_scripts/expt.sh /work/tansey/meisterm/code transfer REP CTD2 random_split .40 data/rep-gdsc-ctd2-mean-log.csv /work/tansey/meisterm/results/2023-08-10/run_2d/log_REP_CTD2/40/transfer/6 "" 1000 6> in cluster <juno> Done

Job </work/tansey/meisterm/new_scripts/expt.sh /work/tansey/meisterm/code transfer REP CTD2 random_split .40 data/rep-gdsc-ctd2-mean-log.csv /work/tansey/meisterm/results/2023-08-10/run_2d/log_REP_CTD2/40/transfer/6 "" 1000 6> was submitted from host <juno> by user <meisterm> in cluster <juno> at Thu Aug 10 17:58:26 2023
Job was executed on host(s) <je01>, in queue <general>, as user <meisterm> in cluster <juno> at Fri Aug 11 08:54:00 2023
</home/meisterm> was used as the home directory.
</work/tansey/meisterm> was used as the working directory.
Started at Fri Aug 11 08:54:00 2023
Terminated at Fri Aug 11 14:12:48 2023
Results reported at Fri Aug 11 14:12:48 2023

Your job looked like:

------------------------------------------------------------
# LSBATCH: User input
/work/tansey/meisterm/new_scripts/expt.sh /work/tansey/meisterm/code transfer REP CTD2 random_split .40 data/rep-gdsc-ctd2-mean-log.csv /work/tansey/meisterm/results/2023-08-10/run_2d/log_REP_CTD2/40/transfer/6 "" 1000 6
------------------------------------------------------------

Successfully completed.

Resource usage summary:

    CPU time :                                   19073.17 sec.
    Max Memory :                                 -
    Average Memory :                             -
    Total Requested Memory :                     32.00 GB
    Delta Memory :                               -
    Max Swap :                                   -
    Max Processes :                              4
    Max Threads :                                53
    Run time :                                   19128 sec.
    Turnaround time :                            72862 sec.

The output (if any) is above this job summary.



PS:

Read file </work/tansey/meisterm/results/2023-08-10/run_2d/log_REP_CTD2/40/transfer/6/err.err> for stderr output of this job.

