FINAL LOSS DIFF: 10.7373046875
corr_test: 0.8069094172021405
corr_train: 0.8389092570807842

------------------------------------------------------------
Sender: LSF System <lsfadmin@jh04>
Subject: Job 67471228: </work/tansey/meisterm/scripts/heatmap_input.sh 6 8 52 52 REP_published_auc_mean CTD2_published_auc_mean /work/tansey/meisterm/results/2023-08-02/diagonal/log_REP_CTD2/52/52/6 1000 /work/tansey/meisterm/data> in cluster <juno> Done

Job </work/tansey/meisterm/scripts/heatmap_input.sh 6 8 52 52 REP_published_auc_mean CTD2_published_auc_mean /work/tansey/meisterm/results/2023-08-02/diagonal/log_REP_CTD2/52/52/6 1000 /work/tansey/meisterm/data> was submitted from host <juno> by user <meisterm> in cluster <juno> at Wed Aug  2 15:57:10 2023
Job was executed on host(s) <jh04>, in queue <general>, as user <meisterm> in cluster <juno> at Wed Aug  2 16:07:20 2023
</home/meisterm> was used as the home directory.
</work/tansey/meisterm> was used as the working directory.
Started at Wed Aug  2 16:07:20 2023
Terminated at Wed Aug  2 16:08:36 2023
Results reported at Wed Aug  2 16:08:36 2023

Your job looked like:

------------------------------------------------------------
# LSBATCH: User input
/work/tansey/meisterm/scripts/heatmap_input.sh 6 8 52 52 REP_published_auc_mean CTD2_published_auc_mean /work/tansey/meisterm/results/2023-08-02/diagonal/log_REP_CTD2/52/52/6 1000 /work/tansey/meisterm/data
------------------------------------------------------------

Successfully completed.

Resource usage summary:

    CPU time :                                   72.91 sec.
    Max Memory :                                 -
    Average Memory :                             -
    Total Requested Memory :                     32.00 GB
    Delta Memory :                               -
    Max Swap :                                   -
    Max Processes :                              4
    Max Threads :                                65
    Run time :                                   75 sec.
    Turnaround time :                            686 sec.

The output (if any) is above this job summary.



PS:

Read file </work/tansey/meisterm/results/2023-08-02/diagonal/log_REP_CTD2/52/52/6/model_split.err> for stderr output of this job.

FINAL LOSS DIFF: 9.1474609375
corr_test: 0.8101296971305093
corr_train: 0.8375534700902579

------------------------------------------------------------
Sender: LSF System <lsfadmin@jh09>
Subject: Job 67471230: </work/tansey/meisterm/scripts/heatmap_input.sh 6 10 52 52 REP_published_auc_mean CTD2_published_auc_mean /work/tansey/meisterm/results/2023-08-02/diagonal/log_REP_CTD2/52/52/6 1000 /work/tansey/meisterm/data> in cluster <juno> Done

Job </work/tansey/meisterm/scripts/heatmap_input.sh 6 10 52 52 REP_published_auc_mean CTD2_published_auc_mean /work/tansey/meisterm/results/2023-08-02/diagonal/log_REP_CTD2/52/52/6 1000 /work/tansey/meisterm/data> was submitted from host <juno> by user <meisterm> in cluster <juno> at Wed Aug  2 15:57:10 2023
Job was executed on host(s) <jh09>, in queue <general>, as user <meisterm> in cluster <juno> at Wed Aug  2 16:07:20 2023
</home/meisterm> was used as the home directory.
</work/tansey/meisterm> was used as the working directory.
Started at Wed Aug  2 16:07:20 2023
Terminated at Wed Aug  2 16:08:37 2023
Results reported at Wed Aug  2 16:08:37 2023

Your job looked like:

------------------------------------------------------------
# LSBATCH: User input
/work/tansey/meisterm/scripts/heatmap_input.sh 6 10 52 52 REP_published_auc_mean CTD2_published_auc_mean /work/tansey/meisterm/results/2023-08-02/diagonal/log_REP_CTD2/52/52/6 1000 /work/tansey/meisterm/data
------------------------------------------------------------

Successfully completed.

Resource usage summary:

    CPU time :                                   74.03 sec.
    Max Memory :                                 -
    Average Memory :                             -
    Total Requested Memory :                     32.00 GB
    Delta Memory :                               -
    Max Swap :                                   -
    Max Processes :                              4
    Max Threads :                                65
    Run time :                                   77 sec.
    Turnaround time :                            687 sec.

The output (if any) is above this job summary.



PS:

Read file </work/tansey/meisterm/results/2023-08-02/diagonal/log_REP_CTD2/52/52/6/model_split.err> for stderr output of this job.

FINAL LOSS DIFF: -174.8427734375
corr_test: 0.8088335541031706
corr_train: 0.8379763777835997

------------------------------------------------------------
Sender: LSF System <lsfadmin@jh09>
Subject: Job 67471229: </work/tansey/meisterm/scripts/heatmap_input.sh 6 9 52 52 REP_published_auc_mean CTD2_published_auc_mean /work/tansey/meisterm/results/2023-08-02/diagonal/log_REP_CTD2/52/52/6 1000 /work/tansey/meisterm/data> in cluster <juno> Done

Job </work/tansey/meisterm/scripts/heatmap_input.sh 6 9 52 52 REP_published_auc_mean CTD2_published_auc_mean /work/tansey/meisterm/results/2023-08-02/diagonal/log_REP_CTD2/52/52/6 1000 /work/tansey/meisterm/data> was submitted from host <juno> by user <meisterm> in cluster <juno> at Wed Aug  2 15:57:10 2023
Job was executed on host(s) <jh09>, in queue <general>, as user <meisterm> in cluster <juno> at Wed Aug  2 16:07:20 2023
</home/meisterm> was used as the home directory.
</work/tansey/meisterm> was used as the working directory.
Started at Wed Aug  2 16:07:20 2023
Terminated at Wed Aug  2 16:08:39 2023
Results reported at Wed Aug  2 16:08:39 2023

Your job looked like:

------------------------------------------------------------
# LSBATCH: User input
/work/tansey/meisterm/scripts/heatmap_input.sh 6 9 52 52 REP_published_auc_mean CTD2_published_auc_mean /work/tansey/meisterm/results/2023-08-02/diagonal/log_REP_CTD2/52/52/6 1000 /work/tansey/meisterm/data
------------------------------------------------------------

Successfully completed.

Resource usage summary:

    CPU time :                                   74.91 sec.
    Max Memory :                                 -
    Average Memory :                             -
    Total Requested Memory :                     32.00 GB
    Delta Memory :                               -
    Max Swap :                                   -
    Max Processes :                              4
    Max Threads :                                65
    Run time :                                   78 sec.
    Turnaround time :                            689 sec.

The output (if any) is above this job summary.



PS:

Read file </work/tansey/meisterm/results/2023-08-02/diagonal/log_REP_CTD2/52/52/6/model_split.err> for stderr output of this job.

FINAL LOSS DIFF: 2.40234375
corr_test: 0.8121422097403856
corr_train: 0.8361455937569648

------------------------------------------------------------
Sender: LSF System <lsfadmin@je15>
Subject: Job 67471226: </work/tansey/meisterm/scripts/heatmap_input.sh 6 6 52 52 REP_published_auc_mean CTD2_published_auc_mean /work/tansey/meisterm/results/2023-08-02/diagonal/log_REP_CTD2/52/52/6 1000 /work/tansey/meisterm/data> in cluster <juno> Done

Job </work/tansey/meisterm/scripts/heatmap_input.sh 6 6 52 52 REP_published_auc_mean CTD2_published_auc_mean /work/tansey/meisterm/results/2023-08-02/diagonal/log_REP_CTD2/52/52/6 1000 /work/tansey/meisterm/data> was submitted from host <juno> by user <meisterm> in cluster <juno> at Wed Aug  2 15:57:10 2023
Job was executed on host(s) <je15>, in queue <general>, as user <meisterm> in cluster <juno> at Wed Aug  2 16:07:20 2023
</home/meisterm> was used as the home directory.
</work/tansey/meisterm> was used as the working directory.
Started at Wed Aug  2 16:07:20 2023
Terminated at Wed Aug  2 16:08:44 2023
Results reported at Wed Aug  2 16:08:44 2023

Your job looked like:

------------------------------------------------------------
# LSBATCH: User input
/work/tansey/meisterm/scripts/heatmap_input.sh 6 6 52 52 REP_published_auc_mean CTD2_published_auc_mean /work/tansey/meisterm/results/2023-08-02/diagonal/log_REP_CTD2/52/52/6 1000 /work/tansey/meisterm/data
------------------------------------------------------------

Successfully completed.

Resource usage summary:

    CPU time :                                   109.54 sec.
    Max Memory :                                 -
    Average Memory :                             -
    Total Requested Memory :                     32.00 GB
    Delta Memory :                               -
    Max Swap :                                   -
    Max Processes :                              4
    Max Threads :                                53
    Run time :                                   86 sec.
    Turnaround time :                            694 sec.

The output (if any) is above this job summary.



PS:

Read file </work/tansey/meisterm/results/2023-08-02/diagonal/log_REP_CTD2/52/52/6/model_split.err> for stderr output of this job.

FINAL LOSS DIFF: -131.6552734375
corr_test: 0.8080750774526436
corr_train: 0.8375424628749998

------------------------------------------------------------
Sender: LSF System <lsfadmin@je15>
Subject: Job 67471225: </work/tansey/meisterm/scripts/heatmap_input.sh 6 5 52 52 REP_published_auc_mean CTD2_published_auc_mean /work/tansey/meisterm/results/2023-08-02/diagonal/log_REP_CTD2/52/52/6 1000 /work/tansey/meisterm/data> in cluster <juno> Done

Job </work/tansey/meisterm/scripts/heatmap_input.sh 6 5 52 52 REP_published_auc_mean CTD2_published_auc_mean /work/tansey/meisterm/results/2023-08-02/diagonal/log_REP_CTD2/52/52/6 1000 /work/tansey/meisterm/data> was submitted from host <juno> by user <meisterm> in cluster <juno> at Wed Aug  2 15:57:10 2023
Job was executed on host(s) <je15>, in queue <general>, as user <meisterm> in cluster <juno> at Wed Aug  2 16:07:20 2023
</home/meisterm> was used as the home directory.
</work/tansey/meisterm> was used as the working directory.
Started at Wed Aug  2 16:07:20 2023
Terminated at Wed Aug  2 16:08:47 2023
Results reported at Wed Aug  2 16:08:47 2023

Your job looked like:

------------------------------------------------------------
# LSBATCH: User input
/work/tansey/meisterm/scripts/heatmap_input.sh 6 5 52 52 REP_published_auc_mean CTD2_published_auc_mean /work/tansey/meisterm/results/2023-08-02/diagonal/log_REP_CTD2/52/52/6 1000 /work/tansey/meisterm/data
------------------------------------------------------------

Successfully completed.

Resource usage summary:

    CPU time :                                   114.15 sec.
    Max Memory :                                 -
    Average Memory :                             -
    Total Requested Memory :                     32.00 GB
    Delta Memory :                               -
    Max Swap :                                   -
    Max Processes :                              4
    Max Threads :                                53
    Run time :                                   89 sec.
    Turnaround time :                            697 sec.

The output (if any) is above this job summary.



PS:

Read file </work/tansey/meisterm/results/2023-08-02/diagonal/log_REP_CTD2/52/52/6/model_split.err> for stderr output of this job.

FINAL LOSS DIFF: 233.4423828125
corr_test: 0.8113183927953712
corr_train: 0.8348314746301516
FINAL LOSS DIFF: 8.3427734375
corr_test: 0.8045363567721803
corr_train: 0.8348049225576012

------------------------------------------------------------
Sender: LSF System <lsfadmin@je15>
Subject: Job 67471227: </work/tansey/meisterm/scripts/heatmap_input.sh 6 7 52 52 REP_published_auc_mean CTD2_published_auc_mean /work/tansey/meisterm/results/2023-08-02/diagonal/log_REP_CTD2/52/52/6 1000 /work/tansey/meisterm/data> in cluster <juno> Done

Job </work/tansey/meisterm/scripts/heatmap_input.sh 6 7 52 52 REP_published_auc_mean CTD2_published_auc_mean /work/tansey/meisterm/results/2023-08-02/diagonal/log_REP_CTD2/52/52/6 1000 /work/tansey/meisterm/data> was submitted from host <juno> by user <meisterm> in cluster <juno> at Wed Aug  2 15:57:10 2023
Job was executed on host(s) <je15>, in queue <general>, as user <meisterm> in cluster <juno> at Wed Aug  2 16:07:20 2023
</home/meisterm> was used as the home directory.
</work/tansey/meisterm> was used as the working directory.
Started at Wed Aug  2 16:07:20 2023
Terminated at Wed Aug  2 16:08:49 2023
Results reported at Wed Aug  2 16:08:49 2023

Your job looked like:

------------------------------------------------------------
# LSBATCH: User input
/work/tansey/meisterm/scripts/heatmap_input.sh 6 7 52 52 REP_published_auc_mean CTD2_published_auc_mean /work/tansey/meisterm/results/2023-08-02/diagonal/log_REP_CTD2/52/52/6 1000 /work/tansey/meisterm/data
------------------------------------------------------------

Successfully completed.

Resource usage summary:

    CPU time :                                   116.23 sec.
    Max Memory :                                 -
    Average Memory :                             -
    Total Requested Memory :                     32.00 GB
    Delta Memory :                               -
    Max Swap :                                   -
    Max Processes :                              4
    Max Threads :                                53
    Run time :                                   90 sec.
    Turnaround time :                            699 sec.

The output (if any) is above this job summary.



PS:

Read file </work/tansey/meisterm/results/2023-08-02/diagonal/log_REP_CTD2/52/52/6/model_split.err> for stderr output of this job.


------------------------------------------------------------
Sender: LSF System <lsfadmin@je15>
Subject: Job 67471224: </work/tansey/meisterm/scripts/heatmap_input.sh 6 4 52 52 REP_published_auc_mean CTD2_published_auc_mean /work/tansey/meisterm/results/2023-08-02/diagonal/log_REP_CTD2/52/52/6 1000 /work/tansey/meisterm/data> in cluster <juno> Done

Job </work/tansey/meisterm/scripts/heatmap_input.sh 6 4 52 52 REP_published_auc_mean CTD2_published_auc_mean /work/tansey/meisterm/results/2023-08-02/diagonal/log_REP_CTD2/52/52/6 1000 /work/tansey/meisterm/data> was submitted from host <juno> by user <meisterm> in cluster <juno> at Wed Aug  2 15:57:10 2023
Job was executed on host(s) <je15>, in queue <general>, as user <meisterm> in cluster <juno> at Wed Aug  2 16:07:20 2023
</home/meisterm> was used as the home directory.
</work/tansey/meisterm> was used as the working directory.
Started at Wed Aug  2 16:07:20 2023
Terminated at Wed Aug  2 16:08:49 2023
Results reported at Wed Aug  2 16:08:49 2023

Your job looked like:

------------------------------------------------------------
# LSBATCH: User input
/work/tansey/meisterm/scripts/heatmap_input.sh 6 4 52 52 REP_published_auc_mean CTD2_published_auc_mean /work/tansey/meisterm/results/2023-08-02/diagonal/log_REP_CTD2/52/52/6 1000 /work/tansey/meisterm/data
------------------------------------------------------------

Successfully completed.

Resource usage summary:

    CPU time :                                   117.27 sec.
    Max Memory :                                 -
    Average Memory :                             -
    Total Requested Memory :                     32.00 GB
    Delta Memory :                               -
    Max Swap :                                   -
    Max Processes :                              4
    Max Threads :                                53
    Run time :                                   90 sec.
    Turnaround time :                            699 sec.

The output (if any) is above this job summary.



PS:

Read file </work/tansey/meisterm/results/2023-08-02/diagonal/log_REP_CTD2/52/52/6/model_split.err> for stderr output of this job.

FINAL LOSS DIFF: 113.86328125
corr_test: 0.8087927179343076
corr_train: 0.8385973222122995

------------------------------------------------------------
Sender: LSF System <lsfadmin@je14>
Subject: Job 67471223: </work/tansey/meisterm/scripts/heatmap_input.sh 6 3 52 52 REP_published_auc_mean CTD2_published_auc_mean /work/tansey/meisterm/results/2023-08-02/diagonal/log_REP_CTD2/52/52/6 1000 /work/tansey/meisterm/data> in cluster <juno> Done

Job </work/tansey/meisterm/scripts/heatmap_input.sh 6 3 52 52 REP_published_auc_mean CTD2_published_auc_mean /work/tansey/meisterm/results/2023-08-02/diagonal/log_REP_CTD2/52/52/6 1000 /work/tansey/meisterm/data> was submitted from host <juno> by user <meisterm> in cluster <juno> at Wed Aug  2 15:57:10 2023
Job was executed on host(s) <je14>, in queue <general>, as user <meisterm> in cluster <juno> at Wed Aug  2 16:07:20 2023
</home/meisterm> was used as the home directory.
</work/tansey/meisterm> was used as the working directory.
Started at Wed Aug  2 16:07:20 2023
Terminated at Wed Aug  2 16:08:55 2023
Results reported at Wed Aug  2 16:08:55 2023

Your job looked like:

------------------------------------------------------------
# LSBATCH: User input
/work/tansey/meisterm/scripts/heatmap_input.sh 6 3 52 52 REP_published_auc_mean CTD2_published_auc_mean /work/tansey/meisterm/results/2023-08-02/diagonal/log_REP_CTD2/52/52/6 1000 /work/tansey/meisterm/data
------------------------------------------------------------

Successfully completed.

Resource usage summary:

    CPU time :                                   90.02 sec.
    Max Memory :                                 -
    Average Memory :                             -
    Total Requested Memory :                     32.00 GB
    Delta Memory :                               -
    Max Swap :                                   -
    Max Processes :                              4
    Max Threads :                                53
    Run time :                                   94 sec.
    Turnaround time :                            705 sec.

The output (if any) is above this job summary.



PS:

Read file </work/tansey/meisterm/results/2023-08-02/diagonal/log_REP_CTD2/52/52/6/model_split.err> for stderr output of this job.

FINAL LOSS DIFF: 41.423828125
corr_test: 0.8050887698369391
corr_train: 0.8375565843376643
FINAL LOSS DIFF: 56.2392578125
corr_test: 0.8049240871881667
corr_train: 0.8364338558717949

------------------------------------------------------------
Sender: LSF System <lsfadmin@je14>
Subject: Job 67471222: </work/tansey/meisterm/scripts/heatmap_input.sh 6 2 52 52 REP_published_auc_mean CTD2_published_auc_mean /work/tansey/meisterm/results/2023-08-02/diagonal/log_REP_CTD2/52/52/6 1000 /work/tansey/meisterm/data> in cluster <juno> Done

Job </work/tansey/meisterm/scripts/heatmap_input.sh 6 2 52 52 REP_published_auc_mean CTD2_published_auc_mean /work/tansey/meisterm/results/2023-08-02/diagonal/log_REP_CTD2/52/52/6 1000 /work/tansey/meisterm/data> was submitted from host <juno> by user <meisterm> in cluster <juno> at Wed Aug  2 15:57:10 2023
Job was executed on host(s) <je14>, in queue <general>, as user <meisterm> in cluster <juno> at Wed Aug  2 16:07:20 2023
</home/meisterm> was used as the home directory.
</work/tansey/meisterm> was used as the working directory.
Started at Wed Aug  2 16:07:20 2023
Terminated at Wed Aug  2 16:08:56 2023
Results reported at Wed Aug  2 16:08:56 2023

Your job looked like:

------------------------------------------------------------
# LSBATCH: User input
/work/tansey/meisterm/scripts/heatmap_input.sh 6 2 52 52 REP_published_auc_mean CTD2_published_auc_mean /work/tansey/meisterm/results/2023-08-02/diagonal/log_REP_CTD2/52/52/6 1000 /work/tansey/meisterm/data
------------------------------------------------------------

Successfully completed.

Resource usage summary:

    CPU time :                                   91.67 sec.
    Max Memory :                                 -
    Average Memory :                             -
    Total Requested Memory :                     32.00 GB
    Delta Memory :                               -
    Max Swap :                                   -
    Max Processes :                              4
    Max Threads :                                53
    Run time :                                   96 sec.
    Turnaround time :                            706 sec.

The output (if any) is above this job summary.



PS:

Read file </work/tansey/meisterm/results/2023-08-02/diagonal/log_REP_CTD2/52/52/6/model_split.err> for stderr output of this job.


------------------------------------------------------------
Sender: LSF System <lsfadmin@je14>
Subject: Job 67471221: </work/tansey/meisterm/scripts/heatmap_input.sh 6 1 52 52 REP_published_auc_mean CTD2_published_auc_mean /work/tansey/meisterm/results/2023-08-02/diagonal/log_REP_CTD2/52/52/6 1000 /work/tansey/meisterm/data> in cluster <juno> Done

Job </work/tansey/meisterm/scripts/heatmap_input.sh 6 1 52 52 REP_published_auc_mean CTD2_published_auc_mean /work/tansey/meisterm/results/2023-08-02/diagonal/log_REP_CTD2/52/52/6 1000 /work/tansey/meisterm/data> was submitted from host <juno> by user <meisterm> in cluster <juno> at Wed Aug  2 15:57:10 2023
Job was executed on host(s) <je14>, in queue <general>, as user <meisterm> in cluster <juno> at Wed Aug  2 16:07:20 2023
</home/meisterm> was used as the home directory.
</work/tansey/meisterm> was used as the working directory.
Started at Wed Aug  2 16:07:20 2023
Terminated at Wed Aug  2 16:08:56 2023
Results reported at Wed Aug  2 16:08:56 2023

Your job looked like:

------------------------------------------------------------
# LSBATCH: User input
/work/tansey/meisterm/scripts/heatmap_input.sh 6 1 52 52 REP_published_auc_mean CTD2_published_auc_mean /work/tansey/meisterm/results/2023-08-02/diagonal/log_REP_CTD2/52/52/6 1000 /work/tansey/meisterm/data
------------------------------------------------------------

Successfully completed.

Resource usage summary:

    CPU time :                                   91.61 sec.
    Max Memory :                                 -
    Average Memory :                             -
    Total Requested Memory :                     32.00 GB
    Delta Memory :                               -
    Max Swap :                                   -
    Max Processes :                              4
    Max Threads :                                53
    Run time :                                   96 sec.
    Turnaround time :                            706 sec.

The output (if any) is above this job summary.



PS:

Read file </work/tansey/meisterm/results/2023-08-02/diagonal/log_REP_CTD2/52/52/6/model_split.err> for stderr output of this job.

