train_corr: 0.8996315976559632
test_corr: 0.45332420673421175

------------------------------------------------------------
Sender: LSF System <lsfadmin@jx13>
Subject: Job 68555388: </work/tansey/meisterm/new_scripts/expt.sh /work/tansey/meisterm/code target_only "" REP random_split .95 data/rep-gdsc-ctd2-mean-log.csv /work/tansey/meisterm/results/2023-08-11/run_2d/log_REP/95/target_only/2 "" 1000 2> in cluster <juno> Done

Job </work/tansey/meisterm/new_scripts/expt.sh /work/tansey/meisterm/code target_only "" REP random_split .95 data/rep-gdsc-ctd2-mean-log.csv /work/tansey/meisterm/results/2023-08-11/run_2d/log_REP/95/target_only/2 "" 1000 2> was submitted from host <juno> by user <meisterm> in cluster <juno> at Fri Aug 11 21:32:29 2023
Job was executed on host(s) <jx13>, in queue <general>, as user <meisterm> in cluster <juno> at Fri Aug 11 21:53:00 2023
</home/meisterm> was used as the home directory.
</work/tansey/meisterm> was used as the working directory.
Started at Fri Aug 11 21:53:00 2023
Terminated at Fri Aug 11 23:30:00 2023
Results reported at Fri Aug 11 23:30:00 2023

Your job looked like:

------------------------------------------------------------
# LSBATCH: User input
/work/tansey/meisterm/new_scripts/expt.sh /work/tansey/meisterm/code target_only "" REP random_split .95 data/rep-gdsc-ctd2-mean-log.csv /work/tansey/meisterm/results/2023-08-11/run_2d/log_REP/95/target_only/2 "" 1000 2
------------------------------------------------------------

Successfully completed.

Resource usage summary:

    CPU time :                                   7257.00 sec.
    Max Memory :                                 -
    Average Memory :                             -
    Total Requested Memory :                     32.00 GB
    Delta Memory :                               -
    Max Swap :                                   -
    Max Processes :                              4
    Max Threads :                                33
    Run time :                                   5821 sec.
    Turnaround time :                            7051 sec.

The output (if any) is above this job summary.



PS:

Read file </work/tansey/meisterm/results/2023-08-11/run_2d/log_REP/95/target_only/2/err.err> for stderr output of this job.

