train_corr: 0.493534179517442
test_corr: 0.4920942478519822

------------------------------------------------------------
Sender: LSF System <lsfadmin@je21>
Subject: Job 68671234: </work/tansey/meisterm/new_scripts/expt.sh /work/tansey/meisterm/code raw CTD2 GDSC random_split .50 data/rep-gdsc-ctd2-mean-log.csv /work/tansey/meisterm/results/2023-08-12/run_2d/log_CTD2_GDSC/50/raw/8 "" 1000 8> in cluster <juno> Done

Job </work/tansey/meisterm/new_scripts/expt.sh /work/tansey/meisterm/code raw CTD2 GDSC random_split .50 data/rep-gdsc-ctd2-mean-log.csv /work/tansey/meisterm/results/2023-08-12/run_2d/log_CTD2_GDSC/50/raw/8 "" 1000 8> was submitted from host <juno> by user <meisterm> in cluster <juno> at Sat Aug 12 10:45:36 2023
Job was executed on host(s) <je21>, in queue <general>, as user <meisterm> in cluster <juno> at Sat Aug 12 10:45:37 2023
</home/meisterm> was used as the home directory.
</work/tansey/meisterm> was used as the working directory.
Started at Sat Aug 12 10:45:37 2023
Terminated at Sat Aug 12 10:45:50 2023
Results reported at Sat Aug 12 10:45:50 2023

Your job looked like:

------------------------------------------------------------
# LSBATCH: User input
/work/tansey/meisterm/new_scripts/expt.sh /work/tansey/meisterm/code raw CTD2 GDSC random_split .50 data/rep-gdsc-ctd2-mean-log.csv /work/tansey/meisterm/results/2023-08-12/run_2d/log_CTD2_GDSC/50/raw/8 "" 1000 8
------------------------------------------------------------

Successfully completed.

Resource usage summary:

    CPU time :                                   7.06 sec.
    Max Memory :                                 -
    Average Memory :                             -
    Total Requested Memory :                     32.00 GB
    Delta Memory :                               -
    Max Swap :                                   -
    Max Processes :                              4
    Max Threads :                                13
    Run time :                                   12 sec.
    Turnaround time :                            14 sec.

The output (if any) is above this job summary.



PS:

Read file </work/tansey/meisterm/results/2023-08-12/run_2d/log_CTD2_GDSC/50/raw/8/err.err> for stderr output of this job.

