train_corr: 0.9236972217649271
test_corr: 0.7873544043773218

------------------------------------------------------------
Sender: LSF System <lsfadmin@ji15>
Subject: Job 68671417: </work/tansey/meisterm/new_scripts/expt.sh /work/tansey/meisterm/code transfer CTD2 GDSC random_split .50 data/rep-gdsc-ctd2-mean-log.csv /work/tansey/meisterm/results/2023-08-12/run_2d/log_CTD2_GDSC/50/transfer/9 "" 1000 9> in cluster <juno> Done

Job </work/tansey/meisterm/new_scripts/expt.sh /work/tansey/meisterm/code transfer CTD2 GDSC random_split .50 data/rep-gdsc-ctd2-mean-log.csv /work/tansey/meisterm/results/2023-08-12/run_2d/log_CTD2_GDSC/50/transfer/9 "" 1000 9> was submitted from host <juno> by user <meisterm> in cluster <juno> at Sat Aug 12 10:45:45 2023
Job was executed on host(s) <ji15>, in queue <general>, as user <meisterm> in cluster <juno> at Sat Aug 12 10:45:47 2023
</home/meisterm> was used as the home directory.
</work/tansey/meisterm> was used as the working directory.
Started at Sat Aug 12 10:45:47 2023
Terminated at Sat Aug 12 15:11:32 2023
Results reported at Sat Aug 12 15:11:32 2023

Your job looked like:

------------------------------------------------------------
# LSBATCH: User input
/work/tansey/meisterm/new_scripts/expt.sh /work/tansey/meisterm/code transfer CTD2 GDSC random_split .50 data/rep-gdsc-ctd2-mean-log.csv /work/tansey/meisterm/results/2023-08-12/run_2d/log_CTD2_GDSC/50/transfer/9 "" 1000 9
------------------------------------------------------------

Successfully completed.

Resource usage summary:

    CPU time :                                   15900.41 sec.
    Max Memory :                                 -
    Average Memory :                             -
    Total Requested Memory :                     32.00 GB
    Delta Memory :                               -
    Max Swap :                                   -
    Max Processes :                              4
    Max Threads :                                77
    Run time :                                   15948 sec.
    Turnaround time :                            15947 sec.

The output (if any) is above this job summary.



PS:

Read file </work/tansey/meisterm/results/2023-08-12/run_2d/log_CTD2_GDSC/50/transfer/9/err.err> for stderr output of this job.

