train_corr: 0.9146008736338506
test_corr: 0.8263104785789767

------------------------------------------------------------
Sender: LSF System <lsfadmin@ji01>
Subject: Job 68466344: </work/tansey/meisterm/new_scripts/expt.sh /work/tansey/meisterm/code transfer GDSC REP sample_split -1 data/rep-gdsc-ctd2-mean-log.csv /work/tansey/meisterm/results/2023-08-10/run_2c/log_GDSC_REP/transfer/3 fold_info/fold_list_10.pkl 1000 3> in cluster <juno> Done

Job </work/tansey/meisterm/new_scripts/expt.sh /work/tansey/meisterm/code transfer GDSC REP sample_split -1 data/rep-gdsc-ctd2-mean-log.csv /work/tansey/meisterm/results/2023-08-10/run_2c/log_GDSC_REP/transfer/3 fold_info/fold_list_10.pkl 1000 3> was submitted from host <juno> by user <meisterm> in cluster <juno> at Thu Aug 10 17:57:40 2023
Job was executed on host(s) <ji01>, in queue <general>, as user <meisterm> in cluster <juno> at Fri Aug 11 06:29:04 2023
</home/meisterm> was used as the home directory.
</work/tansey/meisterm> was used as the working directory.
Started at Fri Aug 11 06:29:04 2023
Terminated at Fri Aug 11 09:57:21 2023
Results reported at Fri Aug 11 09:57:21 2023

Your job looked like:

------------------------------------------------------------
# LSBATCH: User input
/work/tansey/meisterm/new_scripts/expt.sh /work/tansey/meisterm/code transfer GDSC REP sample_split -1 data/rep-gdsc-ctd2-mean-log.csv /work/tansey/meisterm/results/2023-08-10/run_2c/log_GDSC_REP/transfer/3 fold_info/fold_list_10.pkl 1000 3
------------------------------------------------------------

Successfully completed.

Resource usage summary:

    CPU time :                                   12466.41 sec.
    Max Memory :                                 -
    Average Memory :                             -
    Total Requested Memory :                     32.00 GB
    Delta Memory :                               -
    Max Swap :                                   -
    Max Processes :                              4
    Max Threads :                                77
    Run time :                                   12498 sec.
    Turnaround time :                            57581 sec.

The output (if any) is above this job summary.



PS:

Read file </work/tansey/meisterm/results/2023-08-10/run_2c/log_GDSC_REP/transfer/3/err.err> for stderr output of this job.

