train_corr: 0.854767367425116
test_corr: 0.7424269791537671

------------------------------------------------------------
Sender: LSF System <lsfadmin@ji16>
Subject: Job 68555268: </work/tansey/meisterm/new_scripts/expt.sh /work/tansey/meisterm/code transfer GDSC REP random_split .95 data/rep-gdsc-ctd2-mean-log.csv /work/tansey/meisterm/results/2023-08-11/run_2d/log_GDSC_REP/95/transfer/2 "" 1000 2> in cluster <juno> Done

Job </work/tansey/meisterm/new_scripts/expt.sh /work/tansey/meisterm/code transfer GDSC REP random_split .95 data/rep-gdsc-ctd2-mean-log.csv /work/tansey/meisterm/results/2023-08-11/run_2d/log_GDSC_REP/95/transfer/2 "" 1000 2> was submitted from host <juno> by user <meisterm> in cluster <juno> at Fri Aug 11 21:32:24 2023
Job was executed on host(s) <ji16>, in queue <general>, as user <meisterm> in cluster <juno> at Fri Aug 11 21:42:52 2023
</home/meisterm> was used as the home directory.
</work/tansey/meisterm> was used as the working directory.
Started at Fri Aug 11 21:42:52 2023
Terminated at Sat Aug 12 02:00:13 2023
Results reported at Sat Aug 12 02:00:13 2023

Your job looked like:

------------------------------------------------------------
# LSBATCH: User input
/work/tansey/meisterm/new_scripts/expt.sh /work/tansey/meisterm/code transfer GDSC REP random_split .95 data/rep-gdsc-ctd2-mean-log.csv /work/tansey/meisterm/results/2023-08-11/run_2d/log_GDSC_REP/95/transfer/2 "" 1000 2
------------------------------------------------------------

Successfully completed.

Resource usage summary:

    CPU time :                                   15182.49 sec.
    Max Memory :                                 -
    Average Memory :                             -
    Total Requested Memory :                     32.00 GB
    Delta Memory :                               -
    Max Swap :                                   -
    Max Processes :                              4
    Max Threads :                                77
    Run time :                                   15440 sec.
    Turnaround time :                            16069 sec.

The output (if any) is above this job summary.



PS:

Read file </work/tansey/meisterm/results/2023-08-11/run_2d/log_GDSC_REP/95/transfer/2/err.err> for stderr output of this job.

