train_corr: 0.9443238626345659
test_corr: 0.7924824142940747

------------------------------------------------------------
Sender: LSF System <lsfadmin@ji05>
Subject: Job 68466795: </work/tansey/meisterm/new_scripts/expt.sh /work/tansey/meisterm/code transfer CTD2 GDSC random_split .40 data/rep-gdsc-ctd2-mean-log.csv /work/tansey/meisterm/results/2023-08-10/run_2d/log_CTD2_GDSC/40/transfer/6 "" 1000 6> in cluster <juno> Done

Job </work/tansey/meisterm/new_scripts/expt.sh /work/tansey/meisterm/code transfer CTD2 GDSC random_split .40 data/rep-gdsc-ctd2-mean-log.csv /work/tansey/meisterm/results/2023-08-10/run_2d/log_CTD2_GDSC/40/transfer/6 "" 1000 6> was submitted from host <juno> by user <meisterm> in cluster <juno> at Thu Aug 10 17:58:32 2023
Job was executed on host(s) <ji05>, in queue <general>, as user <meisterm> in cluster <juno> at Fri Aug 11 13:40:51 2023
</home/meisterm> was used as the home directory.
</work/tansey/meisterm> was used as the working directory.
Started at Fri Aug 11 13:40:51 2023
Terminated at Fri Aug 11 17:18:57 2023
Results reported at Fri Aug 11 17:18:57 2023

Your job looked like:

------------------------------------------------------------
# LSBATCH: User input
/work/tansey/meisterm/new_scripts/expt.sh /work/tansey/meisterm/code transfer CTD2 GDSC random_split .40 data/rep-gdsc-ctd2-mean-log.csv /work/tansey/meisterm/results/2023-08-10/run_2d/log_CTD2_GDSC/40/transfer/6 "" 1000 6
------------------------------------------------------------

Successfully completed.

Resource usage summary:

    CPU time :                                   13043.56 sec.
    Max Memory :                                 -
    Average Memory :                             -
    Total Requested Memory :                     32.00 GB
    Delta Memory :                               -
    Max Swap :                                   -
    Max Processes :                              4
    Max Threads :                                77
    Run time :                                   13086 sec.
    Turnaround time :                            84025 sec.

The output (if any) is above this job summary.



PS:

Read file </work/tansey/meisterm/results/2023-08-10/run_2d/log_CTD2_GDSC/40/transfer/6/err.err> for stderr output of this job.

