train_corr: 0.887481044621642
test_corr: 0.6913573893442485

------------------------------------------------------------
Sender: LSF System <lsfadmin@ji04>
Subject: Job 68555134: </work/tansey/meisterm/new_scripts/expt.sh /work/tansey/meisterm/code transfer REP GDSC random_split .85 data/rep-gdsc-ctd2-mean-log.csv /work/tansey/meisterm/results/2023-08-11/run_2d/log_REP_GDSC/85/transfer/9 "" 1000 9> in cluster <juno> Done

Job </work/tansey/meisterm/new_scripts/expt.sh /work/tansey/meisterm/code transfer REP GDSC random_split .85 data/rep-gdsc-ctd2-mean-log.csv /work/tansey/meisterm/results/2023-08-11/run_2d/log_REP_GDSC/85/transfer/9 "" 1000 9> was submitted from host <juno> by user <meisterm> in cluster <juno> at Fri Aug 11 21:32:17 2023
Job was executed on host(s) <ji04>, in queue <general>, as user <meisterm> in cluster <juno> at Fri Aug 11 21:34:02 2023
</home/meisterm> was used as the home directory.
</work/tansey/meisterm> was used as the working directory.
Started at Fri Aug 11 21:34:02 2023
Terminated at Sat Aug 12 01:45:26 2023
Results reported at Sat Aug 12 01:45:26 2023

Your job looked like:

------------------------------------------------------------
# LSBATCH: User input
/work/tansey/meisterm/new_scripts/expt.sh /work/tansey/meisterm/code transfer REP GDSC random_split .85 data/rep-gdsc-ctd2-mean-log.csv /work/tansey/meisterm/results/2023-08-11/run_2d/log_REP_GDSC/85/transfer/9 "" 1000 9
------------------------------------------------------------

Successfully completed.

Resource usage summary:

    CPU time :                                   15043.35 sec.
    Max Memory :                                 -
    Average Memory :                             -
    Total Requested Memory :                     32.00 GB
    Delta Memory :                               -
    Max Swap :                                   -
    Max Processes :                              4
    Max Threads :                                77
    Run time :                                   15084 sec.
    Turnaround time :                            15189 sec.

The output (if any) is above this job summary.



PS:

Read file </work/tansey/meisterm/results/2023-08-11/run_2d/log_REP_GDSC/85/transfer/9/err.err> for stderr output of this job.

