train_corr: 0.9443923728033307
test_corr: 0.8535392882063895

------------------------------------------------------------
Sender: LSF System <lsfadmin@ji11>
Subject: Job 68466879: </work/tansey/meisterm/new_scripts/expt.sh /work/tansey/meisterm/code target_only "" REP random_split .60 data/rep-gdsc-ctd2-mean-log.csv /work/tansey/meisterm/results/2023-08-10/run_2d/log_REP/60/target_only/0 "" 1000 0> in cluster <juno> Done

Job </work/tansey/meisterm/new_scripts/expt.sh /work/tansey/meisterm/code target_only "" REP random_split .60 data/rep-gdsc-ctd2-mean-log.csv /work/tansey/meisterm/results/2023-08-10/run_2d/log_REP/60/target_only/0 "" 1000 0> was submitted from host <juno> by user <meisterm> in cluster <juno> at Thu Aug 10 17:58:37 2023
Job was executed on host(s) <ji11>, in queue <general>, as user <meisterm> in cluster <juno> at Fri Aug 11 13:53:33 2023
</home/meisterm> was used as the home directory.
</work/tansey/meisterm> was used as the working directory.
Started at Fri Aug 11 13:53:33 2023
Terminated at Fri Aug 11 16:48:09 2023
Results reported at Fri Aug 11 16:48:09 2023

Your job looked like:

------------------------------------------------------------
# LSBATCH: User input
/work/tansey/meisterm/new_scripts/expt.sh /work/tansey/meisterm/code target_only "" REP random_split .60 data/rep-gdsc-ctd2-mean-log.csv /work/tansey/meisterm/results/2023-08-10/run_2d/log_REP/60/target_only/0 "" 1000 0
------------------------------------------------------------

Successfully completed.

Resource usage summary:

    CPU time :                                   10444.94 sec.
    Max Memory :                                 -
    Average Memory :                             -
    Total Requested Memory :                     32.00 GB
    Delta Memory :                               -
    Max Swap :                                   -
    Max Processes :                              4
    Max Threads :                                77
    Run time :                                   10477 sec.
    Turnaround time :                            82172 sec.

The output (if any) is above this job summary.



PS:

Read file </work/tansey/meisterm/results/2023-08-10/run_2d/log_REP/60/target_only/0/err.err> for stderr output of this job.

