train_corr: 0.9175826320457457
test_corr: 0.8571240575579916

------------------------------------------------------------
Sender: LSF System <lsfadmin@ji20>
Subject: Job 68671457: </work/tansey/meisterm/new_scripts/expt.sh /work/tansey/meisterm/code transfer CTD2 REP random_split .70 data/rep-gdsc-ctd2-mean-log.csv /work/tansey/meisterm/results/2023-08-12/run_2d/log_CTD2_REP/70/transfer/9 "" 1000 9> in cluster <juno> Done

Job </work/tansey/meisterm/new_scripts/expt.sh /work/tansey/meisterm/code transfer CTD2 REP random_split .70 data/rep-gdsc-ctd2-mean-log.csv /work/tansey/meisterm/results/2023-08-12/run_2d/log_CTD2_REP/70/transfer/9 "" 1000 9> was submitted from host <juno> by user <meisterm> in cluster <juno> at Sat Aug 12 10:45:47 2023
Job was executed on host(s) <ji20>, in queue <general>, as user <meisterm> in cluster <juno> at Sat Aug 12 10:45:49 2023
</home/meisterm> was used as the home directory.
</work/tansey/meisterm> was used as the working directory.
Started at Sat Aug 12 10:45:49 2023
Terminated at Sat Aug 12 15:12:35 2023
Results reported at Sat Aug 12 15:12:35 2023

Your job looked like:

------------------------------------------------------------
# LSBATCH: User input
/work/tansey/meisterm/new_scripts/expt.sh /work/tansey/meisterm/code transfer CTD2 REP random_split .70 data/rep-gdsc-ctd2-mean-log.csv /work/tansey/meisterm/results/2023-08-12/run_2d/log_CTD2_REP/70/transfer/9 "" 1000 9
------------------------------------------------------------

Successfully completed.

Resource usage summary:

    CPU time :                                   15965.06 sec.
    Max Memory :                                 -
    Average Memory :                             -
    Total Requested Memory :                     32.00 GB
    Delta Memory :                               -
    Max Swap :                                   -
    Max Processes :                              4
    Max Threads :                                77
    Run time :                                   16008 sec.
    Turnaround time :                            16008 sec.

The output (if any) is above this job summary.



PS:

Read file </work/tansey/meisterm/results/2023-08-12/run_2d/log_CTD2_REP/70/transfer/9/err.err> for stderr output of this job.

