FINAL LOSS DIFF: -201.1923828125
corr_test: 0.8136290711337039
corr_train: 0.8314741215935362

------------------------------------------------------------
Sender: LSF System <lsfadmin@ji20>
Subject: Job 67471853: </work/tansey/meisterm/scripts/heatmap_input.sh 8 10 58 58 REP_published_auc_mean CTD2_published_auc_mean /work/tansey/meisterm/results/2023-08-02/diagonal/log_REP_CTD2/58/58/8 1000 /work/tansey/meisterm/data> in cluster <juno> Done

Job </work/tansey/meisterm/scripts/heatmap_input.sh 8 10 58 58 REP_published_auc_mean CTD2_published_auc_mean /work/tansey/meisterm/results/2023-08-02/diagonal/log_REP_CTD2/58/58/8 1000 /work/tansey/meisterm/data> was submitted from host <juno> by user <meisterm> in cluster <juno> at Wed Aug  2 15:57:37 2023
Job was executed on host(s) <ji20>, in queue <general>, as user <meisterm> in cluster <juno> at Wed Aug  2 16:08:12 2023
</home/meisterm> was used as the home directory.
</work/tansey/meisterm> was used as the working directory.
Started at Wed Aug  2 16:08:12 2023
Terminated at Wed Aug  2 16:09:18 2023
Results reported at Wed Aug  2 16:09:18 2023

Your job looked like:

------------------------------------------------------------
# LSBATCH: User input
/work/tansey/meisterm/scripts/heatmap_input.sh 8 10 58 58 REP_published_auc_mean CTD2_published_auc_mean /work/tansey/meisterm/results/2023-08-02/diagonal/log_REP_CTD2/58/58/8 1000 /work/tansey/meisterm/data
------------------------------------------------------------

Successfully completed.

Resource usage summary:

    CPU time :                                   60.84 sec.
    Max Memory :                                 -
    Average Memory :                             -
    Total Requested Memory :                     32.00 GB
    Delta Memory :                               -
    Max Swap :                                   -
    Max Processes :                              4
    Max Threads :                                77
    Run time :                                   66 sec.
    Turnaround time :                            701 sec.

The output (if any) is above this job summary.



PS:

Read file </work/tansey/meisterm/results/2023-08-02/diagonal/log_REP_CTD2/58/58/8/model_split.err> for stderr output of this job.

FINAL LOSS DIFF: 219.9443359375
corr_test: 0.8170202292346658
corr_train: 0.8346913800019531

------------------------------------------------------------
Sender: LSF System <lsfadmin@ja09>
Subject: Job 67471852: </work/tansey/meisterm/scripts/heatmap_input.sh 8 9 58 58 REP_published_auc_mean CTD2_published_auc_mean /work/tansey/meisterm/results/2023-08-02/diagonal/log_REP_CTD2/58/58/8 1000 /work/tansey/meisterm/data> in cluster <juno> Done

Job </work/tansey/meisterm/scripts/heatmap_input.sh 8 9 58 58 REP_published_auc_mean CTD2_published_auc_mean /work/tansey/meisterm/results/2023-08-02/diagonal/log_REP_CTD2/58/58/8 1000 /work/tansey/meisterm/data> was submitted from host <juno> by user <meisterm> in cluster <juno> at Wed Aug  2 15:57:37 2023
Job was executed on host(s) <ja09>, in queue <general>, as user <meisterm> in cluster <juno> at Wed Aug  2 16:08:12 2023
</home/meisterm> was used as the home directory.
</work/tansey/meisterm> was used as the working directory.
Started at Wed Aug  2 16:08:12 2023
Terminated at Wed Aug  2 16:09:25 2023
Results reported at Wed Aug  2 16:09:25 2023

Your job looked like:

------------------------------------------------------------
# LSBATCH: User input
/work/tansey/meisterm/scripts/heatmap_input.sh 8 9 58 58 REP_published_auc_mean CTD2_published_auc_mean /work/tansey/meisterm/results/2023-08-02/diagonal/log_REP_CTD2/58/58/8 1000 /work/tansey/meisterm/data
------------------------------------------------------------

Successfully completed.

Resource usage summary:

    CPU time :                                   87.78 sec.
    Max Memory :                                 -
    Average Memory :                             -
    Total Requested Memory :                     32.00 GB
    Delta Memory :                               -
    Max Swap :                                   -
    Max Processes :                              4
    Max Threads :                                49
    Run time :                                   72 sec.
    Turnaround time :                            708 sec.

The output (if any) is above this job summary.



PS:

Read file </work/tansey/meisterm/results/2023-08-02/diagonal/log_REP_CTD2/58/58/8/model_split.err> for stderr output of this job.

FINAL LOSS DIFF: 65.8046875
corr_test: 0.8172116656170304
corr_train: 0.832627393607364

------------------------------------------------------------
Sender: LSF System <lsfadmin@jh10>
Subject: Job 67471847: </work/tansey/meisterm/scripts/heatmap_input.sh 8 4 58 58 REP_published_auc_mean CTD2_published_auc_mean /work/tansey/meisterm/results/2023-08-02/diagonal/log_REP_CTD2/58/58/8 1000 /work/tansey/meisterm/data> in cluster <juno> Done

Job </work/tansey/meisterm/scripts/heatmap_input.sh 8 4 58 58 REP_published_auc_mean CTD2_published_auc_mean /work/tansey/meisterm/results/2023-08-02/diagonal/log_REP_CTD2/58/58/8 1000 /work/tansey/meisterm/data> was submitted from host <juno> by user <meisterm> in cluster <juno> at Wed Aug  2 15:57:37 2023
Job was executed on host(s) <jh10>, in queue <general>, as user <meisterm> in cluster <juno> at Wed Aug  2 16:08:11 2023
</home/meisterm> was used as the home directory.
</work/tansey/meisterm> was used as the working directory.
Started at Wed Aug  2 16:08:11 2023
Terminated at Wed Aug  2 16:09:28 2023
Results reported at Wed Aug  2 16:09:28 2023

Your job looked like:

------------------------------------------------------------
# LSBATCH: User input
/work/tansey/meisterm/scripts/heatmap_input.sh 8 4 58 58 REP_published_auc_mean CTD2_published_auc_mean /work/tansey/meisterm/results/2023-08-02/diagonal/log_REP_CTD2/58/58/8 1000 /work/tansey/meisterm/data
------------------------------------------------------------

Successfully completed.

Resource usage summary:

    CPU time :                                   73.75 sec.
    Max Memory :                                 -
    Average Memory :                             -
    Total Requested Memory :                     32.00 GB
    Delta Memory :                               -
    Max Swap :                                   -
    Max Processes :                              4
    Max Threads :                                65
    Run time :                                   77 sec.
    Turnaround time :                            711 sec.

The output (if any) is above this job summary.



PS:

Read file </work/tansey/meisterm/results/2023-08-02/diagonal/log_REP_CTD2/58/58/8/model_split.err> for stderr output of this job.

FINAL LOSS DIFF: 227.6943359375
corr_test: 0.814980098738891
corr_train: 0.8314296419108307
FINAL LOSS DIFF: 43.875
corr_test: 0.8112053351530388
corr_train: 0.8308204812142587

------------------------------------------------------------
Sender: LSF System <lsfadmin@jh07>
Subject: Job 67471848: </work/tansey/meisterm/scripts/heatmap_input.sh 8 5 58 58 REP_published_auc_mean CTD2_published_auc_mean /work/tansey/meisterm/results/2023-08-02/diagonal/log_REP_CTD2/58/58/8 1000 /work/tansey/meisterm/data> in cluster <juno> Done

Job </work/tansey/meisterm/scripts/heatmap_input.sh 8 5 58 58 REP_published_auc_mean CTD2_published_auc_mean /work/tansey/meisterm/results/2023-08-02/diagonal/log_REP_CTD2/58/58/8 1000 /work/tansey/meisterm/data> was submitted from host <juno> by user <meisterm> in cluster <juno> at Wed Aug  2 15:57:37 2023
Job was executed on host(s) <jh07>, in queue <general>, as user <meisterm> in cluster <juno> at Wed Aug  2 16:08:11 2023
</home/meisterm> was used as the home directory.
</work/tansey/meisterm> was used as the working directory.
Started at Wed Aug  2 16:08:11 2023
Terminated at Wed Aug  2 16:09:29 2023
Results reported at Wed Aug  2 16:09:29 2023

Your job looked like:

------------------------------------------------------------
# LSBATCH: User input
/work/tansey/meisterm/scripts/heatmap_input.sh 8 5 58 58 REP_published_auc_mean CTD2_published_auc_mean /work/tansey/meisterm/results/2023-08-02/diagonal/log_REP_CTD2/58/58/8 1000 /work/tansey/meisterm/data
------------------------------------------------------------

Successfully completed.

Resource usage summary:

    CPU time :                                   75.70 sec.
    Max Memory :                                 -
    Average Memory :                             -
    Total Requested Memory :                     32.00 GB
    Delta Memory :                               -
    Max Swap :                                   -
    Max Processes :                              4
    Max Threads :                                65
    Run time :                                   78 sec.
    Turnaround time :                            712 sec.

The output (if any) is above this job summary.



PS:

Read file </work/tansey/meisterm/results/2023-08-02/diagonal/log_REP_CTD2/58/58/8/model_split.err> for stderr output of this job.


------------------------------------------------------------
Sender: LSF System <lsfadmin@jh07>
Subject: Job 67471849: </work/tansey/meisterm/scripts/heatmap_input.sh 8 6 58 58 REP_published_auc_mean CTD2_published_auc_mean /work/tansey/meisterm/results/2023-08-02/diagonal/log_REP_CTD2/58/58/8 1000 /work/tansey/meisterm/data> in cluster <juno> Done

Job </work/tansey/meisterm/scripts/heatmap_input.sh 8 6 58 58 REP_published_auc_mean CTD2_published_auc_mean /work/tansey/meisterm/results/2023-08-02/diagonal/log_REP_CTD2/58/58/8 1000 /work/tansey/meisterm/data> was submitted from host <juno> by user <meisterm> in cluster <juno> at Wed Aug  2 15:57:37 2023
Job was executed on host(s) <jh07>, in queue <general>, as user <meisterm> in cluster <juno> at Wed Aug  2 16:08:11 2023
</home/meisterm> was used as the home directory.
</work/tansey/meisterm> was used as the working directory.
Started at Wed Aug  2 16:08:11 2023
Terminated at Wed Aug  2 16:09:30 2023
Results reported at Wed Aug  2 16:09:30 2023

Your job looked like:

------------------------------------------------------------
# LSBATCH: User input
/work/tansey/meisterm/scripts/heatmap_input.sh 8 6 58 58 REP_published_auc_mean CTD2_published_auc_mean /work/tansey/meisterm/results/2023-08-02/diagonal/log_REP_CTD2/58/58/8 1000 /work/tansey/meisterm/data
------------------------------------------------------------

Successfully completed.

Resource usage summary:

    CPU time :                                   75.93 sec.
    Max Memory :                                 -
    Average Memory :                             -
    Total Requested Memory :                     32.00 GB
    Delta Memory :                               -
    Max Swap :                                   -
    Max Processes :                              4
    Max Threads :                                65
    Run time :                                   78 sec.
    Turnaround time :                            713 sec.

The output (if any) is above this job summary.



PS:

Read file </work/tansey/meisterm/results/2023-08-02/diagonal/log_REP_CTD2/58/58/8/model_split.err> for stderr output of this job.

FINAL LOSS DIFF: 150.943359375
corr_test: 0.816067314655731
corr_train: 0.8353141379115175

------------------------------------------------------------
Sender: LSF System <lsfadmin@jx27>
Subject: Job 67471850: </work/tansey/meisterm/scripts/heatmap_input.sh 8 7 58 58 REP_published_auc_mean CTD2_published_auc_mean /work/tansey/meisterm/results/2023-08-02/diagonal/log_REP_CTD2/58/58/8 1000 /work/tansey/meisterm/data> in cluster <juno> Done

Job </work/tansey/meisterm/scripts/heatmap_input.sh 8 7 58 58 REP_published_auc_mean CTD2_published_auc_mean /work/tansey/meisterm/results/2023-08-02/diagonal/log_REP_CTD2/58/58/8 1000 /work/tansey/meisterm/data> was submitted from host <juno> by user <meisterm> in cluster <juno> at Wed Aug  2 15:57:37 2023
Job was executed on host(s) <jx27>, in queue <general>, as user <meisterm> in cluster <juno> at Wed Aug  2 16:08:11 2023
</home/meisterm> was used as the home directory.
</work/tansey/meisterm> was used as the working directory.
Started at Wed Aug  2 16:08:11 2023
Terminated at Wed Aug  2 16:09:31 2023
Results reported at Wed Aug  2 16:09:31 2023

Your job looked like:

------------------------------------------------------------
# LSBATCH: User input
/work/tansey/meisterm/scripts/heatmap_input.sh 8 7 58 58 REP_published_auc_mean CTD2_published_auc_mean /work/tansey/meisterm/results/2023-08-02/diagonal/log_REP_CTD2/58/58/8 1000 /work/tansey/meisterm/data
------------------------------------------------------------

Successfully completed.

Resource usage summary:

    CPU time :                                   79.68 sec.
    Max Memory :                                 -
    Average Memory :                             -
    Total Requested Memory :                     32.00 GB
    Delta Memory :                               -
    Max Swap :                                   -
    Max Processes :                              4
    Max Threads :                                33
    Run time :                                   81 sec.
    Turnaround time :                            714 sec.

The output (if any) is above this job summary.



PS:

Read file </work/tansey/meisterm/results/2023-08-02/diagonal/log_REP_CTD2/58/58/8/model_split.err> for stderr output of this job.

FINAL LOSS DIFF: -84.484375
corr_test: 0.819114307666834
corr_train: 0.8353814193447252
FINAL LOSS DIFF: -52.671875
corr_test: 0.815273284405356
corr_train: 0.8332862401947415

------------------------------------------------------------
Sender: LSF System <lsfadmin@ja03>
Subject: Job 67471845: </work/tansey/meisterm/scripts/heatmap_input.sh 8 2 58 58 REP_published_auc_mean CTD2_published_auc_mean /work/tansey/meisterm/results/2023-08-02/diagonal/log_REP_CTD2/58/58/8 1000 /work/tansey/meisterm/data> in cluster <juno> Done

Job </work/tansey/meisterm/scripts/heatmap_input.sh 8 2 58 58 REP_published_auc_mean CTD2_published_auc_mean /work/tansey/meisterm/results/2023-08-02/diagonal/log_REP_CTD2/58/58/8 1000 /work/tansey/meisterm/data> was submitted from host <juno> by user <meisterm> in cluster <juno> at Wed Aug  2 15:57:37 2023
Job was executed on host(s) <ja03>, in queue <general>, as user <meisterm> in cluster <juno> at Wed Aug  2 16:08:11 2023
</home/meisterm> was used as the home directory.
</work/tansey/meisterm> was used as the working directory.
Started at Wed Aug  2 16:08:11 2023
Terminated at Wed Aug  2 16:09:45 2023
Results reported at Wed Aug  2 16:09:45 2023

Your job looked like:

------------------------------------------------------------
# LSBATCH: User input
/work/tansey/meisterm/scripts/heatmap_input.sh 8 2 58 58 REP_published_auc_mean CTD2_published_auc_mean /work/tansey/meisterm/results/2023-08-02/diagonal/log_REP_CTD2/58/58/8 1000 /work/tansey/meisterm/data
------------------------------------------------------------

Successfully completed.

Resource usage summary:

    CPU time :                                   91.47 sec.
    Max Memory :                                 -
    Average Memory :                             -
    Total Requested Memory :                     32.00 GB
    Delta Memory :                               -
    Max Swap :                                   -
    Max Processes :                              4
    Max Threads :                                49
    Run time :                                   95 sec.
    Turnaround time :                            728 sec.

The output (if any) is above this job summary.



PS:

Read file </work/tansey/meisterm/results/2023-08-02/diagonal/log_REP_CTD2/58/58/8/model_split.err> for stderr output of this job.

FINAL LOSS DIFF: 59.8125
corr_test: 0.8165294738259883
corr_train: 0.8335422709540564

------------------------------------------------------------
Sender: LSF System <lsfadmin@je20>
Subject: Job 67471844: </work/tansey/meisterm/scripts/heatmap_input.sh 8 1 58 58 REP_published_auc_mean CTD2_published_auc_mean /work/tansey/meisterm/results/2023-08-02/diagonal/log_REP_CTD2/58/58/8 1000 /work/tansey/meisterm/data> in cluster <juno> Done

Job </work/tansey/meisterm/scripts/heatmap_input.sh 8 1 58 58 REP_published_auc_mean CTD2_published_auc_mean /work/tansey/meisterm/results/2023-08-02/diagonal/log_REP_CTD2/58/58/8 1000 /work/tansey/meisterm/data> was submitted from host <juno> by user <meisterm> in cluster <juno> at Wed Aug  2 15:57:37 2023
Job was executed on host(s) <je20>, in queue <general>, as user <meisterm> in cluster <juno> at Wed Aug  2 16:08:11 2023
</home/meisterm> was used as the home directory.
</work/tansey/meisterm> was used as the working directory.
Started at Wed Aug  2 16:08:11 2023
Terminated at Wed Aug  2 16:09:46 2023
Results reported at Wed Aug  2 16:09:46 2023

Your job looked like:

------------------------------------------------------------
# LSBATCH: User input
/work/tansey/meisterm/scripts/heatmap_input.sh 8 1 58 58 REP_published_auc_mean CTD2_published_auc_mean /work/tansey/meisterm/results/2023-08-02/diagonal/log_REP_CTD2/58/58/8 1000 /work/tansey/meisterm/data
------------------------------------------------------------

Successfully completed.

Resource usage summary:

    CPU time :                                   90.96 sec.
    Max Memory :                                 -
    Average Memory :                             -
    Total Requested Memory :                     32.00 GB
    Delta Memory :                               -
    Max Swap :                                   -
    Max Processes :                              4
    Max Threads :                                53
    Run time :                                   95 sec.
    Turnaround time :                            729 sec.

The output (if any) is above this job summary.



PS:

Read file </work/tansey/meisterm/results/2023-08-02/diagonal/log_REP_CTD2/58/58/8/model_split.err> for stderr output of this job.


------------------------------------------------------------
Sender: LSF System <lsfadmin@je10>
Subject: Job 67471846: </work/tansey/meisterm/scripts/heatmap_input.sh 8 3 58 58 REP_published_auc_mean CTD2_published_auc_mean /work/tansey/meisterm/results/2023-08-02/diagonal/log_REP_CTD2/58/58/8 1000 /work/tansey/meisterm/data> in cluster <juno> Done

Job </work/tansey/meisterm/scripts/heatmap_input.sh 8 3 58 58 REP_published_auc_mean CTD2_published_auc_mean /work/tansey/meisterm/results/2023-08-02/diagonal/log_REP_CTD2/58/58/8 1000 /work/tansey/meisterm/data> was submitted from host <juno> by user <meisterm> in cluster <juno> at Wed Aug  2 15:57:37 2023
Job was executed on host(s) <je10>, in queue <general>, as user <meisterm> in cluster <juno> at Wed Aug  2 16:08:11 2023
</home/meisterm> was used as the home directory.
</work/tansey/meisterm> was used as the working directory.
Started at Wed Aug  2 16:08:11 2023
Terminated at Wed Aug  2 16:09:46 2023
Results reported at Wed Aug  2 16:09:46 2023

Your job looked like:

------------------------------------------------------------
# LSBATCH: User input
/work/tansey/meisterm/scripts/heatmap_input.sh 8 3 58 58 REP_published_auc_mean CTD2_published_auc_mean /work/tansey/meisterm/results/2023-08-02/diagonal/log_REP_CTD2/58/58/8 1000 /work/tansey/meisterm/data
------------------------------------------------------------

Successfully completed.

Resource usage summary:

    CPU time :                                   91.97 sec.
    Max Memory :                                 -
    Average Memory :                             -
    Total Requested Memory :                     32.00 GB
    Delta Memory :                               -
    Max Swap :                                   -
    Max Processes :                              4
    Max Threads :                                53
    Run time :                                   96 sec.
    Turnaround time :                            729 sec.

The output (if any) is above this job summary.



PS:

Read file </work/tansey/meisterm/results/2023-08-02/diagonal/log_REP_CTD2/58/58/8/model_split.err> for stderr output of this job.

FINAL LOSS DIFF: 425.923828125
corr_test: 0.8166498664438986
corr_train: 0.8352523828533509

------------------------------------------------------------
Sender: LSF System <lsfadmin@ja10>
Subject: Job 67471851: </work/tansey/meisterm/scripts/heatmap_input.sh 8 8 58 58 REP_published_auc_mean CTD2_published_auc_mean /work/tansey/meisterm/results/2023-08-02/diagonal/log_REP_CTD2/58/58/8 1000 /work/tansey/meisterm/data> in cluster <juno> Done

Job </work/tansey/meisterm/scripts/heatmap_input.sh 8 8 58 58 REP_published_auc_mean CTD2_published_auc_mean /work/tansey/meisterm/results/2023-08-02/diagonal/log_REP_CTD2/58/58/8 1000 /work/tansey/meisterm/data> was submitted from host <juno> by user <meisterm> in cluster <juno> at Wed Aug  2 15:57:37 2023
Job was executed on host(s) <ja10>, in queue <general>, as user <meisterm> in cluster <juno> at Wed Aug  2 16:08:12 2023
</home/meisterm> was used as the home directory.
</work/tansey/meisterm> was used as the working directory.
Started at Wed Aug  2 16:08:12 2023
Terminated at Wed Aug  2 16:09:47 2023
Results reported at Wed Aug  2 16:09:47 2023

Your job looked like:

------------------------------------------------------------
# LSBATCH: User input
/work/tansey/meisterm/scripts/heatmap_input.sh 8 8 58 58 REP_published_auc_mean CTD2_published_auc_mean /work/tansey/meisterm/results/2023-08-02/diagonal/log_REP_CTD2/58/58/8 1000 /work/tansey/meisterm/data
------------------------------------------------------------

Successfully completed.

Resource usage summary:

    CPU time :                                   92.39 sec.
    Max Memory :                                 -
    Average Memory :                             -
    Total Requested Memory :                     32.00 GB
    Delta Memory :                               -
    Max Swap :                                   -
    Max Processes :                              4
    Max Threads :                                49
    Run time :                                   95 sec.
    Turnaround time :                            730 sec.

The output (if any) is above this job summary.



PS:

Read file </work/tansey/meisterm/results/2023-08-02/diagonal/log_REP_CTD2/58/58/8/model_split.err> for stderr output of this job.

