FINAL LOSS DIFF: -19.676513671875
corr_test: 0.8223266713014007
corr_train: 0.8548252895411156

------------------------------------------------------------
Sender: LSF System <lsfadmin@je16>
Subject: Job 67466713: </work/tansey/meisterm/scripts/heatmap_input.sh 8 1 7 7 REP_published_auc_mean CTD2_published_auc_mean /work/tansey/meisterm/results/2023-08-02/diagonal/log_REP_CTD2/7/7/8 1000 /work/tansey/meisterm/data> in cluster <juno> Done

Job </work/tansey/meisterm/scripts/heatmap_input.sh 8 1 7 7 REP_published_auc_mean CTD2_published_auc_mean /work/tansey/meisterm/results/2023-08-02/diagonal/log_REP_CTD2/7/7/8 1000 /work/tansey/meisterm/data> was submitted from host <juno> by user <meisterm> in cluster <juno> at Wed Aug  2 15:54:07 2023
Job was executed on host(s) <je16>, in queue <general>, as user <meisterm> in cluster <juno> at Wed Aug  2 16:01:28 2023
</home/meisterm> was used as the home directory.
</work/tansey/meisterm> was used as the working directory.
Started at Wed Aug  2 16:01:28 2023
Terminated at Wed Aug  2 16:02:21 2023
Results reported at Wed Aug  2 16:02:21 2023

Your job looked like:

------------------------------------------------------------
# LSBATCH: User input
/work/tansey/meisterm/scripts/heatmap_input.sh 8 1 7 7 REP_published_auc_mean CTD2_published_auc_mean /work/tansey/meisterm/results/2023-08-02/diagonal/log_REP_CTD2/7/7/8 1000 /work/tansey/meisterm/data
------------------------------------------------------------

Successfully completed.

Resource usage summary:

    CPU time :                                   50.73 sec.
    Max Memory :                                 -
    Average Memory :                             -
    Total Requested Memory :                     32.00 GB
    Delta Memory :                               -
    Max Swap :                                   -
    Max Processes :                              4
    Max Threads :                                53
    Run time :                                   55 sec.
    Turnaround time :                            494 sec.

The output (if any) is above this job summary.



PS:

Read file </work/tansey/meisterm/results/2023-08-02/diagonal/log_REP_CTD2/7/7/8/model_split.err> for stderr output of this job.

FINAL LOSS DIFF: 24.146728515625
corr_test: 0.8260522863866365
corr_train: 0.8549363018258689
FINAL LOSS DIFF: -13.0595703125
corr_test: 0.8294114176156222
corr_train: 0.8529686370246716

------------------------------------------------------------
Sender: LSF System <lsfadmin@je14>
Subject: Job 67466719: </work/tansey/meisterm/scripts/heatmap_input.sh 8 7 7 7 REP_published_auc_mean CTD2_published_auc_mean /work/tansey/meisterm/results/2023-08-02/diagonal/log_REP_CTD2/7/7/8 1000 /work/tansey/meisterm/data> in cluster <juno> Done

Job </work/tansey/meisterm/scripts/heatmap_input.sh 8 7 7 7 REP_published_auc_mean CTD2_published_auc_mean /work/tansey/meisterm/results/2023-08-02/diagonal/log_REP_CTD2/7/7/8 1000 /work/tansey/meisterm/data> was submitted from host <juno> by user <meisterm> in cluster <juno> at Wed Aug  2 15:54:07 2023
Job was executed on host(s) <je14>, in queue <general>, as user <meisterm> in cluster <juno> at Wed Aug  2 16:01:28 2023
</home/meisterm> was used as the home directory.
</work/tansey/meisterm> was used as the working directory.
Started at Wed Aug  2 16:01:28 2023
Terminated at Wed Aug  2 16:02:39 2023
Results reported at Wed Aug  2 16:02:39 2023

Your job looked like:

------------------------------------------------------------
# LSBATCH: User input
/work/tansey/meisterm/scripts/heatmap_input.sh 8 7 7 7 REP_published_auc_mean CTD2_published_auc_mean /work/tansey/meisterm/results/2023-08-02/diagonal/log_REP_CTD2/7/7/8 1000 /work/tansey/meisterm/data
------------------------------------------------------------

Successfully completed.

Resource usage summary:

    CPU time :                                   68.55 sec.
    Max Memory :                                 -
    Average Memory :                             -
    Total Requested Memory :                     32.00 GB
    Delta Memory :                               -
    Max Swap :                                   -
    Max Processes :                              4
    Max Threads :                                53
    Run time :                                   73 sec.
    Turnaround time :                            512 sec.

The output (if any) is above this job summary.



PS:

Read file </work/tansey/meisterm/results/2023-08-02/diagonal/log_REP_CTD2/7/7/8/model_split.err> for stderr output of this job.


------------------------------------------------------------
Sender: LSF System <lsfadmin@ja01>
Subject: Job 67466714: </work/tansey/meisterm/scripts/heatmap_input.sh 8 2 7 7 REP_published_auc_mean CTD2_published_auc_mean /work/tansey/meisterm/results/2023-08-02/diagonal/log_REP_CTD2/7/7/8 1000 /work/tansey/meisterm/data> in cluster <juno> Done

Job </work/tansey/meisterm/scripts/heatmap_input.sh 8 2 7 7 REP_published_auc_mean CTD2_published_auc_mean /work/tansey/meisterm/results/2023-08-02/diagonal/log_REP_CTD2/7/7/8 1000 /work/tansey/meisterm/data> was submitted from host <juno> by user <meisterm> in cluster <juno> at Wed Aug  2 15:54:07 2023
Job was executed on host(s) <ja01>, in queue <general>, as user <meisterm> in cluster <juno> at Wed Aug  2 16:01:28 2023
</home/meisterm> was used as the home directory.
</work/tansey/meisterm> was used as the working directory.
Started at Wed Aug  2 16:01:28 2023
Terminated at Wed Aug  2 16:02:40 2023
Results reported at Wed Aug  2 16:02:40 2023

Your job looked like:

------------------------------------------------------------
# LSBATCH: User input
/work/tansey/meisterm/scripts/heatmap_input.sh 8 2 7 7 REP_published_auc_mean CTD2_published_auc_mean /work/tansey/meisterm/results/2023-08-02/diagonal/log_REP_CTD2/7/7/8 1000 /work/tansey/meisterm/data
------------------------------------------------------------

Successfully completed.

Resource usage summary:

    CPU time :                                   69.04 sec.
    Max Memory :                                 -
    Average Memory :                             -
    Total Requested Memory :                     32.00 GB
    Delta Memory :                               -
    Max Swap :                                   -
    Max Processes :                              4
    Max Threads :                                49
    Run time :                                   72 sec.
    Turnaround time :                            513 sec.

The output (if any) is above this job summary.



PS:

Read file </work/tansey/meisterm/results/2023-08-02/diagonal/log_REP_CTD2/7/7/8/model_split.err> for stderr output of this job.

FINAL LOSS DIFF: 95.10791015625
corr_test: 0.8309738900268738
corr_train: 0.8553578773471937

------------------------------------------------------------
Sender: LSF System <lsfadmin@jd03>
Subject: Job 67466721: </work/tansey/meisterm/scripts/heatmap_input.sh 8 9 7 7 REP_published_auc_mean CTD2_published_auc_mean /work/tansey/meisterm/results/2023-08-02/diagonal/log_REP_CTD2/7/7/8 1000 /work/tansey/meisterm/data> in cluster <juno> Done

Job </work/tansey/meisterm/scripts/heatmap_input.sh 8 9 7 7 REP_published_auc_mean CTD2_published_auc_mean /work/tansey/meisterm/results/2023-08-02/diagonal/log_REP_CTD2/7/7/8 1000 /work/tansey/meisterm/data> was submitted from host <juno> by user <meisterm> in cluster <juno> at Wed Aug  2 15:54:07 2023
Job was executed on host(s) <jd03>, in queue <general>, as user <meisterm> in cluster <juno> at Wed Aug  2 16:01:28 2023
</home/meisterm> was used as the home directory.
</work/tansey/meisterm> was used as the working directory.
Started at Wed Aug  2 16:01:28 2023
Terminated at Wed Aug  2 16:02:41 2023
Results reported at Wed Aug  2 16:02:41 2023

Your job looked like:

------------------------------------------------------------
# LSBATCH: User input
/work/tansey/meisterm/scripts/heatmap_input.sh 8 9 7 7 REP_published_auc_mean CTD2_published_auc_mean /work/tansey/meisterm/results/2023-08-02/diagonal/log_REP_CTD2/7/7/8 1000 /work/tansey/meisterm/data
------------------------------------------------------------

Successfully completed.

Resource usage summary:

    CPU time :                                   70.33 sec.
    Max Memory :                                 -
    Average Memory :                             -
    Total Requested Memory :                     32.00 GB
    Delta Memory :                               -
    Max Swap :                                   -
    Max Processes :                              4
    Max Threads :                                49
    Run time :                                   74 sec.
    Turnaround time :                            514 sec.

The output (if any) is above this job summary.



PS:

Read file </work/tansey/meisterm/results/2023-08-02/diagonal/log_REP_CTD2/7/7/8/model_split.err> for stderr output of this job.

FINAL LOSS DIFF: 40.774169921875
corr_test: 0.8306303605361045
corr_train: 0.8552495697373727

------------------------------------------------------------
Sender: LSF System <lsfadmin@je23>
Subject: Job 67466720: </work/tansey/meisterm/scripts/heatmap_input.sh 8 8 7 7 REP_published_auc_mean CTD2_published_auc_mean /work/tansey/meisterm/results/2023-08-02/diagonal/log_REP_CTD2/7/7/8 1000 /work/tansey/meisterm/data> in cluster <juno> Done

Job </work/tansey/meisterm/scripts/heatmap_input.sh 8 8 7 7 REP_published_auc_mean CTD2_published_auc_mean /work/tansey/meisterm/results/2023-08-02/diagonal/log_REP_CTD2/7/7/8 1000 /work/tansey/meisterm/data> was submitted from host <juno> by user <meisterm> in cluster <juno> at Wed Aug  2 15:54:07 2023
Job was executed on host(s) <je23>, in queue <general>, as user <meisterm> in cluster <juno> at Wed Aug  2 16:01:28 2023
</home/meisterm> was used as the home directory.
</work/tansey/meisterm> was used as the working directory.
Started at Wed Aug  2 16:01:28 2023
Terminated at Wed Aug  2 16:02:42 2023
Results reported at Wed Aug  2 16:02:42 2023

Your job looked like:

------------------------------------------------------------
# LSBATCH: User input
/work/tansey/meisterm/scripts/heatmap_input.sh 8 8 7 7 REP_published_auc_mean CTD2_published_auc_mean /work/tansey/meisterm/results/2023-08-02/diagonal/log_REP_CTD2/7/7/8 1000 /work/tansey/meisterm/data
------------------------------------------------------------

Successfully completed.

Resource usage summary:

    CPU time :                                   70.85 sec.
    Max Memory :                                 -
    Average Memory :                             -
    Total Requested Memory :                     32.00 GB
    Delta Memory :                               -
    Max Swap :                                   -
    Max Processes :                              4
    Max Threads :                                53
    Run time :                                   73 sec.
    Turnaround time :                            515 sec.

The output (if any) is above this job summary.



PS:

Read file </work/tansey/meisterm/results/2023-08-02/diagonal/log_REP_CTD2/7/7/8/model_split.err> for stderr output of this job.

FINAL LOSS DIFF: 58.010986328125
corr_test: 0.829659226473265
corr_train: 0.8567584852005616
FINAL LOSS DIFF: 60.7373046875
corr_test: 0.8334126790258066
corr_train: 0.8573499606818065

------------------------------------------------------------
Sender: LSF System <lsfadmin@jd03>
Subject: Job 67466722: </work/tansey/meisterm/scripts/heatmap_input.sh 8 10 7 7 REP_published_auc_mean CTD2_published_auc_mean /work/tansey/meisterm/results/2023-08-02/diagonal/log_REP_CTD2/7/7/8 1000 /work/tansey/meisterm/data> in cluster <juno> Done

Job </work/tansey/meisterm/scripts/heatmap_input.sh 8 10 7 7 REP_published_auc_mean CTD2_published_auc_mean /work/tansey/meisterm/results/2023-08-02/diagonal/log_REP_CTD2/7/7/8 1000 /work/tansey/meisterm/data> was submitted from host <juno> by user <meisterm> in cluster <juno> at Wed Aug  2 15:54:07 2023
Job was executed on host(s) <jd03>, in queue <general>, as user <meisterm> in cluster <juno> at Wed Aug  2 16:01:28 2023
</home/meisterm> was used as the home directory.
</work/tansey/meisterm> was used as the working directory.
Started at Wed Aug  2 16:01:28 2023
Terminated at Wed Aug  2 16:02:45 2023
Results reported at Wed Aug  2 16:02:45 2023

Your job looked like:

------------------------------------------------------------
# LSBATCH: User input
/work/tansey/meisterm/scripts/heatmap_input.sh 8 10 7 7 REP_published_auc_mean CTD2_published_auc_mean /work/tansey/meisterm/results/2023-08-02/diagonal/log_REP_CTD2/7/7/8 1000 /work/tansey/meisterm/data
------------------------------------------------------------

Successfully completed.

Resource usage summary:

    CPU time :                                   74.28 sec.
    Max Memory :                                 -
    Average Memory :                             -
    Total Requested Memory :                     32.00 GB
    Delta Memory :                               -
    Max Swap :                                   -
    Max Processes :                              4
    Max Threads :                                49
    Run time :                                   77 sec.
    Turnaround time :                            518 sec.

The output (if any) is above this job summary.



PS:

Read file </work/tansey/meisterm/results/2023-08-02/diagonal/log_REP_CTD2/7/7/8/model_split.err> for stderr output of this job.


------------------------------------------------------------
Sender: LSF System <lsfadmin@jy03>
Subject: Job 67466718: </work/tansey/meisterm/scripts/heatmap_input.sh 8 6 7 7 REP_published_auc_mean CTD2_published_auc_mean /work/tansey/meisterm/results/2023-08-02/diagonal/log_REP_CTD2/7/7/8 1000 /work/tansey/meisterm/data> in cluster <juno> Done

Job </work/tansey/meisterm/scripts/heatmap_input.sh 8 6 7 7 REP_published_auc_mean CTD2_published_auc_mean /work/tansey/meisterm/results/2023-08-02/diagonal/log_REP_CTD2/7/7/8 1000 /work/tansey/meisterm/data> was submitted from host <juno> by user <meisterm> in cluster <juno> at Wed Aug  2 15:54:07 2023
Job was executed on host(s) <jy03>, in queue <general>, as user <meisterm> in cluster <juno> at Wed Aug  2 16:01:28 2023
</home/meisterm> was used as the home directory.
</work/tansey/meisterm> was used as the working directory.
Started at Wed Aug  2 16:01:28 2023
Terminated at Wed Aug  2 16:02:45 2023
Results reported at Wed Aug  2 16:02:45 2023

Your job looked like:

------------------------------------------------------------
# LSBATCH: User input
/work/tansey/meisterm/scripts/heatmap_input.sh 8 6 7 7 REP_published_auc_mean CTD2_published_auc_mean /work/tansey/meisterm/results/2023-08-02/diagonal/log_REP_CTD2/7/7/8 1000 /work/tansey/meisterm/data
------------------------------------------------------------

Successfully completed.

Resource usage summary:

    CPU time :                                   73.85 sec.
    Max Memory :                                 -
    Average Memory :                             -
    Total Requested Memory :                     32.00 GB
    Delta Memory :                               -
    Max Swap :                                   -
    Max Processes :                              4
    Max Threads :                                49
    Run time :                                   76 sec.
    Turnaround time :                            518 sec.

The output (if any) is above this job summary.



PS:

Read file </work/tansey/meisterm/results/2023-08-02/diagonal/log_REP_CTD2/7/7/8/model_split.err> for stderr output of this job.

FINAL LOSS DIFF: -93.893310546875
corr_test: 0.8298694826525838
corr_train: 0.8556040794435249

------------------------------------------------------------
Sender: LSF System <lsfadmin@ja08>
Subject: Job 67466717: </work/tansey/meisterm/scripts/heatmap_input.sh 8 5 7 7 REP_published_auc_mean CTD2_published_auc_mean /work/tansey/meisterm/results/2023-08-02/diagonal/log_REP_CTD2/7/7/8 1000 /work/tansey/meisterm/data> in cluster <juno> Done

Job </work/tansey/meisterm/scripts/heatmap_input.sh 8 5 7 7 REP_published_auc_mean CTD2_published_auc_mean /work/tansey/meisterm/results/2023-08-02/diagonal/log_REP_CTD2/7/7/8 1000 /work/tansey/meisterm/data> was submitted from host <juno> by user <meisterm> in cluster <juno> at Wed Aug  2 15:54:07 2023
Job was executed on host(s) <ja08>, in queue <general>, as user <meisterm> in cluster <juno> at Wed Aug  2 16:01:28 2023
</home/meisterm> was used as the home directory.
</work/tansey/meisterm> was used as the working directory.
Started at Wed Aug  2 16:01:28 2023
Terminated at Wed Aug  2 16:02:47 2023
Results reported at Wed Aug  2 16:02:47 2023

Your job looked like:

------------------------------------------------------------
# LSBATCH: User input
/work/tansey/meisterm/scripts/heatmap_input.sh 8 5 7 7 REP_published_auc_mean CTD2_published_auc_mean /work/tansey/meisterm/results/2023-08-02/diagonal/log_REP_CTD2/7/7/8 1000 /work/tansey/meisterm/data
------------------------------------------------------------

Successfully completed.

Resource usage summary:

    CPU time :                                   76.23 sec.
    Max Memory :                                 -
    Average Memory :                             -
    Total Requested Memory :                     32.00 GB
    Delta Memory :                               -
    Max Swap :                                   -
    Max Processes :                              4
    Max Threads :                                49
    Run time :                                   81 sec.
    Turnaround time :                            520 sec.

The output (if any) is above this job summary.



PS:

Read file </work/tansey/meisterm/results/2023-08-02/diagonal/log_REP_CTD2/7/7/8/model_split.err> for stderr output of this job.

FINAL LOSS DIFF: 80.28564453125
corr_test: 0.8305964329881167
corr_train: 0.8548802876942775

------------------------------------------------------------
Sender: LSF System <lsfadmin@ja03>
Subject: Job 67466716: </work/tansey/meisterm/scripts/heatmap_input.sh 8 4 7 7 REP_published_auc_mean CTD2_published_auc_mean /work/tansey/meisterm/results/2023-08-02/diagonal/log_REP_CTD2/7/7/8 1000 /work/tansey/meisterm/data> in cluster <juno> Done

Job </work/tansey/meisterm/scripts/heatmap_input.sh 8 4 7 7 REP_published_auc_mean CTD2_published_auc_mean /work/tansey/meisterm/results/2023-08-02/diagonal/log_REP_CTD2/7/7/8 1000 /work/tansey/meisterm/data> was submitted from host <juno> by user <meisterm> in cluster <juno> at Wed Aug  2 15:54:07 2023
Job was executed on host(s) <ja03>, in queue <general>, as user <meisterm> in cluster <juno> at Wed Aug  2 16:01:28 2023
</home/meisterm> was used as the home directory.
</work/tansey/meisterm> was used as the working directory.
Started at Wed Aug  2 16:01:28 2023
Terminated at Wed Aug  2 16:02:48 2023
Results reported at Wed Aug  2 16:02:48 2023

Your job looked like:

------------------------------------------------------------
# LSBATCH: User input
/work/tansey/meisterm/scripts/heatmap_input.sh 8 4 7 7 REP_published_auc_mean CTD2_published_auc_mean /work/tansey/meisterm/results/2023-08-02/diagonal/log_REP_CTD2/7/7/8 1000 /work/tansey/meisterm/data
------------------------------------------------------------

Successfully completed.

Resource usage summary:

    CPU time :                                   76.65 sec.
    Max Memory :                                 -
    Average Memory :                             -
    Total Requested Memory :                     32.00 GB
    Delta Memory :                               -
    Max Swap :                                   -
    Max Processes :                              4
    Max Threads :                                49
    Run time :                                   81 sec.
    Turnaround time :                            521 sec.

The output (if any) is above this job summary.



PS:

Read file </work/tansey/meisterm/results/2023-08-02/diagonal/log_REP_CTD2/7/7/8/model_split.err> for stderr output of this job.

FINAL LOSS DIFF: -201.41357421875
corr_test: 0.8294591140263438
corr_train: 0.8560258293868747

------------------------------------------------------------
Sender: LSF System <lsfadmin@ja02>
Subject: Job 67466715: </work/tansey/meisterm/scripts/heatmap_input.sh 8 3 7 7 REP_published_auc_mean CTD2_published_auc_mean /work/tansey/meisterm/results/2023-08-02/diagonal/log_REP_CTD2/7/7/8 1000 /work/tansey/meisterm/data> in cluster <juno> Done

Job </work/tansey/meisterm/scripts/heatmap_input.sh 8 3 7 7 REP_published_auc_mean CTD2_published_auc_mean /work/tansey/meisterm/results/2023-08-02/diagonal/log_REP_CTD2/7/7/8 1000 /work/tansey/meisterm/data> was submitted from host <juno> by user <meisterm> in cluster <juno> at Wed Aug  2 15:54:07 2023
Job was executed on host(s) <ja02>, in queue <general>, as user <meisterm> in cluster <juno> at Wed Aug  2 16:01:28 2023
</home/meisterm> was used as the home directory.
</work/tansey/meisterm> was used as the working directory.
Started at Wed Aug  2 16:01:28 2023
Terminated at Wed Aug  2 16:02:52 2023
Results reported at Wed Aug  2 16:02:52 2023

Your job looked like:

------------------------------------------------------------
# LSBATCH: User input
/work/tansey/meisterm/scripts/heatmap_input.sh 8 3 7 7 REP_published_auc_mean CTD2_published_auc_mean /work/tansey/meisterm/results/2023-08-02/diagonal/log_REP_CTD2/7/7/8 1000 /work/tansey/meisterm/data
------------------------------------------------------------

Successfully completed.

Resource usage summary:

    CPU time :                                   81.05 sec.
    Max Memory :                                 -
    Average Memory :                             -
    Total Requested Memory :                     32.00 GB
    Delta Memory :                               -
    Max Swap :                                   -
    Max Processes :                              4
    Max Threads :                                49
    Run time :                                   86 sec.
    Turnaround time :                            525 sec.

The output (if any) is above this job summary.



PS:

Read file </work/tansey/meisterm/results/2023-08-02/diagonal/log_REP_CTD2/7/7/8/model_split.err> for stderr output of this job.

