train_corr: 0.7196934891050374
test_corr: 0.5967511966797324

------------------------------------------------------------
Sender: LSF System <lsfadmin@ji20>
Subject: Job 68555153: </work/tansey/meisterm/new_scripts/expt.sh /work/tansey/meisterm/code transfer REP GDSC random_split .95 data/rep-gdsc-ctd2-mean-log.csv /work/tansey/meisterm/results/2023-08-11/run_2d/log_REP_GDSC/95/transfer/8 "" 1000 8> in cluster <juno> Done

Job </work/tansey/meisterm/new_scripts/expt.sh /work/tansey/meisterm/code transfer REP GDSC random_split .95 data/rep-gdsc-ctd2-mean-log.csv /work/tansey/meisterm/results/2023-08-11/run_2d/log_REP_GDSC/95/transfer/8 "" 1000 8> was submitted from host <juno> by user <meisterm> in cluster <juno> at Fri Aug 11 21:32:18 2023
Job was executed on host(s) <ji20>, in queue <general>, as user <meisterm> in cluster <juno> at Fri Aug 11 21:35:20 2023
</home/meisterm> was used as the home directory.
</work/tansey/meisterm> was used as the working directory.
Started at Fri Aug 11 21:35:20 2023
Terminated at Sat Aug 12 01:50:16 2023
Results reported at Sat Aug 12 01:50:16 2023

Your job looked like:

------------------------------------------------------------
# LSBATCH: User input
/work/tansey/meisterm/new_scripts/expt.sh /work/tansey/meisterm/code transfer REP GDSC random_split .95 data/rep-gdsc-ctd2-mean-log.csv /work/tansey/meisterm/results/2023-08-11/run_2d/log_REP_GDSC/95/transfer/8 "" 1000 8
------------------------------------------------------------

Successfully completed.

Resource usage summary:

    CPU time :                                   15256.35 sec.
    Max Memory :                                 -
    Average Memory :                             -
    Total Requested Memory :                     32.00 GB
    Delta Memory :                               -
    Max Swap :                                   -
    Max Processes :                              4
    Max Threads :                                77
    Run time :                                   15296 sec.
    Turnaround time :                            15478 sec.

The output (if any) is above this job summary.



PS:

Read file </work/tansey/meisterm/results/2023-08-11/run_2d/log_REP_GDSC/95/transfer/8/err.err> for stderr output of this job.

