train_corr: 0.8969840074575299
test_corr: 0.7128785005806153

------------------------------------------------------------
Sender: LSF System <lsfadmin@ji12>
Subject: Job 68466814: </work/tansey/meisterm/new_scripts/expt.sh /work/tansey/meisterm/code transfer CTD2 GDSC random_split .80 data/rep-gdsc-ctd2-mean-log.csv /work/tansey/meisterm/results/2023-08-10/run_2d/log_CTD2_GDSC/80/transfer/5 "" 1000 5> in cluster <juno> Done

Job </work/tansey/meisterm/new_scripts/expt.sh /work/tansey/meisterm/code transfer CTD2 GDSC random_split .80 data/rep-gdsc-ctd2-mean-log.csv /work/tansey/meisterm/results/2023-08-10/run_2d/log_CTD2_GDSC/80/transfer/5 "" 1000 5> was submitted from host <juno> by user <meisterm> in cluster <juno> at Thu Aug 10 17:58:33 2023
Job was executed on host(s) <ji12>, in queue <general>, as user <meisterm> in cluster <juno> at Fri Aug 11 13:42:29 2023
</home/meisterm> was used as the home directory.
</work/tansey/meisterm> was used as the working directory.
Started at Fri Aug 11 13:42:29 2023
Terminated at Fri Aug 11 17:33:08 2023
Results reported at Fri Aug 11 17:33:08 2023

Your job looked like:

------------------------------------------------------------
# LSBATCH: User input
/work/tansey/meisterm/new_scripts/expt.sh /work/tansey/meisterm/code transfer CTD2 GDSC random_split .80 data/rep-gdsc-ctd2-mean-log.csv /work/tansey/meisterm/results/2023-08-10/run_2d/log_CTD2_GDSC/80/transfer/5 "" 1000 5
------------------------------------------------------------

Successfully completed.

Resource usage summary:

    CPU time :                                   13804.29 sec.
    Max Memory :                                 -
    Average Memory :                             -
    Total Requested Memory :                     32.00 GB
    Delta Memory :                               -
    Max Swap :                                   -
    Max Processes :                              4
    Max Threads :                                77
    Run time :                                   13839 sec.
    Turnaround time :                            84875 sec.

The output (if any) is above this job summary.



PS:

Read file </work/tansey/meisterm/results/2023-08-10/run_2d/log_CTD2_GDSC/80/transfer/5/err.err> for stderr output of this job.

