train_corr: 0.09655774163230225
test_corr: 0.06191467418124696

------------------------------------------------------------
Sender: LSF System <lsfadmin@ji04>
Subject: Job 68914605: </work/tansey/meisterm/new_scripts/pdx_expt.sh /work/tansey/meisterm/code raw /work/tansey/meisterm/data/yaspo_combined_intersection.csv /work/tansey/meisterm/results/2023-08-14/pdx_expt/raw/7 /work/tansey/meisterm/fold_info/pdx_folds.pkl 7 1000> in cluster <juno> Done

Job </work/tansey/meisterm/new_scripts/pdx_expt.sh /work/tansey/meisterm/code raw /work/tansey/meisterm/data/yaspo_combined_intersection.csv /work/tansey/meisterm/results/2023-08-14/pdx_expt/raw/7 /work/tansey/meisterm/fold_info/pdx_folds.pkl 7 1000> was submitted from host <juno> by user <meisterm> in cluster <juno> at Mon Aug 14 20:26:18 2023
Job was executed on host(s) <ji04>, in queue <general>, as user <meisterm> in cluster <juno> at Mon Aug 14 20:26:20 2023
</home/meisterm> was used as the home directory.
</work/tansey/meisterm> was used as the working directory.
Started at Mon Aug 14 20:26:20 2023
Terminated at Mon Aug 14 20:26:26 2023
Results reported at Mon Aug 14 20:26:26 2023

Your job looked like:

------------------------------------------------------------
# LSBATCH: User input
/work/tansey/meisterm/new_scripts/pdx_expt.sh /work/tansey/meisterm/code raw /work/tansey/meisterm/data/yaspo_combined_intersection.csv /work/tansey/meisterm/results/2023-08-14/pdx_expt/raw/7 /work/tansey/meisterm/fold_info/pdx_folds.pkl 7 1000
------------------------------------------------------------

Successfully completed.

Resource usage summary:

    CPU time :                                   3.97 sec.
    Max Memory :                                 -
    Average Memory :                             -
    Total Requested Memory :                     32.00 GB
    Delta Memory :                               -
    Max Swap :                                   -
    Max Processes :                              4
    Max Threads :                                13
    Run time :                                   8 sec.
    Turnaround time :                            8 sec.

The output (if any) is above this job summary.



PS:

Read file </work/tansey/meisterm/results/2023-08-14/pdx_expt/raw/7/err.err> for stderr output of this job.

