train_corr: 0.8759538451267609
test_corr: 0.7405011617226316

------------------------------------------------------------
Sender: LSF System <lsfadmin@jy03>
Subject: Job 68671360: </work/tansey/meisterm/new_scripts/expt.sh /work/tansey/meisterm/code transfer GDSC CTD2 random_split .70 data/rep-gdsc-ctd2-mean-log.csv /work/tansey/meisterm/results/2023-08-12/run_2d/log_GDSC_CTD2/70/transfer/4 "" 1000 4> in cluster <juno> Done

Job </work/tansey/meisterm/new_scripts/expt.sh /work/tansey/meisterm/code transfer GDSC CTD2 random_split .70 data/rep-gdsc-ctd2-mean-log.csv /work/tansey/meisterm/results/2023-08-12/run_2d/log_GDSC_CTD2/70/transfer/4 "" 1000 4> was submitted from host <juno> by user <meisterm> in cluster <juno> at Sat Aug 12 10:45:42 2023
Job was executed on host(s) <jy03>, in queue <general>, as user <meisterm> in cluster <juno> at Sat Aug 12 10:45:43 2023
</home/meisterm> was used as the home directory.
</work/tansey/meisterm> was used as the working directory.
Started at Sat Aug 12 10:45:43 2023
Terminated at Sat Aug 12 16:36:45 2023
Results reported at Sat Aug 12 16:36:45 2023

Your job looked like:

------------------------------------------------------------
# LSBATCH: User input
/work/tansey/meisterm/new_scripts/expt.sh /work/tansey/meisterm/code transfer GDSC CTD2 random_split .70 data/rep-gdsc-ctd2-mean-log.csv /work/tansey/meisterm/results/2023-08-12/run_2d/log_GDSC_CTD2/70/transfer/4 "" 1000 4
------------------------------------------------------------

Successfully completed.

Resource usage summary:

    CPU time :                                   21047.98 sec.
    Max Memory :                                 -
    Average Memory :                             -
    Total Requested Memory :                     32.00 GB
    Delta Memory :                               -
    Max Swap :                                   -
    Max Processes :                              4
    Max Threads :                                49
    Run time :                                   21062 sec.
    Turnaround time :                            21063 sec.

The output (if any) is above this job summary.



PS:

Read file </work/tansey/meisterm/results/2023-08-12/run_2d/log_GDSC_CTD2/70/transfer/4/err.err> for stderr output of this job.

