train_corr: 0.8598396273042035
test_corr: 0.7437004000819671

------------------------------------------------------------
Sender: LSF System <lsfadmin@je17>
Subject: Job 68671358: </work/tansey/meisterm/new_scripts/expt.sh /work/tansey/meisterm/code transfer GDSC CTD2 random_split .70 data/rep-gdsc-ctd2-mean-log.csv /work/tansey/meisterm/results/2023-08-12/run_2d/log_GDSC_CTD2/70/transfer/2 "" 1000 2> in cluster <juno> Done

Job </work/tansey/meisterm/new_scripts/expt.sh /work/tansey/meisterm/code transfer GDSC CTD2 random_split .70 data/rep-gdsc-ctd2-mean-log.csv /work/tansey/meisterm/results/2023-08-12/run_2d/log_GDSC_CTD2/70/transfer/2 "" 1000 2> was submitted from host <juno> by user <meisterm> in cluster <juno> at Sat Aug 12 10:45:42 2023
Job was executed on host(s) <je17>, in queue <general>, as user <meisterm> in cluster <juno> at Sat Aug 12 10:45:43 2023
</home/meisterm> was used as the home directory.
</work/tansey/meisterm> was used as the working directory.
Started at Sat Aug 12 10:45:43 2023
Terminated at Sat Aug 12 15:40:25 2023
Results reported at Sat Aug 12 15:40:25 2023

Your job looked like:

------------------------------------------------------------
# LSBATCH: User input
/work/tansey/meisterm/new_scripts/expt.sh /work/tansey/meisterm/code transfer GDSC CTD2 random_split .70 data/rep-gdsc-ctd2-mean-log.csv /work/tansey/meisterm/results/2023-08-12/run_2d/log_GDSC_CTD2/70/transfer/2 "" 1000 2
------------------------------------------------------------

Successfully completed.

Resource usage summary:

    CPU time :                                   22060.68 sec.
    Max Memory :                                 -
    Average Memory :                             -
    Total Requested Memory :                     32.00 GB
    Delta Memory :                               -
    Max Swap :                                   -
    Max Processes :                              4
    Max Threads :                                53
    Run time :                                   17683 sec.
    Turnaround time :                            17683 sec.

The output (if any) is above this job summary.



PS:

Read file </work/tansey/meisterm/results/2023-08-12/run_2d/log_GDSC_CTD2/70/transfer/2/err.err> for stderr output of this job.

