train_corr: 0.6419220641289745
test_corr: 0.5175424611497018

------------------------------------------------------------
Sender: LSF System <lsfadmin@ji10>
Subject: Job 68555191: </work/tansey/meisterm/new_scripts/expt.sh /work/tansey/meisterm/code transfer REP CTD2 random_split .95 data/rep-gdsc-ctd2-mean-log.csv /work/tansey/meisterm/results/2023-08-11/run_2d/log_REP_CTD2/95/transfer/6 "" 1000 6> in cluster <juno> Done

Job </work/tansey/meisterm/new_scripts/expt.sh /work/tansey/meisterm/code transfer REP CTD2 random_split .95 data/rep-gdsc-ctd2-mean-log.csv /work/tansey/meisterm/results/2023-08-11/run_2d/log_REP_CTD2/95/transfer/6 "" 1000 6> was submitted from host <juno> by user <meisterm> in cluster <juno> at Fri Aug 11 21:32:21 2023
Job was executed on host(s) <ji10>, in queue <general>, as user <meisterm> in cluster <juno> at Fri Aug 11 21:38:27 2023
</home/meisterm> was used as the home directory.
</work/tansey/meisterm> was used as the working directory.
Started at Fri Aug 11 21:38:27 2023
Terminated at Sat Aug 12 02:06:02 2023
Results reported at Sat Aug 12 02:06:02 2023

Your job looked like:

------------------------------------------------------------
# LSBATCH: User input
/work/tansey/meisterm/new_scripts/expt.sh /work/tansey/meisterm/code transfer REP CTD2 random_split .95 data/rep-gdsc-ctd2-mean-log.csv /work/tansey/meisterm/results/2023-08-11/run_2d/log_REP_CTD2/95/transfer/6 "" 1000 6
------------------------------------------------------------

Successfully completed.

Resource usage summary:

    CPU time :                                   16015.98 sec.
    Max Memory :                                 -
    Average Memory :                             -
    Total Requested Memory :                     32.00 GB
    Delta Memory :                               -
    Max Swap :                                   -
    Max Processes :                              4
    Max Threads :                                77
    Run time :                                   16056 sec.
    Turnaround time :                            16421 sec.

The output (if any) is above this job summary.



PS:

Read file </work/tansey/meisterm/results/2023-08-11/run_2d/log_REP_CTD2/95/transfer/6/err.err> for stderr output of this job.

