train_corr: 0.9445603727016136
test_corr: 0.8002278565778099

------------------------------------------------------------
Sender: LSF System <lsfadmin@ji15>
Subject: Job 68466790: </work/tansey/meisterm/new_scripts/expt.sh /work/tansey/meisterm/code transfer CTD2 GDSC random_split .40 data/rep-gdsc-ctd2-mean-log.csv /work/tansey/meisterm/results/2023-08-10/run_2d/log_CTD2_GDSC/40/transfer/1 "" 1000 1> in cluster <juno> Done

Job </work/tansey/meisterm/new_scripts/expt.sh /work/tansey/meisterm/code transfer CTD2 GDSC random_split .40 data/rep-gdsc-ctd2-mean-log.csv /work/tansey/meisterm/results/2023-08-10/run_2d/log_CTD2_GDSC/40/transfer/1 "" 1000 1> was submitted from host <juno> by user <meisterm> in cluster <juno> at Thu Aug 10 17:58:32 2023
Job was executed on host(s) <ji15>, in queue <general>, as user <meisterm> in cluster <juno> at Fri Aug 11 13:40:51 2023
</home/meisterm> was used as the home directory.
</work/tansey/meisterm> was used as the working directory.
Started at Fri Aug 11 13:40:51 2023
Terminated at Fri Aug 11 18:13:35 2023
Results reported at Fri Aug 11 18:13:35 2023

Your job looked like:

------------------------------------------------------------
# LSBATCH: User input
/work/tansey/meisterm/new_scripts/expt.sh /work/tansey/meisterm/code transfer CTD2 GDSC random_split .40 data/rep-gdsc-ctd2-mean-log.csv /work/tansey/meisterm/results/2023-08-10/run_2d/log_CTD2_GDSC/40/transfer/1 "" 1000 1
------------------------------------------------------------

Successfully completed.

Resource usage summary:

    CPU time :                                   16317.23 sec.
    Max Memory :                                 -
    Average Memory :                             -
    Total Requested Memory :                     32.00 GB
    Delta Memory :                               -
    Max Swap :                                   -
    Max Processes :                              4
    Max Threads :                                77
    Run time :                                   16364 sec.
    Turnaround time :                            87303 sec.

The output (if any) is above this job summary.



PS:

Read file </work/tansey/meisterm/results/2023-08-10/run_2d/log_CTD2_GDSC/40/transfer/1/err.err> for stderr output of this job.

