train_corr: 0.9142517757674357
test_corr: 0.7230108610562358

------------------------------------------------------------
Sender: LSF System <lsfadmin@jx11>
Subject: Job 68466644: </work/tansey/meisterm/new_scripts/expt.sh /work/tansey/meisterm/code transfer REP GDSC random_split .80 data/rep-gdsc-ctd2-mean-log.csv /work/tansey/meisterm/results/2023-08-10/run_2d/log_REP_GDSC/80/transfer/0 "" 1000 0> in cluster <juno> Done

Job </work/tansey/meisterm/new_scripts/expt.sh /work/tansey/meisterm/code transfer REP GDSC random_split .80 data/rep-gdsc-ctd2-mean-log.csv /work/tansey/meisterm/results/2023-08-10/run_2d/log_REP_GDSC/80/transfer/0 "" 1000 0> was submitted from host <juno> by user <meisterm> in cluster <juno> at Thu Aug 10 17:58:24 2023
Job was executed on host(s) <jx11>, in queue <general>, as user <meisterm> in cluster <juno> at Fri Aug 11 07:38:01 2023
</home/meisterm> was used as the home directory.
</work/tansey/meisterm> was used as the working directory.
Started at Fri Aug 11 07:38:01 2023
Terminated at Fri Aug 11 12:08:14 2023
Results reported at Fri Aug 11 12:08:14 2023

Your job looked like:

------------------------------------------------------------
# LSBATCH: User input
/work/tansey/meisterm/new_scripts/expt.sh /work/tansey/meisterm/code transfer REP GDSC random_split .80 data/rep-gdsc-ctd2-mean-log.csv /work/tansey/meisterm/results/2023-08-10/run_2d/log_REP_GDSC/80/transfer/0 "" 1000 0
------------------------------------------------------------

Successfully completed.

Resource usage summary:

    CPU time :                                   16196.84 sec.
    Max Memory :                                 -
    Average Memory :                             -
    Total Requested Memory :                     32.00 GB
    Delta Memory :                               -
    Max Swap :                                   -
    Max Processes :                              4
    Max Threads :                                33
    Run time :                                   16215 sec.
    Turnaround time :                            65390 sec.

The output (if any) is above this job summary.



PS:

Read file </work/tansey/meisterm/results/2023-08-10/run_2d/log_REP_GDSC/80/transfer/0/err.err> for stderr output of this job.

