FINAL LOSS DIFF: 0.79345703125
corr_test: 0.82364264229379
corr_train: 0.8544078286606139

------------------------------------------------------------
Sender: LSF System <lsfadmin@ji05>
Subject: Job 67468933: </work/tansey/meisterm/scripts/heatmap_input.sh 9 2 29 29 REP_published_auc_mean CTD2_published_auc_mean /work/tansey/meisterm/results/2023-08-02/diagonal/log_REP_CTD2/29/29/9 1000 /work/tansey/meisterm/data> in cluster <juno> Done

Job </work/tansey/meisterm/scripts/heatmap_input.sh 9 2 29 29 REP_published_auc_mean CTD2_published_auc_mean /work/tansey/meisterm/results/2023-08-02/diagonal/log_REP_CTD2/29/29/9 1000 /work/tansey/meisterm/data> was submitted from host <juno> by user <meisterm> in cluster <juno> at Wed Aug  2 15:55:35 2023
Job was executed on host(s) <ji05>, in queue <general>, as user <meisterm> in cluster <juno> at Wed Aug  2 16:04:09 2023
</home/meisterm> was used as the home directory.
</work/tansey/meisterm> was used as the working directory.
Started at Wed Aug  2 16:04:09 2023
Terminated at Wed Aug  2 16:04:54 2023
Results reported at Wed Aug  2 16:04:54 2023

Your job looked like:

------------------------------------------------------------
# LSBATCH: User input
/work/tansey/meisterm/scripts/heatmap_input.sh 9 2 29 29 REP_published_auc_mean CTD2_published_auc_mean /work/tansey/meisterm/results/2023-08-02/diagonal/log_REP_CTD2/29/29/9 1000 /work/tansey/meisterm/data
------------------------------------------------------------

Successfully completed.

Resource usage summary:

    CPU time :                                   42.15 sec.
    Max Memory :                                 -
    Average Memory :                             -
    Total Requested Memory :                     32.00 GB
    Delta Memory :                               -
    Max Swap :                                   -
    Max Processes :                              4
    Max Threads :                                77
    Run time :                                   45 sec.
    Turnaround time :                            559 sec.

The output (if any) is above this job summary.



PS:

Read file </work/tansey/meisterm/results/2023-08-02/diagonal/log_REP_CTD2/29/29/9/model_split.err> for stderr output of this job.

FINAL LOSS DIFF: -99.54296875
corr_test: 0.8149135792300609
corr_train: 0.8517089988811858

------------------------------------------------------------
Sender: LSF System <lsfadmin@ji04>
Subject: Job 67468934: </work/tansey/meisterm/scripts/heatmap_input.sh 9 3 29 29 REP_published_auc_mean CTD2_published_auc_mean /work/tansey/meisterm/results/2023-08-02/diagonal/log_REP_CTD2/29/29/9 1000 /work/tansey/meisterm/data> in cluster <juno> Done

Job </work/tansey/meisterm/scripts/heatmap_input.sh 9 3 29 29 REP_published_auc_mean CTD2_published_auc_mean /work/tansey/meisterm/results/2023-08-02/diagonal/log_REP_CTD2/29/29/9 1000 /work/tansey/meisterm/data> was submitted from host <juno> by user <meisterm> in cluster <juno> at Wed Aug  2 15:55:35 2023
Job was executed on host(s) <ji04>, in queue <general>, as user <meisterm> in cluster <juno> at Wed Aug  2 16:04:09 2023
</home/meisterm> was used as the home directory.
</work/tansey/meisterm> was used as the working directory.
Started at Wed Aug  2 16:04:09 2023
Terminated at Wed Aug  2 16:04:56 2023
Results reported at Wed Aug  2 16:04:56 2023

Your job looked like:

------------------------------------------------------------
# LSBATCH: User input
/work/tansey/meisterm/scripts/heatmap_input.sh 9 3 29 29 REP_published_auc_mean CTD2_published_auc_mean /work/tansey/meisterm/results/2023-08-02/diagonal/log_REP_CTD2/29/29/9 1000 /work/tansey/meisterm/data
------------------------------------------------------------

Successfully completed.

Resource usage summary:

    CPU time :                                   44.07 sec.
    Max Memory :                                 -
    Average Memory :                             -
    Total Requested Memory :                     32.00 GB
    Delta Memory :                               -
    Max Swap :                                   -
    Max Processes :                              4
    Max Threads :                                77
    Run time :                                   46 sec.
    Turnaround time :                            561 sec.

The output (if any) is above this job summary.



PS:

Read file </work/tansey/meisterm/results/2023-08-02/diagonal/log_REP_CTD2/29/29/9/model_split.err> for stderr output of this job.

FINAL LOSS DIFF: 28.33642578125
corr_test: 0.8212816273053217
corr_train: 0.8560630740033484

------------------------------------------------------------
Sender: LSF System <lsfadmin@ji08>
Subject: Job 67468938: </work/tansey/meisterm/scripts/heatmap_input.sh 9 7 29 29 REP_published_auc_mean CTD2_published_auc_mean /work/tansey/meisterm/results/2023-08-02/diagonal/log_REP_CTD2/29/29/9 1000 /work/tansey/meisterm/data> in cluster <juno> Done

Job </work/tansey/meisterm/scripts/heatmap_input.sh 9 7 29 29 REP_published_auc_mean CTD2_published_auc_mean /work/tansey/meisterm/results/2023-08-02/diagonal/log_REP_CTD2/29/29/9 1000 /work/tansey/meisterm/data> was submitted from host <juno> by user <meisterm> in cluster <juno> at Wed Aug  2 15:55:36 2023
Job was executed on host(s) <ji08>, in queue <general>, as user <meisterm> in cluster <juno> at Wed Aug  2 16:04:09 2023
</home/meisterm> was used as the home directory.
</work/tansey/meisterm> was used as the working directory.
Started at Wed Aug  2 16:04:09 2023
Terminated at Wed Aug  2 16:05:07 2023
Results reported at Wed Aug  2 16:05:07 2023

Your job looked like:

------------------------------------------------------------
# LSBATCH: User input
/work/tansey/meisterm/scripts/heatmap_input.sh 9 7 29 29 REP_published_auc_mean CTD2_published_auc_mean /work/tansey/meisterm/results/2023-08-02/diagonal/log_REP_CTD2/29/29/9 1000 /work/tansey/meisterm/data
------------------------------------------------------------

Successfully completed.

Resource usage summary:

    CPU time :                                   55.20 sec.
    Max Memory :                                 -
    Average Memory :                             -
    Total Requested Memory :                     32.00 GB
    Delta Memory :                               -
    Max Swap :                                   -
    Max Processes :                              4
    Max Threads :                                77
    Run time :                                   58 sec.
    Turnaround time :                            571 sec.

The output (if any) is above this job summary.



PS:

Read file </work/tansey/meisterm/results/2023-08-02/diagonal/log_REP_CTD2/29/29/9/model_split.err> for stderr output of this job.

FINAL LOSS DIFF: 39.01416015625
corr_test: 0.8194594310205154
corr_train: 0.8562500111206703

------------------------------------------------------------
Sender: LSF System <lsfadmin@je01>
Subject: Job 67468936: </work/tansey/meisterm/scripts/heatmap_input.sh 9 5 29 29 REP_published_auc_mean CTD2_published_auc_mean /work/tansey/meisterm/results/2023-08-02/diagonal/log_REP_CTD2/29/29/9 1000 /work/tansey/meisterm/data> in cluster <juno> Done

Job </work/tansey/meisterm/scripts/heatmap_input.sh 9 5 29 29 REP_published_auc_mean CTD2_published_auc_mean /work/tansey/meisterm/results/2023-08-02/diagonal/log_REP_CTD2/29/29/9 1000 /work/tansey/meisterm/data> was submitted from host <juno> by user <meisterm> in cluster <juno> at Wed Aug  2 15:55:35 2023
Job was executed on host(s) <je01>, in queue <general>, as user <meisterm> in cluster <juno> at Wed Aug  2 16:04:09 2023
</home/meisterm> was used as the home directory.
</work/tansey/meisterm> was used as the working directory.
Started at Wed Aug  2 16:04:09 2023
Terminated at Wed Aug  2 16:05:13 2023
Results reported at Wed Aug  2 16:05:13 2023

Your job looked like:

------------------------------------------------------------
# LSBATCH: User input
/work/tansey/meisterm/scripts/heatmap_input.sh 9 5 29 29 REP_published_auc_mean CTD2_published_auc_mean /work/tansey/meisterm/results/2023-08-02/diagonal/log_REP_CTD2/29/29/9 1000 /work/tansey/meisterm/data
------------------------------------------------------------

Successfully completed.

Resource usage summary:

    CPU time :                                   61.49 sec.
    Max Memory :                                 -
    Average Memory :                             -
    Total Requested Memory :                     32.00 GB
    Delta Memory :                               -
    Max Swap :                                   -
    Max Processes :                              4
    Max Threads :                                53
    Run time :                                   64 sec.
    Turnaround time :                            578 sec.

The output (if any) is above this job summary.



PS:

Read file </work/tansey/meisterm/results/2023-08-02/diagonal/log_REP_CTD2/29/29/9/model_split.err> for stderr output of this job.

FINAL LOSS DIFF: 59.90283203125
corr_test: 0.8231062108116113
corr_train: 0.8559911633979445

------------------------------------------------------------
Sender: LSF System <lsfadmin@jh08>
Subject: Job 67468932: </work/tansey/meisterm/scripts/heatmap_input.sh 9 1 29 29 REP_published_auc_mean CTD2_published_auc_mean /work/tansey/meisterm/results/2023-08-02/diagonal/log_REP_CTD2/29/29/9 1000 /work/tansey/meisterm/data> in cluster <juno> Done

Job </work/tansey/meisterm/scripts/heatmap_input.sh 9 1 29 29 REP_published_auc_mean CTD2_published_auc_mean /work/tansey/meisterm/results/2023-08-02/diagonal/log_REP_CTD2/29/29/9 1000 /work/tansey/meisterm/data> was submitted from host <juno> by user <meisterm> in cluster <juno> at Wed Aug  2 15:55:35 2023
Job was executed on host(s) <jh08>, in queue <general>, as user <meisterm> in cluster <juno> at Wed Aug  2 16:04:08 2023
</home/meisterm> was used as the home directory.
</work/tansey/meisterm> was used as the working directory.
Started at Wed Aug  2 16:04:08 2023
Terminated at Wed Aug  2 16:05:15 2023
Results reported at Wed Aug  2 16:05:15 2023

Your job looked like:

------------------------------------------------------------
# LSBATCH: User input
/work/tansey/meisterm/scripts/heatmap_input.sh 9 1 29 29 REP_published_auc_mean CTD2_published_auc_mean /work/tansey/meisterm/results/2023-08-02/diagonal/log_REP_CTD2/29/29/9 1000 /work/tansey/meisterm/data
------------------------------------------------------------

Successfully completed.

Resource usage summary:

    CPU time :                                   63.73 sec.
    Max Memory :                                 -
    Average Memory :                             -
    Total Requested Memory :                     32.00 GB
    Delta Memory :                               -
    Max Swap :                                   -
    Max Processes :                              4
    Max Threads :                                65
    Run time :                                   67 sec.
    Turnaround time :                            580 sec.

The output (if any) is above this job summary.



PS:

Read file </work/tansey/meisterm/results/2023-08-02/diagonal/log_REP_CTD2/29/29/9/model_split.err> for stderr output of this job.

FINAL LOSS DIFF: 4.10400390625
corr_test: 0.8241251250444627
corr_train: 0.8560742467649449

------------------------------------------------------------
Sender: LSF System <lsfadmin@je01>
Subject: Job 67468937: </work/tansey/meisterm/scripts/heatmap_input.sh 9 6 29 29 REP_published_auc_mean CTD2_published_auc_mean /work/tansey/meisterm/results/2023-08-02/diagonal/log_REP_CTD2/29/29/9 1000 /work/tansey/meisterm/data> in cluster <juno> Done

Job </work/tansey/meisterm/scripts/heatmap_input.sh 9 6 29 29 REP_published_auc_mean CTD2_published_auc_mean /work/tansey/meisterm/results/2023-08-02/diagonal/log_REP_CTD2/29/29/9 1000 /work/tansey/meisterm/data> was submitted from host <juno> by user <meisterm> in cluster <juno> at Wed Aug  2 15:55:36 2023
Job was executed on host(s) <je01>, in queue <general>, as user <meisterm> in cluster <juno> at Wed Aug  2 16:04:09 2023
</home/meisterm> was used as the home directory.
</work/tansey/meisterm> was used as the working directory.
Started at Wed Aug  2 16:04:09 2023
Terminated at Wed Aug  2 16:05:22 2023
Results reported at Wed Aug  2 16:05:22 2023

Your job looked like:

------------------------------------------------------------
# LSBATCH: User input
/work/tansey/meisterm/scripts/heatmap_input.sh 9 6 29 29 REP_published_auc_mean CTD2_published_auc_mean /work/tansey/meisterm/results/2023-08-02/diagonal/log_REP_CTD2/29/29/9 1000 /work/tansey/meisterm/data
------------------------------------------------------------

Successfully completed.

Resource usage summary:

    CPU time :                                   69.85 sec.
    Max Memory :                                 -
    Average Memory :                             -
    Total Requested Memory :                     32.00 GB
    Delta Memory :                               -
    Max Swap :                                   -
    Max Processes :                              4
    Max Threads :                                53
    Run time :                                   73 sec.
    Turnaround time :                            586 sec.

The output (if any) is above this job summary.



PS:

Read file </work/tansey/meisterm/results/2023-08-02/diagonal/log_REP_CTD2/29/29/9/model_split.err> for stderr output of this job.

FINAL LOSS DIFF: -216.74072265625
corr_test: 0.8214996302779655
corr_train: 0.8547267320767938

------------------------------------------------------------
Sender: LSF System <lsfadmin@je20>
Subject: Job 67468935: </work/tansey/meisterm/scripts/heatmap_input.sh 9 4 29 29 REP_published_auc_mean CTD2_published_auc_mean /work/tansey/meisterm/results/2023-08-02/diagonal/log_REP_CTD2/29/29/9 1000 /work/tansey/meisterm/data> in cluster <juno> Done

Job </work/tansey/meisterm/scripts/heatmap_input.sh 9 4 29 29 REP_published_auc_mean CTD2_published_auc_mean /work/tansey/meisterm/results/2023-08-02/diagonal/log_REP_CTD2/29/29/9 1000 /work/tansey/meisterm/data> was submitted from host <juno> by user <meisterm> in cluster <juno> at Wed Aug  2 15:55:35 2023
Job was executed on host(s) <je20>, in queue <general>, as user <meisterm> in cluster <juno> at Wed Aug  2 16:04:09 2023
</home/meisterm> was used as the home directory.
</work/tansey/meisterm> was used as the working directory.
Started at Wed Aug  2 16:04:09 2023
Terminated at Wed Aug  2 16:05:24 2023
Results reported at Wed Aug  2 16:05:24 2023

Your job looked like:

------------------------------------------------------------
# LSBATCH: User input
/work/tansey/meisterm/scripts/heatmap_input.sh 9 4 29 29 REP_published_auc_mean CTD2_published_auc_mean /work/tansey/meisterm/results/2023-08-02/diagonal/log_REP_CTD2/29/29/9 1000 /work/tansey/meisterm/data
------------------------------------------------------------

Successfully completed.

Resource usage summary:

    CPU time :                                   71.39 sec.
    Max Memory :                                 -
    Average Memory :                             -
    Total Requested Memory :                     32.00 GB
    Delta Memory :                               -
    Max Swap :                                   -
    Max Processes :                              4
    Max Threads :                                53
    Run time :                                   76 sec.
    Turnaround time :                            589 sec.

The output (if any) is above this job summary.



PS:

Read file </work/tansey/meisterm/results/2023-08-02/diagonal/log_REP_CTD2/29/29/9/model_split.err> for stderr output of this job.

FINAL LOSS DIFF: -156.3642578125
corr_test: 0.8169048392760234
corr_train: 0.8537033200073827

------------------------------------------------------------
Sender: LSF System <lsfadmin@je24>
Subject: Job 67468941: </work/tansey/meisterm/scripts/heatmap_input.sh 9 10 29 29 REP_published_auc_mean CTD2_published_auc_mean /work/tansey/meisterm/results/2023-08-02/diagonal/log_REP_CTD2/29/29/9 1000 /work/tansey/meisterm/data> in cluster <juno> Done

Job </work/tansey/meisterm/scripts/heatmap_input.sh 9 10 29 29 REP_published_auc_mean CTD2_published_auc_mean /work/tansey/meisterm/results/2023-08-02/diagonal/log_REP_CTD2/29/29/9 1000 /work/tansey/meisterm/data> was submitted from host <juno> by user <meisterm> in cluster <juno> at Wed Aug  2 15:55:36 2023
Job was executed on host(s) <je24>, in queue <general>, as user <meisterm> in cluster <juno> at Wed Aug  2 16:04:09 2023
</home/meisterm> was used as the home directory.
</work/tansey/meisterm> was used as the working directory.
Started at Wed Aug  2 16:04:09 2023
Terminated at Wed Aug  2 16:05:25 2023
Results reported at Wed Aug  2 16:05:25 2023

Your job looked like:

------------------------------------------------------------
# LSBATCH: User input
/work/tansey/meisterm/scripts/heatmap_input.sh 9 10 29 29 REP_published_auc_mean CTD2_published_auc_mean /work/tansey/meisterm/results/2023-08-02/diagonal/log_REP_CTD2/29/29/9 1000 /work/tansey/meisterm/data
------------------------------------------------------------

Successfully completed.

Resource usage summary:

    CPU time :                                   72.51 sec.
    Max Memory :                                 -
    Average Memory :                             -
    Total Requested Memory :                     32.00 GB
    Delta Memory :                               -
    Max Swap :                                   -
    Max Processes :                              4
    Max Threads :                                53
    Run time :                                   76 sec.
    Turnaround time :                            589 sec.

The output (if any) is above this job summary.



PS:

Read file </work/tansey/meisterm/results/2023-08-02/diagonal/log_REP_CTD2/29/29/9/model_split.err> for stderr output of this job.

FINAL LOSS DIFF: 156.4443359375
corr_test: 0.8259761596345636
corr_train: 0.8554902709496637

------------------------------------------------------------
Sender: LSF System <lsfadmin@je23>
Subject: Job 67468940: </work/tansey/meisterm/scripts/heatmap_input.sh 9 9 29 29 REP_published_auc_mean CTD2_published_auc_mean /work/tansey/meisterm/results/2023-08-02/diagonal/log_REP_CTD2/29/29/9 1000 /work/tansey/meisterm/data> in cluster <juno> Done

Job </work/tansey/meisterm/scripts/heatmap_input.sh 9 9 29 29 REP_published_auc_mean CTD2_published_auc_mean /work/tansey/meisterm/results/2023-08-02/diagonal/log_REP_CTD2/29/29/9 1000 /work/tansey/meisterm/data> was submitted from host <juno> by user <meisterm> in cluster <juno> at Wed Aug  2 15:55:36 2023
Job was executed on host(s) <je23>, in queue <general>, as user <meisterm> in cluster <juno> at Wed Aug  2 16:04:09 2023
</home/meisterm> was used as the home directory.
</work/tansey/meisterm> was used as the working directory.
Started at Wed Aug  2 16:04:09 2023
Terminated at Wed Aug  2 16:05:32 2023
Results reported at Wed Aug  2 16:05:32 2023

Your job looked like:

------------------------------------------------------------
# LSBATCH: User input
/work/tansey/meisterm/scripts/heatmap_input.sh 9 9 29 29 REP_published_auc_mean CTD2_published_auc_mean /work/tansey/meisterm/results/2023-08-02/diagonal/log_REP_CTD2/29/29/9 1000 /work/tansey/meisterm/data
------------------------------------------------------------

Successfully completed.

Resource usage summary:

    CPU time :                                   79.64 sec.
    Max Memory :                                 -
    Average Memory :                             -
    Total Requested Memory :                     32.00 GB
    Delta Memory :                               -
    Max Swap :                                   -
    Max Processes :                              4
    Max Threads :                                53
    Run time :                                   83 sec.
    Turnaround time :                            596 sec.

The output (if any) is above this job summary.



PS:

Read file </work/tansey/meisterm/results/2023-08-02/diagonal/log_REP_CTD2/29/29/9/model_split.err> for stderr output of this job.

FINAL LOSS DIFF: -107.89892578125
corr_test: 0.8253931824605053
corr_train: 0.8550962282891059

------------------------------------------------------------
Sender: LSF System <lsfadmin@jd04>
Subject: Job 67468939: </work/tansey/meisterm/scripts/heatmap_input.sh 9 8 29 29 REP_published_auc_mean CTD2_published_auc_mean /work/tansey/meisterm/results/2023-08-02/diagonal/log_REP_CTD2/29/29/9 1000 /work/tansey/meisterm/data> in cluster <juno> Done

Job </work/tansey/meisterm/scripts/heatmap_input.sh 9 8 29 29 REP_published_auc_mean CTD2_published_auc_mean /work/tansey/meisterm/results/2023-08-02/diagonal/log_REP_CTD2/29/29/9 1000 /work/tansey/meisterm/data> was submitted from host <juno> by user <meisterm> in cluster <juno> at Wed Aug  2 15:55:36 2023
Job was executed on host(s) <jd04>, in queue <general>, as user <meisterm> in cluster <juno> at Wed Aug  2 16:04:09 2023
</home/meisterm> was used as the home directory.
</work/tansey/meisterm> was used as the working directory.
Started at Wed Aug  2 16:04:09 2023
Terminated at Wed Aug  2 16:05:34 2023
Results reported at Wed Aug  2 16:05:34 2023

Your job looked like:

------------------------------------------------------------
# LSBATCH: User input
/work/tansey/meisterm/scripts/heatmap_input.sh 9 8 29 29 REP_published_auc_mean CTD2_published_auc_mean /work/tansey/meisterm/results/2023-08-02/diagonal/log_REP_CTD2/29/29/9 1000 /work/tansey/meisterm/data
------------------------------------------------------------

Successfully completed.

Resource usage summary:

    CPU time :                                   81.39 sec.
    Max Memory :                                 -
    Average Memory :                             -
    Total Requested Memory :                     32.00 GB
    Delta Memory :                               -
    Max Swap :                                   -
    Max Processes :                              4
    Max Threads :                                49
    Run time :                                   84 sec.
    Turnaround time :                            598 sec.

The output (if any) is above this job summary.



PS:

Read file </work/tansey/meisterm/results/2023-08-02/diagonal/log_REP_CTD2/29/29/9/model_split.err> for stderr output of this job.

