train_corr: 0.8016920060499533
test_corr: 0.46145951259809115

------------------------------------------------------------
Sender: LSF System <lsfadmin@ji07>
Subject: Job 68555393: </work/tansey/meisterm/new_scripts/expt.sh /work/tansey/meisterm/code target_only "" REP random_split .95 data/rep-gdsc-ctd2-mean-log.csv /work/tansey/meisterm/results/2023-08-11/run_2d/log_REP/95/target_only/7 "" 1000 7> in cluster <juno> Done

Job </work/tansey/meisterm/new_scripts/expt.sh /work/tansey/meisterm/code target_only "" REP random_split .95 data/rep-gdsc-ctd2-mean-log.csv /work/tansey/meisterm/results/2023-08-11/run_2d/log_REP/95/target_only/7 "" 1000 7> was submitted from host <juno> by user <meisterm> in cluster <juno> at Fri Aug 11 21:32:29 2023
Job was executed on host(s) <ji07>, in queue <general>, as user <meisterm> in cluster <juno> at Fri Aug 11 21:53:36 2023
</home/meisterm> was used as the home directory.
</work/tansey/meisterm> was used as the working directory.
Started at Fri Aug 11 21:53:36 2023
Terminated at Sat Aug 12 00:05:35 2023
Results reported at Sat Aug 12 00:05:35 2023

Your job looked like:

------------------------------------------------------------
# LSBATCH: User input
/work/tansey/meisterm/new_scripts/expt.sh /work/tansey/meisterm/code target_only "" REP random_split .95 data/rep-gdsc-ctd2-mean-log.csv /work/tansey/meisterm/results/2023-08-11/run_2d/log_REP/95/target_only/7 "" 1000 7
------------------------------------------------------------

Successfully completed.

Resource usage summary:

    CPU time :                                   7897.28 sec.
    Max Memory :                                 -
    Average Memory :                             -
    Total Requested Memory :                     32.00 GB
    Delta Memory :                               -
    Max Swap :                                   -
    Max Processes :                              4
    Max Threads :                                77
    Run time :                                   7920 sec.
    Turnaround time :                            9186 sec.

The output (if any) is above this job summary.



PS:

Read file </work/tansey/meisterm/results/2023-08-11/run_2d/log_REP/95/target_only/7/err.err> for stderr output of this job.

