FINAL LOSS DIFF: 188.817626953125
corr_test: 0.8192404469175105
corr_train: 0.8604417881544043

------------------------------------------------------------
Sender: LSF System <lsfadmin@je16>
Subject: Job 67467528: </work/tansey/meisterm/scripts/heatmap_input.sh 9 3 15 15 REP_published_auc_mean CTD2_published_auc_mean /work/tansey/meisterm/results/2023-08-02/diagonal/log_REP_CTD2/15/15/9 1000 /work/tansey/meisterm/data> in cluster <juno> Done

Job </work/tansey/meisterm/scripts/heatmap_input.sh 9 3 15 15 REP_published_auc_mean CTD2_published_auc_mean /work/tansey/meisterm/results/2023-08-02/diagonal/log_REP_CTD2/15/15/9 1000 /work/tansey/meisterm/data> was submitted from host <juno> by user <meisterm> in cluster <juno> at Wed Aug  2 15:54:39 2023
Job was executed on host(s) <je16>, in queue <general>, as user <meisterm> in cluster <juno> at Wed Aug  2 16:02:24 2023
</home/meisterm> was used as the home directory.
</work/tansey/meisterm> was used as the working directory.
Started at Wed Aug  2 16:02:24 2023
Terminated at Wed Aug  2 16:03:19 2023
Results reported at Wed Aug  2 16:03:19 2023

Your job looked like:

------------------------------------------------------------
# LSBATCH: User input
/work/tansey/meisterm/scripts/heatmap_input.sh 9 3 15 15 REP_published_auc_mean CTD2_published_auc_mean /work/tansey/meisterm/results/2023-08-02/diagonal/log_REP_CTD2/15/15/9 1000 /work/tansey/meisterm/data
------------------------------------------------------------

Successfully completed.

Resource usage summary:

    CPU time :                                   46.56 sec.
    Max Memory :                                 -
    Average Memory :                             -
    Total Requested Memory :                     32.00 GB
    Delta Memory :                               -
    Max Swap :                                   -
    Max Processes :                              4
    Max Threads :                                53
    Run time :                                   55 sec.
    Turnaround time :                            520 sec.

The output (if any) is above this job summary.



PS:

Read file </work/tansey/meisterm/results/2023-08-02/diagonal/log_REP_CTD2/15/15/9/model_split.err> for stderr output of this job.

FINAL LOSS DIFF: -139.84326171875
corr_test: 0.8222129201295686
corr_train: 0.8633569846276384

------------------------------------------------------------
Sender: LSF System <lsfadmin@ji15>
Subject: Job 67467533: </work/tansey/meisterm/scripts/heatmap_input.sh 9 8 15 15 REP_published_auc_mean CTD2_published_auc_mean /work/tansey/meisterm/results/2023-08-02/diagonal/log_REP_CTD2/15/15/9 1000 /work/tansey/meisterm/data> in cluster <juno> Done

Job </work/tansey/meisterm/scripts/heatmap_input.sh 9 8 15 15 REP_published_auc_mean CTD2_published_auc_mean /work/tansey/meisterm/results/2023-08-02/diagonal/log_REP_CTD2/15/15/9 1000 /work/tansey/meisterm/data> was submitted from host <juno> by user <meisterm> in cluster <juno> at Wed Aug  2 15:54:40 2023
Job was executed on host(s) <ji15>, in queue <general>, as user <meisterm> in cluster <juno> at Wed Aug  2 16:02:25 2023
</home/meisterm> was used as the home directory.
</work/tansey/meisterm> was used as the working directory.
Started at Wed Aug  2 16:02:25 2023
Terminated at Wed Aug  2 16:03:23 2023
Results reported at Wed Aug  2 16:03:23 2023

Your job looked like:

------------------------------------------------------------
# LSBATCH: User input
/work/tansey/meisterm/scripts/heatmap_input.sh 9 8 15 15 REP_published_auc_mean CTD2_published_auc_mean /work/tansey/meisterm/results/2023-08-02/diagonal/log_REP_CTD2/15/15/9 1000 /work/tansey/meisterm/data
------------------------------------------------------------

Successfully completed.

Resource usage summary:

    CPU time :                                   49.43 sec.
    Max Memory :                                 -
    Average Memory :                             -
    Total Requested Memory :                     32.00 GB
    Delta Memory :                               -
    Max Swap :                                   -
    Max Processes :                              4
    Max Threads :                                77
    Run time :                                   58 sec.
    Turnaround time :                            523 sec.

The output (if any) is above this job summary.



PS:

Read file </work/tansey/meisterm/results/2023-08-02/diagonal/log_REP_CTD2/15/15/9/model_split.err> for stderr output of this job.

FINAL LOSS DIFF: 64.10107421875
corr_test: 0.8181441262464819
corr_train: 0.8619669759368749

------------------------------------------------------------
Sender: LSF System <lsfadmin@jh04>
Subject: Job 67467526: </work/tansey/meisterm/scripts/heatmap_input.sh 9 1 15 15 REP_published_auc_mean CTD2_published_auc_mean /work/tansey/meisterm/results/2023-08-02/diagonal/log_REP_CTD2/15/15/9 1000 /work/tansey/meisterm/data> in cluster <juno> Done

Job </work/tansey/meisterm/scripts/heatmap_input.sh 9 1 15 15 REP_published_auc_mean CTD2_published_auc_mean /work/tansey/meisterm/results/2023-08-02/diagonal/log_REP_CTD2/15/15/9 1000 /work/tansey/meisterm/data> was submitted from host <juno> by user <meisterm> in cluster <juno> at Wed Aug  2 15:54:39 2023
Job was executed on host(s) <jh04>, in queue <general>, as user <meisterm> in cluster <juno> at Wed Aug  2 16:02:24 2023
</home/meisterm> was used as the home directory.
</work/tansey/meisterm> was used as the working directory.
Started at Wed Aug  2 16:02:24 2023
Terminated at Wed Aug  2 16:03:33 2023
Results reported at Wed Aug  2 16:03:33 2023

Your job looked like:

------------------------------------------------------------
# LSBATCH: User input
/work/tansey/meisterm/scripts/heatmap_input.sh 9 1 15 15 REP_published_auc_mean CTD2_published_auc_mean /work/tansey/meisterm/results/2023-08-02/diagonal/log_REP_CTD2/15/15/9 1000 /work/tansey/meisterm/data
------------------------------------------------------------

Successfully completed.

Resource usage summary:

    CPU time :                                   58.67 sec.
    Max Memory :                                 -
    Average Memory :                             -
    Total Requested Memory :                     32.00 GB
    Delta Memory :                               -
    Max Swap :                                   -
    Max Processes :                              4
    Max Threads :                                65
    Run time :                                   69 sec.
    Turnaround time :                            534 sec.

The output (if any) is above this job summary.



PS:

Read file </work/tansey/meisterm/results/2023-08-02/diagonal/log_REP_CTD2/15/15/9/model_split.err> for stderr output of this job.

FINAL LOSS DIFF: 19.23828125
corr_test: 0.8238897913017469
corr_train: 0.8611207992997371
FINAL LOSS DIFF: 164.79248046875
corr_test: 0.8228289796217828
corr_train: 0.8631929712865053

------------------------------------------------------------
Sender: LSF System <lsfadmin@je16>
Subject: Job 67467529: </work/tansey/meisterm/scripts/heatmap_input.sh 9 4 15 15 REP_published_auc_mean CTD2_published_auc_mean /work/tansey/meisterm/results/2023-08-02/diagonal/log_REP_CTD2/15/15/9 1000 /work/tansey/meisterm/data> in cluster <juno> Done

Job </work/tansey/meisterm/scripts/heatmap_input.sh 9 4 15 15 REP_published_auc_mean CTD2_published_auc_mean /work/tansey/meisterm/results/2023-08-02/diagonal/log_REP_CTD2/15/15/9 1000 /work/tansey/meisterm/data> was submitted from host <juno> by user <meisterm> in cluster <juno> at Wed Aug  2 15:54:39 2023
Job was executed on host(s) <je16>, in queue <general>, as user <meisterm> in cluster <juno> at Wed Aug  2 16:02:25 2023
</home/meisterm> was used as the home directory.
</work/tansey/meisterm> was used as the working directory.
Started at Wed Aug  2 16:02:25 2023
Terminated at Wed Aug  2 16:03:48 2023
Results reported at Wed Aug  2 16:03:48 2023

Your job looked like:

------------------------------------------------------------
# LSBATCH: User input
/work/tansey/meisterm/scripts/heatmap_input.sh 9 4 15 15 REP_published_auc_mean CTD2_published_auc_mean /work/tansey/meisterm/results/2023-08-02/diagonal/log_REP_CTD2/15/15/9 1000 /work/tansey/meisterm/data
------------------------------------------------------------

Successfully completed.

Resource usage summary:

    CPU time :                                   71.60 sec.
    Max Memory :                                 -
    Average Memory :                             -
    Total Requested Memory :                     32.00 GB
    Delta Memory :                               -
    Max Swap :                                   -
    Max Processes :                              4
    Max Threads :                                53
    Run time :                                   84 sec.
    Turnaround time :                            549 sec.

The output (if any) is above this job summary.



PS:

Read file </work/tansey/meisterm/results/2023-08-02/diagonal/log_REP_CTD2/15/15/9/model_split.err> for stderr output of this job.


------------------------------------------------------------
Sender: LSF System <lsfadmin@ji07>
Subject: Job 67467530: </work/tansey/meisterm/scripts/heatmap_input.sh 9 5 15 15 REP_published_auc_mean CTD2_published_auc_mean /work/tansey/meisterm/results/2023-08-02/diagonal/log_REP_CTD2/15/15/9 1000 /work/tansey/meisterm/data> in cluster <juno> Done

Job </work/tansey/meisterm/scripts/heatmap_input.sh 9 5 15 15 REP_published_auc_mean CTD2_published_auc_mean /work/tansey/meisterm/results/2023-08-02/diagonal/log_REP_CTD2/15/15/9 1000 /work/tansey/meisterm/data> was submitted from host <juno> by user <meisterm> in cluster <juno> at Wed Aug  2 15:54:39 2023
Job was executed on host(s) <ji07>, in queue <general>, as user <meisterm> in cluster <juno> at Wed Aug  2 16:02:25 2023
</home/meisterm> was used as the home directory.
</work/tansey/meisterm> was used as the working directory.
Started at Wed Aug  2 16:02:25 2023
Terminated at Wed Aug  2 16:03:49 2023
Results reported at Wed Aug  2 16:03:49 2023

Your job looked like:

------------------------------------------------------------
# LSBATCH: User input
/work/tansey/meisterm/scripts/heatmap_input.sh 9 5 15 15 REP_published_auc_mean CTD2_published_auc_mean /work/tansey/meisterm/results/2023-08-02/diagonal/log_REP_CTD2/15/15/9 1000 /work/tansey/meisterm/data
------------------------------------------------------------

Successfully completed.

Resource usage summary:

    CPU time :                                   66.15 sec.
    Max Memory :                                 -
    Average Memory :                             -
    Total Requested Memory :                     32.00 GB
    Delta Memory :                               -
    Max Swap :                                   -
    Max Processes :                              4
    Max Threads :                                77
    Run time :                                   83 sec.
    Turnaround time :                            550 sec.

The output (if any) is above this job summary.



PS:

Read file </work/tansey/meisterm/results/2023-08-02/diagonal/log_REP_CTD2/15/15/9/model_split.err> for stderr output of this job.

FINAL LOSS DIFF: -75.2412109375
corr_test: 0.8235699814012319
corr_train: 0.8616075237918386
FINAL LOSS DIFF: 11.385009765625
corr_test: 0.8233478491376649
corr_train: 0.8617086290807805
FINAL LOSS DIFF: -173.33349609375
corr_test: 0.8219897450233934
corr_train: 0.8611817611888839

------------------------------------------------------------
Sender: LSF System <lsfadmin@je23>
Subject: Job 67467535: </work/tansey/meisterm/scripts/heatmap_input.sh 9 10 15 15 REP_published_auc_mean CTD2_published_auc_mean /work/tansey/meisterm/results/2023-08-02/diagonal/log_REP_CTD2/15/15/9 1000 /work/tansey/meisterm/data> in cluster <juno> Done

Job </work/tansey/meisterm/scripts/heatmap_input.sh 9 10 15 15 REP_published_auc_mean CTD2_published_auc_mean /work/tansey/meisterm/results/2023-08-02/diagonal/log_REP_CTD2/15/15/9 1000 /work/tansey/meisterm/data> was submitted from host <juno> by user <meisterm> in cluster <juno> at Wed Aug  2 15:54:40 2023
Job was executed on host(s) <je23>, in queue <general>, as user <meisterm> in cluster <juno> at Wed Aug  2 16:02:26 2023
</home/meisterm> was used as the home directory.
</work/tansey/meisterm> was used as the working directory.
Started at Wed Aug  2 16:02:26 2023
Terminated at Wed Aug  2 16:03:51 2023
Results reported at Wed Aug  2 16:03:51 2023

Your job looked like:

------------------------------------------------------------
# LSBATCH: User input
/work/tansey/meisterm/scripts/heatmap_input.sh 9 10 15 15 REP_published_auc_mean CTD2_published_auc_mean /work/tansey/meisterm/results/2023-08-02/diagonal/log_REP_CTD2/15/15/9 1000 /work/tansey/meisterm/data
------------------------------------------------------------

Successfully completed.

Resource usage summary:

    CPU time :                                   73.82 sec.
    Max Memory :                                 -
    Average Memory :                             -
    Total Requested Memory :                     32.00 GB
    Delta Memory :                               -
    Max Swap :                                   -
    Max Processes :                              4
    Max Threads :                                53
    Run time :                                   85 sec.
    Turnaround time :                            551 sec.

The output (if any) is above this job summary.



PS:

Read file </work/tansey/meisterm/results/2023-08-02/diagonal/log_REP_CTD2/15/15/9/model_split.err> for stderr output of this job.


------------------------------------------------------------
Sender: LSF System <lsfadmin@je13>
Subject: Job 67467531: </work/tansey/meisterm/scripts/heatmap_input.sh 9 6 15 15 REP_published_auc_mean CTD2_published_auc_mean /work/tansey/meisterm/results/2023-08-02/diagonal/log_REP_CTD2/15/15/9 1000 /work/tansey/meisterm/data> in cluster <juno> Done

Job </work/tansey/meisterm/scripts/heatmap_input.sh 9 6 15 15 REP_published_auc_mean CTD2_published_auc_mean /work/tansey/meisterm/results/2023-08-02/diagonal/log_REP_CTD2/15/15/9 1000 /work/tansey/meisterm/data> was submitted from host <juno> by user <meisterm> in cluster <juno> at Wed Aug  2 15:54:39 2023
Job was executed on host(s) <je13>, in queue <general>, as user <meisterm> in cluster <juno> at Wed Aug  2 16:02:25 2023
</home/meisterm> was used as the home directory.
</work/tansey/meisterm> was used as the working directory.
Started at Wed Aug  2 16:02:25 2023
Terminated at Wed Aug  2 16:03:51 2023
Results reported at Wed Aug  2 16:03:51 2023

Your job looked like:

------------------------------------------------------------
# LSBATCH: User input
/work/tansey/meisterm/scripts/heatmap_input.sh 9 6 15 15 REP_published_auc_mean CTD2_published_auc_mean /work/tansey/meisterm/results/2023-08-02/diagonal/log_REP_CTD2/15/15/9 1000 /work/tansey/meisterm/data
------------------------------------------------------------

Successfully completed.

Resource usage summary:

    CPU time :                                   74.53 sec.
    Max Memory :                                 -
    Average Memory :                             -
    Total Requested Memory :                     32.00 GB
    Delta Memory :                               -
    Max Swap :                                   -
    Max Processes :                              4
    Max Threads :                                53
    Run time :                                   85 sec.
    Turnaround time :                            552 sec.

The output (if any) is above this job summary.



PS:

Read file </work/tansey/meisterm/results/2023-08-02/diagonal/log_REP_CTD2/15/15/9/model_split.err> for stderr output of this job.


------------------------------------------------------------
Sender: LSF System <lsfadmin@je11>
Subject: Job 67467534: </work/tansey/meisterm/scripts/heatmap_input.sh 9 9 15 15 REP_published_auc_mean CTD2_published_auc_mean /work/tansey/meisterm/results/2023-08-02/diagonal/log_REP_CTD2/15/15/9 1000 /work/tansey/meisterm/data> in cluster <juno> Done

Job </work/tansey/meisterm/scripts/heatmap_input.sh 9 9 15 15 REP_published_auc_mean CTD2_published_auc_mean /work/tansey/meisterm/results/2023-08-02/diagonal/log_REP_CTD2/15/15/9 1000 /work/tansey/meisterm/data> was submitted from host <juno> by user <meisterm> in cluster <juno> at Wed Aug  2 15:54:40 2023
Job was executed on host(s) <je11>, in queue <general>, as user <meisterm> in cluster <juno> at Wed Aug  2 16:02:25 2023
</home/meisterm> was used as the home directory.
</work/tansey/meisterm> was used as the working directory.
Started at Wed Aug  2 16:02:25 2023
Terminated at Wed Aug  2 16:03:52 2023
Results reported at Wed Aug  2 16:03:52 2023

Your job looked like:

------------------------------------------------------------
# LSBATCH: User input
/work/tansey/meisterm/scripts/heatmap_input.sh 9 9 15 15 REP_published_auc_mean CTD2_published_auc_mean /work/tansey/meisterm/results/2023-08-02/diagonal/log_REP_CTD2/15/15/9 1000 /work/tansey/meisterm/data
------------------------------------------------------------

Successfully completed.

Resource usage summary:

    CPU time :                                   74.64 sec.
    Max Memory :                                 -
    Average Memory :                             -
    Total Requested Memory :                     32.00 GB
    Delta Memory :                               -
    Max Swap :                                   -
    Max Processes :                              4
    Max Threads :                                53
    Run time :                                   86 sec.
    Turnaround time :                            552 sec.

The output (if any) is above this job summary.



PS:

Read file </work/tansey/meisterm/results/2023-08-02/diagonal/log_REP_CTD2/15/15/9/model_split.err> for stderr output of this job.

FINAL LOSS DIFF: -150.34130859375
corr_test: 0.8280063623051783
corr_train: 0.8635581767168261

------------------------------------------------------------
Sender: LSF System <lsfadmin@jd03>
Subject: Job 67467527: </work/tansey/meisterm/scripts/heatmap_input.sh 9 2 15 15 REP_published_auc_mean CTD2_published_auc_mean /work/tansey/meisterm/results/2023-08-02/diagonal/log_REP_CTD2/15/15/9 1000 /work/tansey/meisterm/data> in cluster <juno> Done

Job </work/tansey/meisterm/scripts/heatmap_input.sh 9 2 15 15 REP_published_auc_mean CTD2_published_auc_mean /work/tansey/meisterm/results/2023-08-02/diagonal/log_REP_CTD2/15/15/9 1000 /work/tansey/meisterm/data> was submitted from host <juno> by user <meisterm> in cluster <juno> at Wed Aug  2 15:54:39 2023
Job was executed on host(s) <jd03>, in queue <general>, as user <meisterm> in cluster <juno> at Wed Aug  2 16:02:24 2023
</home/meisterm> was used as the home directory.
</work/tansey/meisterm> was used as the working directory.
Started at Wed Aug  2 16:02:24 2023
Terminated at Wed Aug  2 16:03:53 2023
Results reported at Wed Aug  2 16:03:53 2023

Your job looked like:

------------------------------------------------------------
# LSBATCH: User input
/work/tansey/meisterm/scripts/heatmap_input.sh 9 2 15 15 REP_published_auc_mean CTD2_published_auc_mean /work/tansey/meisterm/results/2023-08-02/diagonal/log_REP_CTD2/15/15/9 1000 /work/tansey/meisterm/data
------------------------------------------------------------

Successfully completed.

Resource usage summary:

    CPU time :                                   78.26 sec.
    Max Memory :                                 -
    Average Memory :                             -
    Total Requested Memory :                     32.00 GB
    Delta Memory :                               -
    Max Swap :                                   -
    Max Processes :                              4
    Max Threads :                                49
    Run time :                                   90 sec.
    Turnaround time :                            554 sec.

The output (if any) is above this job summary.



PS:

Read file </work/tansey/meisterm/results/2023-08-02/diagonal/log_REP_CTD2/15/15/9/model_split.err> for stderr output of this job.

FINAL LOSS DIFF: -43.443603515625
corr_test: 0.8200063066682313
corr_train: 0.8616646611941134

------------------------------------------------------------
Sender: LSF System <lsfadmin@ja06>
Subject: Job 67467532: </work/tansey/meisterm/scripts/heatmap_input.sh 9 7 15 15 REP_published_auc_mean CTD2_published_auc_mean /work/tansey/meisterm/results/2023-08-02/diagonal/log_REP_CTD2/15/15/9 1000 /work/tansey/meisterm/data> in cluster <juno> Done

Job </work/tansey/meisterm/scripts/heatmap_input.sh 9 7 15 15 REP_published_auc_mean CTD2_published_auc_mean /work/tansey/meisterm/results/2023-08-02/diagonal/log_REP_CTD2/15/15/9 1000 /work/tansey/meisterm/data> was submitted from host <juno> by user <meisterm> in cluster <juno> at Wed Aug  2 15:54:40 2023
Job was executed on host(s) <ja06>, in queue <general>, as user <meisterm> in cluster <juno> at Wed Aug  2 16:02:25 2023
</home/meisterm> was used as the home directory.
</work/tansey/meisterm> was used as the working directory.
Started at Wed Aug  2 16:02:25 2023
Terminated at Wed Aug  2 16:03:56 2023
Results reported at Wed Aug  2 16:03:56 2023

Your job looked like:

------------------------------------------------------------
# LSBATCH: User input
/work/tansey/meisterm/scripts/heatmap_input.sh 9 7 15 15 REP_published_auc_mean CTD2_published_auc_mean /work/tansey/meisterm/results/2023-08-02/diagonal/log_REP_CTD2/15/15/9 1000 /work/tansey/meisterm/data
------------------------------------------------------------

Successfully completed.

Resource usage summary:

    CPU time :                                   80.03 sec.
    Max Memory :                                 -
    Average Memory :                             -
    Total Requested Memory :                     32.00 GB
    Delta Memory :                               -
    Max Swap :                                   -
    Max Processes :                              4
    Max Threads :                                49
    Run time :                                   91 sec.
    Turnaround time :                            556 sec.

The output (if any) is above this job summary.



PS:

Read file </work/tansey/meisterm/results/2023-08-02/diagonal/log_REP_CTD2/15/15/9/model_split.err> for stderr output of this job.

