FINAL LOSS DIFF: -263.3349609375
corr_test: 0.8061906462313826
corr_train: 0.8272878256894569

------------------------------------------------------------
Sender: LSF System <lsfadmin@ji10>
Subject: Job 67472928: </work/tansey/meisterm/scripts/heatmap_input.sh 5 6 69 69 REP_published_auc_mean CTD2_published_auc_mean /work/tansey/meisterm/results/2023-08-02/diagonal/log_REP_CTD2/69/69/5 1000 /work/tansey/meisterm/data> in cluster <juno> Done

Job </work/tansey/meisterm/scripts/heatmap_input.sh 5 6 69 69 REP_published_auc_mean CTD2_published_auc_mean /work/tansey/meisterm/results/2023-08-02/diagonal/log_REP_CTD2/69/69/5 1000 /work/tansey/meisterm/data> was submitted from host <juno> by user <meisterm> in cluster <juno> at Wed Aug  2 15:58:24 2023
Job was executed on host(s) <ji10>, in queue <general>, as user <meisterm> in cluster <juno> at Wed Aug  2 16:09:55 2023
</home/meisterm> was used as the home directory.
</work/tansey/meisterm> was used as the working directory.
Started at Wed Aug  2 16:09:55 2023
Terminated at Wed Aug  2 16:10:58 2023
Results reported at Wed Aug  2 16:10:58 2023

Your job looked like:

------------------------------------------------------------
# LSBATCH: User input
/work/tansey/meisterm/scripts/heatmap_input.sh 5 6 69 69 REP_published_auc_mean CTD2_published_auc_mean /work/tansey/meisterm/results/2023-08-02/diagonal/log_REP_CTD2/69/69/5 1000 /work/tansey/meisterm/data
------------------------------------------------------------

Successfully completed.

Resource usage summary:

    CPU time :                                   57.12 sec.
    Max Memory :                                 -
    Average Memory :                             -
    Total Requested Memory :                     32.00 GB
    Delta Memory :                               -
    Max Swap :                                   -
    Max Processes :                              4
    Max Threads :                                77
    Run time :                                   63 sec.
    Turnaround time :                            754 sec.

The output (if any) is above this job summary.



PS:

Read file </work/tansey/meisterm/results/2023-08-02/diagonal/log_REP_CTD2/69/69/5/model_split.err> for stderr output of this job.

FINAL LOSS DIFF: -179.6875
corr_test: 0.8094423532091239
corr_train: 0.8311990775557826

------------------------------------------------------------
Sender: LSF System <lsfadmin@ji12>
Subject: Job 67472929: </work/tansey/meisterm/scripts/heatmap_input.sh 5 7 69 69 REP_published_auc_mean CTD2_published_auc_mean /work/tansey/meisterm/results/2023-08-02/diagonal/log_REP_CTD2/69/69/5 1000 /work/tansey/meisterm/data> in cluster <juno> Done

Job </work/tansey/meisterm/scripts/heatmap_input.sh 5 7 69 69 REP_published_auc_mean CTD2_published_auc_mean /work/tansey/meisterm/results/2023-08-02/diagonal/log_REP_CTD2/69/69/5 1000 /work/tansey/meisterm/data> was submitted from host <juno> by user <meisterm> in cluster <juno> at Wed Aug  2 15:58:24 2023
Job was executed on host(s) <ji12>, in queue <general>, as user <meisterm> in cluster <juno> at Wed Aug  2 16:09:56 2023
</home/meisterm> was used as the home directory.
</work/tansey/meisterm> was used as the working directory.
Started at Wed Aug  2 16:09:56 2023
Terminated at Wed Aug  2 16:11:00 2023
Results reported at Wed Aug  2 16:11:00 2023

Your job looked like:

------------------------------------------------------------
# LSBATCH: User input
/work/tansey/meisterm/scripts/heatmap_input.sh 5 7 69 69 REP_published_auc_mean CTD2_published_auc_mean /work/tansey/meisterm/results/2023-08-02/diagonal/log_REP_CTD2/69/69/5 1000 /work/tansey/meisterm/data
------------------------------------------------------------

Successfully completed.

Resource usage summary:

    CPU time :                                   58.18 sec.
    Max Memory :                                 -
    Average Memory :                             -
    Total Requested Memory :                     32.00 GB
    Delta Memory :                               -
    Max Swap :                                   -
    Max Processes :                              4
    Max Threads :                                77
    Run time :                                   64 sec.
    Turnaround time :                            756 sec.

The output (if any) is above this job summary.



PS:

Read file </work/tansey/meisterm/results/2023-08-02/diagonal/log_REP_CTD2/69/69/5/model_split.err> for stderr output of this job.

FINAL LOSS DIFF: 39.546875
corr_test: 0.8049665542698513
corr_train: 0.830263597359733

------------------------------------------------------------
Sender: LSF System <lsfadmin@ji20>
Subject: Job 67472925: </work/tansey/meisterm/scripts/heatmap_input.sh 5 3 69 69 REP_published_auc_mean CTD2_published_auc_mean /work/tansey/meisterm/results/2023-08-02/diagonal/log_REP_CTD2/69/69/5 1000 /work/tansey/meisterm/data> in cluster <juno> Done

Job </work/tansey/meisterm/scripts/heatmap_input.sh 5 3 69 69 REP_published_auc_mean CTD2_published_auc_mean /work/tansey/meisterm/results/2023-08-02/diagonal/log_REP_CTD2/69/69/5 1000 /work/tansey/meisterm/data> was submitted from host <juno> by user <meisterm> in cluster <juno> at Wed Aug  2 15:58:23 2023
Job was executed on host(s) <ji20>, in queue <general>, as user <meisterm> in cluster <juno> at Wed Aug  2 16:09:55 2023
</home/meisterm> was used as the home directory.
</work/tansey/meisterm> was used as the working directory.
Started at Wed Aug  2 16:09:55 2023
Terminated at Wed Aug  2 16:11:03 2023
Results reported at Wed Aug  2 16:11:03 2023

Your job looked like:

------------------------------------------------------------
# LSBATCH: User input
/work/tansey/meisterm/scripts/heatmap_input.sh 5 3 69 69 REP_published_auc_mean CTD2_published_auc_mean /work/tansey/meisterm/results/2023-08-02/diagonal/log_REP_CTD2/69/69/5 1000 /work/tansey/meisterm/data
------------------------------------------------------------

Successfully completed.

Resource usage summary:

    CPU time :                                   62.33 sec.
    Max Memory :                                 -
    Average Memory :                             -
    Total Requested Memory :                     32.00 GB
    Delta Memory :                               -
    Max Swap :                                   -
    Max Processes :                              4
    Max Threads :                                77
    Run time :                                   68 sec.
    Turnaround time :                            760 sec.

The output (if any) is above this job summary.



PS:

Read file </work/tansey/meisterm/results/2023-08-02/diagonal/log_REP_CTD2/69/69/5/model_split.err> for stderr output of this job.

FINAL LOSS DIFF: 241.056640625
corr_test: 0.8053270265562916
corr_train: 0.826890937919065

------------------------------------------------------------
Sender: LSF System <lsfadmin@ji14>
Subject: Job 67472924: </work/tansey/meisterm/scripts/heatmap_input.sh 5 2 69 69 REP_published_auc_mean CTD2_published_auc_mean /work/tansey/meisterm/results/2023-08-02/diagonal/log_REP_CTD2/69/69/5 1000 /work/tansey/meisterm/data> in cluster <juno> Done

Job </work/tansey/meisterm/scripts/heatmap_input.sh 5 2 69 69 REP_published_auc_mean CTD2_published_auc_mean /work/tansey/meisterm/results/2023-08-02/diagonal/log_REP_CTD2/69/69/5 1000 /work/tansey/meisterm/data> was submitted from host <juno> by user <meisterm> in cluster <juno> at Wed Aug  2 15:58:23 2023
Job was executed on host(s) <ji14>, in queue <general>, as user <meisterm> in cluster <juno> at Wed Aug  2 16:09:54 2023
</home/meisterm> was used as the home directory.
</work/tansey/meisterm> was used as the working directory.
Started at Wed Aug  2 16:09:54 2023
Terminated at Wed Aug  2 16:11:12 2023
Results reported at Wed Aug  2 16:11:12 2023

Your job looked like:

------------------------------------------------------------
# LSBATCH: User input
/work/tansey/meisterm/scripts/heatmap_input.sh 5 2 69 69 REP_published_auc_mean CTD2_published_auc_mean /work/tansey/meisterm/results/2023-08-02/diagonal/log_REP_CTD2/69/69/5 1000 /work/tansey/meisterm/data
------------------------------------------------------------

Successfully completed.

Resource usage summary:

    CPU time :                                   75.14 sec.
    Max Memory :                                 -
    Average Memory :                             -
    Total Requested Memory :                     32.00 GB
    Delta Memory :                               -
    Max Swap :                                   -
    Max Processes :                              4
    Max Threads :                                77
    Run time :                                   78 sec.
    Turnaround time :                            769 sec.

The output (if any) is above this job summary.



PS:

Read file </work/tansey/meisterm/results/2023-08-02/diagonal/log_REP_CTD2/69/69/5/model_split.err> for stderr output of this job.

FINAL LOSS DIFF: 31.865234375
corr_test: 0.8079393316964337
corr_train: 0.8290185521725442

------------------------------------------------------------
Sender: LSF System <lsfadmin@jh06>
Subject: Job 67472927: </work/tansey/meisterm/scripts/heatmap_input.sh 5 5 69 69 REP_published_auc_mean CTD2_published_auc_mean /work/tansey/meisterm/results/2023-08-02/diagonal/log_REP_CTD2/69/69/5 1000 /work/tansey/meisterm/data> in cluster <juno> Done

Job </work/tansey/meisterm/scripts/heatmap_input.sh 5 5 69 69 REP_published_auc_mean CTD2_published_auc_mean /work/tansey/meisterm/results/2023-08-02/diagonal/log_REP_CTD2/69/69/5 1000 /work/tansey/meisterm/data> was submitted from host <juno> by user <meisterm> in cluster <juno> at Wed Aug  2 15:58:24 2023
Job was executed on host(s) <jh06>, in queue <general>, as user <meisterm> in cluster <juno> at Wed Aug  2 16:09:55 2023
</home/meisterm> was used as the home directory.
</work/tansey/meisterm> was used as the working directory.
Started at Wed Aug  2 16:09:55 2023
Terminated at Wed Aug  2 16:11:16 2023
Results reported at Wed Aug  2 16:11:16 2023

Your job looked like:

------------------------------------------------------------
# LSBATCH: User input
/work/tansey/meisterm/scripts/heatmap_input.sh 5 5 69 69 REP_published_auc_mean CTD2_published_auc_mean /work/tansey/meisterm/results/2023-08-02/diagonal/log_REP_CTD2/69/69/5 1000 /work/tansey/meisterm/data
------------------------------------------------------------

Successfully completed.

Resource usage summary:

    CPU time :                                   78.10 sec.
    Max Memory :                                 -
    Average Memory :                             -
    Total Requested Memory :                     32.00 GB
    Delta Memory :                               -
    Max Swap :                                   -
    Max Processes :                              4
    Max Threads :                                65
    Run time :                                   81 sec.
    Turnaround time :                            772 sec.

The output (if any) is above this job summary.



PS:

Read file </work/tansey/meisterm/results/2023-08-02/diagonal/log_REP_CTD2/69/69/5/model_split.err> for stderr output of this job.

FINAL LOSS DIFF: -368.8046875
corr_test: 0.8011509882375715
corr_train: 0.82280408873601

------------------------------------------------------------
Sender: LSF System <lsfadmin@jh05>
Subject: Job 67472932: </work/tansey/meisterm/scripts/heatmap_input.sh 5 10 69 69 REP_published_auc_mean CTD2_published_auc_mean /work/tansey/meisterm/results/2023-08-02/diagonal/log_REP_CTD2/69/69/5 1000 /work/tansey/meisterm/data> in cluster <juno> Done

Job </work/tansey/meisterm/scripts/heatmap_input.sh 5 10 69 69 REP_published_auc_mean CTD2_published_auc_mean /work/tansey/meisterm/results/2023-08-02/diagonal/log_REP_CTD2/69/69/5 1000 /work/tansey/meisterm/data> was submitted from host <juno> by user <meisterm> in cluster <juno> at Wed Aug  2 15:58:24 2023
Job was executed on host(s) <jh05>, in queue <general>, as user <meisterm> in cluster <juno> at Wed Aug  2 16:09:56 2023
</home/meisterm> was used as the home directory.
</work/tansey/meisterm> was used as the working directory.
Started at Wed Aug  2 16:09:56 2023
Terminated at Wed Aug  2 16:11:17 2023
Results reported at Wed Aug  2 16:11:17 2023

Your job looked like:

------------------------------------------------------------
# LSBATCH: User input
/work/tansey/meisterm/scripts/heatmap_input.sh 5 10 69 69 REP_published_auc_mean CTD2_published_auc_mean /work/tansey/meisterm/results/2023-08-02/diagonal/log_REP_CTD2/69/69/5 1000 /work/tansey/meisterm/data
------------------------------------------------------------

Successfully completed.

Resource usage summary:

    CPU time :                                   77.14 sec.
    Max Memory :                                 -
    Average Memory :                             -
    Total Requested Memory :                     32.00 GB
    Delta Memory :                               -
    Max Swap :                                   -
    Max Processes :                              4
    Max Threads :                                65
    Run time :                                   80 sec.
    Turnaround time :                            773 sec.

The output (if any) is above this job summary.



PS:

Read file </work/tansey/meisterm/results/2023-08-02/diagonal/log_REP_CTD2/69/69/5/model_split.err> for stderr output of this job.

FINAL LOSS DIFF: -105.681640625
corr_test: 0.7994822526321822
corr_train: 0.8235261839927519

------------------------------------------------------------
Sender: LSF System <lsfadmin@je20>
Subject: Job 67472930: </work/tansey/meisterm/scripts/heatmap_input.sh 5 8 69 69 REP_published_auc_mean CTD2_published_auc_mean /work/tansey/meisterm/results/2023-08-02/diagonal/log_REP_CTD2/69/69/5 1000 /work/tansey/meisterm/data> in cluster <juno> Done

Job </work/tansey/meisterm/scripts/heatmap_input.sh 5 8 69 69 REP_published_auc_mean CTD2_published_auc_mean /work/tansey/meisterm/results/2023-08-02/diagonal/log_REP_CTD2/69/69/5 1000 /work/tansey/meisterm/data> was submitted from host <juno> by user <meisterm> in cluster <juno> at Wed Aug  2 15:58:24 2023
Job was executed on host(s) <je20>, in queue <general>, as user <meisterm> in cluster <juno> at Wed Aug  2 16:09:56 2023
</home/meisterm> was used as the home directory.
</work/tansey/meisterm> was used as the working directory.
Started at Wed Aug  2 16:09:56 2023
Terminated at Wed Aug  2 16:11:28 2023
Results reported at Wed Aug  2 16:11:28 2023

Your job looked like:

------------------------------------------------------------
# LSBATCH: User input
/work/tansey/meisterm/scripts/heatmap_input.sh 5 8 69 69 REP_published_auc_mean CTD2_published_auc_mean /work/tansey/meisterm/results/2023-08-02/diagonal/log_REP_CTD2/69/69/5 1000 /work/tansey/meisterm/data
------------------------------------------------------------

Successfully completed.

Resource usage summary:

    CPU time :                                   88.90 sec.
    Max Memory :                                 -
    Average Memory :                             -
    Total Requested Memory :                     32.00 GB
    Delta Memory :                               -
    Max Swap :                                   -
    Max Processes :                              4
    Max Threads :                                53
    Run time :                                   93 sec.
    Turnaround time :                            784 sec.

The output (if any) is above this job summary.



PS:

Read file </work/tansey/meisterm/results/2023-08-02/diagonal/log_REP_CTD2/69/69/5/model_split.err> for stderr output of this job.

FINAL LOSS DIFF: 277.0830078125
corr_test: 0.807002413608731
corr_train: 0.8286467211393864
FINAL LOSS DIFF: -332.748046875
corr_test: 0.8089658500908615
corr_train: 0.831884986507028

------------------------------------------------------------
Sender: LSF System <lsfadmin@ja03>
Subject: Job 67472931: </work/tansey/meisterm/scripts/heatmap_input.sh 5 9 69 69 REP_published_auc_mean CTD2_published_auc_mean /work/tansey/meisterm/results/2023-08-02/diagonal/log_REP_CTD2/69/69/5 1000 /work/tansey/meisterm/data> in cluster <juno> Done

Job </work/tansey/meisterm/scripts/heatmap_input.sh 5 9 69 69 REP_published_auc_mean CTD2_published_auc_mean /work/tansey/meisterm/results/2023-08-02/diagonal/log_REP_CTD2/69/69/5 1000 /work/tansey/meisterm/data> was submitted from host <juno> by user <meisterm> in cluster <juno> at Wed Aug  2 15:58:24 2023
Job was executed on host(s) <ja03>, in queue <general>, as user <meisterm> in cluster <juno> at Wed Aug  2 16:09:56 2023
</home/meisterm> was used as the home directory.
</work/tansey/meisterm> was used as the working directory.
Started at Wed Aug  2 16:09:56 2023
Terminated at Wed Aug  2 16:11:33 2023
Results reported at Wed Aug  2 16:11:33 2023

Your job looked like:

------------------------------------------------------------
# LSBATCH: User input
/work/tansey/meisterm/scripts/heatmap_input.sh 5 9 69 69 REP_published_auc_mean CTD2_published_auc_mean /work/tansey/meisterm/results/2023-08-02/diagonal/log_REP_CTD2/69/69/5 1000 /work/tansey/meisterm/data
------------------------------------------------------------

Successfully completed.

Resource usage summary:

    CPU time :                                   93.38 sec.
    Max Memory :                                 -
    Average Memory :                             -
    Total Requested Memory :                     32.00 GB
    Delta Memory :                               -
    Max Swap :                                   -
    Max Processes :                              4
    Max Threads :                                49
    Run time :                                   97 sec.
    Turnaround time :                            789 sec.

The output (if any) is above this job summary.



PS:

Read file </work/tansey/meisterm/results/2023-08-02/diagonal/log_REP_CTD2/69/69/5/model_split.err> for stderr output of this job.


------------------------------------------------------------
Sender: LSF System <lsfadmin@je20>
Subject: Job 67472923: </work/tansey/meisterm/scripts/heatmap_input.sh 5 1 69 69 REP_published_auc_mean CTD2_published_auc_mean /work/tansey/meisterm/results/2023-08-02/diagonal/log_REP_CTD2/69/69/5 1000 /work/tansey/meisterm/data> in cluster <juno> Done

Job </work/tansey/meisterm/scripts/heatmap_input.sh 5 1 69 69 REP_published_auc_mean CTD2_published_auc_mean /work/tansey/meisterm/results/2023-08-02/diagonal/log_REP_CTD2/69/69/5 1000 /work/tansey/meisterm/data> was submitted from host <juno> by user <meisterm> in cluster <juno> at Wed Aug  2 15:58:23 2023
Job was executed on host(s) <je20>, in queue <general>, as user <meisterm> in cluster <juno> at Wed Aug  2 16:09:54 2023
</home/meisterm> was used as the home directory.
</work/tansey/meisterm> was used as the working directory.
Started at Wed Aug  2 16:09:54 2023
Terminated at Wed Aug  2 16:11:33 2023
Results reported at Wed Aug  2 16:11:33 2023

Your job looked like:

------------------------------------------------------------
# LSBATCH: User input
/work/tansey/meisterm/scripts/heatmap_input.sh 5 1 69 69 REP_published_auc_mean CTD2_published_auc_mean /work/tansey/meisterm/results/2023-08-02/diagonal/log_REP_CTD2/69/69/5 1000 /work/tansey/meisterm/data
------------------------------------------------------------

Successfully completed.

Resource usage summary:

    CPU time :                                   95.70 sec.
    Max Memory :                                 -
    Average Memory :                             -
    Total Requested Memory :                     32.00 GB
    Delta Memory :                               -
    Max Swap :                                   -
    Max Processes :                              4
    Max Threads :                                53
    Run time :                                   99 sec.
    Turnaround time :                            790 sec.

The output (if any) is above this job summary.



PS:

Read file </work/tansey/meisterm/results/2023-08-02/diagonal/log_REP_CTD2/69/69/5/model_split.err> for stderr output of this job.

FINAL LOSS DIFF: -143.3779296875
corr_test: 0.8033376360516108
corr_train: 0.8262359100691493

------------------------------------------------------------
Sender: LSF System <lsfadmin@je23>
Subject: Job 67472926: </work/tansey/meisterm/scripts/heatmap_input.sh 5 4 69 69 REP_published_auc_mean CTD2_published_auc_mean /work/tansey/meisterm/results/2023-08-02/diagonal/log_REP_CTD2/69/69/5 1000 /work/tansey/meisterm/data> in cluster <juno> Done

Job </work/tansey/meisterm/scripts/heatmap_input.sh 5 4 69 69 REP_published_auc_mean CTD2_published_auc_mean /work/tansey/meisterm/results/2023-08-02/diagonal/log_REP_CTD2/69/69/5 1000 /work/tansey/meisterm/data> was submitted from host <juno> by user <meisterm> in cluster <juno> at Wed Aug  2 15:58:23 2023
Job was executed on host(s) <je23>, in queue <general>, as user <meisterm> in cluster <juno> at Wed Aug  2 16:09:55 2023
</home/meisterm> was used as the home directory.
</work/tansey/meisterm> was used as the working directory.
Started at Wed Aug  2 16:09:55 2023
Terminated at Wed Aug  2 16:11:39 2023
Results reported at Wed Aug  2 16:11:39 2023

Your job looked like:

------------------------------------------------------------
# LSBATCH: User input
/work/tansey/meisterm/scripts/heatmap_input.sh 5 4 69 69 REP_published_auc_mean CTD2_published_auc_mean /work/tansey/meisterm/results/2023-08-02/diagonal/log_REP_CTD2/69/69/5 1000 /work/tansey/meisterm/data
------------------------------------------------------------

Successfully completed.

Resource usage summary:

    CPU time :                                   104.34 sec.
    Max Memory :                                 -
    Average Memory :                             -
    Total Requested Memory :                     32.00 GB
    Delta Memory :                               -
    Max Swap :                                   -
    Max Processes :                              4
    Max Threads :                                53
    Run time :                                   105 sec.
    Turnaround time :                            796 sec.

The output (if any) is above this job summary.



PS:

Read file </work/tansey/meisterm/results/2023-08-02/diagonal/log_REP_CTD2/69/69/5/model_split.err> for stderr output of this job.

