FINAL LOSS DIFF: -75.7939453125
corr_test: 0.8005107451921781
corr_train: 0.8357813079246785

------------------------------------------------------------
Sender: LSF System <lsfadmin@jx26>
Subject: Job 67471983: </work/tansey/meisterm/scripts/heatmap_input.sh 1 8 60 60 REP_published_auc_mean CTD2_published_auc_mean /work/tansey/meisterm/results/2023-08-02/diagonal/log_REP_CTD2/60/60/1 1000 /work/tansey/meisterm/data> in cluster <juno> Done

Job </work/tansey/meisterm/scripts/heatmap_input.sh 1 8 60 60 REP_published_auc_mean CTD2_published_auc_mean /work/tansey/meisterm/results/2023-08-02/diagonal/log_REP_CTD2/60/60/1 1000 /work/tansey/meisterm/data> was submitted from host <juno> by user <meisterm> in cluster <juno> at Wed Aug  2 15:57:43 2023
Job was executed on host(s) <jx26>, in queue <general>, as user <meisterm> in cluster <juno> at Wed Aug  2 16:08:25 2023
</home/meisterm> was used as the home directory.
</work/tansey/meisterm> was used as the working directory.
Started at Wed Aug  2 16:08:25 2023
Terminated at Wed Aug  2 16:09:18 2023
Results reported at Wed Aug  2 16:09:18 2023

Your job looked like:

------------------------------------------------------------
# LSBATCH: User input
/work/tansey/meisterm/scripts/heatmap_input.sh 1 8 60 60 REP_published_auc_mean CTD2_published_auc_mean /work/tansey/meisterm/results/2023-08-02/diagonal/log_REP_CTD2/60/60/1 1000 /work/tansey/meisterm/data
------------------------------------------------------------

Successfully completed.

Resource usage summary:

    CPU time :                                   51.63 sec.
    Max Memory :                                 -
    Average Memory :                             -
    Total Requested Memory :                     32.00 GB
    Delta Memory :                               -
    Max Swap :                                   -
    Max Processes :                              4
    Max Threads :                                33
    Run time :                                   53 sec.
    Turnaround time :                            695 sec.

The output (if any) is above this job summary.



PS:

Read file </work/tansey/meisterm/results/2023-08-02/diagonal/log_REP_CTD2/60/60/1/model_split.err> for stderr output of this job.

FINAL LOSS DIFF: -217.6484375
corr_test: 0.7946701266889244
corr_train: 0.8357109834962152

------------------------------------------------------------
Sender: LSF System <lsfadmin@je19>
Subject: Job 67471978: </work/tansey/meisterm/scripts/heatmap_input.sh 1 3 60 60 REP_published_auc_mean CTD2_published_auc_mean /work/tansey/meisterm/results/2023-08-02/diagonal/log_REP_CTD2/60/60/1 1000 /work/tansey/meisterm/data> in cluster <juno> Done

Job </work/tansey/meisterm/scripts/heatmap_input.sh 1 3 60 60 REP_published_auc_mean CTD2_published_auc_mean /work/tansey/meisterm/results/2023-08-02/diagonal/log_REP_CTD2/60/60/1 1000 /work/tansey/meisterm/data> was submitted from host <juno> by user <meisterm> in cluster <juno> at Wed Aug  2 15:57:42 2023
Job was executed on host(s) <je19>, in queue <general>, as user <meisterm> in cluster <juno> at Wed Aug  2 16:08:25 2023
</home/meisterm> was used as the home directory.
</work/tansey/meisterm> was used as the working directory.
Started at Wed Aug  2 16:08:25 2023
Terminated at Wed Aug  2 16:09:27 2023
Results reported at Wed Aug  2 16:09:27 2023

Your job looked like:

------------------------------------------------------------
# LSBATCH: User input
/work/tansey/meisterm/scripts/heatmap_input.sh 1 3 60 60 REP_published_auc_mean CTD2_published_auc_mean /work/tansey/meisterm/results/2023-08-02/diagonal/log_REP_CTD2/60/60/1 1000 /work/tansey/meisterm/data
------------------------------------------------------------

Successfully completed.

Resource usage summary:

    CPU time :                                   58.51 sec.
    Max Memory :                                 -
    Average Memory :                             -
    Total Requested Memory :                     32.00 GB
    Delta Memory :                               -
    Max Swap :                                   -
    Max Processes :                              4
    Max Threads :                                53
    Run time :                                   62 sec.
    Turnaround time :                            705 sec.

The output (if any) is above this job summary.



PS:

Read file </work/tansey/meisterm/results/2023-08-02/diagonal/log_REP_CTD2/60/60/1/model_split.err> for stderr output of this job.

FINAL LOSS DIFF: -52.919921875
corr_test: 0.8012183832056183
corr_train: 0.8378173469978134

------------------------------------------------------------
Sender: LSF System <lsfadmin@je19>
Subject: Job 67471979: </work/tansey/meisterm/scripts/heatmap_input.sh 1 4 60 60 REP_published_auc_mean CTD2_published_auc_mean /work/tansey/meisterm/results/2023-08-02/diagonal/log_REP_CTD2/60/60/1 1000 /work/tansey/meisterm/data> in cluster <juno> Done

Job </work/tansey/meisterm/scripts/heatmap_input.sh 1 4 60 60 REP_published_auc_mean CTD2_published_auc_mean /work/tansey/meisterm/results/2023-08-02/diagonal/log_REP_CTD2/60/60/1 1000 /work/tansey/meisterm/data> was submitted from host <juno> by user <meisterm> in cluster <juno> at Wed Aug  2 15:57:43 2023
Job was executed on host(s) <je19>, in queue <general>, as user <meisterm> in cluster <juno> at Wed Aug  2 16:08:25 2023
</home/meisterm> was used as the home directory.
</work/tansey/meisterm> was used as the working directory.
Started at Wed Aug  2 16:08:25 2023
Terminated at Wed Aug  2 16:09:28 2023
Results reported at Wed Aug  2 16:09:28 2023

Your job looked like:

------------------------------------------------------------
# LSBATCH: User input
/work/tansey/meisterm/scripts/heatmap_input.sh 1 4 60 60 REP_published_auc_mean CTD2_published_auc_mean /work/tansey/meisterm/results/2023-08-02/diagonal/log_REP_CTD2/60/60/1 1000 /work/tansey/meisterm/data
------------------------------------------------------------

Successfully completed.

Resource usage summary:

    CPU time :                                   59.91 sec.
    Max Memory :                                 -
    Average Memory :                             -
    Total Requested Memory :                     32.00 GB
    Delta Memory :                               -
    Max Swap :                                   -
    Max Processes :                              4
    Max Threads :                                53
    Run time :                                   63 sec.
    Turnaround time :                            705 sec.

The output (if any) is above this job summary.



PS:

Read file </work/tansey/meisterm/results/2023-08-02/diagonal/log_REP_CTD2/60/60/1/model_split.err> for stderr output of this job.

FINAL LOSS DIFF: 208.5126953125
corr_test: 0.7960034562700756
corr_train: 0.8328570686952752

------------------------------------------------------------
Sender: LSF System <lsfadmin@ja10>
Subject: Job 67471976: </work/tansey/meisterm/scripts/heatmap_input.sh 1 1 60 60 REP_published_auc_mean CTD2_published_auc_mean /work/tansey/meisterm/results/2023-08-02/diagonal/log_REP_CTD2/60/60/1 1000 /work/tansey/meisterm/data> in cluster <juno> Done

Job </work/tansey/meisterm/scripts/heatmap_input.sh 1 1 60 60 REP_published_auc_mean CTD2_published_auc_mean /work/tansey/meisterm/results/2023-08-02/diagonal/log_REP_CTD2/60/60/1 1000 /work/tansey/meisterm/data> was submitted from host <juno> by user <meisterm> in cluster <juno> at Wed Aug  2 15:57:42 2023
Job was executed on host(s) <ja10>, in queue <general>, as user <meisterm> in cluster <juno> at Wed Aug  2 16:08:24 2023
</home/meisterm> was used as the home directory.
</work/tansey/meisterm> was used as the working directory.
Started at Wed Aug  2 16:08:24 2023
Terminated at Wed Aug  2 16:09:30 2023
Results reported at Wed Aug  2 16:09:30 2023

Your job looked like:

------------------------------------------------------------
# LSBATCH: User input
/work/tansey/meisterm/scripts/heatmap_input.sh 1 1 60 60 REP_published_auc_mean CTD2_published_auc_mean /work/tansey/meisterm/results/2023-08-02/diagonal/log_REP_CTD2/60/60/1 1000 /work/tansey/meisterm/data
------------------------------------------------------------

Successfully completed.

Resource usage summary:

    CPU time :                                   63.37 sec.
    Max Memory :                                 -
    Average Memory :                             -
    Total Requested Memory :                     32.00 GB
    Delta Memory :                               -
    Max Swap :                                   -
    Max Processes :                              4
    Max Threads :                                49
    Run time :                                   68 sec.
    Turnaround time :                            708 sec.

The output (if any) is above this job summary.



PS:

Read file </work/tansey/meisterm/results/2023-08-02/diagonal/log_REP_CTD2/60/60/1/model_split.err> for stderr output of this job.

FINAL LOSS DIFF: -278.556640625
corr_test: 0.7908690385881815
corr_train: 0.8344693181767072

------------------------------------------------------------
Sender: LSF System <lsfadmin@ji21>
Subject: Job 67471982: </work/tansey/meisterm/scripts/heatmap_input.sh 1 7 60 60 REP_published_auc_mean CTD2_published_auc_mean /work/tansey/meisterm/results/2023-08-02/diagonal/log_REP_CTD2/60/60/1 1000 /work/tansey/meisterm/data> in cluster <juno> Done

Job </work/tansey/meisterm/scripts/heatmap_input.sh 1 7 60 60 REP_published_auc_mean CTD2_published_auc_mean /work/tansey/meisterm/results/2023-08-02/diagonal/log_REP_CTD2/60/60/1 1000 /work/tansey/meisterm/data> was submitted from host <juno> by user <meisterm> in cluster <juno> at Wed Aug  2 15:57:43 2023
Job was executed on host(s) <ji21>, in queue <general>, as user <meisterm> in cluster <juno> at Wed Aug  2 16:08:25 2023
</home/meisterm> was used as the home directory.
</work/tansey/meisterm> was used as the working directory.
Started at Wed Aug  2 16:08:25 2023
Terminated at Wed Aug  2 16:09:47 2023
Results reported at Wed Aug  2 16:09:47 2023

Your job looked like:

------------------------------------------------------------
# LSBATCH: User input
/work/tansey/meisterm/scripts/heatmap_input.sh 1 7 60 60 REP_published_auc_mean CTD2_published_auc_mean /work/tansey/meisterm/results/2023-08-02/diagonal/log_REP_CTD2/60/60/1 1000 /work/tansey/meisterm/data
------------------------------------------------------------

Successfully completed.

Resource usage summary:

    CPU time :                                   79.23 sec.
    Max Memory :                                 -
    Average Memory :                             -
    Total Requested Memory :                     32.00 GB
    Delta Memory :                               -
    Max Swap :                                   -
    Max Processes :                              4
    Max Threads :                                77
    Run time :                                   83 sec.
    Turnaround time :                            724 sec.

The output (if any) is above this job summary.



PS:

Read file </work/tansey/meisterm/results/2023-08-02/diagonal/log_REP_CTD2/60/60/1/model_split.err> for stderr output of this job.

FINAL LOSS DIFF: -21.892578125
corr_test: 0.7975756324644703
corr_train: 0.8359267391131932

------------------------------------------------------------
Sender: LSF System <lsfadmin@je24>
Subject: Job 67471980: </work/tansey/meisterm/scripts/heatmap_input.sh 1 5 60 60 REP_published_auc_mean CTD2_published_auc_mean /work/tansey/meisterm/results/2023-08-02/diagonal/log_REP_CTD2/60/60/1 1000 /work/tansey/meisterm/data> in cluster <juno> Done

Job </work/tansey/meisterm/scripts/heatmap_input.sh 1 5 60 60 REP_published_auc_mean CTD2_published_auc_mean /work/tansey/meisterm/results/2023-08-02/diagonal/log_REP_CTD2/60/60/1 1000 /work/tansey/meisterm/data> was submitted from host <juno> by user <meisterm> in cluster <juno> at Wed Aug  2 15:57:43 2023
Job was executed on host(s) <je24>, in queue <general>, as user <meisterm> in cluster <juno> at Wed Aug  2 16:08:24 2023
</home/meisterm> was used as the home directory.
</work/tansey/meisterm> was used as the working directory.
Started at Wed Aug  2 16:08:24 2023
Terminated at Wed Aug  2 16:09:54 2023
Results reported at Wed Aug  2 16:09:54 2023

Your job looked like:

------------------------------------------------------------
# LSBATCH: User input
/work/tansey/meisterm/scripts/heatmap_input.sh 1 5 60 60 REP_published_auc_mean CTD2_published_auc_mean /work/tansey/meisterm/results/2023-08-02/diagonal/log_REP_CTD2/60/60/1 1000 /work/tansey/meisterm/data
------------------------------------------------------------

Successfully completed.

Resource usage summary:

    CPU time :                                   85.80 sec.
    Max Memory :                                 -
    Average Memory :                             -
    Total Requested Memory :                     32.00 GB
    Delta Memory :                               -
    Max Swap :                                   -
    Max Processes :                              4
    Max Threads :                                53
    Run time :                                   89 sec.
    Turnaround time :                            731 sec.

The output (if any) is above this job summary.



PS:

Read file </work/tansey/meisterm/results/2023-08-02/diagonal/log_REP_CTD2/60/60/1/model_split.err> for stderr output of this job.

FINAL LOSS DIFF: 225.5126953125
corr_test: 0.8005238004671649
corr_train: 0.8336537760507572

------------------------------------------------------------
Sender: LSF System <lsfadmin@ja01>
Subject: Job 67471977: </work/tansey/meisterm/scripts/heatmap_input.sh 1 2 60 60 REP_published_auc_mean CTD2_published_auc_mean /work/tansey/meisterm/results/2023-08-02/diagonal/log_REP_CTD2/60/60/1 1000 /work/tansey/meisterm/data> in cluster <juno> Done

Job </work/tansey/meisterm/scripts/heatmap_input.sh 1 2 60 60 REP_published_auc_mean CTD2_published_auc_mean /work/tansey/meisterm/results/2023-08-02/diagonal/log_REP_CTD2/60/60/1 1000 /work/tansey/meisterm/data> was submitted from host <juno> by user <meisterm> in cluster <juno> at Wed Aug  2 15:57:42 2023
Job was executed on host(s) <ja01>, in queue <general>, as user <meisterm> in cluster <juno> at Wed Aug  2 16:08:24 2023
</home/meisterm> was used as the home directory.
</work/tansey/meisterm> was used as the working directory.
Started at Wed Aug  2 16:08:24 2023
Terminated at Wed Aug  2 16:09:56 2023
Results reported at Wed Aug  2 16:09:56 2023

Your job looked like:

------------------------------------------------------------
# LSBATCH: User input
/work/tansey/meisterm/scripts/heatmap_input.sh 1 2 60 60 REP_published_auc_mean CTD2_published_auc_mean /work/tansey/meisterm/results/2023-08-02/diagonal/log_REP_CTD2/60/60/1 1000 /work/tansey/meisterm/data
------------------------------------------------------------

Successfully completed.

Resource usage summary:

    CPU time :                                   89.75 sec.
    Max Memory :                                 -
    Average Memory :                             -
    Total Requested Memory :                     32.00 GB
    Delta Memory :                               -
    Max Swap :                                   -
    Max Processes :                              4
    Max Threads :                                49
    Run time :                                   94 sec.
    Turnaround time :                            734 sec.

The output (if any) is above this job summary.



PS:

Read file </work/tansey/meisterm/results/2023-08-02/diagonal/log_REP_CTD2/60/60/1/model_split.err> for stderr output of this job.

FINAL LOSS DIFF: 49.5625
corr_test: 0.7988872214090388
corr_train: 0.8365448737180686

------------------------------------------------------------
Sender: LSF System <lsfadmin@ja10>
Subject: Job 67471984: </work/tansey/meisterm/scripts/heatmap_input.sh 1 9 60 60 REP_published_auc_mean CTD2_published_auc_mean /work/tansey/meisterm/results/2023-08-02/diagonal/log_REP_CTD2/60/60/1 1000 /work/tansey/meisterm/data> in cluster <juno> Done

Job </work/tansey/meisterm/scripts/heatmap_input.sh 1 9 60 60 REP_published_auc_mean CTD2_published_auc_mean /work/tansey/meisterm/results/2023-08-02/diagonal/log_REP_CTD2/60/60/1 1000 /work/tansey/meisterm/data> was submitted from host <juno> by user <meisterm> in cluster <juno> at Wed Aug  2 15:57:43 2023
Job was executed on host(s) <ja10>, in queue <general>, as user <meisterm> in cluster <juno> at Wed Aug  2 16:08:25 2023
</home/meisterm> was used as the home directory.
</work/tansey/meisterm> was used as the working directory.
Started at Wed Aug  2 16:08:25 2023
Terminated at Wed Aug  2 16:09:58 2023
Results reported at Wed Aug  2 16:09:58 2023

Your job looked like:

------------------------------------------------------------
# LSBATCH: User input
/work/tansey/meisterm/scripts/heatmap_input.sh 1 9 60 60 REP_published_auc_mean CTD2_published_auc_mean /work/tansey/meisterm/results/2023-08-02/diagonal/log_REP_CTD2/60/60/1 1000 /work/tansey/meisterm/data
------------------------------------------------------------

Successfully completed.

Resource usage summary:

    CPU time :                                   91.69 sec.
    Max Memory :                                 -
    Average Memory :                             -
    Total Requested Memory :                     32.00 GB
    Delta Memory :                               -
    Max Swap :                                   -
    Max Processes :                              4
    Max Threads :                                49
    Run time :                                   93 sec.
    Turnaround time :                            735 sec.

The output (if any) is above this job summary.



PS:

Read file </work/tansey/meisterm/results/2023-08-02/diagonal/log_REP_CTD2/60/60/1/model_split.err> for stderr output of this job.

FINAL LOSS DIFF: 122.853515625
corr_test: 0.7994882187755216
corr_train: 0.8368021780482571

------------------------------------------------------------
Sender: LSF System <lsfadmin@je20>
Subject: Job 67471985: </work/tansey/meisterm/scripts/heatmap_input.sh 1 10 60 60 REP_published_auc_mean CTD2_published_auc_mean /work/tansey/meisterm/results/2023-08-02/diagonal/log_REP_CTD2/60/60/1 1000 /work/tansey/meisterm/data> in cluster <juno> Done

Job </work/tansey/meisterm/scripts/heatmap_input.sh 1 10 60 60 REP_published_auc_mean CTD2_published_auc_mean /work/tansey/meisterm/results/2023-08-02/diagonal/log_REP_CTD2/60/60/1 1000 /work/tansey/meisterm/data> was submitted from host <juno> by user <meisterm> in cluster <juno> at Wed Aug  2 15:57:43 2023
Job was executed on host(s) <je20>, in queue <general>, as user <meisterm> in cluster <juno> at Wed Aug  2 16:08:25 2023
</home/meisterm> was used as the home directory.
</work/tansey/meisterm> was used as the working directory.
Started at Wed Aug  2 16:08:25 2023
Terminated at Wed Aug  2 16:10:00 2023
Results reported at Wed Aug  2 16:10:00 2023

Your job looked like:

------------------------------------------------------------
# LSBATCH: User input
/work/tansey/meisterm/scripts/heatmap_input.sh 1 10 60 60 REP_published_auc_mean CTD2_published_auc_mean /work/tansey/meisterm/results/2023-08-02/diagonal/log_REP_CTD2/60/60/1 1000 /work/tansey/meisterm/data
------------------------------------------------------------

Successfully completed.

Resource usage summary:

    CPU time :                                   91.24 sec.
    Max Memory :                                 -
    Average Memory :                             -
    Total Requested Memory :                     32.00 GB
    Delta Memory :                               -
    Max Swap :                                   -
    Max Processes :                              4
    Max Threads :                                53
    Run time :                                   95 sec.
    Turnaround time :                            737 sec.

The output (if any) is above this job summary.



PS:

Read file </work/tansey/meisterm/results/2023-08-02/diagonal/log_REP_CTD2/60/60/1/model_split.err> for stderr output of this job.

FINAL LOSS DIFF: -117.7412109375
corr_test: 0.8029877205436248
corr_train: 0.8366129664786098

------------------------------------------------------------
Sender: LSF System <lsfadmin@je23>
Subject: Job 67471981: </work/tansey/meisterm/scripts/heatmap_input.sh 1 6 60 60 REP_published_auc_mean CTD2_published_auc_mean /work/tansey/meisterm/results/2023-08-02/diagonal/log_REP_CTD2/60/60/1 1000 /work/tansey/meisterm/data> in cluster <juno> Done

Job </work/tansey/meisterm/scripts/heatmap_input.sh 1 6 60 60 REP_published_auc_mean CTD2_published_auc_mean /work/tansey/meisterm/results/2023-08-02/diagonal/log_REP_CTD2/60/60/1 1000 /work/tansey/meisterm/data> was submitted from host <juno> by user <meisterm> in cluster <juno> at Wed Aug  2 15:57:43 2023
Job was executed on host(s) <je23>, in queue <general>, as user <meisterm> in cluster <juno> at Wed Aug  2 16:08:24 2023
</home/meisterm> was used as the home directory.
</work/tansey/meisterm> was used as the working directory.
Started at Wed Aug  2 16:08:24 2023
Terminated at Wed Aug  2 16:10:06 2023
Results reported at Wed Aug  2 16:10:06 2023

Your job looked like:

------------------------------------------------------------
# LSBATCH: User input
/work/tansey/meisterm/scripts/heatmap_input.sh 1 6 60 60 REP_published_auc_mean CTD2_published_auc_mean /work/tansey/meisterm/results/2023-08-02/diagonal/log_REP_CTD2/60/60/1 1000 /work/tansey/meisterm/data
------------------------------------------------------------

Successfully completed.

Resource usage summary:

    CPU time :                                   97.78 sec.
    Max Memory :                                 -
    Average Memory :                             -
    Total Requested Memory :                     32.00 GB
    Delta Memory :                               -
    Max Swap :                                   -
    Max Processes :                              4
    Max Threads :                                53
    Run time :                                   102 sec.
    Turnaround time :                            743 sec.

The output (if any) is above this job summary.



PS:

Read file </work/tansey/meisterm/results/2023-08-02/diagonal/log_REP_CTD2/60/60/1/model_split.err> for stderr output of this job.

