
------------------------------------------------------------
Sender: LSF System <lsfadmin@ji04>
Subject: Job 68768036: </work/tansey/meisterm/new_scripts/embeddings_expt.sh /work/tansey/meisterm/code CTD2 GDSC "" /work/tansey/meisterm/results/2023-08-13/embeddings_expt/log_CTD2_GDSC 1000> in cluster <juno> Exited

Job </work/tansey/meisterm/new_scripts/embeddings_expt.sh /work/tansey/meisterm/code CTD2 GDSC "" /work/tansey/meisterm/results/2023-08-13/embeddings_expt/log_CTD2_GDSC 1000> was submitted from host <juno> by user <meisterm> in cluster <juno> at Sun Aug 13 23:50:00 2023
Job was executed on host(s) <ji04>, in queue <general>, as user <meisterm> in cluster <juno> at Sun Aug 13 23:50:06 2023
</home/meisterm> was used as the home directory.
</work/tansey/meisterm> was used as the working directory.
Started at Sun Aug 13 23:50:06 2023
Terminated at Sun Aug 13 23:50:14 2023
Results reported at Sun Aug 13 23:50:14 2023

Your job looked like:

------------------------------------------------------------
# LSBATCH: User input
/work/tansey/meisterm/new_scripts/embeddings_expt.sh /work/tansey/meisterm/code CTD2 GDSC "" /work/tansey/meisterm/results/2023-08-13/embeddings_expt/log_CTD2_GDSC 1000
------------------------------------------------------------

Exited with exit code 1.

Resource usage summary:

    CPU time :                                   3.59 sec.
    Max Memory :                                 -
    Average Memory :                             -
    Total Requested Memory :                     32.00 GB
    Delta Memory :                               -
    Max Swap :                                   -
    Max Processes :                              4
    Max Threads :                                13
    Run time :                                   9 sec.
    Turnaround time :                            14 sec.

The output (if any) is above this job summary.



PS:

Read file </work/tansey/meisterm/results/2023-08-13/embeddings_expt/log_CTD2_GDSC/err.err> for stderr output of this job.


------------------------------------------------------------
Sender: LSF System <lsfadmin@ji04>
Subject: Job 68768061: </work/tansey/meisterm/new_scripts/embeddings_expt.sh /work/tansey/meisterm/code CTD2 GDSC data/rep-gdsc-ctd2-mean-log.csv /work/tansey/meisterm/results/2023-08-13/embeddings_expt/log_CTD2_GDSC 1000> in cluster <juno> Done

Job </work/tansey/meisterm/new_scripts/embeddings_expt.sh /work/tansey/meisterm/code CTD2 GDSC data/rep-gdsc-ctd2-mean-log.csv /work/tansey/meisterm/results/2023-08-13/embeddings_expt/log_CTD2_GDSC 1000> was submitted from host <juno> by user <meisterm> in cluster <juno> at Sun Aug 13 23:51:35 2023
Job was executed on host(s) <ji04>, in queue <general>, as user <meisterm> in cluster <juno> at Sun Aug 13 23:51:41 2023
</home/meisterm> was used as the home directory.
</work/tansey/meisterm> was used as the working directory.
Started at Sun Aug 13 23:51:41 2023
Terminated at Mon Aug 14 03:30:36 2023
Results reported at Mon Aug 14 03:30:36 2023

Your job looked like:

------------------------------------------------------------
# LSBATCH: User input
/work/tansey/meisterm/new_scripts/embeddings_expt.sh /work/tansey/meisterm/code CTD2 GDSC data/rep-gdsc-ctd2-mean-log.csv /work/tansey/meisterm/results/2023-08-13/embeddings_expt/log_CTD2_GDSC 1000
------------------------------------------------------------

Successfully completed.

Resource usage summary:

    CPU time :                                   13098.82 sec.
    Max Memory :                                 -
    Average Memory :                             -
    Total Requested Memory :                     32.00 GB
    Delta Memory :                               -
    Max Swap :                                   -
    Max Processes :                              4
    Max Threads :                                77
    Run time :                                   13137 sec.
    Turnaround time :                            13141 sec.

The output (if any) is above this job summary.



PS:

Read file </work/tansey/meisterm/results/2023-08-13/embeddings_expt/log_CTD2_GDSC/err.err> for stderr output of this job.

