FINAL LOSS DIFF: -170.48828125
corr_test: 0.8206754298355721
corr_train: 0.8492808194718025

------------------------------------------------------------
Sender: LSF System <lsfadmin@ji03>
Subject: Job 67469920: </work/tansey/meisterm/scripts/heatmap_input.sh 7 1 39 39 REP_published_auc_mean CTD2_published_auc_mean /work/tansey/meisterm/results/2023-08-02/diagonal/log_REP_CTD2/39/39/7 1000 /work/tansey/meisterm/data> in cluster <juno> Done

Job </work/tansey/meisterm/scripts/heatmap_input.sh 7 1 39 39 REP_published_auc_mean CTD2_published_auc_mean /work/tansey/meisterm/results/2023-08-02/diagonal/log_REP_CTD2/39/39/7 1000 /work/tansey/meisterm/data> was submitted from host <juno> by user <meisterm> in cluster <juno> at Wed Aug  2 15:56:16 2023
Job was executed on host(s) <ji03>, in queue <general>, as user <meisterm> in cluster <juno> at Wed Aug  2 16:05:33 2023
</home/meisterm> was used as the home directory.
</work/tansey/meisterm> was used as the working directory.
Started at Wed Aug  2 16:05:33 2023
Terminated at Wed Aug  2 16:06:25 2023
Results reported at Wed Aug  2 16:06:25 2023

Your job looked like:

------------------------------------------------------------
# LSBATCH: User input
/work/tansey/meisterm/scripts/heatmap_input.sh 7 1 39 39 REP_published_auc_mean CTD2_published_auc_mean /work/tansey/meisterm/results/2023-08-02/diagonal/log_REP_CTD2/39/39/7 1000 /work/tansey/meisterm/data
------------------------------------------------------------

Successfully completed.

Resource usage summary:

    CPU time :                                   47.11 sec.
    Max Memory :                                 -
    Average Memory :                             -
    Total Requested Memory :                     32.00 GB
    Delta Memory :                               -
    Max Swap :                                   -
    Max Processes :                              4
    Max Threads :                                77
    Run time :                                   52 sec.
    Turnaround time :                            609 sec.

The output (if any) is above this job summary.



PS:

Read file </work/tansey/meisterm/results/2023-08-02/diagonal/log_REP_CTD2/39/39/7/model_split.err> for stderr output of this job.

FINAL LOSS DIFF: -4.22607421875
corr_test: 0.8227272428741201
corr_train: 0.8504850816824294
FINAL LOSS DIFF: -24.1953125
corr_test: 0.8261940700275825
corr_train: 0.8505202889065682
FINAL LOSS DIFF: -187.87890625
corr_test: 0.8220744894595435
corr_train: 0.8501013423295495
FINAL LOSS DIFF: 40.12353515625
corr_test: 0.8180554824931341
corr_train: 0.8514364921025657

------------------------------------------------------------
Sender: LSF System <lsfadmin@jh03>
Subject: Job 67469923: </work/tansey/meisterm/scripts/heatmap_input.sh 7 4 39 39 REP_published_auc_mean CTD2_published_auc_mean /work/tansey/meisterm/results/2023-08-02/diagonal/log_REP_CTD2/39/39/7 1000 /work/tansey/meisterm/data> in cluster <juno> Done

Job </work/tansey/meisterm/scripts/heatmap_input.sh 7 4 39 39 REP_published_auc_mean CTD2_published_auc_mean /work/tansey/meisterm/results/2023-08-02/diagonal/log_REP_CTD2/39/39/7 1000 /work/tansey/meisterm/data> was submitted from host <juno> by user <meisterm> in cluster <juno> at Wed Aug  2 15:56:16 2023
Job was executed on host(s) <jh03>, in queue <general>, as user <meisterm> in cluster <juno> at Wed Aug  2 16:05:33 2023
</home/meisterm> was used as the home directory.
</work/tansey/meisterm> was used as the working directory.
Started at Wed Aug  2 16:05:33 2023
Terminated at Wed Aug  2 16:06:42 2023
Results reported at Wed Aug  2 16:06:42 2023

Your job looked like:

------------------------------------------------------------
# LSBATCH: User input
/work/tansey/meisterm/scripts/heatmap_input.sh 7 4 39 39 REP_published_auc_mean CTD2_published_auc_mean /work/tansey/meisterm/results/2023-08-02/diagonal/log_REP_CTD2/39/39/7 1000 /work/tansey/meisterm/data
------------------------------------------------------------

Successfully completed.

Resource usage summary:

    CPU time :                                   65.80 sec.
    Max Memory :                                 -
    Average Memory :                             -
    Total Requested Memory :                     32.00 GB
    Delta Memory :                               -
    Max Swap :                                   -
    Max Processes :                              4
    Max Threads :                                65
    Run time :                                   68 sec.
    Turnaround time :                            626 sec.

The output (if any) is above this job summary.



PS:

Read file </work/tansey/meisterm/results/2023-08-02/diagonal/log_REP_CTD2/39/39/7/model_split.err> for stderr output of this job.


------------------------------------------------------------
Sender: LSF System <lsfadmin@jh06>
Subject: Job 67469924: </work/tansey/meisterm/scripts/heatmap_input.sh 7 5 39 39 REP_published_auc_mean CTD2_published_auc_mean /work/tansey/meisterm/results/2023-08-02/diagonal/log_REP_CTD2/39/39/7 1000 /work/tansey/meisterm/data> in cluster <juno> Done

Job </work/tansey/meisterm/scripts/heatmap_input.sh 7 5 39 39 REP_published_auc_mean CTD2_published_auc_mean /work/tansey/meisterm/results/2023-08-02/diagonal/log_REP_CTD2/39/39/7 1000 /work/tansey/meisterm/data> was submitted from host <juno> by user <meisterm> in cluster <juno> at Wed Aug  2 15:56:16 2023
Job was executed on host(s) <jh06>, in queue <general>, as user <meisterm> in cluster <juno> at Wed Aug  2 16:05:34 2023
</home/meisterm> was used as the home directory.
</work/tansey/meisterm> was used as the working directory.
Started at Wed Aug  2 16:05:34 2023
Terminated at Wed Aug  2 16:06:42 2023
Results reported at Wed Aug  2 16:06:42 2023

Your job looked like:

------------------------------------------------------------
# LSBATCH: User input
/work/tansey/meisterm/scripts/heatmap_input.sh 7 5 39 39 REP_published_auc_mean CTD2_published_auc_mean /work/tansey/meisterm/results/2023-08-02/diagonal/log_REP_CTD2/39/39/7 1000 /work/tansey/meisterm/data
------------------------------------------------------------

Successfully completed.

Resource usage summary:

    CPU time :                                   65.53 sec.
    Max Memory :                                 -
    Average Memory :                             -
    Total Requested Memory :                     32.00 GB
    Delta Memory :                               -
    Max Swap :                                   -
    Max Processes :                              4
    Max Threads :                                65
    Run time :                                   68 sec.
    Turnaround time :                            626 sec.

The output (if any) is above this job summary.



PS:

Read file </work/tansey/meisterm/results/2023-08-02/diagonal/log_REP_CTD2/39/39/7/model_split.err> for stderr output of this job.


------------------------------------------------------------
Sender: LSF System <lsfadmin@jh06>
Subject: Job 67469926: </work/tansey/meisterm/scripts/heatmap_input.sh 7 7 39 39 REP_published_auc_mean CTD2_published_auc_mean /work/tansey/meisterm/results/2023-08-02/diagonal/log_REP_CTD2/39/39/7 1000 /work/tansey/meisterm/data> in cluster <juno> Done

Job </work/tansey/meisterm/scripts/heatmap_input.sh 7 7 39 39 REP_published_auc_mean CTD2_published_auc_mean /work/tansey/meisterm/results/2023-08-02/diagonal/log_REP_CTD2/39/39/7 1000 /work/tansey/meisterm/data> was submitted from host <juno> by user <meisterm> in cluster <juno> at Wed Aug  2 15:56:16 2023
Job was executed on host(s) <jh06>, in queue <general>, as user <meisterm> in cluster <juno> at Wed Aug  2 16:05:34 2023
</home/meisterm> was used as the home directory.
</work/tansey/meisterm> was used as the working directory.
Started at Wed Aug  2 16:05:34 2023
Terminated at Wed Aug  2 16:06:42 2023
Results reported at Wed Aug  2 16:06:42 2023

Your job looked like:

------------------------------------------------------------
# LSBATCH: User input
/work/tansey/meisterm/scripts/heatmap_input.sh 7 7 39 39 REP_published_auc_mean CTD2_published_auc_mean /work/tansey/meisterm/results/2023-08-02/diagonal/log_REP_CTD2/39/39/7 1000 /work/tansey/meisterm/data
------------------------------------------------------------

Successfully completed.

Resource usage summary:

    CPU time :                                   66.11 sec.
    Max Memory :                                 -
    Average Memory :                             -
    Total Requested Memory :                     32.00 GB
    Delta Memory :                               -
    Max Swap :                                   -
    Max Processes :                              4
    Max Threads :                                65
    Run time :                                   69 sec.
    Turnaround time :                            626 sec.

The output (if any) is above this job summary.



PS:

Read file </work/tansey/meisterm/results/2023-08-02/diagonal/log_REP_CTD2/39/39/7/model_split.err> for stderr output of this job.


------------------------------------------------------------
Sender: LSF System <lsfadmin@jh06>
Subject: Job 67469925: </work/tansey/meisterm/scripts/heatmap_input.sh 7 6 39 39 REP_published_auc_mean CTD2_published_auc_mean /work/tansey/meisterm/results/2023-08-02/diagonal/log_REP_CTD2/39/39/7 1000 /work/tansey/meisterm/data> in cluster <juno> Done

Job </work/tansey/meisterm/scripts/heatmap_input.sh 7 6 39 39 REP_published_auc_mean CTD2_published_auc_mean /work/tansey/meisterm/results/2023-08-02/diagonal/log_REP_CTD2/39/39/7 1000 /work/tansey/meisterm/data> was submitted from host <juno> by user <meisterm> in cluster <juno> at Wed Aug  2 15:56:16 2023
Job was executed on host(s) <jh06>, in queue <general>, as user <meisterm> in cluster <juno> at Wed Aug  2 16:05:34 2023
</home/meisterm> was used as the home directory.
</work/tansey/meisterm> was used as the working directory.
Started at Wed Aug  2 16:05:34 2023
Terminated at Wed Aug  2 16:06:43 2023
Results reported at Wed Aug  2 16:06:43 2023

Your job looked like:

------------------------------------------------------------
# LSBATCH: User input
/work/tansey/meisterm/scripts/heatmap_input.sh 7 6 39 39 REP_published_auc_mean CTD2_published_auc_mean /work/tansey/meisterm/results/2023-08-02/diagonal/log_REP_CTD2/39/39/7 1000 /work/tansey/meisterm/data
------------------------------------------------------------

Successfully completed.

Resource usage summary:

    CPU time :                                   66.49 sec.
    Max Memory :                                 -
    Average Memory :                             -
    Total Requested Memory :                     32.00 GB
    Delta Memory :                               -
    Max Swap :                                   -
    Max Processes :                              4
    Max Threads :                                65
    Run time :                                   69 sec.
    Turnaround time :                            627 sec.

The output (if any) is above this job summary.



PS:

Read file </work/tansey/meisterm/results/2023-08-02/diagonal/log_REP_CTD2/39/39/7/model_split.err> for stderr output of this job.

FINAL LOSS DIFF: -53.978515625
corr_test: 0.8232690967954392
corr_train: 0.85101458279758

------------------------------------------------------------
Sender: LSF System <lsfadmin@ja10>
Subject: Job 67469928: </work/tansey/meisterm/scripts/heatmap_input.sh 7 9 39 39 REP_published_auc_mean CTD2_published_auc_mean /work/tansey/meisterm/results/2023-08-02/diagonal/log_REP_CTD2/39/39/7 1000 /work/tansey/meisterm/data> in cluster <juno> Done

Job </work/tansey/meisterm/scripts/heatmap_input.sh 7 9 39 39 REP_published_auc_mean CTD2_published_auc_mean /work/tansey/meisterm/results/2023-08-02/diagonal/log_REP_CTD2/39/39/7 1000 /work/tansey/meisterm/data> was submitted from host <juno> by user <meisterm> in cluster <juno> at Wed Aug  2 15:56:16 2023
Job was executed on host(s) <ja10>, in queue <general>, as user <meisterm> in cluster <juno> at Wed Aug  2 16:05:33 2023
</home/meisterm> was used as the home directory.
</work/tansey/meisterm> was used as the working directory.
Started at Wed Aug  2 16:05:33 2023
Terminated at Wed Aug  2 16:06:52 2023
Results reported at Wed Aug  2 16:06:52 2023

Your job looked like:

------------------------------------------------------------
# LSBATCH: User input
/work/tansey/meisterm/scripts/heatmap_input.sh 7 9 39 39 REP_published_auc_mean CTD2_published_auc_mean /work/tansey/meisterm/results/2023-08-02/diagonal/log_REP_CTD2/39/39/7 1000 /work/tansey/meisterm/data
------------------------------------------------------------

Successfully completed.

Resource usage summary:

    CPU time :                                   76.76 sec.
    Max Memory :                                 -
    Average Memory :                             -
    Total Requested Memory :                     32.00 GB
    Delta Memory :                               -
    Max Swap :                                   -
    Max Processes :                              4
    Max Threads :                                49
    Run time :                                   79 sec.
    Turnaround time :                            636 sec.

The output (if any) is above this job summary.



PS:

Read file </work/tansey/meisterm/results/2023-08-02/diagonal/log_REP_CTD2/39/39/7/model_split.err> for stderr output of this job.

FINAL LOSS DIFF: 2.70654296875
corr_test: 0.8226536423232848
corr_train: 0.848665275976296

------------------------------------------------------------
Sender: LSF System <lsfadmin@je01>
Subject: Job 67469921: </work/tansey/meisterm/scripts/heatmap_input.sh 7 2 39 39 REP_published_auc_mean CTD2_published_auc_mean /work/tansey/meisterm/results/2023-08-02/diagonal/log_REP_CTD2/39/39/7 1000 /work/tansey/meisterm/data> in cluster <juno> Done

Job </work/tansey/meisterm/scripts/heatmap_input.sh 7 2 39 39 REP_published_auc_mean CTD2_published_auc_mean /work/tansey/meisterm/results/2023-08-02/diagonal/log_REP_CTD2/39/39/7 1000 /work/tansey/meisterm/data> was submitted from host <juno> by user <meisterm> in cluster <juno> at Wed Aug  2 15:56:16 2023
Job was executed on host(s) <je01>, in queue <general>, as user <meisterm> in cluster <juno> at Wed Aug  2 16:05:33 2023
</home/meisterm> was used as the home directory.
</work/tansey/meisterm> was used as the working directory.
Started at Wed Aug  2 16:05:33 2023
Terminated at Wed Aug  2 16:06:54 2023
Results reported at Wed Aug  2 16:06:54 2023

Your job looked like:

------------------------------------------------------------
# LSBATCH: User input
/work/tansey/meisterm/scripts/heatmap_input.sh 7 2 39 39 REP_published_auc_mean CTD2_published_auc_mean /work/tansey/meisterm/results/2023-08-02/diagonal/log_REP_CTD2/39/39/7 1000 /work/tansey/meisterm/data
------------------------------------------------------------

Successfully completed.

Resource usage summary:

    CPU time :                                   78.21 sec.
    Max Memory :                                 -
    Average Memory :                             -
    Total Requested Memory :                     32.00 GB
    Delta Memory :                               -
    Max Swap :                                   -
    Max Processes :                              4
    Max Threads :                                53
    Run time :                                   81 sec.
    Turnaround time :                            638 sec.

The output (if any) is above this job summary.



PS:

Read file </work/tansey/meisterm/results/2023-08-02/diagonal/log_REP_CTD2/39/39/7/model_split.err> for stderr output of this job.

FINAL LOSS DIFF: 40.7236328125
corr_test: 0.8221381225913675
corr_train: 0.8493930836877426

------------------------------------------------------------
Sender: LSF System <lsfadmin@ji18>
Subject: Job 67469929: </work/tansey/meisterm/scripts/heatmap_input.sh 7 10 39 39 REP_published_auc_mean CTD2_published_auc_mean /work/tansey/meisterm/results/2023-08-02/diagonal/log_REP_CTD2/39/39/7 1000 /work/tansey/meisterm/data> in cluster <juno> Done

Job </work/tansey/meisterm/scripts/heatmap_input.sh 7 10 39 39 REP_published_auc_mean CTD2_published_auc_mean /work/tansey/meisterm/results/2023-08-02/diagonal/log_REP_CTD2/39/39/7 1000 /work/tansey/meisterm/data> was submitted from host <juno> by user <meisterm> in cluster <juno> at Wed Aug  2 15:56:16 2023
Job was executed on host(s) <ji18>, in queue <general>, as user <meisterm> in cluster <juno> at Wed Aug  2 16:05:34 2023
</home/meisterm> was used as the home directory.
</work/tansey/meisterm> was used as the working directory.
Started at Wed Aug  2 16:05:34 2023
Terminated at Wed Aug  2 16:06:57 2023
Results reported at Wed Aug  2 16:06:57 2023

Your job looked like:

------------------------------------------------------------
# LSBATCH: User input
/work/tansey/meisterm/scripts/heatmap_input.sh 7 10 39 39 REP_published_auc_mean CTD2_published_auc_mean /work/tansey/meisterm/results/2023-08-02/diagonal/log_REP_CTD2/39/39/7 1000 /work/tansey/meisterm/data
------------------------------------------------------------

Successfully completed.

Resource usage summary:

    CPU time :                                   77.84 sec.
    Max Memory :                                 -
    Average Memory :                             -
    Total Requested Memory :                     32.00 GB
    Delta Memory :                               -
    Max Swap :                                   -
    Max Processes :                              4
    Max Threads :                                77
    Run time :                                   82 sec.
    Turnaround time :                            641 sec.

The output (if any) is above this job summary.



PS:

Read file </work/tansey/meisterm/results/2023-08-02/diagonal/log_REP_CTD2/39/39/7/model_split.err> for stderr output of this job.

FINAL LOSS DIFF: 81.88232421875
corr_test: 0.8210975706313287
corr_train: 0.8522672170528505

------------------------------------------------------------
Sender: LSF System <lsfadmin@jd04>
Subject: Job 67469922: </work/tansey/meisterm/scripts/heatmap_input.sh 7 3 39 39 REP_published_auc_mean CTD2_published_auc_mean /work/tansey/meisterm/results/2023-08-02/diagonal/log_REP_CTD2/39/39/7 1000 /work/tansey/meisterm/data> in cluster <juno> Done

Job </work/tansey/meisterm/scripts/heatmap_input.sh 7 3 39 39 REP_published_auc_mean CTD2_published_auc_mean /work/tansey/meisterm/results/2023-08-02/diagonal/log_REP_CTD2/39/39/7 1000 /work/tansey/meisterm/data> was submitted from host <juno> by user <meisterm> in cluster <juno> at Wed Aug  2 15:56:16 2023
Job was executed on host(s) <jd04>, in queue <general>, as user <meisterm> in cluster <juno> at Wed Aug  2 16:05:34 2023
</home/meisterm> was used as the home directory.
</work/tansey/meisterm> was used as the working directory.
Started at Wed Aug  2 16:05:34 2023
Terminated at Wed Aug  2 16:07:00 2023
Results reported at Wed Aug  2 16:07:00 2023

Your job looked like:

------------------------------------------------------------
# LSBATCH: User input
/work/tansey/meisterm/scripts/heatmap_input.sh 7 3 39 39 REP_published_auc_mean CTD2_published_auc_mean /work/tansey/meisterm/results/2023-08-02/diagonal/log_REP_CTD2/39/39/7 1000 /work/tansey/meisterm/data
------------------------------------------------------------

Successfully completed.

Resource usage summary:

    CPU time :                                   83.52 sec.
    Max Memory :                                 -
    Average Memory :                             -
    Total Requested Memory :                     32.00 GB
    Delta Memory :                               -
    Max Swap :                                   -
    Max Processes :                              4
    Max Threads :                                49
    Run time :                                   87 sec.
    Turnaround time :                            644 sec.

The output (if any) is above this job summary.



PS:

Read file </work/tansey/meisterm/results/2023-08-02/diagonal/log_REP_CTD2/39/39/7/model_split.err> for stderr output of this job.

FINAL LOSS DIFF: -172.70947265625
corr_test: 0.8234778345058477
corr_train: 0.8500555351596312

------------------------------------------------------------
Sender: LSF System <lsfadmin@je18>
Subject: Job 67469927: </work/tansey/meisterm/scripts/heatmap_input.sh 7 8 39 39 REP_published_auc_mean CTD2_published_auc_mean /work/tansey/meisterm/results/2023-08-02/diagonal/log_REP_CTD2/39/39/7 1000 /work/tansey/meisterm/data> in cluster <juno> Done

Job </work/tansey/meisterm/scripts/heatmap_input.sh 7 8 39 39 REP_published_auc_mean CTD2_published_auc_mean /work/tansey/meisterm/results/2023-08-02/diagonal/log_REP_CTD2/39/39/7 1000 /work/tansey/meisterm/data> was submitted from host <juno> by user <meisterm> in cluster <juno> at Wed Aug  2 15:56:16 2023
Job was executed on host(s) <je18>, in queue <general>, as user <meisterm> in cluster <juno> at Wed Aug  2 16:05:33 2023
</home/meisterm> was used as the home directory.
</work/tansey/meisterm> was used as the working directory.
Started at Wed Aug  2 16:05:33 2023
Terminated at Wed Aug  2 16:07:06 2023
Results reported at Wed Aug  2 16:07:06 2023

Your job looked like:

------------------------------------------------------------
# LSBATCH: User input
/work/tansey/meisterm/scripts/heatmap_input.sh 7 8 39 39 REP_published_auc_mean CTD2_published_auc_mean /work/tansey/meisterm/results/2023-08-02/diagonal/log_REP_CTD2/39/39/7 1000 /work/tansey/meisterm/data
------------------------------------------------------------

Successfully completed.

Resource usage summary:

    CPU time :                                   89.72 sec.
    Max Memory :                                 -
    Average Memory :                             -
    Total Requested Memory :                     32.00 GB
    Delta Memory :                               -
    Max Swap :                                   -
    Max Processes :                              4
    Max Threads :                                53
    Run time :                                   93 sec.
    Turnaround time :                            650 sec.

The output (if any) is above this job summary.



PS:

Read file </work/tansey/meisterm/results/2023-08-02/diagonal/log_REP_CTD2/39/39/7/model_split.err> for stderr output of this job.

