train_corr: 0.9565158441415292
test_corr: 0.8322229498699821

------------------------------------------------------------
Sender: LSF System <lsfadmin@ji17>
Subject: Job 68555443: </work/tansey/meisterm/new_scripts/expt.sh /work/tansey/meisterm/code target_only "" CTD2 random_split .10 data/rep-gdsc-ctd2-mean-log.csv /work/tansey/meisterm/results/2023-08-11/run_2d/log_CTD2/10/target_only/5 "" 1000 5> in cluster <juno> Done

Job </work/tansey/meisterm/new_scripts/expt.sh /work/tansey/meisterm/code target_only "" CTD2 random_split .10 data/rep-gdsc-ctd2-mean-log.csv /work/tansey/meisterm/results/2023-08-11/run_2d/log_CTD2/10/target_only/5 "" 1000 5> was submitted from host <juno> by user <meisterm> in cluster <juno> at Fri Aug 11 21:32:32 2023
Job was executed on host(s) <ji17>, in queue <general>, as user <meisterm> in cluster <juno> at Fri Aug 11 22:00:04 2023
</home/meisterm> was used as the home directory.
</work/tansey/meisterm> was used as the working directory.
Started at Fri Aug 11 22:00:04 2023
Terminated at Sat Aug 12 01:19:58 2023
Results reported at Sat Aug 12 01:19:58 2023

Your job looked like:

------------------------------------------------------------
# LSBATCH: User input
/work/tansey/meisterm/new_scripts/expt.sh /work/tansey/meisterm/code target_only "" CTD2 random_split .10 data/rep-gdsc-ctd2-mean-log.csv /work/tansey/meisterm/results/2023-08-11/run_2d/log_CTD2/10/target_only/5 "" 1000 5
------------------------------------------------------------

Successfully completed.

Resource usage summary:

    CPU time :                                   11839.86 sec.
    Max Memory :                                 -
    Average Memory :                             -
    Total Requested Memory :                     32.00 GB
    Delta Memory :                               -
    Max Swap :                                   -
    Max Processes :                              4
    Max Threads :                                77
    Run time :                                   11995 sec.
    Turnaround time :                            13646 sec.

The output (if any) is above this job summary.



PS:

Read file </work/tansey/meisterm/results/2023-08-11/run_2d/log_CTD2/10/target_only/5/err.err> for stderr output of this job.

