train_corr: 0.8834250642965218
test_corr: 0.795923638176931

------------------------------------------------------------
Sender: LSF System <lsfadmin@je21>
Subject: Job 68555258: </work/tansey/meisterm/new_scripts/expt.sh /work/tansey/meisterm/code transfer GDSC REP random_split .90 data/rep-gdsc-ctd2-mean-log.csv /work/tansey/meisterm/results/2023-08-11/run_2d/log_GDSC_REP/90/transfer/2 "" 1000 2> in cluster <juno> Done

Job </work/tansey/meisterm/new_scripts/expt.sh /work/tansey/meisterm/code transfer GDSC REP random_split .90 data/rep-gdsc-ctd2-mean-log.csv /work/tansey/meisterm/results/2023-08-11/run_2d/log_GDSC_REP/90/transfer/2 "" 1000 2> was submitted from host <juno> by user <meisterm> in cluster <juno> at Fri Aug 11 21:32:23 2023
Job was executed on host(s) <je21>, in queue <general>, as user <meisterm> in cluster <juno> at Fri Aug 11 21:42:25 2023
</home/meisterm> was used as the home directory.
</work/tansey/meisterm> was used as the working directory.
Started at Fri Aug 11 21:42:25 2023
Terminated at Sat Aug 12 01:41:19 2023
Results reported at Sat Aug 12 01:41:19 2023

Your job looked like:

------------------------------------------------------------
# LSBATCH: User input
/work/tansey/meisterm/new_scripts/expt.sh /work/tansey/meisterm/code transfer GDSC REP random_split .90 data/rep-gdsc-ctd2-mean-log.csv /work/tansey/meisterm/results/2023-08-11/run_2d/log_GDSC_REP/90/transfer/2 "" 1000 2
------------------------------------------------------------

Successfully completed.

Resource usage summary:

    CPU time :                                   20154.11 sec.
    Max Memory :                                 -
    Average Memory :                             -
    Total Requested Memory :                     32.00 GB
    Delta Memory :                               -
    Max Swap :                                   -
    Max Processes :                              4
    Max Threads :                                53
    Run time :                                   14335 sec.
    Turnaround time :                            14936 sec.

The output (if any) is above this job summary.



PS:

Read file </work/tansey/meisterm/results/2023-08-11/run_2d/log_GDSC_REP/90/transfer/2/err.err> for stderr output of this job.

