/work/tansey/meisterm/data/yaspo_combined.csv

------------------------------------------------------------
Sender: LSF System <lsfadmin@ji12>
Subject: Job 68744046: </work/tansey/meisterm/new_scripts/pdx_embeddings_expt.sh /work/tansey/meisterm/code /work/tansey/meisterm/data/yaspo_combined.csv /work/tansey/meisterm/results/2023-08-13/pdx_embeddings_expt 1000> in cluster <juno> Done

Job </work/tansey/meisterm/new_scripts/pdx_embeddings_expt.sh /work/tansey/meisterm/code /work/tansey/meisterm/data/yaspo_combined.csv /work/tansey/meisterm/results/2023-08-13/pdx_embeddings_expt 1000> was submitted from host <juno> by user <meisterm> in cluster <juno> at Sun Aug 13 16:06:17 2023
Job was executed on host(s) <ji12>, in queue <general>, as user <meisterm> in cluster <juno> at Sun Aug 13 16:06:20 2023
</home/meisterm> was used as the home directory.
</work/tansey/meisterm> was used as the working directory.
Started at Sun Aug 13 16:06:20 2023
Terminated at Sun Aug 13 19:05:11 2023
Results reported at Sun Aug 13 19:05:11 2023

Your job looked like:

------------------------------------------------------------
# LSBATCH: User input
/work/tansey/meisterm/new_scripts/pdx_embeddings_expt.sh /work/tansey/meisterm/code /work/tansey/meisterm/data/yaspo_combined.csv /work/tansey/meisterm/results/2023-08-13/pdx_embeddings_expt 1000
------------------------------------------------------------

Successfully completed.

Resource usage summary:

    CPU time :                                   10700.79 sec.
    Max Memory :                                 -
    Average Memory :                             -
    Total Requested Memory :                     32.00 GB
    Delta Memory :                               -
    Max Swap :                                   -
    Max Processes :                              4
    Max Threads :                                77
    Run time :                                   10732 sec.
    Turnaround time :                            10734 sec.

The output (if any) is above this job summary.



PS:

Read file </work/tansey/meisterm/results/2023-08-13/pdx_embeddings_expt/err.err> for stderr output of this job.

