FINAL LOSS DIFF: 209.205078125
corr_test: 0.8121737429493032
corr_train: 0.8240357614413554

------------------------------------------------------------
Sender: LSF System <lsfadmin@jx28>
Subject: Job 67473079: </work/tansey/meisterm/scripts/heatmap_input.sh 10 6 70 70 REP_published_auc_mean CTD2_published_auc_mean /work/tansey/meisterm/results/2023-08-02/diagonal/log_REP_CTD2/70/70/10 1000 /work/tansey/meisterm/data> in cluster <juno> Done

Job </work/tansey/meisterm/scripts/heatmap_input.sh 10 6 70 70 REP_published_auc_mean CTD2_published_auc_mean /work/tansey/meisterm/results/2023-08-02/diagonal/log_REP_CTD2/70/70/10 1000 /work/tansey/meisterm/data> was submitted from host <juno> by user <meisterm> in cluster <juno> at Wed Aug  2 15:58:30 2023
Job was executed on host(s) <jx28>, in queue <general>, as user <meisterm> in cluster <juno> at Wed Aug  2 16:10:09 2023
</home/meisterm> was used as the home directory.
</work/tansey/meisterm> was used as the working directory.
Started at Wed Aug  2 16:10:09 2023
Terminated at Wed Aug  2 16:11:06 2023
Results reported at Wed Aug  2 16:11:06 2023

Your job looked like:

------------------------------------------------------------
# LSBATCH: User input
/work/tansey/meisterm/scripts/heatmap_input.sh 10 6 70 70 REP_published_auc_mean CTD2_published_auc_mean /work/tansey/meisterm/results/2023-08-02/diagonal/log_REP_CTD2/70/70/10 1000 /work/tansey/meisterm/data
------------------------------------------------------------

Successfully completed.

Resource usage summary:

    CPU time :                                   52.17 sec.
    Max Memory :                                 -
    Average Memory :                             -
    Total Requested Memory :                     32.00 GB
    Delta Memory :                               -
    Max Swap :                                   -
    Max Processes :                              4
    Max Threads :                                33
    Run time :                                   57 sec.
    Turnaround time :                            756 sec.

The output (if any) is above this job summary.



PS:

Read file </work/tansey/meisterm/results/2023-08-02/diagonal/log_REP_CTD2/70/70/10/model_split.err> for stderr output of this job.

FINAL LOSS DIFF: 98.0224609375
corr_test: 0.8170586418540614
corr_train: 0.8302305289590381

------------------------------------------------------------
Sender: LSF System <lsfadmin@ji08>
Subject: Job 67473075: </work/tansey/meisterm/scripts/heatmap_input.sh 10 2 70 70 REP_published_auc_mean CTD2_published_auc_mean /work/tansey/meisterm/results/2023-08-02/diagonal/log_REP_CTD2/70/70/10 1000 /work/tansey/meisterm/data> in cluster <juno> Done

Job </work/tansey/meisterm/scripts/heatmap_input.sh 10 2 70 70 REP_published_auc_mean CTD2_published_auc_mean /work/tansey/meisterm/results/2023-08-02/diagonal/log_REP_CTD2/70/70/10 1000 /work/tansey/meisterm/data> was submitted from host <juno> by user <meisterm> in cluster <juno> at Wed Aug  2 15:58:30 2023
Job was executed on host(s) <ji08>, in queue <general>, as user <meisterm> in cluster <juno> at Wed Aug  2 16:10:09 2023
</home/meisterm> was used as the home directory.
</work/tansey/meisterm> was used as the working directory.
Started at Wed Aug  2 16:10:09 2023
Terminated at Wed Aug  2 16:11:08 2023
Results reported at Wed Aug  2 16:11:08 2023

Your job looked like:

------------------------------------------------------------
# LSBATCH: User input
/work/tansey/meisterm/scripts/heatmap_input.sh 10 2 70 70 REP_published_auc_mean CTD2_published_auc_mean /work/tansey/meisterm/results/2023-08-02/diagonal/log_REP_CTD2/70/70/10 1000 /work/tansey/meisterm/data
------------------------------------------------------------

Successfully completed.

Resource usage summary:

    CPU time :                                   54.09 sec.
    Max Memory :                                 -
    Average Memory :                             -
    Total Requested Memory :                     32.00 GB
    Delta Memory :                               -
    Max Swap :                                   -
    Max Processes :                              4
    Max Threads :                                77
    Run time :                                   59 sec.
    Turnaround time :                            758 sec.

The output (if any) is above this job summary.



PS:

Read file </work/tansey/meisterm/results/2023-08-02/diagonal/log_REP_CTD2/70/70/10/model_split.err> for stderr output of this job.

FINAL LOSS DIFF: 4.1767578125
corr_test: 0.8130852097135578
corr_train: 0.8275344226228643

------------------------------------------------------------
Sender: LSF System <lsfadmin@ji05>
Subject: Job 67473081: </work/tansey/meisterm/scripts/heatmap_input.sh 10 8 70 70 REP_published_auc_mean CTD2_published_auc_mean /work/tansey/meisterm/results/2023-08-02/diagonal/log_REP_CTD2/70/70/10 1000 /work/tansey/meisterm/data> in cluster <juno> Done

Job </work/tansey/meisterm/scripts/heatmap_input.sh 10 8 70 70 REP_published_auc_mean CTD2_published_auc_mean /work/tansey/meisterm/results/2023-08-02/diagonal/log_REP_CTD2/70/70/10 1000 /work/tansey/meisterm/data> was submitted from host <juno> by user <meisterm> in cluster <juno> at Wed Aug  2 15:58:30 2023
Job was executed on host(s) <ji05>, in queue <general>, as user <meisterm> in cluster <juno> at Wed Aug  2 16:10:10 2023
</home/meisterm> was used as the home directory.
</work/tansey/meisterm> was used as the working directory.
Started at Wed Aug  2 16:10:10 2023
Terminated at Wed Aug  2 16:11:18 2023
Results reported at Wed Aug  2 16:11:18 2023

Your job looked like:

------------------------------------------------------------
# LSBATCH: User input
/work/tansey/meisterm/scripts/heatmap_input.sh 10 8 70 70 REP_published_auc_mean CTD2_published_auc_mean /work/tansey/meisterm/results/2023-08-02/diagonal/log_REP_CTD2/70/70/10 1000 /work/tansey/meisterm/data
------------------------------------------------------------

Successfully completed.

Resource usage summary:

    CPU time :                                   63.55 sec.
    Max Memory :                                 -
    Average Memory :                             -
    Total Requested Memory :                     32.00 GB
    Delta Memory :                               -
    Max Swap :                                   -
    Max Processes :                              4
    Max Threads :                                77
    Run time :                                   68 sec.
    Turnaround time :                            768 sec.

The output (if any) is above this job summary.



PS:

Read file </work/tansey/meisterm/results/2023-08-02/diagonal/log_REP_CTD2/70/70/10/model_split.err> for stderr output of this job.

FINAL LOSS DIFF: -160.9677734375
corr_test: 0.8074274513165437
corr_train: 0.82040356087373

------------------------------------------------------------
Sender: LSF System <lsfadmin@ji05>
Subject: Job 67473082: </work/tansey/meisterm/scripts/heatmap_input.sh 10 9 70 70 REP_published_auc_mean CTD2_published_auc_mean /work/tansey/meisterm/results/2023-08-02/diagonal/log_REP_CTD2/70/70/10 1000 /work/tansey/meisterm/data> in cluster <juno> Done

Job </work/tansey/meisterm/scripts/heatmap_input.sh 10 9 70 70 REP_published_auc_mean CTD2_published_auc_mean /work/tansey/meisterm/results/2023-08-02/diagonal/log_REP_CTD2/70/70/10 1000 /work/tansey/meisterm/data> was submitted from host <juno> by user <meisterm> in cluster <juno> at Wed Aug  2 15:58:30 2023
Job was executed on host(s) <ji05>, in queue <general>, as user <meisterm> in cluster <juno> at Wed Aug  2 16:10:10 2023
</home/meisterm> was used as the home directory.
</work/tansey/meisterm> was used as the working directory.
Started at Wed Aug  2 16:10:10 2023
Terminated at Wed Aug  2 16:11:19 2023
Results reported at Wed Aug  2 16:11:19 2023

Your job looked like:

------------------------------------------------------------
# LSBATCH: User input
/work/tansey/meisterm/scripts/heatmap_input.sh 10 9 70 70 REP_published_auc_mean CTD2_published_auc_mean /work/tansey/meisterm/results/2023-08-02/diagonal/log_REP_CTD2/70/70/10 1000 /work/tansey/meisterm/data
------------------------------------------------------------

Successfully completed.

Resource usage summary:

    CPU time :                                   63.87 sec.
    Max Memory :                                 -
    Average Memory :                             -
    Total Requested Memory :                     32.00 GB
    Delta Memory :                               -
    Max Swap :                                   -
    Max Processes :                              4
    Max Threads :                                77
    Run time :                                   69 sec.
    Turnaround time :                            769 sec.

The output (if any) is above this job summary.



PS:

Read file </work/tansey/meisterm/results/2023-08-02/diagonal/log_REP_CTD2/70/70/10/model_split.err> for stderr output of this job.

FINAL LOSS DIFF: 242.9814453125
corr_test: 0.8102077015245006
corr_train: 0.8295387027255746

------------------------------------------------------------
Sender: LSF System <lsfadmin@ji11>
Subject: Job 67473074: </work/tansey/meisterm/scripts/heatmap_input.sh 10 1 70 70 REP_published_auc_mean CTD2_published_auc_mean /work/tansey/meisterm/results/2023-08-02/diagonal/log_REP_CTD2/70/70/10 1000 /work/tansey/meisterm/data> in cluster <juno> Done

Job </work/tansey/meisterm/scripts/heatmap_input.sh 10 1 70 70 REP_published_auc_mean CTD2_published_auc_mean /work/tansey/meisterm/results/2023-08-02/diagonal/log_REP_CTD2/70/70/10 1000 /work/tansey/meisterm/data> was submitted from host <juno> by user <meisterm> in cluster <juno> at Wed Aug  2 15:58:30 2023
Job was executed on host(s) <ji11>, in queue <general>, as user <meisterm> in cluster <juno> at Wed Aug  2 16:10:09 2023
</home/meisterm> was used as the home directory.
</work/tansey/meisterm> was used as the working directory.
Started at Wed Aug  2 16:10:09 2023
Terminated at Wed Aug  2 16:11:35 2023
Results reported at Wed Aug  2 16:11:35 2023

Your job looked like:

------------------------------------------------------------
# LSBATCH: User input
/work/tansey/meisterm/scripts/heatmap_input.sh 10 1 70 70 REP_published_auc_mean CTD2_published_auc_mean /work/tansey/meisterm/results/2023-08-02/diagonal/log_REP_CTD2/70/70/10 1000 /work/tansey/meisterm/data
------------------------------------------------------------

Successfully completed.

Resource usage summary:

    CPU time :                                   81.09 sec.
    Max Memory :                                 -
    Average Memory :                             -
    Total Requested Memory :                     32.00 GB
    Delta Memory :                               -
    Max Swap :                                   -
    Max Processes :                              4
    Max Threads :                                77
    Run time :                                   85 sec.
    Turnaround time :                            785 sec.

The output (if any) is above this job summary.



PS:

Read file </work/tansey/meisterm/results/2023-08-02/diagonal/log_REP_CTD2/70/70/10/model_split.err> for stderr output of this job.

FINAL LOSS DIFF: 131.9580078125
corr_test: 0.8165052275516993
corr_train: 0.83023775662322

------------------------------------------------------------
Sender: LSF System <lsfadmin@ja08>
Subject: Job 67473078: </work/tansey/meisterm/scripts/heatmap_input.sh 10 5 70 70 REP_published_auc_mean CTD2_published_auc_mean /work/tansey/meisterm/results/2023-08-02/diagonal/log_REP_CTD2/70/70/10 1000 /work/tansey/meisterm/data> in cluster <juno> Done

Job </work/tansey/meisterm/scripts/heatmap_input.sh 10 5 70 70 REP_published_auc_mean CTD2_published_auc_mean /work/tansey/meisterm/results/2023-08-02/diagonal/log_REP_CTD2/70/70/10 1000 /work/tansey/meisterm/data> was submitted from host <juno> by user <meisterm> in cluster <juno> at Wed Aug  2 15:58:30 2023
Job was executed on host(s) <ja08>, in queue <general>, as user <meisterm> in cluster <juno> at Wed Aug  2 16:10:10 2023
</home/meisterm> was used as the home directory.
</work/tansey/meisterm> was used as the working directory.
Started at Wed Aug  2 16:10:10 2023
Terminated at Wed Aug  2 16:11:41 2023
Results reported at Wed Aug  2 16:11:41 2023

Your job looked like:

------------------------------------------------------------
# LSBATCH: User input
/work/tansey/meisterm/scripts/heatmap_input.sh 10 5 70 70 REP_published_auc_mean CTD2_published_auc_mean /work/tansey/meisterm/results/2023-08-02/diagonal/log_REP_CTD2/70/70/10 1000 /work/tansey/meisterm/data
------------------------------------------------------------

Successfully completed.

Resource usage summary:

    CPU time :                                   86.63 sec.
    Max Memory :                                 -
    Average Memory :                             -
    Total Requested Memory :                     32.00 GB
    Delta Memory :                               -
    Max Swap :                                   -
    Max Processes :                              4
    Max Threads :                                49
    Run time :                                   92 sec.
    Turnaround time :                            791 sec.

The output (if any) is above this job summary.



PS:

Read file </work/tansey/meisterm/results/2023-08-02/diagonal/log_REP_CTD2/70/70/10/model_split.err> for stderr output of this job.

FINAL LOSS DIFF: 306.107421875
corr_test: 0.817528162793423
corr_train: 0.8310541545055374

------------------------------------------------------------
Sender: LSF System <lsfadmin@je19>
Subject: Job 67473077: </work/tansey/meisterm/scripts/heatmap_input.sh 10 4 70 70 REP_published_auc_mean CTD2_published_auc_mean /work/tansey/meisterm/results/2023-08-02/diagonal/log_REP_CTD2/70/70/10 1000 /work/tansey/meisterm/data> in cluster <juno> Done

Job </work/tansey/meisterm/scripts/heatmap_input.sh 10 4 70 70 REP_published_auc_mean CTD2_published_auc_mean /work/tansey/meisterm/results/2023-08-02/diagonal/log_REP_CTD2/70/70/10 1000 /work/tansey/meisterm/data> was submitted from host <juno> by user <meisterm> in cluster <juno> at Wed Aug  2 15:58:30 2023
Job was executed on host(s) <je19>, in queue <general>, as user <meisterm> in cluster <juno> at Wed Aug  2 16:10:10 2023
</home/meisterm> was used as the home directory.
</work/tansey/meisterm> was used as the working directory.
Started at Wed Aug  2 16:10:10 2023
Terminated at Wed Aug  2 16:11:42 2023
Results reported at Wed Aug  2 16:11:42 2023

Your job looked like:

------------------------------------------------------------
# LSBATCH: User input
/work/tansey/meisterm/scripts/heatmap_input.sh 10 4 70 70 REP_published_auc_mean CTD2_published_auc_mean /work/tansey/meisterm/results/2023-08-02/diagonal/log_REP_CTD2/70/70/10 1000 /work/tansey/meisterm/data
------------------------------------------------------------

Successfully completed.

Resource usage summary:

    CPU time :                                   87.39 sec.
    Max Memory :                                 -
    Average Memory :                             -
    Total Requested Memory :                     32.00 GB
    Delta Memory :                               -
    Max Swap :                                   -
    Max Processes :                              4
    Max Threads :                                53
    Run time :                                   92 sec.
    Turnaround time :                            792 sec.

The output (if any) is above this job summary.



PS:

Read file </work/tansey/meisterm/results/2023-08-02/diagonal/log_REP_CTD2/70/70/10/model_split.err> for stderr output of this job.

FINAL LOSS DIFF: 34.119140625
corr_test: 0.8106131523169747
corr_train: 0.8264390606819366

------------------------------------------------------------
Sender: LSF System <lsfadmin@je19>
Subject: Job 67473080: </work/tansey/meisterm/scripts/heatmap_input.sh 10 7 70 70 REP_published_auc_mean CTD2_published_auc_mean /work/tansey/meisterm/results/2023-08-02/diagonal/log_REP_CTD2/70/70/10 1000 /work/tansey/meisterm/data> in cluster <juno> Done

Job </work/tansey/meisterm/scripts/heatmap_input.sh 10 7 70 70 REP_published_auc_mean CTD2_published_auc_mean /work/tansey/meisterm/results/2023-08-02/diagonal/log_REP_CTD2/70/70/10 1000 /work/tansey/meisterm/data> was submitted from host <juno> by user <meisterm> in cluster <juno> at Wed Aug  2 15:58:30 2023
Job was executed on host(s) <je19>, in queue <general>, as user <meisterm> in cluster <juno> at Wed Aug  2 16:10:10 2023
</home/meisterm> was used as the home directory.
</work/tansey/meisterm> was used as the working directory.
Started at Wed Aug  2 16:10:10 2023
Terminated at Wed Aug  2 16:11:44 2023
Results reported at Wed Aug  2 16:11:44 2023

Your job looked like:

------------------------------------------------------------
# LSBATCH: User input
/work/tansey/meisterm/scripts/heatmap_input.sh 10 7 70 70 REP_published_auc_mean CTD2_published_auc_mean /work/tansey/meisterm/results/2023-08-02/diagonal/log_REP_CTD2/70/70/10 1000 /work/tansey/meisterm/data
------------------------------------------------------------

Successfully completed.

Resource usage summary:

    CPU time :                                   89.56 sec.
    Max Memory :                                 -
    Average Memory :                             -
    Total Requested Memory :                     32.00 GB
    Delta Memory :                               -
    Max Swap :                                   -
    Max Processes :                              4
    Max Threads :                                53
    Run time :                                   94 sec.
    Turnaround time :                            794 sec.

The output (if any) is above this job summary.



PS:

Read file </work/tansey/meisterm/results/2023-08-02/diagonal/log_REP_CTD2/70/70/10/model_split.err> for stderr output of this job.

FINAL LOSS DIFF: -77.12109375
corr_test: 0.8127841770777674
corr_train: 0.8280239682246466

------------------------------------------------------------
Sender: LSF System <lsfadmin@ja02>
Subject: Job 67473076: </work/tansey/meisterm/scripts/heatmap_input.sh 10 3 70 70 REP_published_auc_mean CTD2_published_auc_mean /work/tansey/meisterm/results/2023-08-02/diagonal/log_REP_CTD2/70/70/10 1000 /work/tansey/meisterm/data> in cluster <juno> Done

Job </work/tansey/meisterm/scripts/heatmap_input.sh 10 3 70 70 REP_published_auc_mean CTD2_published_auc_mean /work/tansey/meisterm/results/2023-08-02/diagonal/log_REP_CTD2/70/70/10 1000 /work/tansey/meisterm/data> was submitted from host <juno> by user <meisterm> in cluster <juno> at Wed Aug  2 15:58:30 2023
Job was executed on host(s) <ja02>, in queue <general>, as user <meisterm> in cluster <juno> at Wed Aug  2 16:10:09 2023
</home/meisterm> was used as the home directory.
</work/tansey/meisterm> was used as the working directory.
Started at Wed Aug  2 16:10:09 2023
Terminated at Wed Aug  2 16:11:50 2023
Results reported at Wed Aug  2 16:11:50 2023

Your job looked like:

------------------------------------------------------------
# LSBATCH: User input
/work/tansey/meisterm/scripts/heatmap_input.sh 10 3 70 70 REP_published_auc_mean CTD2_published_auc_mean /work/tansey/meisterm/results/2023-08-02/diagonal/log_REP_CTD2/70/70/10 1000 /work/tansey/meisterm/data
------------------------------------------------------------

Successfully completed.

Resource usage summary:

    CPU time :                                   96.54 sec.
    Max Memory :                                 -
    Average Memory :                             -
    Total Requested Memory :                     32.00 GB
    Delta Memory :                               -
    Max Swap :                                   -
    Max Processes :                              4
    Max Threads :                                49
    Run time :                                   102 sec.
    Turnaround time :                            800 sec.

The output (if any) is above this job summary.



PS:

Read file </work/tansey/meisterm/results/2023-08-02/diagonal/log_REP_CTD2/70/70/10/model_split.err> for stderr output of this job.

FINAL LOSS DIFF: -105.7509765625
corr_test: 0.8128364862179394
corr_train: 0.8274451280004295

------------------------------------------------------------
Sender: LSF System <lsfadmin@je18>
Subject: Job 67473083: </work/tansey/meisterm/scripts/heatmap_input.sh 10 10 70 70 REP_published_auc_mean CTD2_published_auc_mean /work/tansey/meisterm/results/2023-08-02/diagonal/log_REP_CTD2/70/70/10 1000 /work/tansey/meisterm/data> in cluster <juno> Done

Job </work/tansey/meisterm/scripts/heatmap_input.sh 10 10 70 70 REP_published_auc_mean CTD2_published_auc_mean /work/tansey/meisterm/results/2023-08-02/diagonal/log_REP_CTD2/70/70/10 1000 /work/tansey/meisterm/data> was submitted from host <juno> by user <meisterm> in cluster <juno> at Wed Aug  2 15:58:30 2023
Job was executed on host(s) <je18>, in queue <general>, as user <meisterm> in cluster <juno> at Wed Aug  2 16:10:11 2023
</home/meisterm> was used as the home directory.
</work/tansey/meisterm> was used as the working directory.
Started at Wed Aug  2 16:10:11 2023
Terminated at Wed Aug  2 16:12:00 2023
Results reported at Wed Aug  2 16:12:00 2023

Your job looked like:

------------------------------------------------------------
# LSBATCH: User input
/work/tansey/meisterm/scripts/heatmap_input.sh 10 10 70 70 REP_published_auc_mean CTD2_published_auc_mean /work/tansey/meisterm/results/2023-08-02/diagonal/log_REP_CTD2/70/70/10 1000 /work/tansey/meisterm/data
------------------------------------------------------------

Successfully completed.

Resource usage summary:

    CPU time :                                   102.29 sec.
    Max Memory :                                 -
    Average Memory :                             -
    Total Requested Memory :                     32.00 GB
    Delta Memory :                               -
    Max Swap :                                   -
    Max Processes :                              4
    Max Threads :                                53
    Run time :                                   110 sec.
    Turnaround time :                            810 sec.

The output (if any) is above this job summary.



PS:

Read file </work/tansey/meisterm/results/2023-08-02/diagonal/log_REP_CTD2/70/70/10/model_split.err> for stderr output of this job.

