train_corr: 0.4913076440297848
test_corr: 0.49869061564847

------------------------------------------------------------
Sender: LSF System <lsfadmin@je08>
Subject: Job 68466454: </work/tansey/meisterm/new_scripts/expt.sh /work/tansey/meisterm/code raw GDSC CTD2 random_split .20 data/rep-gdsc-ctd2-mean-log.csv /work/tansey/meisterm/results/2023-08-10/run_2d/log_GDSC_CTD2/20/raw/1 "" 1000 1> in cluster <juno> Done

Job </work/tansey/meisterm/new_scripts/expt.sh /work/tansey/meisterm/code raw GDSC CTD2 random_split .20 data/rep-gdsc-ctd2-mean-log.csv /work/tansey/meisterm/results/2023-08-10/run_2d/log_GDSC_CTD2/20/raw/1 "" 1000 1> was submitted from host <juno> by user <meisterm> in cluster <juno> at Thu Aug 10 17:58:14 2023
Job was executed on host(s) <je08>, in queue <general>, as user <meisterm> in cluster <juno> at Thu Aug 10 17:58:19 2023
</home/meisterm> was used as the home directory.
</work/tansey/meisterm> was used as the working directory.
Started at Thu Aug 10 17:58:19 2023
Terminated at Thu Aug 10 17:58:37 2023
Results reported at Thu Aug 10 17:58:37 2023

Your job looked like:

------------------------------------------------------------
# LSBATCH: User input
/work/tansey/meisterm/new_scripts/expt.sh /work/tansey/meisterm/code raw GDSC CTD2 random_split .20 data/rep-gdsc-ctd2-mean-log.csv /work/tansey/meisterm/results/2023-08-10/run_2d/log_GDSC_CTD2/20/raw/1 "" 1000 1
------------------------------------------------------------

Successfully completed.

Resource usage summary:

    CPU time :                                   7.53 sec.
    Max Memory :                                 -
    Average Memory :                             -
    Total Requested Memory :                     32.00 GB
    Delta Memory :                               -
    Max Swap :                                   -
    Max Processes :                              4
    Max Threads :                                13
    Run time :                                   16 sec.
    Turnaround time :                            23 sec.

The output (if any) is above this job summary.



PS:

Read file </work/tansey/meisterm/results/2023-08-10/run_2d/log_GDSC_CTD2/20/raw/1/err.err> for stderr output of this job.

