FINAL LOSS DIFF: 109.2236328125
corr_test: 0.8035879933277356
corr_train: 0.8266994161981157

------------------------------------------------------------
Sender: LSF System <lsfadmin@jx05>
Subject: Job 67472599: </work/tansey/meisterm/scripts/heatmap_input.sh 2 8 66 66 REP_published_auc_mean CTD2_published_auc_mean /work/tansey/meisterm/results/2023-08-02/diagonal/log_REP_CTD2/66/66/2 1000 /work/tansey/meisterm/data> in cluster <juno> Done

Job </work/tansey/meisterm/scripts/heatmap_input.sh 2 8 66 66 REP_published_auc_mean CTD2_published_auc_mean /work/tansey/meisterm/results/2023-08-02/diagonal/log_REP_CTD2/66/66/2 1000 /work/tansey/meisterm/data> was submitted from host <juno> by user <meisterm> in cluster <juno> at Wed Aug  2 15:58:10 2023
Job was executed on host(s) <jx05>, in queue <general>, as user <meisterm> in cluster <juno> at Wed Aug  2 16:09:22 2023
</home/meisterm> was used as the home directory.
</work/tansey/meisterm> was used as the working directory.
Started at Wed Aug  2 16:09:22 2023
Terminated at Wed Aug  2 16:10:11 2023
Results reported at Wed Aug  2 16:10:11 2023

Your job looked like:

------------------------------------------------------------
# LSBATCH: User input
/work/tansey/meisterm/scripts/heatmap_input.sh 2 8 66 66 REP_published_auc_mean CTD2_published_auc_mean /work/tansey/meisterm/results/2023-08-02/diagonal/log_REP_CTD2/66/66/2 1000 /work/tansey/meisterm/data
------------------------------------------------------------

Successfully completed.

Resource usage summary:

    CPU time :                                   67.75 sec.
    Max Memory :                                 -
    Average Memory :                             -
    Total Requested Memory :                     32.00 GB
    Delta Memory :                               -
    Max Swap :                                   -
    Max Processes :                              4
    Max Threads :                                33
    Run time :                                   49 sec.
    Turnaround time :                            721 sec.

The output (if any) is above this job summary.



PS:

Read file </work/tansey/meisterm/results/2023-08-02/diagonal/log_REP_CTD2/66/66/2/model_split.err> for stderr output of this job.

FINAL LOSS DIFF: 4.3466796875
corr_test: 0.8069277455968972
corr_train: 0.8293701615500042

------------------------------------------------------------
Sender: LSF System <lsfadmin@je03>
Subject: Job 67472598: </work/tansey/meisterm/scripts/heatmap_input.sh 2 7 66 66 REP_published_auc_mean CTD2_published_auc_mean /work/tansey/meisterm/results/2023-08-02/diagonal/log_REP_CTD2/66/66/2 1000 /work/tansey/meisterm/data> in cluster <juno> Done

Job </work/tansey/meisterm/scripts/heatmap_input.sh 2 7 66 66 REP_published_auc_mean CTD2_published_auc_mean /work/tansey/meisterm/results/2023-08-02/diagonal/log_REP_CTD2/66/66/2 1000 /work/tansey/meisterm/data> was submitted from host <juno> by user <meisterm> in cluster <juno> at Wed Aug  2 15:58:10 2023
Job was executed on host(s) <je03>, in queue <general>, as user <meisterm> in cluster <juno> at Wed Aug  2 16:09:22 2023
</home/meisterm> was used as the home directory.
</work/tansey/meisterm> was used as the working directory.
Started at Wed Aug  2 16:09:22 2023
Terminated at Wed Aug  2 16:10:35 2023
Results reported at Wed Aug  2 16:10:35 2023

Your job looked like:

------------------------------------------------------------
# LSBATCH: User input
/work/tansey/meisterm/scripts/heatmap_input.sh 2 7 66 66 REP_published_auc_mean CTD2_published_auc_mean /work/tansey/meisterm/results/2023-08-02/diagonal/log_REP_CTD2/66/66/2 1000 /work/tansey/meisterm/data
------------------------------------------------------------

Successfully completed.

Resource usage summary:

    CPU time :                                   69.69 sec.
    Max Memory :                                 -
    Average Memory :                             -
    Total Requested Memory :                     32.00 GB
    Delta Memory :                               -
    Max Swap :                                   -
    Max Processes :                              4
    Max Threads :                                53
    Run time :                                   74 sec.
    Turnaround time :                            745 sec.

The output (if any) is above this job summary.



PS:

Read file </work/tansey/meisterm/results/2023-08-02/diagonal/log_REP_CTD2/66/66/2/model_split.err> for stderr output of this job.

FINAL LOSS DIFF: 263.8671875
corr_test: 0.7995679726510324
corr_train: 0.8222412694607489

------------------------------------------------------------
Sender: LSF System <lsfadmin@jh04>
Subject: Job 67472596: </work/tansey/meisterm/scripts/heatmap_input.sh 2 5 66 66 REP_published_auc_mean CTD2_published_auc_mean /work/tansey/meisterm/results/2023-08-02/diagonal/log_REP_CTD2/66/66/2 1000 /work/tansey/meisterm/data> in cluster <juno> Done

Job </work/tansey/meisterm/scripts/heatmap_input.sh 2 5 66 66 REP_published_auc_mean CTD2_published_auc_mean /work/tansey/meisterm/results/2023-08-02/diagonal/log_REP_CTD2/66/66/2 1000 /work/tansey/meisterm/data> was submitted from host <juno> by user <meisterm> in cluster <juno> at Wed Aug  2 15:58:09 2023
Job was executed on host(s) <jh04>, in queue <general>, as user <meisterm> in cluster <juno> at Wed Aug  2 16:09:21 2023
</home/meisterm> was used as the home directory.
</work/tansey/meisterm> was used as the working directory.
Started at Wed Aug  2 16:09:21 2023
Terminated at Wed Aug  2 16:10:38 2023
Results reported at Wed Aug  2 16:10:38 2023

Your job looked like:

------------------------------------------------------------
# LSBATCH: User input
/work/tansey/meisterm/scripts/heatmap_input.sh 2 5 66 66 REP_published_auc_mean CTD2_published_auc_mean /work/tansey/meisterm/results/2023-08-02/diagonal/log_REP_CTD2/66/66/2 1000 /work/tansey/meisterm/data
------------------------------------------------------------

Successfully completed.

Resource usage summary:

    CPU time :                                   73.47 sec.
    Max Memory :                                 -
    Average Memory :                             -
    Total Requested Memory :                     32.00 GB
    Delta Memory :                               -
    Max Swap :                                   -
    Max Processes :                              4
    Max Threads :                                65
    Run time :                                   77 sec.
    Turnaround time :                            749 sec.

The output (if any) is above this job summary.



PS:

Read file </work/tansey/meisterm/results/2023-08-02/diagonal/log_REP_CTD2/66/66/2/model_split.err> for stderr output of this job.

FINAL LOSS DIFF: 61.955078125
corr_test: 0.8061710655337107
corr_train: 0.8281671484210766
FINAL LOSS DIFF: -39.8037109375
corr_test: 0.8073411349358633
corr_train: 0.8270297142299143

------------------------------------------------------------
Sender: LSF System <lsfadmin@ji14>
Subject: Job 67472593: </work/tansey/meisterm/scripts/heatmap_input.sh 2 2 66 66 REP_published_auc_mean CTD2_published_auc_mean /work/tansey/meisterm/results/2023-08-02/diagonal/log_REP_CTD2/66/66/2 1000 /work/tansey/meisterm/data> in cluster <juno> Done

Job </work/tansey/meisterm/scripts/heatmap_input.sh 2 2 66 66 REP_published_auc_mean CTD2_published_auc_mean /work/tansey/meisterm/results/2023-08-02/diagonal/log_REP_CTD2/66/66/2 1000 /work/tansey/meisterm/data> was submitted from host <juno> by user <meisterm> in cluster <juno> at Wed Aug  2 15:58:09 2023
Job was executed on host(s) <ji14>, in queue <general>, as user <meisterm> in cluster <juno> at Wed Aug  2 16:09:20 2023
</home/meisterm> was used as the home directory.
</work/tansey/meisterm> was used as the working directory.
Started at Wed Aug  2 16:09:20 2023
Terminated at Wed Aug  2 16:10:39 2023
Results reported at Wed Aug  2 16:10:39 2023

Your job looked like:

------------------------------------------------------------
# LSBATCH: User input
/work/tansey/meisterm/scripts/heatmap_input.sh 2 2 66 66 REP_published_auc_mean CTD2_published_auc_mean /work/tansey/meisterm/results/2023-08-02/diagonal/log_REP_CTD2/66/66/2 1000 /work/tansey/meisterm/data
------------------------------------------------------------

Successfully completed.

Resource usage summary:

    CPU time :                                   75.09 sec.
    Max Memory :                                 -
    Average Memory :                             -
    Total Requested Memory :                     32.00 GB
    Delta Memory :                               -
    Max Swap :                                   -
    Max Processes :                              4
    Max Threads :                                77
    Run time :                                   78 sec.
    Turnaround time :                            750 sec.

The output (if any) is above this job summary.



PS:

Read file </work/tansey/meisterm/results/2023-08-02/diagonal/log_REP_CTD2/66/66/2/model_split.err> for stderr output of this job.


------------------------------------------------------------
Sender: LSF System <lsfadmin@jh05>
Subject: Job 67472600: </work/tansey/meisterm/scripts/heatmap_input.sh 2 9 66 66 REP_published_auc_mean CTD2_published_auc_mean /work/tansey/meisterm/results/2023-08-02/diagonal/log_REP_CTD2/66/66/2 1000 /work/tansey/meisterm/data> in cluster <juno> Done

Job </work/tansey/meisterm/scripts/heatmap_input.sh 2 9 66 66 REP_published_auc_mean CTD2_published_auc_mean /work/tansey/meisterm/results/2023-08-02/diagonal/log_REP_CTD2/66/66/2 1000 /work/tansey/meisterm/data> was submitted from host <juno> by user <meisterm> in cluster <juno> at Wed Aug  2 15:58:10 2023
Job was executed on host(s) <jh05>, in queue <general>, as user <meisterm> in cluster <juno> at Wed Aug  2 16:09:22 2023
</home/meisterm> was used as the home directory.
</work/tansey/meisterm> was used as the working directory.
Started at Wed Aug  2 16:09:22 2023
Terminated at Wed Aug  2 16:10:39 2023
Results reported at Wed Aug  2 16:10:39 2023

Your job looked like:

------------------------------------------------------------
# LSBATCH: User input
/work/tansey/meisterm/scripts/heatmap_input.sh 2 9 66 66 REP_published_auc_mean CTD2_published_auc_mean /work/tansey/meisterm/results/2023-08-02/diagonal/log_REP_CTD2/66/66/2 1000 /work/tansey/meisterm/data
------------------------------------------------------------

Successfully completed.

Resource usage summary:

    CPU time :                                   74.57 sec.
    Max Memory :                                 -
    Average Memory :                             -
    Total Requested Memory :                     32.00 GB
    Delta Memory :                               -
    Max Swap :                                   -
    Max Processes :                              4
    Max Threads :                                65
    Run time :                                   77 sec.
    Turnaround time :                            749 sec.

The output (if any) is above this job summary.



PS:

Read file </work/tansey/meisterm/results/2023-08-02/diagonal/log_REP_CTD2/66/66/2/model_split.err> for stderr output of this job.

FINAL LOSS DIFF: 64.9208984375
corr_test: 0.8085042734122678
corr_train: 0.8290493595086098
FINAL LOSS DIFF: 131.3583984375
corr_test: 0.8093821886340455
corr_train: 0.8322938710331782

------------------------------------------------------------
Sender: LSF System <lsfadmin@jh08>
Subject: Job 67472601: </work/tansey/meisterm/scripts/heatmap_input.sh 2 10 66 66 REP_published_auc_mean CTD2_published_auc_mean /work/tansey/meisterm/results/2023-08-02/diagonal/log_REP_CTD2/66/66/2 1000 /work/tansey/meisterm/data> in cluster <juno> Done

Job </work/tansey/meisterm/scripts/heatmap_input.sh 2 10 66 66 REP_published_auc_mean CTD2_published_auc_mean /work/tansey/meisterm/results/2023-08-02/diagonal/log_REP_CTD2/66/66/2 1000 /work/tansey/meisterm/data> was submitted from host <juno> by user <meisterm> in cluster <juno> at Wed Aug  2 15:58:10 2023
Job was executed on host(s) <jh08>, in queue <general>, as user <meisterm> in cluster <juno> at Wed Aug  2 16:09:22 2023
</home/meisterm> was used as the home directory.
</work/tansey/meisterm> was used as the working directory.
Started at Wed Aug  2 16:09:22 2023
Terminated at Wed Aug  2 16:10:41 2023
Results reported at Wed Aug  2 16:10:41 2023

Your job looked like:

------------------------------------------------------------
# LSBATCH: User input
/work/tansey/meisterm/scripts/heatmap_input.sh 2 10 66 66 REP_published_auc_mean CTD2_published_auc_mean /work/tansey/meisterm/results/2023-08-02/diagonal/log_REP_CTD2/66/66/2 1000 /work/tansey/meisterm/data
------------------------------------------------------------

Successfully completed.

Resource usage summary:

    CPU time :                                   76.24 sec.
    Max Memory :                                 -
    Average Memory :                             -
    Total Requested Memory :                     32.00 GB
    Delta Memory :                               -
    Max Swap :                                   -
    Max Processes :                              4
    Max Threads :                                65
    Run time :                                   80 sec.
    Turnaround time :                            751 sec.

The output (if any) is above this job summary.



PS:

Read file </work/tansey/meisterm/results/2023-08-02/diagonal/log_REP_CTD2/66/66/2/model_split.err> for stderr output of this job.

FINAL LOSS DIFF: 110.4794921875
corr_test: 0.811948330771859
corr_train: 0.8328243291557427

------------------------------------------------------------
Sender: LSF System <lsfadmin@jh06>
Subject: Job 67472595: </work/tansey/meisterm/scripts/heatmap_input.sh 2 4 66 66 REP_published_auc_mean CTD2_published_auc_mean /work/tansey/meisterm/results/2023-08-02/diagonal/log_REP_CTD2/66/66/2 1000 /work/tansey/meisterm/data> in cluster <juno> Done

Job </work/tansey/meisterm/scripts/heatmap_input.sh 2 4 66 66 REP_published_auc_mean CTD2_published_auc_mean /work/tansey/meisterm/results/2023-08-02/diagonal/log_REP_CTD2/66/66/2 1000 /work/tansey/meisterm/data> was submitted from host <juno> by user <meisterm> in cluster <juno> at Wed Aug  2 15:58:09 2023
Job was executed on host(s) <jh06>, in queue <general>, as user <meisterm> in cluster <juno> at Wed Aug  2 16:09:21 2023
</home/meisterm> was used as the home directory.
</work/tansey/meisterm> was used as the working directory.
Started at Wed Aug  2 16:09:21 2023
Terminated at Wed Aug  2 16:10:41 2023
Results reported at Wed Aug  2 16:10:41 2023

Your job looked like:

------------------------------------------------------------
# LSBATCH: User input
/work/tansey/meisterm/scripts/heatmap_input.sh 2 4 66 66 REP_published_auc_mean CTD2_published_auc_mean /work/tansey/meisterm/results/2023-08-02/diagonal/log_REP_CTD2/66/66/2 1000 /work/tansey/meisterm/data
------------------------------------------------------------

Successfully completed.

Resource usage summary:

    CPU time :                                   77.20 sec.
    Max Memory :                                 -
    Average Memory :                             -
    Total Requested Memory :                     32.00 GB
    Delta Memory :                               -
    Max Swap :                                   -
    Max Processes :                              4
    Max Threads :                                65
    Run time :                                   80 sec.
    Turnaround time :                            752 sec.

The output (if any) is above this job summary.



PS:

Read file </work/tansey/meisterm/results/2023-08-02/diagonal/log_REP_CTD2/66/66/2/model_split.err> for stderr output of this job.


------------------------------------------------------------
Sender: LSF System <lsfadmin@jh09>
Subject: Job 67472597: </work/tansey/meisterm/scripts/heatmap_input.sh 2 6 66 66 REP_published_auc_mean CTD2_published_auc_mean /work/tansey/meisterm/results/2023-08-02/diagonal/log_REP_CTD2/66/66/2 1000 /work/tansey/meisterm/data> in cluster <juno> Done

Job </work/tansey/meisterm/scripts/heatmap_input.sh 2 6 66 66 REP_published_auc_mean CTD2_published_auc_mean /work/tansey/meisterm/results/2023-08-02/diagonal/log_REP_CTD2/66/66/2 1000 /work/tansey/meisterm/data> was submitted from host <juno> by user <meisterm> in cluster <juno> at Wed Aug  2 15:58:09 2023
Job was executed on host(s) <jh09>, in queue <general>, as user <meisterm> in cluster <juno> at Wed Aug  2 16:09:21 2023
</home/meisterm> was used as the home directory.
</work/tansey/meisterm> was used as the working directory.
Started at Wed Aug  2 16:09:21 2023
Terminated at Wed Aug  2 16:10:42 2023
Results reported at Wed Aug  2 16:10:42 2023

Your job looked like:

------------------------------------------------------------
# LSBATCH: User input
/work/tansey/meisterm/scripts/heatmap_input.sh 2 6 66 66 REP_published_auc_mean CTD2_published_auc_mean /work/tansey/meisterm/results/2023-08-02/diagonal/log_REP_CTD2/66/66/2 1000 /work/tansey/meisterm/data
------------------------------------------------------------

Successfully completed.

Resource usage summary:

    CPU time :                                   77.68 sec.
    Max Memory :                                 -
    Average Memory :                             -
    Total Requested Memory :                     32.00 GB
    Delta Memory :                               -
    Max Swap :                                   -
    Max Processes :                              4
    Max Threads :                                65
    Run time :                                   81 sec.
    Turnaround time :                            753 sec.

The output (if any) is above this job summary.



PS:

Read file </work/tansey/meisterm/results/2023-08-02/diagonal/log_REP_CTD2/66/66/2/model_split.err> for stderr output of this job.

FINAL LOSS DIFF: 60.65625
corr_test: 0.8078747525969177
corr_train: 0.831165629755074

------------------------------------------------------------
Sender: LSF System <lsfadmin@ji21>
Subject: Job 67472594: </work/tansey/meisterm/scripts/heatmap_input.sh 2 3 66 66 REP_published_auc_mean CTD2_published_auc_mean /work/tansey/meisterm/results/2023-08-02/diagonal/log_REP_CTD2/66/66/2 1000 /work/tansey/meisterm/data> in cluster <juno> Done

Job </work/tansey/meisterm/scripts/heatmap_input.sh 2 3 66 66 REP_published_auc_mean CTD2_published_auc_mean /work/tansey/meisterm/results/2023-08-02/diagonal/log_REP_CTD2/66/66/2 1000 /work/tansey/meisterm/data> was submitted from host <juno> by user <meisterm> in cluster <juno> at Wed Aug  2 15:58:09 2023
Job was executed on host(s) <ji21>, in queue <general>, as user <meisterm> in cluster <juno> at Wed Aug  2 16:09:21 2023
</home/meisterm> was used as the home directory.
</work/tansey/meisterm> was used as the working directory.
Started at Wed Aug  2 16:09:21 2023
Terminated at Wed Aug  2 16:10:45 2023
Results reported at Wed Aug  2 16:10:45 2023

Your job looked like:

------------------------------------------------------------
# LSBATCH: User input
/work/tansey/meisterm/scripts/heatmap_input.sh 2 3 66 66 REP_published_auc_mean CTD2_published_auc_mean /work/tansey/meisterm/results/2023-08-02/diagonal/log_REP_CTD2/66/66/2 1000 /work/tansey/meisterm/data
------------------------------------------------------------

Successfully completed.

Resource usage summary:

    CPU time :                                   81.13 sec.
    Max Memory :                                 -
    Average Memory :                             -
    Total Requested Memory :                     32.00 GB
    Delta Memory :                               -
    Max Swap :                                   -
    Max Processes :                              4
    Max Threads :                                77
    Run time :                                   85 sec.
    Turnaround time :                            756 sec.

The output (if any) is above this job summary.



PS:

Read file </work/tansey/meisterm/results/2023-08-02/diagonal/log_REP_CTD2/66/66/2/model_split.err> for stderr output of this job.

FINAL LOSS DIFF: -39.3955078125
corr_test: 0.8064241081990183
corr_train: 0.8290900266947357

------------------------------------------------------------
Sender: LSF System <lsfadmin@ja03>
Subject: Job 67472592: </work/tansey/meisterm/scripts/heatmap_input.sh 2 1 66 66 REP_published_auc_mean CTD2_published_auc_mean /work/tansey/meisterm/results/2023-08-02/diagonal/log_REP_CTD2/66/66/2 1000 /work/tansey/meisterm/data> in cluster <juno> Done

Job </work/tansey/meisterm/scripts/heatmap_input.sh 2 1 66 66 REP_published_auc_mean CTD2_published_auc_mean /work/tansey/meisterm/results/2023-08-02/diagonal/log_REP_CTD2/66/66/2 1000 /work/tansey/meisterm/data> was submitted from host <juno> by user <meisterm> in cluster <juno> at Wed Aug  2 15:58:09 2023
Job was executed on host(s) <ja03>, in queue <general>, as user <meisterm> in cluster <juno> at Wed Aug  2 16:09:21 2023
</home/meisterm> was used as the home directory.
</work/tansey/meisterm> was used as the working directory.
Started at Wed Aug  2 16:09:21 2023
Terminated at Wed Aug  2 16:10:57 2023
Results reported at Wed Aug  2 16:10:57 2023

Your job looked like:

------------------------------------------------------------
# LSBATCH: User input
/work/tansey/meisterm/scripts/heatmap_input.sh 2 1 66 66 REP_published_auc_mean CTD2_published_auc_mean /work/tansey/meisterm/results/2023-08-02/diagonal/log_REP_CTD2/66/66/2 1000 /work/tansey/meisterm/data
------------------------------------------------------------

Successfully completed.

Resource usage summary:

    CPU time :                                   92.83 sec.
    Max Memory :                                 -
    Average Memory :                             -
    Total Requested Memory :                     32.00 GB
    Delta Memory :                               -
    Max Swap :                                   -
    Max Processes :                              4
    Max Threads :                                49
    Run time :                                   97 sec.
    Turnaround time :                            768 sec.

The output (if any) is above this job summary.



PS:

Read file </work/tansey/meisterm/results/2023-08-02/diagonal/log_REP_CTD2/66/66/2/model_split.err> for stderr output of this job.

