train_corr: 0.964927441339414
test_corr: 0.6054190219030873

------------------------------------------------------------
Sender: LSF System <lsfadmin@je20>
Subject: Job 68466938: </work/tansey/meisterm/new_scripts/expt.sh /work/tansey/meisterm/code target_only "" GDSC random_split .80 data/rep-gdsc-ctd2-mean-log.csv /work/tansey/meisterm/results/2023-08-10/run_2d/log_GDSC/80/target_only/5 "" 1000 5> in cluster <juno> Done

Job </work/tansey/meisterm/new_scripts/expt.sh /work/tansey/meisterm/code target_only "" GDSC random_split .80 data/rep-gdsc-ctd2-mean-log.csv /work/tansey/meisterm/results/2023-08-10/run_2d/log_GDSC/80/target_only/5 "" 1000 5> was submitted from host <juno> by user <meisterm> in cluster <juno> at Thu Aug 10 17:58:40 2023
Job was executed on host(s) <je20>, in queue <general>, as user <meisterm> in cluster <juno> at Fri Aug 11 14:08:08 2023
</home/meisterm> was used as the home directory.
</work/tansey/meisterm> was used as the working directory.
Started at Fri Aug 11 14:08:08 2023
Terminated at Fri Aug 11 16:47:40 2023
Results reported at Fri Aug 11 16:47:40 2023

Your job looked like:

------------------------------------------------------------
# LSBATCH: User input
/work/tansey/meisterm/new_scripts/expt.sh /work/tansey/meisterm/code target_only "" GDSC random_split .80 data/rep-gdsc-ctd2-mean-log.csv /work/tansey/meisterm/results/2023-08-10/run_2d/log_GDSC/80/target_only/5 "" 1000 5
------------------------------------------------------------

Successfully completed.

Resource usage summary:

    CPU time :                                   9543.09 sec.
    Max Memory :                                 -
    Average Memory :                             -
    Total Requested Memory :                     32.00 GB
    Delta Memory :                               -
    Max Swap :                                   -
    Max Processes :                              4
    Max Threads :                                53
    Run time :                                   9573 sec.
    Turnaround time :                            82140 sec.

The output (if any) is above this job summary.



PS:

Read file </work/tansey/meisterm/results/2023-08-10/run_2d/log_GDSC/80/target_only/5/err.err> for stderr output of this job.

