FINAL LOSS DIFF: 1.5556640625
corr_test: 0.803183092242471
corr_train: 0.8326530412732367

------------------------------------------------------------
Sender: LSF System <lsfadmin@jh09>
Subject: Job 67472134: </work/tansey/meisterm/scripts/heatmap_input.sh 6 8 61 61 REP_published_auc_mean CTD2_published_auc_mean /work/tansey/meisterm/results/2023-08-02/diagonal/log_REP_CTD2/61/61/6 1000 /work/tansey/meisterm/data> in cluster <juno> Done

Job </work/tansey/meisterm/scripts/heatmap_input.sh 6 8 61 61 REP_published_auc_mean CTD2_published_auc_mean /work/tansey/meisterm/results/2023-08-02/diagonal/log_REP_CTD2/61/61/6 1000 /work/tansey/meisterm/data> was submitted from host <juno> by user <meisterm> in cluster <juno> at Wed Aug  2 15:57:49 2023
Job was executed on host(s) <jh09>, in queue <general>, as user <meisterm> in cluster <juno> at Wed Aug  2 16:08:40 2023
</home/meisterm> was used as the home directory.
</work/tansey/meisterm> was used as the working directory.
Started at Wed Aug  2 16:08:40 2023
Terminated at Wed Aug  2 16:09:46 2023
Results reported at Wed Aug  2 16:09:46 2023

Your job looked like:

------------------------------------------------------------
# LSBATCH: User input
/work/tansey/meisterm/scripts/heatmap_input.sh 6 8 61 61 REP_published_auc_mean CTD2_published_auc_mean /work/tansey/meisterm/results/2023-08-02/diagonal/log_REP_CTD2/61/61/6 1000 /work/tansey/meisterm/data
------------------------------------------------------------

Successfully completed.

Resource usage summary:

    CPU time :                                   64.48 sec.
    Max Memory :                                 -
    Average Memory :                             -
    Total Requested Memory :                     32.00 GB
    Delta Memory :                               -
    Max Swap :                                   -
    Max Processes :                              4
    Max Threads :                                65
    Run time :                                   67 sec.
    Turnaround time :                            717 sec.

The output (if any) is above this job summary.



PS:

Read file </work/tansey/meisterm/results/2023-08-02/diagonal/log_REP_CTD2/61/61/6/model_split.err> for stderr output of this job.

FINAL LOSS DIFF: 530.4365234375
corr_test: 0.8001436368861345
corr_train: 0.8296549387895139

------------------------------------------------------------
Sender: LSF System <lsfadmin@jh07>
Subject: Job 67472127: </work/tansey/meisterm/scripts/heatmap_input.sh 6 2 61 61 REP_published_auc_mean CTD2_published_auc_mean /work/tansey/meisterm/results/2023-08-02/diagonal/log_REP_CTD2/61/61/6 1000 /work/tansey/meisterm/data> in cluster <juno> Done

Job </work/tansey/meisterm/scripts/heatmap_input.sh 6 2 61 61 REP_published_auc_mean CTD2_published_auc_mean /work/tansey/meisterm/results/2023-08-02/diagonal/log_REP_CTD2/61/61/6 1000 /work/tansey/meisterm/data> was submitted from host <juno> by user <meisterm> in cluster <juno> at Wed Aug  2 15:57:49 2023
Job was executed on host(s) <jh07>, in queue <general>, as user <meisterm> in cluster <juno> at Wed Aug  2 16:08:40 2023
</home/meisterm> was used as the home directory.
</work/tansey/meisterm> was used as the working directory.
Started at Wed Aug  2 16:08:40 2023
Terminated at Wed Aug  2 16:09:49 2023
Results reported at Wed Aug  2 16:09:49 2023

Your job looked like:

------------------------------------------------------------
# LSBATCH: User input
/work/tansey/meisterm/scripts/heatmap_input.sh 6 2 61 61 REP_published_auc_mean CTD2_published_auc_mean /work/tansey/meisterm/results/2023-08-02/diagonal/log_REP_CTD2/61/61/6 1000 /work/tansey/meisterm/data
------------------------------------------------------------

Successfully completed.

Resource usage summary:

    CPU time :                                   67.93 sec.
    Max Memory :                                 -
    Average Memory :                             -
    Total Requested Memory :                     32.00 GB
    Delta Memory :                               -
    Max Swap :                                   -
    Max Processes :                              4
    Max Threads :                                65
    Run time :                                   70 sec.
    Turnaround time :                            720 sec.

The output (if any) is above this job summary.



PS:

Read file </work/tansey/meisterm/results/2023-08-02/diagonal/log_REP_CTD2/61/61/6/model_split.err> for stderr output of this job.

FINAL LOSS DIFF: -168.173828125
corr_test: 0.8089272165479854
corr_train: 0.8365626583222353
FINAL LOSS DIFF: -73.7666015625
corr_test: 0.8084598279708687
corr_train: 0.8387624062157045
FINAL LOSS DIFF: 34.5185546875
corr_test: 0.8079906275575949
corr_train: 0.8350621440726641
FINAL LOSS DIFF: 170.4912109375
corr_test: 0.8035277992846186
corr_train: 0.8349542370643761

------------------------------------------------------------
Sender: LSF System <lsfadmin@jh05>
Subject: Job 67472131: </work/tansey/meisterm/scripts/heatmap_input.sh 6 5 61 61 REP_published_auc_mean CTD2_published_auc_mean /work/tansey/meisterm/results/2023-08-02/diagonal/log_REP_CTD2/61/61/6 1000 /work/tansey/meisterm/data> in cluster <juno> Done

Job </work/tansey/meisterm/scripts/heatmap_input.sh 6 5 61 61 REP_published_auc_mean CTD2_published_auc_mean /work/tansey/meisterm/results/2023-08-02/diagonal/log_REP_CTD2/61/61/6 1000 /work/tansey/meisterm/data> was submitted from host <juno> by user <meisterm> in cluster <juno> at Wed Aug  2 15:57:49 2023
Job was executed on host(s) <jh05>, in queue <general>, as user <meisterm> in cluster <juno> at Wed Aug  2 16:08:40 2023
</home/meisterm> was used as the home directory.
</work/tansey/meisterm> was used as the working directory.
Started at Wed Aug  2 16:08:40 2023
Terminated at Wed Aug  2 16:09:55 2023
Results reported at Wed Aug  2 16:09:55 2023

Your job looked like:

------------------------------------------------------------
# LSBATCH: User input
/work/tansey/meisterm/scripts/heatmap_input.sh 6 5 61 61 REP_published_auc_mean CTD2_published_auc_mean /work/tansey/meisterm/results/2023-08-02/diagonal/log_REP_CTD2/61/61/6 1000 /work/tansey/meisterm/data
------------------------------------------------------------

Successfully completed.

Resource usage summary:

    CPU time :                                   73.68 sec.
    Max Memory :                                 -
    Average Memory :                             -
    Total Requested Memory :                     32.00 GB
    Delta Memory :                               -
    Max Swap :                                   -
    Max Processes :                              4
    Max Threads :                                65
    Run time :                                   75 sec.
    Turnaround time :                            726 sec.

The output (if any) is above this job summary.



PS:

Read file </work/tansey/meisterm/results/2023-08-02/diagonal/log_REP_CTD2/61/61/6/model_split.err> for stderr output of this job.


------------------------------------------------------------
Sender: LSF System <lsfadmin@jh08>
Subject: Job 67472136: </work/tansey/meisterm/scripts/heatmap_input.sh 6 10 61 61 REP_published_auc_mean CTD2_published_auc_mean /work/tansey/meisterm/results/2023-08-02/diagonal/log_REP_CTD2/61/61/6 1000 /work/tansey/meisterm/data> in cluster <juno> Done

Job </work/tansey/meisterm/scripts/heatmap_input.sh 6 10 61 61 REP_published_auc_mean CTD2_published_auc_mean /work/tansey/meisterm/results/2023-08-02/diagonal/log_REP_CTD2/61/61/6 1000 /work/tansey/meisterm/data> was submitted from host <juno> by user <meisterm> in cluster <juno> at Wed Aug  2 15:57:49 2023
Job was executed on host(s) <jh08>, in queue <general>, as user <meisterm> in cluster <juno> at Wed Aug  2 16:08:40 2023
</home/meisterm> was used as the home directory.
</work/tansey/meisterm> was used as the working directory.
Started at Wed Aug  2 16:08:40 2023
Terminated at Wed Aug  2 16:09:55 2023
Results reported at Wed Aug  2 16:09:55 2023

Your job looked like:

------------------------------------------------------------
# LSBATCH: User input
/work/tansey/meisterm/scripts/heatmap_input.sh 6 10 61 61 REP_published_auc_mean CTD2_published_auc_mean /work/tansey/meisterm/results/2023-08-02/diagonal/log_REP_CTD2/61/61/6 1000 /work/tansey/meisterm/data
------------------------------------------------------------

Successfully completed.

Resource usage summary:

    CPU time :                                   73.50 sec.
    Max Memory :                                 -
    Average Memory :                             -
    Total Requested Memory :                     32.00 GB
    Delta Memory :                               -
    Max Swap :                                   -
    Max Processes :                              4
    Max Threads :                                65
    Run time :                                   77 sec.
    Turnaround time :                            726 sec.

The output (if any) is above this job summary.



PS:

Read file </work/tansey/meisterm/results/2023-08-02/diagonal/log_REP_CTD2/61/61/6/model_split.err> for stderr output of this job.


------------------------------------------------------------
Sender: LSF System <lsfadmin@jh05>
Subject: Job 67472130: </work/tansey/meisterm/scripts/heatmap_input.sh 6 4 61 61 REP_published_auc_mean CTD2_published_auc_mean /work/tansey/meisterm/results/2023-08-02/diagonal/log_REP_CTD2/61/61/6 1000 /work/tansey/meisterm/data> in cluster <juno> Done

Job </work/tansey/meisterm/scripts/heatmap_input.sh 6 4 61 61 REP_published_auc_mean CTD2_published_auc_mean /work/tansey/meisterm/results/2023-08-02/diagonal/log_REP_CTD2/61/61/6 1000 /work/tansey/meisterm/data> was submitted from host <juno> by user <meisterm> in cluster <juno> at Wed Aug  2 15:57:49 2023
Job was executed on host(s) <jh05>, in queue <general>, as user <meisterm> in cluster <juno> at Wed Aug  2 16:08:40 2023
</home/meisterm> was used as the home directory.
</work/tansey/meisterm> was used as the working directory.
Started at Wed Aug  2 16:08:40 2023
Terminated at Wed Aug  2 16:09:55 2023
Results reported at Wed Aug  2 16:09:55 2023

Your job looked like:

------------------------------------------------------------
# LSBATCH: User input
/work/tansey/meisterm/scripts/heatmap_input.sh 6 4 61 61 REP_published_auc_mean CTD2_published_auc_mean /work/tansey/meisterm/results/2023-08-02/diagonal/log_REP_CTD2/61/61/6 1000 /work/tansey/meisterm/data
------------------------------------------------------------

Successfully completed.

Resource usage summary:

    CPU time :                                   73.73 sec.
    Max Memory :                                 -
    Average Memory :                             -
    Total Requested Memory :                     32.00 GB
    Delta Memory :                               -
    Max Swap :                                   -
    Max Processes :                              4
    Max Threads :                                65
    Run time :                                   75 sec.
    Turnaround time :                            726 sec.

The output (if any) is above this job summary.



PS:

Read file </work/tansey/meisterm/results/2023-08-02/diagonal/log_REP_CTD2/61/61/6/model_split.err> for stderr output of this job.

FINAL LOSS DIFF: -100.3876953125
corr_test: 0.8010514917603746
corr_train: 0.8319923591376345

------------------------------------------------------------
Sender: LSF System <lsfadmin@jh07>
Subject: Job 67472126: </work/tansey/meisterm/scripts/heatmap_input.sh 6 1 61 61 REP_published_auc_mean CTD2_published_auc_mean /work/tansey/meisterm/results/2023-08-02/diagonal/log_REP_CTD2/61/61/6 1000 /work/tansey/meisterm/data> in cluster <juno> Done

Job </work/tansey/meisterm/scripts/heatmap_input.sh 6 1 61 61 REP_published_auc_mean CTD2_published_auc_mean /work/tansey/meisterm/results/2023-08-02/diagonal/log_REP_CTD2/61/61/6 1000 /work/tansey/meisterm/data> was submitted from host <juno> by user <meisterm> in cluster <juno> at Wed Aug  2 15:57:49 2023
Job was executed on host(s) <jh07>, in queue <general>, as user <meisterm> in cluster <juno> at Wed Aug  2 16:08:40 2023
</home/meisterm> was used as the home directory.
</work/tansey/meisterm> was used as the working directory.
Started at Wed Aug  2 16:08:40 2023
Terminated at Wed Aug  2 16:09:56 2023
Results reported at Wed Aug  2 16:09:56 2023

Your job looked like:

------------------------------------------------------------
# LSBATCH: User input
/work/tansey/meisterm/scripts/heatmap_input.sh 6 1 61 61 REP_published_auc_mean CTD2_published_auc_mean /work/tansey/meisterm/results/2023-08-02/diagonal/log_REP_CTD2/61/61/6 1000 /work/tansey/meisterm/data
------------------------------------------------------------

Successfully completed.

Resource usage summary:

    CPU time :                                   74.39 sec.
    Max Memory :                                 -
    Average Memory :                             -
    Total Requested Memory :                     32.00 GB
    Delta Memory :                               -
    Max Swap :                                   -
    Max Processes :                              4
    Max Threads :                                65
    Run time :                                   76 sec.
    Turnaround time :                            727 sec.

The output (if any) is above this job summary.



PS:

Read file </work/tansey/meisterm/results/2023-08-02/diagonal/log_REP_CTD2/61/61/6/model_split.err> for stderr output of this job.

FINAL LOSS DIFF: -109.09765625
corr_test: 0.8045737364243872
corr_train: 0.8343682050310322
FINAL LOSS DIFF: 622.998046875
corr_test: 0.8071058615225247
corr_train: 0.8355420731025541

------------------------------------------------------------
Sender: LSF System <lsfadmin@jh05>
Subject: Job 67472129: </work/tansey/meisterm/scripts/heatmap_input.sh 6 3 61 61 REP_published_auc_mean CTD2_published_auc_mean /work/tansey/meisterm/results/2023-08-02/diagonal/log_REP_CTD2/61/61/6 1000 /work/tansey/meisterm/data> in cluster <juno> Done

Job </work/tansey/meisterm/scripts/heatmap_input.sh 6 3 61 61 REP_published_auc_mean CTD2_published_auc_mean /work/tansey/meisterm/results/2023-08-02/diagonal/log_REP_CTD2/61/61/6 1000 /work/tansey/meisterm/data> was submitted from host <juno> by user <meisterm> in cluster <juno> at Wed Aug  2 15:57:49 2023
Job was executed on host(s) <jh05>, in queue <general>, as user <meisterm> in cluster <juno> at Wed Aug  2 16:08:40 2023
</home/meisterm> was used as the home directory.
</work/tansey/meisterm> was used as the working directory.
Started at Wed Aug  2 16:08:40 2023
Terminated at Wed Aug  2 16:09:56 2023
Results reported at Wed Aug  2 16:09:56 2023

Your job looked like:

------------------------------------------------------------
# LSBATCH: User input
/work/tansey/meisterm/scripts/heatmap_input.sh 6 3 61 61 REP_published_auc_mean CTD2_published_auc_mean /work/tansey/meisterm/results/2023-08-02/diagonal/log_REP_CTD2/61/61/6 1000 /work/tansey/meisterm/data
------------------------------------------------------------

Successfully completed.

Resource usage summary:

    CPU time :                                   74.90 sec.
    Max Memory :                                 -
    Average Memory :                             -
    Total Requested Memory :                     32.00 GB
    Delta Memory :                               -
    Max Swap :                                   -
    Max Processes :                              4
    Max Threads :                                65
    Run time :                                   76 sec.
    Turnaround time :                            727 sec.

The output (if any) is above this job summary.



PS:

Read file </work/tansey/meisterm/results/2023-08-02/diagonal/log_REP_CTD2/61/61/6/model_split.err> for stderr output of this job.

FINAL LOSS DIFF: -242.4033203125
corr_test: 0.8096991511070432
corr_train: 0.8355607087953943

------------------------------------------------------------
Sender: LSF System <lsfadmin@jh09>
Subject: Job 67472132: </work/tansey/meisterm/scripts/heatmap_input.sh 6 6 61 61 REP_published_auc_mean CTD2_published_auc_mean /work/tansey/meisterm/results/2023-08-02/diagonal/log_REP_CTD2/61/61/6 1000 /work/tansey/meisterm/data> in cluster <juno> Done

Job </work/tansey/meisterm/scripts/heatmap_input.sh 6 6 61 61 REP_published_auc_mean CTD2_published_auc_mean /work/tansey/meisterm/results/2023-08-02/diagonal/log_REP_CTD2/61/61/6 1000 /work/tansey/meisterm/data> was submitted from host <juno> by user <meisterm> in cluster <juno> at Wed Aug  2 15:57:49 2023
Job was executed on host(s) <jh09>, in queue <general>, as user <meisterm> in cluster <juno> at Wed Aug  2 16:08:40 2023
</home/meisterm> was used as the home directory.
</work/tansey/meisterm> was used as the working directory.
Started at Wed Aug  2 16:08:40 2023
Terminated at Wed Aug  2 16:09:57 2023
Results reported at Wed Aug  2 16:09:57 2023

Your job looked like:

------------------------------------------------------------
# LSBATCH: User input
/work/tansey/meisterm/scripts/heatmap_input.sh 6 6 61 61 REP_published_auc_mean CTD2_published_auc_mean /work/tansey/meisterm/results/2023-08-02/diagonal/log_REP_CTD2/61/61/6 1000 /work/tansey/meisterm/data
------------------------------------------------------------

Successfully completed.

Resource usage summary:

    CPU time :                                   75.04 sec.
    Max Memory :                                 -
    Average Memory :                             -
    Total Requested Memory :                     32.00 GB
    Delta Memory :                               -
    Max Swap :                                   -
    Max Processes :                              4
    Max Threads :                                65
    Run time :                                   77 sec.
    Turnaround time :                            728 sec.

The output (if any) is above this job summary.



PS:

Read file </work/tansey/meisterm/results/2023-08-02/diagonal/log_REP_CTD2/61/61/6/model_split.err> for stderr output of this job.


------------------------------------------------------------
Sender: LSF System <lsfadmin@jh09>
Subject: Job 67472133: </work/tansey/meisterm/scripts/heatmap_input.sh 6 7 61 61 REP_published_auc_mean CTD2_published_auc_mean /work/tansey/meisterm/results/2023-08-02/diagonal/log_REP_CTD2/61/61/6 1000 /work/tansey/meisterm/data> in cluster <juno> Done

Job </work/tansey/meisterm/scripts/heatmap_input.sh 6 7 61 61 REP_published_auc_mean CTD2_published_auc_mean /work/tansey/meisterm/results/2023-08-02/diagonal/log_REP_CTD2/61/61/6 1000 /work/tansey/meisterm/data> was submitted from host <juno> by user <meisterm> in cluster <juno> at Wed Aug  2 15:57:49 2023
Job was executed on host(s) <jh09>, in queue <general>, as user <meisterm> in cluster <juno> at Wed Aug  2 16:08:40 2023
</home/meisterm> was used as the home directory.
</work/tansey/meisterm> was used as the working directory.
Started at Wed Aug  2 16:08:40 2023
Terminated at Wed Aug  2 16:09:57 2023
Results reported at Wed Aug  2 16:09:57 2023

Your job looked like:

------------------------------------------------------------
# LSBATCH: User input
/work/tansey/meisterm/scripts/heatmap_input.sh 6 7 61 61 REP_published_auc_mean CTD2_published_auc_mean /work/tansey/meisterm/results/2023-08-02/diagonal/log_REP_CTD2/61/61/6 1000 /work/tansey/meisterm/data
------------------------------------------------------------

Successfully completed.

Resource usage summary:

    CPU time :                                   75.60 sec.
    Max Memory :                                 -
    Average Memory :                             -
    Total Requested Memory :                     32.00 GB
    Delta Memory :                               -
    Max Swap :                                   -
    Max Processes :                              4
    Max Threads :                                65
    Run time :                                   78 sec.
    Turnaround time :                            728 sec.

The output (if any) is above this job summary.



PS:

Read file </work/tansey/meisterm/results/2023-08-02/diagonal/log_REP_CTD2/61/61/6/model_split.err> for stderr output of this job.


------------------------------------------------------------
Sender: LSF System <lsfadmin@jh08>
Subject: Job 67472135: </work/tansey/meisterm/scripts/heatmap_input.sh 6 9 61 61 REP_published_auc_mean CTD2_published_auc_mean /work/tansey/meisterm/results/2023-08-02/diagonal/log_REP_CTD2/61/61/6 1000 /work/tansey/meisterm/data> in cluster <juno> Done

Job </work/tansey/meisterm/scripts/heatmap_input.sh 6 9 61 61 REP_published_auc_mean CTD2_published_auc_mean /work/tansey/meisterm/results/2023-08-02/diagonal/log_REP_CTD2/61/61/6 1000 /work/tansey/meisterm/data> was submitted from host <juno> by user <meisterm> in cluster <juno> at Wed Aug  2 15:57:49 2023
Job was executed on host(s) <jh08>, in queue <general>, as user <meisterm> in cluster <juno> at Wed Aug  2 16:08:40 2023
</home/meisterm> was used as the home directory.
</work/tansey/meisterm> was used as the working directory.
Started at Wed Aug  2 16:08:40 2023
Terminated at Wed Aug  2 16:09:58 2023
Results reported at Wed Aug  2 16:09:58 2023

Your job looked like:

------------------------------------------------------------
# LSBATCH: User input
/work/tansey/meisterm/scripts/heatmap_input.sh 6 9 61 61 REP_published_auc_mean CTD2_published_auc_mean /work/tansey/meisterm/results/2023-08-02/diagonal/log_REP_CTD2/61/61/6 1000 /work/tansey/meisterm/data
------------------------------------------------------------

Successfully completed.

Resource usage summary:

    CPU time :                                   75.54 sec.
    Max Memory :                                 -
    Average Memory :                             -
    Total Requested Memory :                     32.00 GB
    Delta Memory :                               -
    Max Swap :                                   -
    Max Processes :                              4
    Max Threads :                                65
    Run time :                                   79 sec.
    Turnaround time :                            729 sec.

The output (if any) is above this job summary.



PS:

Read file </work/tansey/meisterm/results/2023-08-02/diagonal/log_REP_CTD2/61/61/6/model_split.err> for stderr output of this job.

