train_corr: 0.8599545640726604
test_corr: 0.7149084217227704

------------------------------------------------------------
Sender: LSF System <lsfadmin@ji11>
Subject: Job 68555173: </work/tansey/meisterm/new_scripts/expt.sh /work/tansey/meisterm/code transfer REP CTD2 random_split .85 data/rep-gdsc-ctd2-mean-log.csv /work/tansey/meisterm/results/2023-08-11/run_2d/log_REP_CTD2/85/transfer/8 "" 1000 8> in cluster <juno> Done

Job </work/tansey/meisterm/new_scripts/expt.sh /work/tansey/meisterm/code transfer REP CTD2 random_split .85 data/rep-gdsc-ctd2-mean-log.csv /work/tansey/meisterm/results/2023-08-11/run_2d/log_REP_CTD2/85/transfer/8 "" 1000 8> was submitted from host <juno> by user <meisterm> in cluster <juno> at Fri Aug 11 21:32:20 2023
Job was executed on host(s) <ji11>, in queue <general>, as user <meisterm> in cluster <juno> at Fri Aug 11 21:36:37 2023
</home/meisterm> was used as the home directory.
</work/tansey/meisterm> was used as the working directory.
Started at Fri Aug 11 21:36:37 2023
Terminated at Sat Aug 12 01:03:15 2023
Results reported at Sat Aug 12 01:03:15 2023

Your job looked like:

------------------------------------------------------------
# LSBATCH: User input
/work/tansey/meisterm/new_scripts/expt.sh /work/tansey/meisterm/code transfer REP CTD2 random_split .85 data/rep-gdsc-ctd2-mean-log.csv /work/tansey/meisterm/results/2023-08-11/run_2d/log_REP_CTD2/85/transfer/8 "" 1000 8
------------------------------------------------------------

Successfully completed.

Resource usage summary:

    CPU time :                                   12367.14 sec.
    Max Memory :                                 -
    Average Memory :                             -
    Total Requested Memory :                     32.00 GB
    Delta Memory :                               -
    Max Swap :                                   -
    Max Processes :                              4
    Max Threads :                                77
    Run time :                                   12398 sec.
    Turnaround time :                            12655 sec.

The output (if any) is above this job summary.



PS:

Read file </work/tansey/meisterm/results/2023-08-11/run_2d/log_REP_CTD2/85/transfer/8/err.err> for stderr output of this job.

