train_corr: 0.904523574944425
test_corr: 0.8426444778689124

------------------------------------------------------------
Sender: LSF System <lsfadmin@ji03>
Subject: Job 68466849: </work/tansey/meisterm/new_scripts/expt.sh /work/tansey/meisterm/code transfer CTD2 REP random_split .80 data/rep-gdsc-ctd2-mean-log.csv /work/tansey/meisterm/results/2023-08-10/run_2d/log_CTD2_REP/80/transfer/0 "" 1000 0> in cluster <juno> Done

Job </work/tansey/meisterm/new_scripts/expt.sh /work/tansey/meisterm/code transfer CTD2 REP random_split .80 data/rep-gdsc-ctd2-mean-log.csv /work/tansey/meisterm/results/2023-08-10/run_2d/log_CTD2_REP/80/transfer/0 "" 1000 0> was submitted from host <juno> by user <meisterm> in cluster <juno> at Thu Aug 10 17:58:36 2023
Job was executed on host(s) <ji03>, in queue <general>, as user <meisterm> in cluster <juno> at Fri Aug 11 13:53:33 2023
</home/meisterm> was used as the home directory.
</work/tansey/meisterm> was used as the working directory.
Started at Fri Aug 11 13:53:33 2023
Terminated at Fri Aug 11 17:00:29 2023
Results reported at Fri Aug 11 17:00:29 2023

Your job looked like:

------------------------------------------------------------
# LSBATCH: User input
/work/tansey/meisterm/new_scripts/expt.sh /work/tansey/meisterm/code transfer CTD2 REP random_split .80 data/rep-gdsc-ctd2-mean-log.csv /work/tansey/meisterm/results/2023-08-10/run_2d/log_CTD2_REP/80/transfer/0 "" 1000 0
------------------------------------------------------------

Successfully completed.

Resource usage summary:

    CPU time :                                   11187.17 sec.
    Max Memory :                                 -
    Average Memory :                             -
    Total Requested Memory :                     32.00 GB
    Delta Memory :                               -
    Max Swap :                                   -
    Max Processes :                              4
    Max Threads :                                77
    Run time :                                   11215 sec.
    Turnaround time :                            82913 sec.

The output (if any) is above this job summary.



PS:

Read file </work/tansey/meisterm/results/2023-08-10/run_2d/log_CTD2_REP/80/transfer/0/err.err> for stderr output of this job.

