train_corr: 0.911220537887642
test_corr: 0.8654778359993164

------------------------------------------------------------
Sender: LSF System <lsfadmin@je21>
Subject: Job 68466841: </work/tansey/meisterm/new_scripts/expt.sh /work/tansey/meisterm/code transfer CTD2 REP random_split .60 data/rep-gdsc-ctd2-mean-log.csv /work/tansey/meisterm/results/2023-08-10/run_2d/log_CTD2_REP/60/transfer/2 "" 1000 2> in cluster <juno> Done

Job </work/tansey/meisterm/new_scripts/expt.sh /work/tansey/meisterm/code transfer CTD2 REP random_split .60 data/rep-gdsc-ctd2-mean-log.csv /work/tansey/meisterm/results/2023-08-10/run_2d/log_CTD2_REP/60/transfer/2 "" 1000 2> was submitted from host <juno> by user <meisterm> in cluster <juno> at Thu Aug 10 17:58:35 2023
Job was executed on host(s) <je21>, in queue <general>, as user <meisterm> in cluster <juno> at Fri Aug 11 13:51:44 2023
</home/meisterm> was used as the home directory.
</work/tansey/meisterm> was used as the working directory.
Started at Fri Aug 11 13:51:44 2023
Terminated at Fri Aug 11 18:36:12 2023
Results reported at Fri Aug 11 18:36:12 2023

Your job looked like:

------------------------------------------------------------
# LSBATCH: User input
/work/tansey/meisterm/new_scripts/expt.sh /work/tansey/meisterm/code transfer CTD2 REP random_split .60 data/rep-gdsc-ctd2-mean-log.csv /work/tansey/meisterm/results/2023-08-10/run_2d/log_CTD2_REP/60/transfer/2 "" 1000 2
------------------------------------------------------------

Successfully completed.

Resource usage summary:

    CPU time :                                   22410.04 sec.
    Max Memory :                                 -
    Average Memory :                             -
    Total Requested Memory :                     32.00 GB
    Delta Memory :                               -
    Max Swap :                                   -
    Max Processes :                              4
    Max Threads :                                53
    Run time :                                   17069 sec.
    Turnaround time :                            88657 sec.

The output (if any) is above this job summary.



PS:

Read file </work/tansey/meisterm/results/2023-08-10/run_2d/log_CTD2_REP/60/transfer/2/err.err> for stderr output of this job.

