train_corr: 0.959043094228855
test_corr: 0.7853755101560458

------------------------------------------------------------
Sender: LSF System <lsfadmin@ji15>
Subject: Job 68466944: </work/tansey/meisterm/new_scripts/expt.sh /work/tansey/meisterm/code target_only "" CTD2 random_split .20 data/rep-gdsc-ctd2-mean-log.csv /work/tansey/meisterm/results/2023-08-10/run_2d/log_CTD2/20/target_only/1 "" 1000 1> in cluster <juno> Done

Job </work/tansey/meisterm/new_scripts/expt.sh /work/tansey/meisterm/code target_only "" CTD2 random_split .20 data/rep-gdsc-ctd2-mean-log.csv /work/tansey/meisterm/results/2023-08-10/run_2d/log_CTD2/20/target_only/1 "" 1000 1> was submitted from host <juno> by user <meisterm> in cluster <juno> at Thu Aug 10 17:58:41 2023
Job was executed on host(s) <ji15>, in queue <general>, as user <meisterm> in cluster <juno> at Fri Aug 11 14:13:35 2023
</home/meisterm> was used as the home directory.
</work/tansey/meisterm> was used as the working directory.
Started at Fri Aug 11 14:13:35 2023
Terminated at Fri Aug 11 16:03:24 2023
Results reported at Fri Aug 11 16:03:24 2023

Your job looked like:

------------------------------------------------------------
# LSBATCH: User input
/work/tansey/meisterm/new_scripts/expt.sh /work/tansey/meisterm/code target_only "" CTD2 random_split .20 data/rep-gdsc-ctd2-mean-log.csv /work/tansey/meisterm/results/2023-08-10/run_2d/log_CTD2/20/target_only/1 "" 1000 1
------------------------------------------------------------

Successfully completed.

Resource usage summary:

    CPU time :                                   6570.86 sec.
    Max Memory :                                 -
    Average Memory :                             -
    Total Requested Memory :                     32.00 GB
    Delta Memory :                               -
    Max Swap :                                   -
    Max Processes :                              4
    Max Threads :                                77
    Run time :                                   6591 sec.
    Turnaround time :                            79483 sec.

The output (if any) is above this job summary.



PS:

Read file </work/tansey/meisterm/results/2023-08-10/run_2d/log_CTD2/20/target_only/1/err.err> for stderr output of this job.

