train_corr: 0.8785453264255464
test_corr: 0.7620235051866296

------------------------------------------------------------
Sender: LSF System <lsfadmin@ji05>
Subject: Job 68466677: </work/tansey/meisterm/new_scripts/expt.sh /work/tansey/meisterm/code transfer REP CTD2 random_split .60 data/rep-gdsc-ctd2-mean-log.csv /work/tansey/meisterm/results/2023-08-10/run_2d/log_REP_CTD2/60/transfer/1 "" 1000 1> in cluster <juno> Done

Job </work/tansey/meisterm/new_scripts/expt.sh /work/tansey/meisterm/code transfer REP CTD2 random_split .60 data/rep-gdsc-ctd2-mean-log.csv /work/tansey/meisterm/results/2023-08-10/run_2d/log_REP_CTD2/60/transfer/1 "" 1000 1> was submitted from host <juno> by user <meisterm> in cluster <juno> at Thu Aug 10 17:58:26 2023
Job was executed on host(s) <ji05>, in queue <general>, as user <meisterm> in cluster <juno> at Fri Aug 11 10:43:38 2023
</home/meisterm> was used as the home directory.
</work/tansey/meisterm> was used as the working directory.
Started at Fri Aug 11 10:43:38 2023
Terminated at Fri Aug 11 14:23:17 2023
Results reported at Fri Aug 11 14:23:17 2023

Your job looked like:

------------------------------------------------------------
# LSBATCH: User input
/work/tansey/meisterm/new_scripts/expt.sh /work/tansey/meisterm/code transfer REP CTD2 random_split .60 data/rep-gdsc-ctd2-mean-log.csv /work/tansey/meisterm/results/2023-08-10/run_2d/log_REP_CTD2/60/transfer/1 "" 1000 1
------------------------------------------------------------

Successfully completed.

Resource usage summary:

    CPU time :                                   13135.68 sec.
    Max Memory :                                 -
    Average Memory :                             -
    Total Requested Memory :                     32.00 GB
    Delta Memory :                               -
    Max Swap :                                   -
    Max Processes :                              4
    Max Threads :                                77
    Run time :                                   13179 sec.
    Turnaround time :                            73491 sec.

The output (if any) is above this job summary.



PS:

Read file </work/tansey/meisterm/results/2023-08-10/run_2d/log_REP_CTD2/60/transfer/1/err.err> for stderr output of this job.

