train_corr: 0.9713726643283934
test_corr: 0.7757476364092172

------------------------------------------------------------
Sender: LSF System <lsfadmin@ji03>
Subject: Job 68466916: </work/tansey/meisterm/new_scripts/expt.sh /work/tansey/meisterm/code target_only "" GDSC random_split .40 data/rep-gdsc-ctd2-mean-log.csv /work/tansey/meisterm/results/2023-08-10/run_2d/log_GDSC/40/target_only/3 "" 1000 3> in cluster <juno> Done

Job </work/tansey/meisterm/new_scripts/expt.sh /work/tansey/meisterm/code target_only "" GDSC random_split .40 data/rep-gdsc-ctd2-mean-log.csv /work/tansey/meisterm/results/2023-08-10/run_2d/log_GDSC/40/target_only/3 "" 1000 3> was submitted from host <juno> by user <meisterm> in cluster <juno> at Thu Aug 10 17:58:39 2023
Job was executed on host(s) <ji03>, in queue <general>, as user <meisterm> in cluster <juno> at Fri Aug 11 13:58:36 2023
</home/meisterm> was used as the home directory.
</work/tansey/meisterm> was used as the working directory.
Started at Fri Aug 11 13:58:36 2023
Terminated at Fri Aug 11 15:57:44 2023
Results reported at Fri Aug 11 15:57:44 2023

Your job looked like:

------------------------------------------------------------
# LSBATCH: User input
/work/tansey/meisterm/new_scripts/expt.sh /work/tansey/meisterm/code target_only "" GDSC random_split .40 data/rep-gdsc-ctd2-mean-log.csv /work/tansey/meisterm/results/2023-08-10/run_2d/log_GDSC/40/target_only/3 "" 1000 3
------------------------------------------------------------

Successfully completed.

Resource usage summary:

    CPU time :                                   7129.06 sec.
    Max Memory :                                 -
    Average Memory :                             -
    Total Requested Memory :                     32.00 GB
    Delta Memory :                               -
    Max Swap :                                   -
    Max Processes :                              4
    Max Threads :                                77
    Run time :                                   7149 sec.
    Turnaround time :                            79145 sec.

The output (if any) is above this job summary.



PS:

Read file </work/tansey/meisterm/results/2023-08-10/run_2d/log_GDSC/40/target_only/3/err.err> for stderr output of this job.

