FINAL LOSS DIFF: -591.966796875
corr_test: 0.8202144844246763
corr_train: 0.8457898083177356

------------------------------------------------------------
Sender: LSF System <lsfadmin@ji15>
Subject: Job 67470509: </work/tansey/meisterm/scripts/heatmap_input.sh 5 8 45 45 REP_published_auc_mean CTD2_published_auc_mean /work/tansey/meisterm/results/2023-08-02/diagonal/log_REP_CTD2/45/45/5 1000 /work/tansey/meisterm/data> in cluster <juno> Done

Job </work/tansey/meisterm/scripts/heatmap_input.sh 5 8 45 45 REP_published_auc_mean CTD2_published_auc_mean /work/tansey/meisterm/results/2023-08-02/diagonal/log_REP_CTD2/45/45/5 1000 /work/tansey/meisterm/data> was submitted from host <juno> by user <meisterm> in cluster <juno> at Wed Aug  2 15:56:41 2023
Job was executed on host(s) <ji15>, in queue <general>, as user <meisterm> in cluster <juno> at Wed Aug  2 16:06:16 2023
</home/meisterm> was used as the home directory.
</work/tansey/meisterm> was used as the working directory.
Started at Wed Aug  2 16:06:16 2023
Terminated at Wed Aug  2 16:07:15 2023
Results reported at Wed Aug  2 16:07:15 2023

Your job looked like:

------------------------------------------------------------
# LSBATCH: User input
/work/tansey/meisterm/scripts/heatmap_input.sh 5 8 45 45 REP_published_auc_mean CTD2_published_auc_mean /work/tansey/meisterm/results/2023-08-02/diagonal/log_REP_CTD2/45/45/5 1000 /work/tansey/meisterm/data
------------------------------------------------------------

Successfully completed.

Resource usage summary:

    CPU time :                                   57.01 sec.
    Max Memory :                                 -
    Average Memory :                             -
    Total Requested Memory :                     32.00 GB
    Delta Memory :                               -
    Max Swap :                                   -
    Max Processes :                              4
    Max Threads :                                77
    Run time :                                   60 sec.
    Turnaround time :                            634 sec.

The output (if any) is above this job summary.



PS:

Read file </work/tansey/meisterm/results/2023-08-02/diagonal/log_REP_CTD2/45/45/5/model_split.err> for stderr output of this job.

FINAL LOSS DIFF: 284.6669921875
corr_test: 0.8140383597648128
corr_train: 0.8429338984747671

------------------------------------------------------------
Sender: LSF System <lsfadmin@jh10>
Subject: Job 67470508: </work/tansey/meisterm/scripts/heatmap_input.sh 5 7 45 45 REP_published_auc_mean CTD2_published_auc_mean /work/tansey/meisterm/results/2023-08-02/diagonal/log_REP_CTD2/45/45/5 1000 /work/tansey/meisterm/data> in cluster <juno> Done

Job </work/tansey/meisterm/scripts/heatmap_input.sh 5 7 45 45 REP_published_auc_mean CTD2_published_auc_mean /work/tansey/meisterm/results/2023-08-02/diagonal/log_REP_CTD2/45/45/5 1000 /work/tansey/meisterm/data> was submitted from host <juno> by user <meisterm> in cluster <juno> at Wed Aug  2 15:56:41 2023
Job was executed on host(s) <jh10>, in queue <general>, as user <meisterm> in cluster <juno> at Wed Aug  2 16:06:16 2023
</home/meisterm> was used as the home directory.
</work/tansey/meisterm> was used as the working directory.
Started at Wed Aug  2 16:06:16 2023
Terminated at Wed Aug  2 16:07:16 2023
Results reported at Wed Aug  2 16:07:16 2023

Your job looked like:

------------------------------------------------------------
# LSBATCH: User input
/work/tansey/meisterm/scripts/heatmap_input.sh 5 7 45 45 REP_published_auc_mean CTD2_published_auc_mean /work/tansey/meisterm/results/2023-08-02/diagonal/log_REP_CTD2/45/45/5 1000 /work/tansey/meisterm/data
------------------------------------------------------------

Successfully completed.

Resource usage summary:

    CPU time :                                   59.38 sec.
    Max Memory :                                 -
    Average Memory :                             -
    Total Requested Memory :                     32.00 GB
    Delta Memory :                               -
    Max Swap :                                   -
    Max Processes :                              4
    Max Threads :                                65
    Run time :                                   61 sec.
    Turnaround time :                            635 sec.

The output (if any) is above this job summary.



PS:

Read file </work/tansey/meisterm/results/2023-08-02/diagonal/log_REP_CTD2/45/45/5/model_split.err> for stderr output of this job.

FINAL LOSS DIFF: 112.95751953125
corr_test: 0.8160942325193111
corr_train: 0.8430506019960575
FINAL LOSS DIFF: 17.68896484375
corr_test: 0.8176881789640299
corr_train: 0.8432725273910178

------------------------------------------------------------
Sender: LSF System <lsfadmin@jh10>
Subject: Job 67470502: </work/tansey/meisterm/scripts/heatmap_input.sh 5 1 45 45 REP_published_auc_mean CTD2_published_auc_mean /work/tansey/meisterm/results/2023-08-02/diagonal/log_REP_CTD2/45/45/5 1000 /work/tansey/meisterm/data> in cluster <juno> Done

Job </work/tansey/meisterm/scripts/heatmap_input.sh 5 1 45 45 REP_published_auc_mean CTD2_published_auc_mean /work/tansey/meisterm/results/2023-08-02/diagonal/log_REP_CTD2/45/45/5 1000 /work/tansey/meisterm/data> was submitted from host <juno> by user <meisterm> in cluster <juno> at Wed Aug  2 15:56:40 2023
Job was executed on host(s) <jh10>, in queue <general>, as user <meisterm> in cluster <juno> at Wed Aug  2 16:06:16 2023
</home/meisterm> was used as the home directory.
</work/tansey/meisterm> was used as the working directory.
Started at Wed Aug  2 16:06:16 2023
Terminated at Wed Aug  2 16:07:18 2023
Results reported at Wed Aug  2 16:07:18 2023

Your job looked like:

------------------------------------------------------------
# LSBATCH: User input
/work/tansey/meisterm/scripts/heatmap_input.sh 5 1 45 45 REP_published_auc_mean CTD2_published_auc_mean /work/tansey/meisterm/results/2023-08-02/diagonal/log_REP_CTD2/45/45/5 1000 /work/tansey/meisterm/data
------------------------------------------------------------

Successfully completed.

Resource usage summary:

    CPU time :                                   60.55 sec.
    Max Memory :                                 -
    Average Memory :                             -
    Total Requested Memory :                     32.00 GB
    Delta Memory :                               -
    Max Swap :                                   -
    Max Processes :                              4
    Max Threads :                                65
    Run time :                                   63 sec.
    Turnaround time :                            638 sec.

The output (if any) is above this job summary.



PS:

Read file </work/tansey/meisterm/results/2023-08-02/diagonal/log_REP_CTD2/45/45/5/model_split.err> for stderr output of this job.


------------------------------------------------------------
Sender: LSF System <lsfadmin@jh10>
Subject: Job 67470507: </work/tansey/meisterm/scripts/heatmap_input.sh 5 6 45 45 REP_published_auc_mean CTD2_published_auc_mean /work/tansey/meisterm/results/2023-08-02/diagonal/log_REP_CTD2/45/45/5 1000 /work/tansey/meisterm/data> in cluster <juno> Done

Job </work/tansey/meisterm/scripts/heatmap_input.sh 5 6 45 45 REP_published_auc_mean CTD2_published_auc_mean /work/tansey/meisterm/results/2023-08-02/diagonal/log_REP_CTD2/45/45/5 1000 /work/tansey/meisterm/data> was submitted from host <juno> by user <meisterm> in cluster <juno> at Wed Aug  2 15:56:41 2023
Job was executed on host(s) <jh10>, in queue <general>, as user <meisterm> in cluster <juno> at Wed Aug  2 16:06:16 2023
</home/meisterm> was used as the home directory.
</work/tansey/meisterm> was used as the working directory.
Started at Wed Aug  2 16:06:16 2023
Terminated at Wed Aug  2 16:07:19 2023
Results reported at Wed Aug  2 16:07:19 2023

Your job looked like:

------------------------------------------------------------
# LSBATCH: User input
/work/tansey/meisterm/scripts/heatmap_input.sh 5 6 45 45 REP_published_auc_mean CTD2_published_auc_mean /work/tansey/meisterm/results/2023-08-02/diagonal/log_REP_CTD2/45/45/5 1000 /work/tansey/meisterm/data
------------------------------------------------------------

Successfully completed.

Resource usage summary:

    CPU time :                                   61.31 sec.
    Max Memory :                                 -
    Average Memory :                             -
    Total Requested Memory :                     32.00 GB
    Delta Memory :                               -
    Max Swap :                                   -
    Max Processes :                              4
    Max Threads :                                65
    Run time :                                   63 sec.
    Turnaround time :                            638 sec.

The output (if any) is above this job summary.



PS:

Read file </work/tansey/meisterm/results/2023-08-02/diagonal/log_REP_CTD2/45/45/5/model_split.err> for stderr output of this job.

FINAL LOSS DIFF: 31.28125
corr_test: 0.8159759609776833
corr_train: 0.8422488494403777

------------------------------------------------------------
Sender: LSF System <lsfadmin@jh10>
Subject: Job 67470504: </work/tansey/meisterm/scripts/heatmap_input.sh 5 3 45 45 REP_published_auc_mean CTD2_published_auc_mean /work/tansey/meisterm/results/2023-08-02/diagonal/log_REP_CTD2/45/45/5 1000 /work/tansey/meisterm/data> in cluster <juno> Done

Job </work/tansey/meisterm/scripts/heatmap_input.sh 5 3 45 45 REP_published_auc_mean CTD2_published_auc_mean /work/tansey/meisterm/results/2023-08-02/diagonal/log_REP_CTD2/45/45/5 1000 /work/tansey/meisterm/data> was submitted from host <juno> by user <meisterm> in cluster <juno> at Wed Aug  2 15:56:40 2023
Job was executed on host(s) <jh10>, in queue <general>, as user <meisterm> in cluster <juno> at Wed Aug  2 16:06:16 2023
</home/meisterm> was used as the home directory.
</work/tansey/meisterm> was used as the working directory.
Started at Wed Aug  2 16:06:16 2023
Terminated at Wed Aug  2 16:07:21 2023
Results reported at Wed Aug  2 16:07:21 2023

Your job looked like:

------------------------------------------------------------
# LSBATCH: User input
/work/tansey/meisterm/scripts/heatmap_input.sh 5 3 45 45 REP_published_auc_mean CTD2_published_auc_mean /work/tansey/meisterm/results/2023-08-02/diagonal/log_REP_CTD2/45/45/5 1000 /work/tansey/meisterm/data
------------------------------------------------------------

Successfully completed.

Resource usage summary:

    CPU time :                                   63.25 sec.
    Max Memory :                                 -
    Average Memory :                             -
    Total Requested Memory :                     32.00 GB
    Delta Memory :                               -
    Max Swap :                                   -
    Max Processes :                              4
    Max Threads :                                65
    Run time :                                   64 sec.
    Turnaround time :                            641 sec.

The output (if any) is above this job summary.



PS:

Read file </work/tansey/meisterm/results/2023-08-02/diagonal/log_REP_CTD2/45/45/5/model_split.err> for stderr output of this job.

FINAL LOSS DIFF: 84.548828125
corr_test: 0.8204450840739275
corr_train: 0.8476911647015003
FINAL LOSS DIFF: 8.404296875
corr_test: 0.8176208561829114
corr_train: 0.8444026178892649
FINAL LOSS DIFF: -21.69140625
corr_test: 0.8146667245328675
corr_train: 0.8432035479342886

------------------------------------------------------------
Sender: LSF System <lsfadmin@jh10>
Subject: Job 67470503: </work/tansey/meisterm/scripts/heatmap_input.sh 5 2 45 45 REP_published_auc_mean CTD2_published_auc_mean /work/tansey/meisterm/results/2023-08-02/diagonal/log_REP_CTD2/45/45/5 1000 /work/tansey/meisterm/data> in cluster <juno> Done

Job </work/tansey/meisterm/scripts/heatmap_input.sh 5 2 45 45 REP_published_auc_mean CTD2_published_auc_mean /work/tansey/meisterm/results/2023-08-02/diagonal/log_REP_CTD2/45/45/5 1000 /work/tansey/meisterm/data> was submitted from host <juno> by user <meisterm> in cluster <juno> at Wed Aug  2 15:56:40 2023
Job was executed on host(s) <jh10>, in queue <general>, as user <meisterm> in cluster <juno> at Wed Aug  2 16:06:16 2023
</home/meisterm> was used as the home directory.
</work/tansey/meisterm> was used as the working directory.
Started at Wed Aug  2 16:06:16 2023
Terminated at Wed Aug  2 16:07:25 2023
Results reported at Wed Aug  2 16:07:25 2023

Your job looked like:

------------------------------------------------------------
# LSBATCH: User input
/work/tansey/meisterm/scripts/heatmap_input.sh 5 2 45 45 REP_published_auc_mean CTD2_published_auc_mean /work/tansey/meisterm/results/2023-08-02/diagonal/log_REP_CTD2/45/45/5 1000 /work/tansey/meisterm/data
------------------------------------------------------------

Successfully completed.

Resource usage summary:

    CPU time :                                   67.26 sec.
    Max Memory :                                 -
    Average Memory :                             -
    Total Requested Memory :                     32.00 GB
    Delta Memory :                               -
    Max Swap :                                   -
    Max Processes :                              4
    Max Threads :                                65
    Run time :                                   69 sec.
    Turnaround time :                            645 sec.

The output (if any) is above this job summary.



PS:

Read file </work/tansey/meisterm/results/2023-08-02/diagonal/log_REP_CTD2/45/45/5/model_split.err> for stderr output of this job.


------------------------------------------------------------
Sender: LSF System <lsfadmin@jh10>
Subject: Job 67470506: </work/tansey/meisterm/scripts/heatmap_input.sh 5 5 45 45 REP_published_auc_mean CTD2_published_auc_mean /work/tansey/meisterm/results/2023-08-02/diagonal/log_REP_CTD2/45/45/5 1000 /work/tansey/meisterm/data> in cluster <juno> Done

Job </work/tansey/meisterm/scripts/heatmap_input.sh 5 5 45 45 REP_published_auc_mean CTD2_published_auc_mean /work/tansey/meisterm/results/2023-08-02/diagonal/log_REP_CTD2/45/45/5 1000 /work/tansey/meisterm/data> was submitted from host <juno> by user <meisterm> in cluster <juno> at Wed Aug  2 15:56:40 2023
Job was executed on host(s) <jh10>, in queue <general>, as user <meisterm> in cluster <juno> at Wed Aug  2 16:06:16 2023
</home/meisterm> was used as the home directory.
</work/tansey/meisterm> was used as the working directory.
Started at Wed Aug  2 16:06:16 2023
Terminated at Wed Aug  2 16:07:25 2023
Results reported at Wed Aug  2 16:07:25 2023

Your job looked like:

------------------------------------------------------------
# LSBATCH: User input
/work/tansey/meisterm/scripts/heatmap_input.sh 5 5 45 45 REP_published_auc_mean CTD2_published_auc_mean /work/tansey/meisterm/results/2023-08-02/diagonal/log_REP_CTD2/45/45/5 1000 /work/tansey/meisterm/data
------------------------------------------------------------

Successfully completed.

Resource usage summary:

    CPU time :                                   67.86 sec.
    Max Memory :                                 -
    Average Memory :                             -
    Total Requested Memory :                     32.00 GB
    Delta Memory :                               -
    Max Swap :                                   -
    Max Processes :                              4
    Max Threads :                                65
    Run time :                                   70 sec.
    Turnaround time :                            645 sec.

The output (if any) is above this job summary.



PS:

Read file </work/tansey/meisterm/results/2023-08-02/diagonal/log_REP_CTD2/45/45/5/model_split.err> for stderr output of this job.


------------------------------------------------------------
Sender: LSF System <lsfadmin@jh10>
Subject: Job 67470505: </work/tansey/meisterm/scripts/heatmap_input.sh 5 4 45 45 REP_published_auc_mean CTD2_published_auc_mean /work/tansey/meisterm/results/2023-08-02/diagonal/log_REP_CTD2/45/45/5 1000 /work/tansey/meisterm/data> in cluster <juno> Done

Job </work/tansey/meisterm/scripts/heatmap_input.sh 5 4 45 45 REP_published_auc_mean CTD2_published_auc_mean /work/tansey/meisterm/results/2023-08-02/diagonal/log_REP_CTD2/45/45/5 1000 /work/tansey/meisterm/data> was submitted from host <juno> by user <meisterm> in cluster <juno> at Wed Aug  2 15:56:40 2023
Job was executed on host(s) <jh10>, in queue <general>, as user <meisterm> in cluster <juno> at Wed Aug  2 16:06:16 2023
</home/meisterm> was used as the home directory.
</work/tansey/meisterm> was used as the working directory.
Started at Wed Aug  2 16:06:16 2023
Terminated at Wed Aug  2 16:07:25 2023
Results reported at Wed Aug  2 16:07:25 2023

Your job looked like:

------------------------------------------------------------
# LSBATCH: User input
/work/tansey/meisterm/scripts/heatmap_input.sh 5 4 45 45 REP_published_auc_mean CTD2_published_auc_mean /work/tansey/meisterm/results/2023-08-02/diagonal/log_REP_CTD2/45/45/5 1000 /work/tansey/meisterm/data
------------------------------------------------------------

Successfully completed.

Resource usage summary:

    CPU time :                                   68.12 sec.
    Max Memory :                                 -
    Average Memory :                             -
    Total Requested Memory :                     32.00 GB
    Delta Memory :                               -
    Max Swap :                                   -
    Max Processes :                              4
    Max Threads :                                65
    Run time :                                   70 sec.
    Turnaround time :                            645 sec.

The output (if any) is above this job summary.



PS:

Read file </work/tansey/meisterm/results/2023-08-02/diagonal/log_REP_CTD2/45/45/5/model_split.err> for stderr output of this job.

FINAL LOSS DIFF: 221.138671875
corr_test: 0.8136346224763393
corr_train: 0.8438488767300989

------------------------------------------------------------
Sender: LSF System <lsfadmin@ji13>
Subject: Job 67470511: </work/tansey/meisterm/scripts/heatmap_input.sh 5 10 45 45 REP_published_auc_mean CTD2_published_auc_mean /work/tansey/meisterm/results/2023-08-02/diagonal/log_REP_CTD2/45/45/5 1000 /work/tansey/meisterm/data> in cluster <juno> Done

Job </work/tansey/meisterm/scripts/heatmap_input.sh 5 10 45 45 REP_published_auc_mean CTD2_published_auc_mean /work/tansey/meisterm/results/2023-08-02/diagonal/log_REP_CTD2/45/45/5 1000 /work/tansey/meisterm/data> was submitted from host <juno> by user <meisterm> in cluster <juno> at Wed Aug  2 15:56:41 2023
Job was executed on host(s) <ji13>, in queue <general>, as user <meisterm> in cluster <juno> at Wed Aug  2 16:06:16 2023
</home/meisterm> was used as the home directory.
</work/tansey/meisterm> was used as the working directory.
Started at Wed Aug  2 16:06:16 2023
Terminated at Wed Aug  2 16:07:27 2023
Results reported at Wed Aug  2 16:07:27 2023

Your job looked like:

------------------------------------------------------------
# LSBATCH: User input
/work/tansey/meisterm/scripts/heatmap_input.sh 5 10 45 45 REP_published_auc_mean CTD2_published_auc_mean /work/tansey/meisterm/results/2023-08-02/diagonal/log_REP_CTD2/45/45/5 1000 /work/tansey/meisterm/data
------------------------------------------------------------

Successfully completed.

Resource usage summary:

    CPU time :                                   67.50 sec.
    Max Memory :                                 -
    Average Memory :                             -
    Total Requested Memory :                     32.00 GB
    Delta Memory :                               -
    Max Swap :                                   -
    Max Processes :                              4
    Max Threads :                                77
    Run time :                                   72 sec.
    Turnaround time :                            646 sec.

The output (if any) is above this job summary.



PS:

Read file </work/tansey/meisterm/results/2023-08-02/diagonal/log_REP_CTD2/45/45/5/model_split.err> for stderr output of this job.

FINAL LOSS DIFF: 109.8642578125
corr_test: 0.8226611359674806
corr_train: 0.8449833719114342

------------------------------------------------------------
Sender: LSF System <lsfadmin@ji15>
Subject: Job 67470510: </work/tansey/meisterm/scripts/heatmap_input.sh 5 9 45 45 REP_published_auc_mean CTD2_published_auc_mean /work/tansey/meisterm/results/2023-08-02/diagonal/log_REP_CTD2/45/45/5 1000 /work/tansey/meisterm/data> in cluster <juno> Done

Job </work/tansey/meisterm/scripts/heatmap_input.sh 5 9 45 45 REP_published_auc_mean CTD2_published_auc_mean /work/tansey/meisterm/results/2023-08-02/diagonal/log_REP_CTD2/45/45/5 1000 /work/tansey/meisterm/data> was submitted from host <juno> by user <meisterm> in cluster <juno> at Wed Aug  2 15:56:41 2023
Job was executed on host(s) <ji15>, in queue <general>, as user <meisterm> in cluster <juno> at Wed Aug  2 16:06:16 2023
</home/meisterm> was used as the home directory.
</work/tansey/meisterm> was used as the working directory.
Started at Wed Aug  2 16:06:16 2023
Terminated at Wed Aug  2 16:07:37 2023
Results reported at Wed Aug  2 16:07:37 2023

Your job looked like:

------------------------------------------------------------
# LSBATCH: User input
/work/tansey/meisterm/scripts/heatmap_input.sh 5 9 45 45 REP_published_auc_mean CTD2_published_auc_mean /work/tansey/meisterm/results/2023-08-02/diagonal/log_REP_CTD2/45/45/5 1000 /work/tansey/meisterm/data
------------------------------------------------------------

Successfully completed.

Resource usage summary:

    CPU time :                                   79.33 sec.
    Max Memory :                                 -
    Average Memory :                             -
    Total Requested Memory :                     32.00 GB
    Delta Memory :                               -
    Max Swap :                                   -
    Max Processes :                              4
    Max Threads :                                77
    Run time :                                   82 sec.
    Turnaround time :                            656 sec.

The output (if any) is above this job summary.



PS:

Read file </work/tansey/meisterm/results/2023-08-02/diagonal/log_REP_CTD2/45/45/5/model_split.err> for stderr output of this job.

