train_corr: 0.927703111624781
test_corr: 0.7583046565154045

------------------------------------------------------------
Sender: LSF System <lsfadmin@ji14>
Subject: Job 68466315: </work/tansey/meisterm/new_scripts/expt.sh /work/tansey/meisterm/code transfer REP GDSC sample_split -1 data/rep-gdsc-ctd2-mean-log.csv /work/tansey/meisterm/results/2023-08-10/run_2c/log_REP_GDSC/transfer/4 fold_info/fold_list_10.pkl 1000 4> in cluster <juno> Done

Job </work/tansey/meisterm/new_scripts/expt.sh /work/tansey/meisterm/code transfer REP GDSC sample_split -1 data/rep-gdsc-ctd2-mean-log.csv /work/tansey/meisterm/results/2023-08-10/run_2c/log_REP_GDSC/transfer/4 fold_info/fold_list_10.pkl 1000 4> was submitted from host <juno> by user <meisterm> in cluster <juno> at Thu Aug 10 17:57:39 2023
Job was executed on host(s) <ji14>, in queue <general>, as user <meisterm> in cluster <juno> at Fri Aug 11 01:54:05 2023
</home/meisterm> was used as the home directory.
</work/tansey/meisterm> was used as the working directory.
Started at Fri Aug 11 01:54:05 2023
Terminated at Fri Aug 11 06:13:21 2023
Results reported at Fri Aug 11 06:13:21 2023

Your job looked like:

------------------------------------------------------------
# LSBATCH: User input
/work/tansey/meisterm/new_scripts/expt.sh /work/tansey/meisterm/code transfer REP GDSC sample_split -1 data/rep-gdsc-ctd2-mean-log.csv /work/tansey/meisterm/results/2023-08-10/run_2c/log_REP_GDSC/transfer/4 fold_info/fold_list_10.pkl 1000 4
------------------------------------------------------------

Successfully completed.

Resource usage summary:

    CPU time :                                   15502.55 sec.
    Max Memory :                                 -
    Average Memory :                             -
    Total Requested Memory :                     32.00 GB
    Delta Memory :                               -
    Max Swap :                                   -
    Max Processes :                              4
    Max Threads :                                77
    Run time :                                   15557 sec.
    Turnaround time :                            44142 sec.

The output (if any) is above this job summary.



PS:

Read file </work/tansey/meisterm/results/2023-08-10/run_2c/log_REP_GDSC/transfer/4/err.err> for stderr output of this job.

