train_corr: 0.9039607698576306
test_corr: 0.8057169456929986

------------------------------------------------------------
Sender: LSF System <lsfadmin@je21>
Subject: Job 68466703: </work/tansey/meisterm/new_scripts/expt.sh /work/tansey/meisterm/code transfer GDSC CTD2 random_split .20 data/rep-gdsc-ctd2-mean-log.csv /work/tansey/meisterm/results/2023-08-10/run_2d/log_GDSC_CTD2/20/transfer/7 "" 1000 7> in cluster <juno> Done

Job </work/tansey/meisterm/new_scripts/expt.sh /work/tansey/meisterm/code transfer GDSC CTD2 random_split .20 data/rep-gdsc-ctd2-mean-log.csv /work/tansey/meisterm/results/2023-08-10/run_2d/log_GDSC_CTD2/20/transfer/7 "" 1000 7> was submitted from host <juno> by user <meisterm> in cluster <juno> at Thu Aug 10 17:58:27 2023
Job was executed on host(s) <je21>, in queue <general>, as user <meisterm> in cluster <juno> at Fri Aug 11 11:19:52 2023
</home/meisterm> was used as the home directory.
</work/tansey/meisterm> was used as the working directory.
Started at Fri Aug 11 11:19:52 2023
Terminated at Fri Aug 11 16:36:17 2023
Results reported at Fri Aug 11 16:36:17 2023

Your job looked like:

------------------------------------------------------------
# LSBATCH: User input
/work/tansey/meisterm/new_scripts/expt.sh /work/tansey/meisterm/code transfer GDSC CTD2 random_split .20 data/rep-gdsc-ctd2-mean-log.csv /work/tansey/meisterm/results/2023-08-10/run_2d/log_GDSC_CTD2/20/transfer/7 "" 1000 7
------------------------------------------------------------

Successfully completed.

Resource usage summary:

    CPU time :                                   22340.86 sec.
    Max Memory :                                 -
    Average Memory :                             -
    Total Requested Memory :                     32.00 GB
    Delta Memory :                               -
    Max Swap :                                   -
    Max Processes :                              4
    Max Threads :                                53
    Run time :                                   18987 sec.
    Turnaround time :                            81470 sec.

The output (if any) is above this job summary.



PS:

Read file </work/tansey/meisterm/results/2023-08-10/run_2d/log_GDSC_CTD2/20/transfer/7/err.err> for stderr output of this job.

