
------------------------------------------------------------
Sender: LSF System <lsfadmin@ji14>
Subject: Job 68913896: </work/tansey/meisterm/new_scripts/pdx_expt.sh /work/tansey/meisterm/code transfer /work/tansey/meisterm/data/yaspo_combined_intersection.csv /work/tansey/meisterm/results/2023-08-14/pdx_expt/transfer/4 /work/tansey/meisterm/fold_info/pdx_folds.pkl 4 1000> in cluster <juno> Done

Job </work/tansey/meisterm/new_scripts/pdx_expt.sh /work/tansey/meisterm/code transfer /work/tansey/meisterm/data/yaspo_combined_intersection.csv /work/tansey/meisterm/results/2023-08-14/pdx_expt/transfer/4 /work/tansey/meisterm/fold_info/pdx_folds.pkl 4 1000> was submitted from host <juno> by user <meisterm> in cluster <juno> at Mon Aug 14 20:24:35 2023
Job was executed on host(s) <ji14>, in queue <general>, as user <meisterm> in cluster <juno> at Mon Aug 14 20:24:37 2023
</home/meisterm> was used as the home directory.
</work/tansey/meisterm> was used as the working directory.
Started at Mon Aug 14 20:24:37 2023
Terminated at Mon Aug 14 23:48:03 2023
Results reported at Mon Aug 14 23:48:03 2023

Your job looked like:

------------------------------------------------------------
# LSBATCH: User input
/work/tansey/meisterm/new_scripts/pdx_expt.sh /work/tansey/meisterm/code transfer /work/tansey/meisterm/data/yaspo_combined_intersection.csv /work/tansey/meisterm/results/2023-08-14/pdx_expt/transfer/4 /work/tansey/meisterm/fold_info/pdx_folds.pkl 4 1000
------------------------------------------------------------

Successfully completed.

Resource usage summary:

    CPU time :                                   12171.24 sec.
    Max Memory :                                 -
    Average Memory :                             -
    Total Requested Memory :                     32.00 GB
    Delta Memory :                               -
    Max Swap :                                   -
    Max Processes :                              4
    Max Threads :                                77
    Run time :                                   12208 sec.
    Turnaround time :                            12208 sec.

The output (if any) is above this job summary.



PS:

Read file </work/tansey/meisterm/results/2023-08-14/pdx_expt/transfer/4/err.err> for stderr output of this job.

train_corr: 0.11550586126658353
test_corr: 0.5935206403651279

------------------------------------------------------------
Sender: LSF System <lsfadmin@ji04>
Subject: Job 68914596: </work/tansey/meisterm/new_scripts/pdx_expt.sh /work/tansey/meisterm/code transfer /work/tansey/meisterm/data/yaspo_combined_intersection.csv /work/tansey/meisterm/results/2023-08-14/pdx_expt/transfer/4 /work/tansey/meisterm/fold_info/pdx_folds.pkl 4 1000> in cluster <juno> Done

Job </work/tansey/meisterm/new_scripts/pdx_expt.sh /work/tansey/meisterm/code transfer /work/tansey/meisterm/data/yaspo_combined_intersection.csv /work/tansey/meisterm/results/2023-08-14/pdx_expt/transfer/4 /work/tansey/meisterm/fold_info/pdx_folds.pkl 4 1000> was submitted from host <juno> by user <meisterm> in cluster <juno> at Mon Aug 14 20:26:18 2023
Job was executed on host(s) <ji04>, in queue <general>, as user <meisterm> in cluster <juno> at Mon Aug 14 20:26:20 2023
</home/meisterm> was used as the home directory.
</work/tansey/meisterm> was used as the working directory.
Started at Mon Aug 14 20:26:20 2023
Terminated at Tue Aug 15 00:10:39 2023
Results reported at Tue Aug 15 00:10:39 2023

Your job looked like:

------------------------------------------------------------
# LSBATCH: User input
/work/tansey/meisterm/new_scripts/pdx_expt.sh /work/tansey/meisterm/code transfer /work/tansey/meisterm/data/yaspo_combined_intersection.csv /work/tansey/meisterm/results/2023-08-14/pdx_expt/transfer/4 /work/tansey/meisterm/fold_info/pdx_folds.pkl 4 1000
------------------------------------------------------------

Successfully completed.

Resource usage summary:

    CPU time :                                   13425.32 sec.
    Max Memory :                                 -
    Average Memory :                             -
    Total Requested Memory :                     32.00 GB
    Delta Memory :                               -
    Max Swap :                                   -
    Max Processes :                              4
    Max Threads :                                77
    Run time :                                   13461 sec.
    Turnaround time :                            13461 sec.

The output (if any) is above this job summary.



PS:

Read file </work/tansey/meisterm/results/2023-08-14/pdx_expt/transfer/4/err.err> for stderr output of this job.

