train_corr: 0.896888163075461
test_corr: 0.7192508739484335

------------------------------------------------------------
Sender: LSF System <lsfadmin@ji10>
Subject: Job 68555296: </work/tansey/meisterm/new_scripts/expt.sh /work/tansey/meisterm/code transfer CTD2 GDSC random_split .90 data/rep-gdsc-ctd2-mean-log.csv /work/tansey/meisterm/results/2023-08-11/run_2d/log_CTD2_GDSC/90/transfer/0 "" 1000 0> in cluster <juno> Done

Job </work/tansey/meisterm/new_scripts/expt.sh /work/tansey/meisterm/code transfer CTD2 GDSC random_split .90 data/rep-gdsc-ctd2-mean-log.csv /work/tansey/meisterm/results/2023-08-11/run_2d/log_CTD2_GDSC/90/transfer/0 "" 1000 0> was submitted from host <juno> by user <meisterm> in cluster <juno> at Fri Aug 11 21:32:25 2023
Job was executed on host(s) <ji10>, in queue <general>, as user <meisterm> in cluster <juno> at Fri Aug 11 21:44:30 2023
</home/meisterm> was used as the home directory.
</work/tansey/meisterm> was used as the working directory.
Started at Fri Aug 11 21:44:30 2023
Terminated at Sat Aug 12 01:48:22 2023
Results reported at Sat Aug 12 01:48:22 2023

Your job looked like:

------------------------------------------------------------
# LSBATCH: User input
/work/tansey/meisterm/new_scripts/expt.sh /work/tansey/meisterm/code transfer CTD2 GDSC random_split .90 data/rep-gdsc-ctd2-mean-log.csv /work/tansey/meisterm/results/2023-08-11/run_2d/log_CTD2_GDSC/90/transfer/0 "" 1000 0
------------------------------------------------------------

Successfully completed.

Resource usage summary:

    CPU time :                                   14596.24 sec.
    Max Memory :                                 -
    Average Memory :                             -
    Total Requested Memory :                     32.00 GB
    Delta Memory :                               -
    Max Swap :                                   -
    Max Processes :                              4
    Max Threads :                                77
    Run time :                                   14633 sec.
    Turnaround time :                            15357 sec.

The output (if any) is above this job summary.



PS:

Read file </work/tansey/meisterm/results/2023-08-11/run_2d/log_CTD2_GDSC/90/transfer/0/err.err> for stderr output of this job.

