train_corr: 0.510021692152642
test_corr: 0.4812866663332515

------------------------------------------------------------
Sender: LSF System <lsfadmin@je09>
Subject: Job 68466480: </work/tansey/meisterm/new_scripts/expt.sh /work/tansey/meisterm/code raw GDSC CTD2 random_split .60 data/rep-gdsc-ctd2-mean-log.csv /work/tansey/meisterm/results/2023-08-10/run_2d/log_GDSC_CTD2/60/raw/7 "" 1000 7> in cluster <juno> Done

Job </work/tansey/meisterm/new_scripts/expt.sh /work/tansey/meisterm/code raw GDSC CTD2 random_split .60 data/rep-gdsc-ctd2-mean-log.csv /work/tansey/meisterm/results/2023-08-10/run_2d/log_GDSC_CTD2/60/raw/7 "" 1000 7> was submitted from host <juno> by user <meisterm> in cluster <juno> at Thu Aug 10 17:58:15 2023
Job was executed on host(s) <je09>, in queue <general>, as user <meisterm> in cluster <juno> at Thu Aug 10 17:58:19 2023
</home/meisterm> was used as the home directory.
</work/tansey/meisterm> was used as the working directory.
Started at Thu Aug 10 17:58:19 2023
Terminated at Thu Aug 10 17:58:46 2023
Results reported at Thu Aug 10 17:58:46 2023

Your job looked like:

------------------------------------------------------------
# LSBATCH: User input
/work/tansey/meisterm/new_scripts/expt.sh /work/tansey/meisterm/code raw GDSC CTD2 random_split .60 data/rep-gdsc-ctd2-mean-log.csv /work/tansey/meisterm/results/2023-08-10/run_2d/log_GDSC_CTD2/60/raw/7 "" 1000 7
------------------------------------------------------------

Successfully completed.

Resource usage summary:

    CPU time :                                   9.58 sec.
    Max Memory :                                 -
    Average Memory :                             -
    Total Requested Memory :                     32.00 GB
    Delta Memory :                               -
    Max Swap :                                   -
    Max Processes :                              4
    Max Threads :                                13
    Run time :                                   27 sec.
    Turnaround time :                            31 sec.

The output (if any) is above this job summary.



PS:

Read file </work/tansey/meisterm/results/2023-08-10/run_2d/log_GDSC_CTD2/60/raw/7/err.err> for stderr output of this job.

