FINAL LOSS DIFF: 63.2177734375
corr_test: 0.8267741664729805
corr_train: 0.8549952805892523

------------------------------------------------------------
Sender: LSF System <lsfadmin@je22>
Subject: Job 67466614: </work/tansey/meisterm/scripts/heatmap_input.sh 8 2 6 6 REP_published_auc_mean CTD2_published_auc_mean /work/tansey/meisterm/results/2023-08-02/diagonal/log_REP_CTD2/6/6/8 1000 /work/tansey/meisterm/data> in cluster <juno> Done

Job </work/tansey/meisterm/scripts/heatmap_input.sh 8 2 6 6 REP_published_auc_mean CTD2_published_auc_mean /work/tansey/meisterm/results/2023-08-02/diagonal/log_REP_CTD2/6/6/8 1000 /work/tansey/meisterm/data> was submitted from host <juno> by user <meisterm> in cluster <juno> at Wed Aug  2 15:54:03 2023
Job was executed on host(s) <je22>, in queue <general>, as user <meisterm> in cluster <juno> at Wed Aug  2 16:01:14 2023
</home/meisterm> was used as the home directory.
</work/tansey/meisterm> was used as the working directory.
Started at Wed Aug  2 16:01:14 2023
Terminated at Wed Aug  2 16:01:52 2023
Results reported at Wed Aug  2 16:01:52 2023

Your job looked like:

------------------------------------------------------------
# LSBATCH: User input
/work/tansey/meisterm/scripts/heatmap_input.sh 8 2 6 6 REP_published_auc_mean CTD2_published_auc_mean /work/tansey/meisterm/results/2023-08-02/diagonal/log_REP_CTD2/6/6/8 1000 /work/tansey/meisterm/data
------------------------------------------------------------

Successfully completed.

Resource usage summary:

    CPU time :                                   35.19 sec.
    Max Memory :                                 -
    Average Memory :                             -
    Total Requested Memory :                     32.00 GB
    Delta Memory :                               -
    Max Swap :                                   -
    Max Processes :                              4
    Max Threads :                                53
    Run time :                                   39 sec.
    Turnaround time :                            469 sec.

The output (if any) is above this job summary.



PS:

Read file </work/tansey/meisterm/results/2023-08-02/diagonal/log_REP_CTD2/6/6/8/model_split.err> for stderr output of this job.

FINAL LOSS DIFF: -79.762939453125
corr_test: 0.827729085152354
corr_train: 0.856992938954948

------------------------------------------------------------
Sender: LSF System <lsfadmin@jh09>
Subject: Job 67466613: </work/tansey/meisterm/scripts/heatmap_input.sh 8 1 6 6 REP_published_auc_mean CTD2_published_auc_mean /work/tansey/meisterm/results/2023-08-02/diagonal/log_REP_CTD2/6/6/8 1000 /work/tansey/meisterm/data> in cluster <juno> Done

Job </work/tansey/meisterm/scripts/heatmap_input.sh 8 1 6 6 REP_published_auc_mean CTD2_published_auc_mean /work/tansey/meisterm/results/2023-08-02/diagonal/log_REP_CTD2/6/6/8 1000 /work/tansey/meisterm/data> was submitted from host <juno> by user <meisterm> in cluster <juno> at Wed Aug  2 15:54:03 2023
Job was executed on host(s) <jh09>, in queue <general>, as user <meisterm> in cluster <juno> at Wed Aug  2 16:01:14 2023
</home/meisterm> was used as the home directory.
</work/tansey/meisterm> was used as the working directory.
Started at Wed Aug  2 16:01:14 2023
Terminated at Wed Aug  2 16:02:09 2023
Results reported at Wed Aug  2 16:02:09 2023

Your job looked like:

------------------------------------------------------------
# LSBATCH: User input
/work/tansey/meisterm/scripts/heatmap_input.sh 8 1 6 6 REP_published_auc_mean CTD2_published_auc_mean /work/tansey/meisterm/results/2023-08-02/diagonal/log_REP_CTD2/6/6/8 1000 /work/tansey/meisterm/data
------------------------------------------------------------

Successfully completed.

Resource usage summary:

    CPU time :                                   52.30 sec.
    Max Memory :                                 -
    Average Memory :                             -
    Total Requested Memory :                     32.00 GB
    Delta Memory :                               -
    Max Swap :                                   -
    Max Processes :                              4
    Max Threads :                                65
    Run time :                                   56 sec.
    Turnaround time :                            486 sec.

The output (if any) is above this job summary.



PS:

Read file </work/tansey/meisterm/results/2023-08-02/diagonal/log_REP_CTD2/6/6/8/model_split.err> for stderr output of this job.

FINAL LOSS DIFF: -161.115478515625
corr_test: 0.8257755997270206
corr_train: 0.8553620621036145
FINAL LOSS DIFF: -17.173095703125
corr_test: 0.8261408969910535
corr_train: 0.8507256092480926

------------------------------------------------------------
Sender: LSF System <lsfadmin@jh08>
Subject: Job 67466622: </work/tansey/meisterm/scripts/heatmap_input.sh 8 10 6 6 REP_published_auc_mean CTD2_published_auc_mean /work/tansey/meisterm/results/2023-08-02/diagonal/log_REP_CTD2/6/6/8 1000 /work/tansey/meisterm/data> in cluster <juno> Done

Job </work/tansey/meisterm/scripts/heatmap_input.sh 8 10 6 6 REP_published_auc_mean CTD2_published_auc_mean /work/tansey/meisterm/results/2023-08-02/diagonal/log_REP_CTD2/6/6/8 1000 /work/tansey/meisterm/data> was submitted from host <juno> by user <meisterm> in cluster <juno> at Wed Aug  2 15:54:03 2023
Job was executed on host(s) <jh08>, in queue <general>, as user <meisterm> in cluster <juno> at Wed Aug  2 16:01:15 2023
</home/meisterm> was used as the home directory.
</work/tansey/meisterm> was used as the working directory.
Started at Wed Aug  2 16:01:15 2023
Terminated at Wed Aug  2 16:02:11 2023
Results reported at Wed Aug  2 16:02:11 2023

Your job looked like:

------------------------------------------------------------
# LSBATCH: User input
/work/tansey/meisterm/scripts/heatmap_input.sh 8 10 6 6 REP_published_auc_mean CTD2_published_auc_mean /work/tansey/meisterm/results/2023-08-02/diagonal/log_REP_CTD2/6/6/8 1000 /work/tansey/meisterm/data
------------------------------------------------------------

Successfully completed.

Resource usage summary:

    CPU time :                                   52.79 sec.
    Max Memory :                                 -
    Average Memory :                             -
    Total Requested Memory :                     32.00 GB
    Delta Memory :                               -
    Max Swap :                                   -
    Max Processes :                              4
    Max Threads :                                65
    Run time :                                   56 sec.
    Turnaround time :                            488 sec.

The output (if any) is above this job summary.



PS:

Read file </work/tansey/meisterm/results/2023-08-02/diagonal/log_REP_CTD2/6/6/8/model_split.err> for stderr output of this job.


------------------------------------------------------------
Sender: LSF System <lsfadmin@jh04>
Subject: Job 67466621: </work/tansey/meisterm/scripts/heatmap_input.sh 8 9 6 6 REP_published_auc_mean CTD2_published_auc_mean /work/tansey/meisterm/results/2023-08-02/diagonal/log_REP_CTD2/6/6/8 1000 /work/tansey/meisterm/data> in cluster <juno> Done

Job </work/tansey/meisterm/scripts/heatmap_input.sh 8 9 6 6 REP_published_auc_mean CTD2_published_auc_mean /work/tansey/meisterm/results/2023-08-02/diagonal/log_REP_CTD2/6/6/8 1000 /work/tansey/meisterm/data> was submitted from host <juno> by user <meisterm> in cluster <juno> at Wed Aug  2 15:54:03 2023
Job was executed on host(s) <jh04>, in queue <general>, as user <meisterm> in cluster <juno> at Wed Aug  2 16:01:15 2023
</home/meisterm> was used as the home directory.
</work/tansey/meisterm> was used as the working directory.
Started at Wed Aug  2 16:01:15 2023
Terminated at Wed Aug  2 16:02:11 2023
Results reported at Wed Aug  2 16:02:11 2023

Your job looked like:

------------------------------------------------------------
# LSBATCH: User input
/work/tansey/meisterm/scripts/heatmap_input.sh 8 9 6 6 REP_published_auc_mean CTD2_published_auc_mean /work/tansey/meisterm/results/2023-08-02/diagonal/log_REP_CTD2/6/6/8 1000 /work/tansey/meisterm/data
------------------------------------------------------------

Successfully completed.

Resource usage summary:

    CPU time :                                   53.44 sec.
    Max Memory :                                 -
    Average Memory :                             -
    Total Requested Memory :                     32.00 GB
    Delta Memory :                               -
    Max Swap :                                   -
    Max Processes :                              4
    Max Threads :                                65
    Run time :                                   57 sec.
    Turnaround time :                            488 sec.

The output (if any) is above this job summary.



PS:

Read file </work/tansey/meisterm/results/2023-08-02/diagonal/log_REP_CTD2/6/6/8/model_split.err> for stderr output of this job.

FINAL LOSS DIFF: -144.583984375
corr_test: 0.8292638475458044
corr_train: 0.8578028081491561

------------------------------------------------------------
Sender: LSF System <lsfadmin@ji21>
Subject: Job 67466617: </work/tansey/meisterm/scripts/heatmap_input.sh 8 5 6 6 REP_published_auc_mean CTD2_published_auc_mean /work/tansey/meisterm/results/2023-08-02/diagonal/log_REP_CTD2/6/6/8 1000 /work/tansey/meisterm/data> in cluster <juno> Done

Job </work/tansey/meisterm/scripts/heatmap_input.sh 8 5 6 6 REP_published_auc_mean CTD2_published_auc_mean /work/tansey/meisterm/results/2023-08-02/diagonal/log_REP_CTD2/6/6/8 1000 /work/tansey/meisterm/data> was submitted from host <juno> by user <meisterm> in cluster <juno> at Wed Aug  2 15:54:03 2023
Job was executed on host(s) <ji21>, in queue <general>, as user <meisterm> in cluster <juno> at Wed Aug  2 16:01:15 2023
</home/meisterm> was used as the home directory.
</work/tansey/meisterm> was used as the working directory.
Started at Wed Aug  2 16:01:15 2023
Terminated at Wed Aug  2 16:02:16 2023
Results reported at Wed Aug  2 16:02:16 2023

Your job looked like:

------------------------------------------------------------
# LSBATCH: User input
/work/tansey/meisterm/scripts/heatmap_input.sh 8 5 6 6 REP_published_auc_mean CTD2_published_auc_mean /work/tansey/meisterm/results/2023-08-02/diagonal/log_REP_CTD2/6/6/8 1000 /work/tansey/meisterm/data
------------------------------------------------------------

Successfully completed.

Resource usage summary:

    CPU time :                                   57.72 sec.
    Max Memory :                                 -
    Average Memory :                             -
    Total Requested Memory :                     32.00 GB
    Delta Memory :                               -
    Max Swap :                                   -
    Max Processes :                              4
    Max Threads :                                77
    Run time :                                   61 sec.
    Turnaround time :                            493 sec.

The output (if any) is above this job summary.



PS:

Read file </work/tansey/meisterm/results/2023-08-02/diagonal/log_REP_CTD2/6/6/8/model_split.err> for stderr output of this job.

FINAL LOSS DIFF: -0.5625
corr_test: 0.8226347590765625
corr_train: 0.8520592005410681

------------------------------------------------------------
Sender: LSF System <lsfadmin@je13>
Subject: Job 67466620: </work/tansey/meisterm/scripts/heatmap_input.sh 8 8 6 6 REP_published_auc_mean CTD2_published_auc_mean /work/tansey/meisterm/results/2023-08-02/diagonal/log_REP_CTD2/6/6/8 1000 /work/tansey/meisterm/data> in cluster <juno> Done

Job </work/tansey/meisterm/scripts/heatmap_input.sh 8 8 6 6 REP_published_auc_mean CTD2_published_auc_mean /work/tansey/meisterm/results/2023-08-02/diagonal/log_REP_CTD2/6/6/8 1000 /work/tansey/meisterm/data> was submitted from host <juno> by user <meisterm> in cluster <juno> at Wed Aug  2 15:54:03 2023
Job was executed on host(s) <je13>, in queue <general>, as user <meisterm> in cluster <juno> at Wed Aug  2 16:01:15 2023
</home/meisterm> was used as the home directory.
</work/tansey/meisterm> was used as the working directory.
Started at Wed Aug  2 16:01:15 2023
Terminated at Wed Aug  2 16:02:24 2023
Results reported at Wed Aug  2 16:02:24 2023

Your job looked like:

------------------------------------------------------------
# LSBATCH: User input
/work/tansey/meisterm/scripts/heatmap_input.sh 8 8 6 6 REP_published_auc_mean CTD2_published_auc_mean /work/tansey/meisterm/results/2023-08-02/diagonal/log_REP_CTD2/6/6/8 1000 /work/tansey/meisterm/data
------------------------------------------------------------

Successfully completed.

Resource usage summary:

    CPU time :                                   65.08 sec.
    Max Memory :                                 -
    Average Memory :                             -
    Total Requested Memory :                     32.00 GB
    Delta Memory :                               -
    Max Swap :                                   -
    Max Processes :                              4
    Max Threads :                                53
    Run time :                                   70 sec.
    Turnaround time :                            501 sec.

The output (if any) is above this job summary.



PS:

Read file </work/tansey/meisterm/results/2023-08-02/diagonal/log_REP_CTD2/6/6/8/model_split.err> for stderr output of this job.

FINAL LOSS DIFF: 15.052001953125
corr_test: 0.826308591850852
corr_train: 0.8538880342541674

------------------------------------------------------------
Sender: LSF System <lsfadmin@je16>
Subject: Job 67466615: </work/tansey/meisterm/scripts/heatmap_input.sh 8 3 6 6 REP_published_auc_mean CTD2_published_auc_mean /work/tansey/meisterm/results/2023-08-02/diagonal/log_REP_CTD2/6/6/8 1000 /work/tansey/meisterm/data> in cluster <juno> Done

Job </work/tansey/meisterm/scripts/heatmap_input.sh 8 3 6 6 REP_published_auc_mean CTD2_published_auc_mean /work/tansey/meisterm/results/2023-08-02/diagonal/log_REP_CTD2/6/6/8 1000 /work/tansey/meisterm/data> was submitted from host <juno> by user <meisterm> in cluster <juno> at Wed Aug  2 15:54:03 2023
Job was executed on host(s) <je16>, in queue <general>, as user <meisterm> in cluster <juno> at Wed Aug  2 16:01:14 2023
</home/meisterm> was used as the home directory.
</work/tansey/meisterm> was used as the working directory.
Started at Wed Aug  2 16:01:14 2023
Terminated at Wed Aug  2 16:02:26 2023
Results reported at Wed Aug  2 16:02:26 2023

Your job looked like:

------------------------------------------------------------
# LSBATCH: User input
/work/tansey/meisterm/scripts/heatmap_input.sh 8 3 6 6 REP_published_auc_mean CTD2_published_auc_mean /work/tansey/meisterm/results/2023-08-02/diagonal/log_REP_CTD2/6/6/8 1000 /work/tansey/meisterm/data
------------------------------------------------------------

Successfully completed.

Resource usage summary:

    CPU time :                                   68.97 sec.
    Max Memory :                                 -
    Average Memory :                             -
    Total Requested Memory :                     32.00 GB
    Delta Memory :                               -
    Max Swap :                                   -
    Max Processes :                              4
    Max Threads :                                53
    Run time :                                   73 sec.
    Turnaround time :                            503 sec.

The output (if any) is above this job summary.



PS:

Read file </work/tansey/meisterm/results/2023-08-02/diagonal/log_REP_CTD2/6/6/8/model_split.err> for stderr output of this job.

FINAL LOSS DIFF: -84.51025390625
corr_test: 0.8232574228859367
corr_train: 0.8546831915539008

------------------------------------------------------------
Sender: LSF System <lsfadmin@ja07>
Subject: Job 67466618: </work/tansey/meisterm/scripts/heatmap_input.sh 8 6 6 6 REP_published_auc_mean CTD2_published_auc_mean /work/tansey/meisterm/results/2023-08-02/diagonal/log_REP_CTD2/6/6/8 1000 /work/tansey/meisterm/data> in cluster <juno> Done

Job </work/tansey/meisterm/scripts/heatmap_input.sh 8 6 6 6 REP_published_auc_mean CTD2_published_auc_mean /work/tansey/meisterm/results/2023-08-02/diagonal/log_REP_CTD2/6/6/8 1000 /work/tansey/meisterm/data> was submitted from host <juno> by user <meisterm> in cluster <juno> at Wed Aug  2 15:54:03 2023
Job was executed on host(s) <ja07>, in queue <general>, as user <meisterm> in cluster <juno> at Wed Aug  2 16:01:15 2023
</home/meisterm> was used as the home directory.
</work/tansey/meisterm> was used as the working directory.
Started at Wed Aug  2 16:01:15 2023
Terminated at Wed Aug  2 16:02:31 2023
Results reported at Wed Aug  2 16:02:31 2023

Your job looked like:

------------------------------------------------------------
# LSBATCH: User input
/work/tansey/meisterm/scripts/heatmap_input.sh 8 6 6 6 REP_published_auc_mean CTD2_published_auc_mean /work/tansey/meisterm/results/2023-08-02/diagonal/log_REP_CTD2/6/6/8 1000 /work/tansey/meisterm/data
------------------------------------------------------------

Successfully completed.

Resource usage summary:

    CPU time :                                   72.62 sec.
    Max Memory :                                 -
    Average Memory :                             -
    Total Requested Memory :                     32.00 GB
    Delta Memory :                               -
    Max Swap :                                   -
    Max Processes :                              4
    Max Threads :                                49
    Run time :                                   77 sec.
    Turnaround time :                            508 sec.

The output (if any) is above this job summary.



PS:

Read file </work/tansey/meisterm/results/2023-08-02/diagonal/log_REP_CTD2/6/6/8/model_split.err> for stderr output of this job.

FINAL LOSS DIFF: -1.623779296875
corr_test: 0.8272928739430929
corr_train: 0.8537085934358886
FINAL LOSS DIFF: 0.767333984375
corr_test: 0.8278782528896844
corr_train: 0.856106415954257

------------------------------------------------------------
Sender: LSF System <lsfadmin@ja06>
Subject: Job 67466616: </work/tansey/meisterm/scripts/heatmap_input.sh 8 4 6 6 REP_published_auc_mean CTD2_published_auc_mean /work/tansey/meisterm/results/2023-08-02/diagonal/log_REP_CTD2/6/6/8 1000 /work/tansey/meisterm/data> in cluster <juno> Done

Job </work/tansey/meisterm/scripts/heatmap_input.sh 8 4 6 6 REP_published_auc_mean CTD2_published_auc_mean /work/tansey/meisterm/results/2023-08-02/diagonal/log_REP_CTD2/6/6/8 1000 /work/tansey/meisterm/data> was submitted from host <juno> by user <meisterm> in cluster <juno> at Wed Aug  2 15:54:03 2023
Job was executed on host(s) <ja06>, in queue <general>, as user <meisterm> in cluster <juno> at Wed Aug  2 16:01:14 2023
</home/meisterm> was used as the home directory.
</work/tansey/meisterm> was used as the working directory.
Started at Wed Aug  2 16:01:14 2023
Terminated at Wed Aug  2 16:02:33 2023
Results reported at Wed Aug  2 16:02:33 2023

Your job looked like:

------------------------------------------------------------
# LSBATCH: User input
/work/tansey/meisterm/scripts/heatmap_input.sh 8 4 6 6 REP_published_auc_mean CTD2_published_auc_mean /work/tansey/meisterm/results/2023-08-02/diagonal/log_REP_CTD2/6/6/8 1000 /work/tansey/meisterm/data
------------------------------------------------------------

Successfully completed.

Resource usage summary:

    CPU time :                                   75.75 sec.
    Max Memory :                                 -
    Average Memory :                             -
    Total Requested Memory :                     32.00 GB
    Delta Memory :                               -
    Max Swap :                                   -
    Max Processes :                              4
    Max Threads :                                49
    Run time :                                   80 sec.
    Turnaround time :                            510 sec.

The output (if any) is above this job summary.



PS:

Read file </work/tansey/meisterm/results/2023-08-02/diagonal/log_REP_CTD2/6/6/8/model_split.err> for stderr output of this job.


------------------------------------------------------------
Sender: LSF System <lsfadmin@ja08>
Subject: Job 67466619: </work/tansey/meisterm/scripts/heatmap_input.sh 8 7 6 6 REP_published_auc_mean CTD2_published_auc_mean /work/tansey/meisterm/results/2023-08-02/diagonal/log_REP_CTD2/6/6/8 1000 /work/tansey/meisterm/data> in cluster <juno> Done

Job </work/tansey/meisterm/scripts/heatmap_input.sh 8 7 6 6 REP_published_auc_mean CTD2_published_auc_mean /work/tansey/meisterm/results/2023-08-02/diagonal/log_REP_CTD2/6/6/8 1000 /work/tansey/meisterm/data> was submitted from host <juno> by user <meisterm> in cluster <juno> at Wed Aug  2 15:54:03 2023
Job was executed on host(s) <ja08>, in queue <general>, as user <meisterm> in cluster <juno> at Wed Aug  2 16:01:15 2023
</home/meisterm> was used as the home directory.
</work/tansey/meisterm> was used as the working directory.
Started at Wed Aug  2 16:01:15 2023
Terminated at Wed Aug  2 16:02:33 2023
Results reported at Wed Aug  2 16:02:33 2023

Your job looked like:

------------------------------------------------------------
# LSBATCH: User input
/work/tansey/meisterm/scripts/heatmap_input.sh 8 7 6 6 REP_published_auc_mean CTD2_published_auc_mean /work/tansey/meisterm/results/2023-08-02/diagonal/log_REP_CTD2/6/6/8 1000 /work/tansey/meisterm/data
------------------------------------------------------------

Successfully completed.

Resource usage summary:

    CPU time :                                   75.08 sec.
    Max Memory :                                 -
    Average Memory :                             -
    Total Requested Memory :                     32.00 GB
    Delta Memory :                               -
    Max Swap :                                   -
    Max Processes :                              4
    Max Threads :                                49
    Run time :                                   79 sec.
    Turnaround time :                            510 sec.

The output (if any) is above this job summary.



PS:

Read file </work/tansey/meisterm/results/2023-08-02/diagonal/log_REP_CTD2/6/6/8/model_split.err> for stderr output of this job.

