FINAL LOSS DIFF: 100.876953125
corr_test: 0.8113778521313942
corr_train: 0.8568681514136276

------------------------------------------------------------
Sender: LSF System <lsfadmin@ji13>
Subject: Job 67468959: </work/tansey/meisterm/scripts/heatmap_input.sh 1 8 30 30 REP_published_auc_mean CTD2_published_auc_mean /work/tansey/meisterm/results/2023-08-02/diagonal/log_REP_CTD2/30/30/1 1000 /work/tansey/meisterm/data> in cluster <juno> Done

Job </work/tansey/meisterm/scripts/heatmap_input.sh 1 8 30 30 REP_published_auc_mean CTD2_published_auc_mean /work/tansey/meisterm/results/2023-08-02/diagonal/log_REP_CTD2/30/30/1 1000 /work/tansey/meisterm/data> was submitted from host <juno> by user <meisterm> in cluster <juno> at Wed Aug  2 15:55:37 2023
Job was executed on host(s) <ji13>, in queue <general>, as user <meisterm> in cluster <juno> at Wed Aug  2 16:04:12 2023
</home/meisterm> was used as the home directory.
</work/tansey/meisterm> was used as the working directory.
Started at Wed Aug  2 16:04:12 2023
Terminated at Wed Aug  2 16:05:08 2023
Results reported at Wed Aug  2 16:05:08 2023

Your job looked like:

------------------------------------------------------------
# LSBATCH: User input
/work/tansey/meisterm/scripts/heatmap_input.sh 1 8 30 30 REP_published_auc_mean CTD2_published_auc_mean /work/tansey/meisterm/results/2023-08-02/diagonal/log_REP_CTD2/30/30/1 1000 /work/tansey/meisterm/data
------------------------------------------------------------

Successfully completed.

Resource usage summary:

    CPU time :                                   47.48 sec.
    Max Memory :                                 -
    Average Memory :                             -
    Total Requested Memory :                     32.00 GB
    Delta Memory :                               -
    Max Swap :                                   -
    Max Processes :                              4
    Max Threads :                                77
    Run time :                                   56 sec.
    Turnaround time :                            571 sec.

The output (if any) is above this job summary.



PS:

Read file </work/tansey/meisterm/results/2023-08-02/diagonal/log_REP_CTD2/30/30/1/model_split.err> for stderr output of this job.

FINAL LOSS DIFF: -232.998046875
corr_test: 0.8082047663795167
corr_train: 0.8565695264346026
FINAL LOSS DIFF: 45.4736328125
corr_test: 0.8014269089816474
corr_train: 0.8548710040588249
FINAL LOSS DIFF: -193.43408203125
corr_test: 0.8070446937188903
corr_train: 0.857279023985366

------------------------------------------------------------
Sender: LSF System <lsfadmin@jh10>
Subject: Job 67468954: </work/tansey/meisterm/scripts/heatmap_input.sh 1 3 30 30 REP_published_auc_mean CTD2_published_auc_mean /work/tansey/meisterm/results/2023-08-02/diagonal/log_REP_CTD2/30/30/1 1000 /work/tansey/meisterm/data> in cluster <juno> Done

Job </work/tansey/meisterm/scripts/heatmap_input.sh 1 3 30 30 REP_published_auc_mean CTD2_published_auc_mean /work/tansey/meisterm/results/2023-08-02/diagonal/log_REP_CTD2/30/30/1 1000 /work/tansey/meisterm/data> was submitted from host <juno> by user <meisterm> in cluster <juno> at Wed Aug  2 15:55:36 2023
Job was executed on host(s) <jh10>, in queue <general>, as user <meisterm> in cluster <juno> at Wed Aug  2 16:04:10 2023
</home/meisterm> was used as the home directory.
</work/tansey/meisterm> was used as the working directory.
Started at Wed Aug  2 16:04:10 2023
Terminated at Wed Aug  2 16:05:24 2023
Results reported at Wed Aug  2 16:05:24 2023

Your job looked like:

------------------------------------------------------------
# LSBATCH: User input
/work/tansey/meisterm/scripts/heatmap_input.sh 1 3 30 30 REP_published_auc_mean CTD2_published_auc_mean /work/tansey/meisterm/results/2023-08-02/diagonal/log_REP_CTD2/30/30/1 1000 /work/tansey/meisterm/data
------------------------------------------------------------

Successfully completed.

Resource usage summary:

    CPU time :                                   60.21 sec.
    Max Memory :                                 -
    Average Memory :                             -
    Total Requested Memory :                     32.00 GB
    Delta Memory :                               -
    Max Swap :                                   -
    Max Processes :                              4
    Max Threads :                                65
    Run time :                                   74 sec.
    Turnaround time :                            588 sec.

The output (if any) is above this job summary.



PS:

Read file </work/tansey/meisterm/results/2023-08-02/diagonal/log_REP_CTD2/30/30/1/model_split.err> for stderr output of this job.


------------------------------------------------------------
Sender: LSF System <lsfadmin@jh07>
Subject: Job 67468953: </work/tansey/meisterm/scripts/heatmap_input.sh 1 2 30 30 REP_published_auc_mean CTD2_published_auc_mean /work/tansey/meisterm/results/2023-08-02/diagonal/log_REP_CTD2/30/30/1 1000 /work/tansey/meisterm/data> in cluster <juno> Done

Job </work/tansey/meisterm/scripts/heatmap_input.sh 1 2 30 30 REP_published_auc_mean CTD2_published_auc_mean /work/tansey/meisterm/results/2023-08-02/diagonal/log_REP_CTD2/30/30/1 1000 /work/tansey/meisterm/data> was submitted from host <juno> by user <meisterm> in cluster <juno> at Wed Aug  2 15:55:36 2023
Job was executed on host(s) <jh07>, in queue <general>, as user <meisterm> in cluster <juno> at Wed Aug  2 16:04:10 2023
</home/meisterm> was used as the home directory.
</work/tansey/meisterm> was used as the working directory.
Started at Wed Aug  2 16:04:10 2023
Terminated at Wed Aug  2 16:05:25 2023
Results reported at Wed Aug  2 16:05:25 2023

Your job looked like:

------------------------------------------------------------
# LSBATCH: User input
/work/tansey/meisterm/scripts/heatmap_input.sh 1 2 30 30 REP_published_auc_mean CTD2_published_auc_mean /work/tansey/meisterm/results/2023-08-02/diagonal/log_REP_CTD2/30/30/1 1000 /work/tansey/meisterm/data
------------------------------------------------------------

Successfully completed.

Resource usage summary:

    CPU time :                                   61.77 sec.
    Max Memory :                                 -
    Average Memory :                             -
    Total Requested Memory :                     32.00 GB
    Delta Memory :                               -
    Max Swap :                                   -
    Max Processes :                              4
    Max Threads :                                65
    Run time :                                   75 sec.
    Turnaround time :                            589 sec.

The output (if any) is above this job summary.


------------------------------------------------------------
Sender: LSF System <lsfadmin@jh02>
Subject: Job 67468952: </work/tansey/meisterm/scripts/heatmap_input.sh 1 1 30 30 REP_published_auc_mean CTD2_published_auc_mean /work/tansey/meisterm/results/2023-08-02/diagonal/log_REP_CTD2/30/30/1 1000 /work/tansey/meisterm/data> in cluster <juno> Done

Job </work/tansey/meisterm/scripts/heatmap_input.sh 1 1 30 30 REP_published_auc_mean CTD2_published_auc_mean /work/tansey/meisterm/results/2023-08-02/diagonal/log_REP_CTD2/30/30/1 1000 /work/tansey/meisterm/data> was submitted from host <juno> by user <meisterm> in cluster <juno> at Wed Aug  2 15:55:36 2023
Job was executed on host(s) <jh02>, in queue <general>, as user <meisterm> in cluster <juno> at Wed Aug  2 16:04:10 2023
</home/meisterm> was used as the home directory.
</work/tansey/meisterm> was used as the working directory.
Started at Wed Aug  2 16:04:10 2023
Terminated at Wed Aug  2 16:05:25 2023
Results reported at Wed Aug  2 16:05:25 2023

Your job looked like:

------------------------------------------------------------
# LSBATCH: User input
/work/tansey/meisterm/scripts/heatmap_input.sh 1 1 30 30 REP_published_auc_mean CTD2_published_auc_mean /work/tansey/meisterm/results/2023-08-02/diagonal/log_REP_CTD2/30/30/1 1000 /work/tansey/meisterm/data
------------------------------------------------------------

Successfully completed.

Resource usage summary:

    CPU time :                                   61.53 sec.
    Max Memory :                                 -
    Average Memory :                             -
    Total Requested Memory :                     32.00 GB
    Delta Memory :                               -
    Max Swap :                                   -
    Max Processes :                              4
    Max Threads :                                65
    Run time :                                   74 sec.
    Turnaround time :                            589 sec.

The output (if any) is above this job summary.



PS:

Read file </work/tansey/meisterm/results/2023-08-02/diagonal/log_REP_CTD2/30/30/1/model_split.err> for stderr output of this job.



PS:

Read file </work/tansey/meisterm/results/2023-08-02/diagonal/log_REP_CTD2/30/30/1/model_split.err> for stderr output of this job.

FINAL LOSS DIFF: 172.787109375
corr_test: 0.8084771687406901
corr_train: 0.8552068558954803

------------------------------------------------------------
Sender: LSF System <lsfadmin@jh03>
Subject: Job 67468955: </work/tansey/meisterm/scripts/heatmap_input.sh 1 4 30 30 REP_published_auc_mean CTD2_published_auc_mean /work/tansey/meisterm/results/2023-08-02/diagonal/log_REP_CTD2/30/30/1 1000 /work/tansey/meisterm/data> in cluster <juno> Done

Job </work/tansey/meisterm/scripts/heatmap_input.sh 1 4 30 30 REP_published_auc_mean CTD2_published_auc_mean /work/tansey/meisterm/results/2023-08-02/diagonal/log_REP_CTD2/30/30/1 1000 /work/tansey/meisterm/data> was submitted from host <juno> by user <meisterm> in cluster <juno> at Wed Aug  2 15:55:36 2023
Job was executed on host(s) <jh03>, in queue <general>, as user <meisterm> in cluster <juno> at Wed Aug  2 16:04:10 2023
</home/meisterm> was used as the home directory.
</work/tansey/meisterm> was used as the working directory.
Started at Wed Aug  2 16:04:10 2023
Terminated at Wed Aug  2 16:05:27 2023
Results reported at Wed Aug  2 16:05:27 2023

Your job looked like:

------------------------------------------------------------
# LSBATCH: User input
/work/tansey/meisterm/scripts/heatmap_input.sh 1 4 30 30 REP_published_auc_mean CTD2_published_auc_mean /work/tansey/meisterm/results/2023-08-02/diagonal/log_REP_CTD2/30/30/1 1000 /work/tansey/meisterm/data
------------------------------------------------------------

Successfully completed.

Resource usage summary:

    CPU time :                                   64.04 sec.
    Max Memory :                                 -
    Average Memory :                             -
    Total Requested Memory :                     32.00 GB
    Delta Memory :                               -
    Max Swap :                                   -
    Max Processes :                              4
    Max Threads :                                65
    Run time :                                   78 sec.
    Turnaround time :                            591 sec.

The output (if any) is above this job summary.



PS:

Read file </work/tansey/meisterm/results/2023-08-02/diagonal/log_REP_CTD2/30/30/1/model_split.err> for stderr output of this job.

FINAL LOSS DIFF: -204.16015625
corr_test: 0.811413810089617
corr_train: 0.8543233869535121

------------------------------------------------------------
Sender: LSF System <lsfadmin@ji07>
Subject: Job 67468958: </work/tansey/meisterm/scripts/heatmap_input.sh 1 7 30 30 REP_published_auc_mean CTD2_published_auc_mean /work/tansey/meisterm/results/2023-08-02/diagonal/log_REP_CTD2/30/30/1 1000 /work/tansey/meisterm/data> in cluster <juno> Done

Job </work/tansey/meisterm/scripts/heatmap_input.sh 1 7 30 30 REP_published_auc_mean CTD2_published_auc_mean /work/tansey/meisterm/results/2023-08-02/diagonal/log_REP_CTD2/30/30/1 1000 /work/tansey/meisterm/data> was submitted from host <juno> by user <meisterm> in cluster <juno> at Wed Aug  2 15:55:36 2023
Job was executed on host(s) <ji07>, in queue <general>, as user <meisterm> in cluster <juno> at Wed Aug  2 16:04:11 2023
</home/meisterm> was used as the home directory.
</work/tansey/meisterm> was used as the working directory.
Started at Wed Aug  2 16:04:11 2023
Terminated at Wed Aug  2 16:05:29 2023
Results reported at Wed Aug  2 16:05:29 2023

Your job looked like:

------------------------------------------------------------
# LSBATCH: User input
/work/tansey/meisterm/scripts/heatmap_input.sh 1 7 30 30 REP_published_auc_mean CTD2_published_auc_mean /work/tansey/meisterm/results/2023-08-02/diagonal/log_REP_CTD2/30/30/1 1000 /work/tansey/meisterm/data
------------------------------------------------------------

Successfully completed.

Resource usage summary:

    CPU time :                                   59.52 sec.
    Max Memory :                                 -
    Average Memory :                             -
    Total Requested Memory :                     32.00 GB
    Delta Memory :                               -
    Max Swap :                                   -
    Max Processes :                              4
    Max Threads :                                77
    Run time :                                   77 sec.
    Turnaround time :                            593 sec.

The output (if any) is above this job summary.



PS:

Read file </work/tansey/meisterm/results/2023-08-02/diagonal/log_REP_CTD2/30/30/1/model_split.err> for stderr output of this job.

FINAL LOSS DIFF: 74.03955078125
corr_test: 0.8066149841772114
corr_train: 0.8573230703563461
FINAL LOSS DIFF: 152.75830078125
corr_test: 0.8090342398071124
corr_train: 0.8582814561189177

------------------------------------------------------------
Sender: LSF System <lsfadmin@ji19>
Subject: Job 67468957: </work/tansey/meisterm/scripts/heatmap_input.sh 1 6 30 30 REP_published_auc_mean CTD2_published_auc_mean /work/tansey/meisterm/results/2023-08-02/diagonal/log_REP_CTD2/30/30/1 1000 /work/tansey/meisterm/data> in cluster <juno> Done

Job </work/tansey/meisterm/scripts/heatmap_input.sh 1 6 30 30 REP_published_auc_mean CTD2_published_auc_mean /work/tansey/meisterm/results/2023-08-02/diagonal/log_REP_CTD2/30/30/1 1000 /work/tansey/meisterm/data> was submitted from host <juno> by user <meisterm> in cluster <juno> at Wed Aug  2 15:55:36 2023
Job was executed on host(s) <ji19>, in queue <general>, as user <meisterm> in cluster <juno> at Wed Aug  2 16:04:11 2023
</home/meisterm> was used as the home directory.
</work/tansey/meisterm> was used as the working directory.
Started at Wed Aug  2 16:04:11 2023
Terminated at Wed Aug  2 16:05:38 2023
Results reported at Wed Aug  2 16:05:38 2023

Your job looked like:

------------------------------------------------------------
# LSBATCH: User input
/work/tansey/meisterm/scripts/heatmap_input.sh 1 6 30 30 REP_published_auc_mean CTD2_published_auc_mean /work/tansey/meisterm/results/2023-08-02/diagonal/log_REP_CTD2/30/30/1 1000 /work/tansey/meisterm/data
------------------------------------------------------------

Successfully completed.

Resource usage summary:

    CPU time :                                   76.30 sec.
    Max Memory :                                 -
    Average Memory :                             -
    Total Requested Memory :                     32.00 GB
    Delta Memory :                               -
    Max Swap :                                   -
    Max Processes :                              4
    Max Threads :                                77
    Run time :                                   88 sec.
    Turnaround time :                            602 sec.

The output (if any) is above this job summary.



PS:

Read file </work/tansey/meisterm/results/2023-08-02/diagonal/log_REP_CTD2/30/30/1/model_split.err> for stderr output of this job.


------------------------------------------------------------
Sender: LSF System <lsfadmin@ji19>
Subject: Job 67468956: </work/tansey/meisterm/scripts/heatmap_input.sh 1 5 30 30 REP_published_auc_mean CTD2_published_auc_mean /work/tansey/meisterm/results/2023-08-02/diagonal/log_REP_CTD2/30/30/1 1000 /work/tansey/meisterm/data> in cluster <juno> Done

Job </work/tansey/meisterm/scripts/heatmap_input.sh 1 5 30 30 REP_published_auc_mean CTD2_published_auc_mean /work/tansey/meisterm/results/2023-08-02/diagonal/log_REP_CTD2/30/30/1 1000 /work/tansey/meisterm/data> was submitted from host <juno> by user <meisterm> in cluster <juno> at Wed Aug  2 15:55:36 2023
Job was executed on host(s) <ji19>, in queue <general>, as user <meisterm> in cluster <juno> at Wed Aug  2 16:04:11 2023
</home/meisterm> was used as the home directory.
</work/tansey/meisterm> was used as the working directory.
Started at Wed Aug  2 16:04:11 2023
Terminated at Wed Aug  2 16:05:39 2023
Results reported at Wed Aug  2 16:05:39 2023

Your job looked like:

------------------------------------------------------------
# LSBATCH: User input
/work/tansey/meisterm/scripts/heatmap_input.sh 1 5 30 30 REP_published_auc_mean CTD2_published_auc_mean /work/tansey/meisterm/results/2023-08-02/diagonal/log_REP_CTD2/30/30/1 1000 /work/tansey/meisterm/data
------------------------------------------------------------

Successfully completed.

Resource usage summary:

    CPU time :                                   76.31 sec.
    Max Memory :                                 -
    Average Memory :                             -
    Total Requested Memory :                     32.00 GB
    Delta Memory :                               -
    Max Swap :                                   -
    Max Processes :                              4
    Max Threads :                                77
    Run time :                                   88 sec.
    Turnaround time :                            603 sec.

The output (if any) is above this job summary.



PS:

Read file </work/tansey/meisterm/results/2023-08-02/diagonal/log_REP_CTD2/30/30/1/model_split.err> for stderr output of this job.

FINAL LOSS DIFF: -61.416015625
corr_test: 0.8070708123461108
corr_train: 0.8540489683839266

------------------------------------------------------------
Sender: LSF System <lsfadmin@ja09>
Subject: Job 67468961: </work/tansey/meisterm/scripts/heatmap_input.sh 1 10 30 30 REP_published_auc_mean CTD2_published_auc_mean /work/tansey/meisterm/results/2023-08-02/diagonal/log_REP_CTD2/30/30/1 1000 /work/tansey/meisterm/data> in cluster <juno> Done

Job </work/tansey/meisterm/scripts/heatmap_input.sh 1 10 30 30 REP_published_auc_mean CTD2_published_auc_mean /work/tansey/meisterm/results/2023-08-02/diagonal/log_REP_CTD2/30/30/1 1000 /work/tansey/meisterm/data> was submitted from host <juno> by user <meisterm> in cluster <juno> at Wed Aug  2 15:55:37 2023
Job was executed on host(s) <ja09>, in queue <general>, as user <meisterm> in cluster <juno> at Wed Aug  2 16:04:11 2023
</home/meisterm> was used as the home directory.
</work/tansey/meisterm> was used as the working directory.
Started at Wed Aug  2 16:04:11 2023
Terminated at Wed Aug  2 16:05:42 2023
Results reported at Wed Aug  2 16:05:42 2023

Your job looked like:

------------------------------------------------------------
# LSBATCH: User input
/work/tansey/meisterm/scripts/heatmap_input.sh 1 10 30 30 REP_published_auc_mean CTD2_published_auc_mean /work/tansey/meisterm/results/2023-08-02/diagonal/log_REP_CTD2/30/30/1 1000 /work/tansey/meisterm/data
------------------------------------------------------------

Successfully completed.

Resource usage summary:

    CPU time :                                   80.35 sec.
    Max Memory :                                 -
    Average Memory :                             -
    Total Requested Memory :                     32.00 GB
    Delta Memory :                               -
    Max Swap :                                   -
    Max Processes :                              4
    Max Threads :                                49
    Run time :                                   91 sec.
    Turnaround time :                            605 sec.

The output (if any) is above this job summary.



PS:

Read file </work/tansey/meisterm/results/2023-08-02/diagonal/log_REP_CTD2/30/30/1/model_split.err> for stderr output of this job.

FINAL LOSS DIFF: 227.95361328125
corr_test: 0.8072181170086318
corr_train: 0.8544745565852903

------------------------------------------------------------
Sender: LSF System <lsfadmin@ja03>
Subject: Job 67468960: </work/tansey/meisterm/scripts/heatmap_input.sh 1 9 30 30 REP_published_auc_mean CTD2_published_auc_mean /work/tansey/meisterm/results/2023-08-02/diagonal/log_REP_CTD2/30/30/1 1000 /work/tansey/meisterm/data> in cluster <juno> Done

Job </work/tansey/meisterm/scripts/heatmap_input.sh 1 9 30 30 REP_published_auc_mean CTD2_published_auc_mean /work/tansey/meisterm/results/2023-08-02/diagonal/log_REP_CTD2/30/30/1 1000 /work/tansey/meisterm/data> was submitted from host <juno> by user <meisterm> in cluster <juno> at Wed Aug  2 15:55:37 2023
Job was executed on host(s) <ja03>, in queue <general>, as user <meisterm> in cluster <juno> at Wed Aug  2 16:04:11 2023
</home/meisterm> was used as the home directory.
</work/tansey/meisterm> was used as the working directory.
Started at Wed Aug  2 16:04:11 2023
Terminated at Wed Aug  2 16:05:45 2023
Results reported at Wed Aug  2 16:05:45 2023

Your job looked like:

------------------------------------------------------------
# LSBATCH: User input
/work/tansey/meisterm/scripts/heatmap_input.sh 1 9 30 30 REP_published_auc_mean CTD2_published_auc_mean /work/tansey/meisterm/results/2023-08-02/diagonal/log_REP_CTD2/30/30/1 1000 /work/tansey/meisterm/data
------------------------------------------------------------

Successfully completed.

Resource usage summary:

    CPU time :                                   83.93 sec.
    Max Memory :                                 -
    Average Memory :                             -
    Total Requested Memory :                     32.00 GB
    Delta Memory :                               -
    Max Swap :                                   -
    Max Processes :                              4
    Max Threads :                                49
    Run time :                                   95 sec.
    Turnaround time :                            608 sec.

The output (if any) is above this job summary.



PS:

Read file </work/tansey/meisterm/results/2023-08-02/diagonal/log_REP_CTD2/30/30/1/model_split.err> for stderr output of this job.

