FINAL LOSS DIFF: -232.8212890625
corr_test: 0.7960265273563011
corr_train: 0.8337384962827319

------------------------------------------------------------
Sender: LSF System <lsfadmin@ji05>
Subject: Job 67472790: </work/tansey/meisterm/scripts/heatmap_input.sh 1 8 68 68 REP_published_auc_mean CTD2_published_auc_mean /work/tansey/meisterm/results/2023-08-02/diagonal/log_REP_CTD2/68/68/1 1000 /work/tansey/meisterm/data> in cluster <juno> Done

Job </work/tansey/meisterm/scripts/heatmap_input.sh 1 8 68 68 REP_published_auc_mean CTD2_published_auc_mean /work/tansey/meisterm/results/2023-08-02/diagonal/log_REP_CTD2/68/68/1 1000 /work/tansey/meisterm/data> was submitted from host <juno> by user <meisterm> in cluster <juno> at Wed Aug  2 15:58:18 2023
Job was executed on host(s) <ji05>, in queue <general>, as user <meisterm> in cluster <juno> at Wed Aug  2 16:09:41 2023
</home/meisterm> was used as the home directory.
</work/tansey/meisterm> was used as the working directory.
Started at Wed Aug  2 16:09:41 2023
Terminated at Wed Aug  2 16:10:44 2023
Results reported at Wed Aug  2 16:10:44 2023

Your job looked like:

------------------------------------------------------------
# LSBATCH: User input
/work/tansey/meisterm/scripts/heatmap_input.sh 1 8 68 68 REP_published_auc_mean CTD2_published_auc_mean /work/tansey/meisterm/results/2023-08-02/diagonal/log_REP_CTD2/68/68/1 1000 /work/tansey/meisterm/data
------------------------------------------------------------

Successfully completed.

Resource usage summary:

    CPU time :                                   59.72 sec.
    Max Memory :                                 -
    Average Memory :                             -
    Total Requested Memory :                     32.00 GB
    Delta Memory :                               -
    Max Swap :                                   -
    Max Processes :                              4
    Max Threads :                                77
    Run time :                                   62 sec.
    Turnaround time :                            746 sec.

The output (if any) is above this job summary.



PS:

Read file </work/tansey/meisterm/results/2023-08-02/diagonal/log_REP_CTD2/68/68/1/model_split.err> for stderr output of this job.

FINAL LOSS DIFF: 65.5517578125
corr_test: 0.7941604430472416
corr_train: 0.8294955678088988
FINAL LOSS DIFF: 53.0
corr_test: 0.7967238372314145
corr_train: 0.8293311756771695

------------------------------------------------------------
Sender: LSF System <lsfadmin@je22>
Subject: Job 67472788: </work/tansey/meisterm/scripts/heatmap_input.sh 1 6 68 68 REP_published_auc_mean CTD2_published_auc_mean /work/tansey/meisterm/results/2023-08-02/diagonal/log_REP_CTD2/68/68/1 1000 /work/tansey/meisterm/data> in cluster <juno> Done

Job </work/tansey/meisterm/scripts/heatmap_input.sh 1 6 68 68 REP_published_auc_mean CTD2_published_auc_mean /work/tansey/meisterm/results/2023-08-02/diagonal/log_REP_CTD2/68/68/1 1000 /work/tansey/meisterm/data> was submitted from host <juno> by user <meisterm> in cluster <juno> at Wed Aug  2 15:58:18 2023
Job was executed on host(s) <je22>, in queue <general>, as user <meisterm> in cluster <juno> at Wed Aug  2 16:09:41 2023
</home/meisterm> was used as the home directory.
</work/tansey/meisterm> was used as the working directory.
Started at Wed Aug  2 16:09:41 2023
Terminated at Wed Aug  2 16:10:46 2023
Results reported at Wed Aug  2 16:10:46 2023

Your job looked like:

------------------------------------------------------------
# LSBATCH: User input
/work/tansey/meisterm/scripts/heatmap_input.sh 1 6 68 68 REP_published_auc_mean CTD2_published_auc_mean /work/tansey/meisterm/results/2023-08-02/diagonal/log_REP_CTD2/68/68/1 1000 /work/tansey/meisterm/data
------------------------------------------------------------

Successfully completed.

Resource usage summary:

    CPU time :                                   60.91 sec.
    Max Memory :                                 -
    Average Memory :                             -
    Total Requested Memory :                     32.00 GB
    Delta Memory :                               -
    Max Swap :                                   -
    Max Processes :                              4
    Max Threads :                                53
    Run time :                                   66 sec.
    Turnaround time :                            748 sec.

The output (if any) is above this job summary.



PS:

Read file </work/tansey/meisterm/results/2023-08-02/diagonal/log_REP_CTD2/68/68/1/model_split.err> for stderr output of this job.


------------------------------------------------------------
Sender: LSF System <lsfadmin@ji18>
Subject: Job 67472786: </work/tansey/meisterm/scripts/heatmap_input.sh 1 4 68 68 REP_published_auc_mean CTD2_published_auc_mean /work/tansey/meisterm/results/2023-08-02/diagonal/log_REP_CTD2/68/68/1 1000 /work/tansey/meisterm/data> in cluster <juno> Done

Job </work/tansey/meisterm/scripts/heatmap_input.sh 1 4 68 68 REP_published_auc_mean CTD2_published_auc_mean /work/tansey/meisterm/results/2023-08-02/diagonal/log_REP_CTD2/68/68/1 1000 /work/tansey/meisterm/data> was submitted from host <juno> by user <meisterm> in cluster <juno> at Wed Aug  2 15:58:18 2023
Job was executed on host(s) <ji18>, in queue <general>, as user <meisterm> in cluster <juno> at Wed Aug  2 16:09:41 2023
</home/meisterm> was used as the home directory.
</work/tansey/meisterm> was used as the working directory.
Started at Wed Aug  2 16:09:41 2023
Terminated at Wed Aug  2 16:10:46 2023
Results reported at Wed Aug  2 16:10:46 2023

Your job looked like:

------------------------------------------------------------
# LSBATCH: User input
/work/tansey/meisterm/scripts/heatmap_input.sh 1 4 68 68 REP_published_auc_mean CTD2_published_auc_mean /work/tansey/meisterm/results/2023-08-02/diagonal/log_REP_CTD2/68/68/1 1000 /work/tansey/meisterm/data
------------------------------------------------------------

Successfully completed.

Resource usage summary:

    CPU time :                                   61.62 sec.
    Max Memory :                                 -
    Average Memory :                             -
    Total Requested Memory :                     32.00 GB
    Delta Memory :                               -
    Max Swap :                                   -
    Max Processes :                              4
    Max Threads :                                77
    Run time :                                   66 sec.
    Turnaround time :                            748 sec.

The output (if any) is above this job summary.



PS:

Read file </work/tansey/meisterm/results/2023-08-02/diagonal/log_REP_CTD2/68/68/1/model_split.err> for stderr output of this job.

FINAL LOSS DIFF: -264.8857421875
corr_test: 0.7987214512504778
corr_train: 0.8345507679023123
FINAL LOSS DIFF: 62.71484375
corr_test: 0.7983365357539565
corr_train: 0.8349031532729929

------------------------------------------------------------
Sender: LSF System <lsfadmin@ji08>
Subject: Job 67472785: </work/tansey/meisterm/scripts/heatmap_input.sh 1 3 68 68 REP_published_auc_mean CTD2_published_auc_mean /work/tansey/meisterm/results/2023-08-02/diagonal/log_REP_CTD2/68/68/1 1000 /work/tansey/meisterm/data> in cluster <juno> Done

Job </work/tansey/meisterm/scripts/heatmap_input.sh 1 3 68 68 REP_published_auc_mean CTD2_published_auc_mean /work/tansey/meisterm/results/2023-08-02/diagonal/log_REP_CTD2/68/68/1 1000 /work/tansey/meisterm/data> was submitted from host <juno> by user <meisterm> in cluster <juno> at Wed Aug  2 15:58:18 2023
Job was executed on host(s) <ji08>, in queue <general>, as user <meisterm> in cluster <juno> at Wed Aug  2 16:09:41 2023
</home/meisterm> was used as the home directory.
</work/tansey/meisterm> was used as the working directory.
Started at Wed Aug  2 16:09:41 2023
Terminated at Wed Aug  2 16:10:52 2023
Results reported at Wed Aug  2 16:10:52 2023

Your job looked like:

------------------------------------------------------------
# LSBATCH: User input
/work/tansey/meisterm/scripts/heatmap_input.sh 1 3 68 68 REP_published_auc_mean CTD2_published_auc_mean /work/tansey/meisterm/results/2023-08-02/diagonal/log_REP_CTD2/68/68/1 1000 /work/tansey/meisterm/data
------------------------------------------------------------

Successfully completed.

Resource usage summary:

    CPU time :                                   67.78 sec.
    Max Memory :                                 -
    Average Memory :                             -
    Total Requested Memory :                     32.00 GB
    Delta Memory :                               -
    Max Swap :                                   -
    Max Processes :                              4
    Max Threads :                                77
    Run time :                                   71 sec.
    Turnaround time :                            754 sec.

The output (if any) is above this job summary.



PS:

Read file </work/tansey/meisterm/results/2023-08-02/diagonal/log_REP_CTD2/68/68/1/model_split.err> for stderr output of this job.

FINAL LOSS DIFF: -232.392578125
corr_test: 0.7940791867643139
corr_train: 0.8343629708182857

------------------------------------------------------------
Sender: LSF System <lsfadmin@jh04>
Subject: Job 67472791: </work/tansey/meisterm/scripts/heatmap_input.sh 1 9 68 68 REP_published_auc_mean CTD2_published_auc_mean /work/tansey/meisterm/results/2023-08-02/diagonal/log_REP_CTD2/68/68/1 1000 /work/tansey/meisterm/data> in cluster <juno> Done

Job </work/tansey/meisterm/scripts/heatmap_input.sh 1 9 68 68 REP_published_auc_mean CTD2_published_auc_mean /work/tansey/meisterm/results/2023-08-02/diagonal/log_REP_CTD2/68/68/1 1000 /work/tansey/meisterm/data> was submitted from host <juno> by user <meisterm> in cluster <juno> at Wed Aug  2 15:58:18 2023
Job was executed on host(s) <jh04>, in queue <general>, as user <meisterm> in cluster <juno> at Wed Aug  2 16:09:41 2023
</home/meisterm> was used as the home directory.
</work/tansey/meisterm> was used as the working directory.
Started at Wed Aug  2 16:09:41 2023
Terminated at Wed Aug  2 16:10:53 2023
Results reported at Wed Aug  2 16:10:53 2023

Your job looked like:

------------------------------------------------------------
# LSBATCH: User input
/work/tansey/meisterm/scripts/heatmap_input.sh 1 9 68 68 REP_published_auc_mean CTD2_published_auc_mean /work/tansey/meisterm/results/2023-08-02/diagonal/log_REP_CTD2/68/68/1 1000 /work/tansey/meisterm/data
------------------------------------------------------------

Successfully completed.

Resource usage summary:

    CPU time :                                   68.47 sec.
    Max Memory :                                 -
    Average Memory :                             -
    Total Requested Memory :                     32.00 GB
    Delta Memory :                               -
    Max Swap :                                   -
    Max Processes :                              4
    Max Threads :                                65
    Run time :                                   72 sec.
    Turnaround time :                            755 sec.

The output (if any) is above this job summary.



PS:

Read file </work/tansey/meisterm/results/2023-08-02/diagonal/log_REP_CTD2/68/68/1/model_split.err> for stderr output of this job.


------------------------------------------------------------
Sender: LSF System <lsfadmin@jh08>
Subject: Job 67472783: </work/tansey/meisterm/scripts/heatmap_input.sh 1 1 68 68 REP_published_auc_mean CTD2_published_auc_mean /work/tansey/meisterm/results/2023-08-02/diagonal/log_REP_CTD2/68/68/1 1000 /work/tansey/meisterm/data> in cluster <juno> Done

Job </work/tansey/meisterm/scripts/heatmap_input.sh 1 1 68 68 REP_published_auc_mean CTD2_published_auc_mean /work/tansey/meisterm/results/2023-08-02/diagonal/log_REP_CTD2/68/68/1 1000 /work/tansey/meisterm/data> was submitted from host <juno> by user <meisterm> in cluster <juno> at Wed Aug  2 15:58:17 2023
Job was executed on host(s) <jh08>, in queue <general>, as user <meisterm> in cluster <juno> at Wed Aug  2 16:09:40 2023
</home/meisterm> was used as the home directory.
</work/tansey/meisterm> was used as the working directory.
Started at Wed Aug  2 16:09:40 2023
Terminated at Wed Aug  2 16:10:53 2023
Results reported at Wed Aug  2 16:10:53 2023

Your job looked like:

------------------------------------------------------------
# LSBATCH: User input
/work/tansey/meisterm/scripts/heatmap_input.sh 1 1 68 68 REP_published_auc_mean CTD2_published_auc_mean /work/tansey/meisterm/results/2023-08-02/diagonal/log_REP_CTD2/68/68/1 1000 /work/tansey/meisterm/data
------------------------------------------------------------

Successfully completed.

Resource usage summary:

    CPU time :                                   70.35 sec.
    Max Memory :                                 -
    Average Memory :                             -
    Total Requested Memory :                     32.00 GB
    Delta Memory :                               -
    Max Swap :                                   -
    Max Processes :                              4
    Max Threads :                                65
    Run time :                                   73 sec.
    Turnaround time :                            756 sec.

The output (if any) is above this job summary.



PS:

Read file </work/tansey/meisterm/results/2023-08-02/diagonal/log_REP_CTD2/68/68/1/model_split.err> for stderr output of this job.

FINAL LOSS DIFF: 20.1328125
corr_test: 0.7969983087603428
corr_train: 0.8333649233694126

------------------------------------------------------------
Sender: LSF System <lsfadmin@ja02>
Subject: Job 67472784: </work/tansey/meisterm/scripts/heatmap_input.sh 1 2 68 68 REP_published_auc_mean CTD2_published_auc_mean /work/tansey/meisterm/results/2023-08-02/diagonal/log_REP_CTD2/68/68/1 1000 /work/tansey/meisterm/data> in cluster <juno> Done

Job </work/tansey/meisterm/scripts/heatmap_input.sh 1 2 68 68 REP_published_auc_mean CTD2_published_auc_mean /work/tansey/meisterm/results/2023-08-02/diagonal/log_REP_CTD2/68/68/1 1000 /work/tansey/meisterm/data> was submitted from host <juno> by user <meisterm> in cluster <juno> at Wed Aug  2 15:58:18 2023
Job was executed on host(s) <ja02>, in queue <general>, as user <meisterm> in cluster <juno> at Wed Aug  2 16:09:41 2023
</home/meisterm> was used as the home directory.
</work/tansey/meisterm> was used as the working directory.
Started at Wed Aug  2 16:09:41 2023
Terminated at Wed Aug  2 16:10:58 2023
Results reported at Wed Aug  2 16:10:58 2023

Your job looked like:

------------------------------------------------------------
# LSBATCH: User input
/work/tansey/meisterm/scripts/heatmap_input.sh 1 2 68 68 REP_published_auc_mean CTD2_published_auc_mean /work/tansey/meisterm/results/2023-08-02/diagonal/log_REP_CTD2/68/68/1 1000 /work/tansey/meisterm/data
------------------------------------------------------------

Successfully completed.

Resource usage summary:

    CPU time :                                   73.93 sec.
    Max Memory :                                 -
    Average Memory :                             -
    Total Requested Memory :                     32.00 GB
    Delta Memory :                               -
    Max Swap :                                   -
    Max Processes :                              4
    Max Threads :                                49
    Run time :                                   78 sec.
    Turnaround time :                            760 sec.

The output (if any) is above this job summary.



PS:

Read file </work/tansey/meisterm/results/2023-08-02/diagonal/log_REP_CTD2/68/68/1/model_split.err> for stderr output of this job.

FINAL LOSS DIFF: 289.4833984375
corr_test: 0.7943088099453395
corr_train: 0.8290994777690479

------------------------------------------------------------
Sender: LSF System <lsfadmin@jh06>
Subject: Job 67472792: </work/tansey/meisterm/scripts/heatmap_input.sh 1 10 68 68 REP_published_auc_mean CTD2_published_auc_mean /work/tansey/meisterm/results/2023-08-02/diagonal/log_REP_CTD2/68/68/1 1000 /work/tansey/meisterm/data> in cluster <juno> Done

Job </work/tansey/meisterm/scripts/heatmap_input.sh 1 10 68 68 REP_published_auc_mean CTD2_published_auc_mean /work/tansey/meisterm/results/2023-08-02/diagonal/log_REP_CTD2/68/68/1 1000 /work/tansey/meisterm/data> was submitted from host <juno> by user <meisterm> in cluster <juno> at Wed Aug  2 15:58:18 2023
Job was executed on host(s) <jh06>, in queue <general>, as user <meisterm> in cluster <juno> at Wed Aug  2 16:09:41 2023
</home/meisterm> was used as the home directory.
</work/tansey/meisterm> was used as the working directory.
Started at Wed Aug  2 16:09:41 2023
Terminated at Wed Aug  2 16:11:01 2023
Results reported at Wed Aug  2 16:11:01 2023

Your job looked like:

------------------------------------------------------------
# LSBATCH: User input
/work/tansey/meisterm/scripts/heatmap_input.sh 1 10 68 68 REP_published_auc_mean CTD2_published_auc_mean /work/tansey/meisterm/results/2023-08-02/diagonal/log_REP_CTD2/68/68/1 1000 /work/tansey/meisterm/data
------------------------------------------------------------

Successfully completed.

Resource usage summary:

    CPU time :                                   76.70 sec.
    Max Memory :                                 -
    Average Memory :                             -
    Total Requested Memory :                     32.00 GB
    Delta Memory :                               -
    Max Swap :                                   -
    Max Processes :                              4
    Max Threads :                                65
    Run time :                                   80 sec.
    Turnaround time :                            763 sec.

The output (if any) is above this job summary.



PS:

Read file </work/tansey/meisterm/results/2023-08-02/diagonal/log_REP_CTD2/68/68/1/model_split.err> for stderr output of this job.

FINAL LOSS DIFF: 126.0166015625
corr_test: 0.7941099680692401
corr_train: 0.8266377231056771

------------------------------------------------------------
Sender: LSF System <lsfadmin@ji15>
Subject: Job 67472787: </work/tansey/meisterm/scripts/heatmap_input.sh 1 5 68 68 REP_published_auc_mean CTD2_published_auc_mean /work/tansey/meisterm/results/2023-08-02/diagonal/log_REP_CTD2/68/68/1 1000 /work/tansey/meisterm/data> in cluster <juno> Done

Job </work/tansey/meisterm/scripts/heatmap_input.sh 1 5 68 68 REP_published_auc_mean CTD2_published_auc_mean /work/tansey/meisterm/results/2023-08-02/diagonal/log_REP_CTD2/68/68/1 1000 /work/tansey/meisterm/data> was submitted from host <juno> by user <meisterm> in cluster <juno> at Wed Aug  2 15:58:18 2023
Job was executed on host(s) <ji15>, in queue <general>, as user <meisterm> in cluster <juno> at Wed Aug  2 16:09:41 2023
</home/meisterm> was used as the home directory.
</work/tansey/meisterm> was used as the working directory.
Started at Wed Aug  2 16:09:41 2023
Terminated at Wed Aug  2 16:11:07 2023
Results reported at Wed Aug  2 16:11:07 2023

Your job looked like:

------------------------------------------------------------
# LSBATCH: User input
/work/tansey/meisterm/scripts/heatmap_input.sh 1 5 68 68 REP_published_auc_mean CTD2_published_auc_mean /work/tansey/meisterm/results/2023-08-02/diagonal/log_REP_CTD2/68/68/1 1000 /work/tansey/meisterm/data
------------------------------------------------------------

Successfully completed.

Resource usage summary:

    CPU time :                                   82.56 sec.
    Max Memory :                                 -
    Average Memory :                             -
    Total Requested Memory :                     32.00 GB
    Delta Memory :                               -
    Max Swap :                                   -
    Max Processes :                              4
    Max Threads :                                77
    Run time :                                   86 sec.
    Turnaround time :                            769 sec.

The output (if any) is above this job summary.



PS:

Read file </work/tansey/meisterm/results/2023-08-02/diagonal/log_REP_CTD2/68/68/1/model_split.err> for stderr output of this job.

FINAL LOSS DIFF: -202.1318359375
corr_test: 0.7936352949487187
corr_train: 0.8262001037995627

------------------------------------------------------------
Sender: LSF System <lsfadmin@ji11>
Subject: Job 67472789: </work/tansey/meisterm/scripts/heatmap_input.sh 1 7 68 68 REP_published_auc_mean CTD2_published_auc_mean /work/tansey/meisterm/results/2023-08-02/diagonal/log_REP_CTD2/68/68/1 1000 /work/tansey/meisterm/data> in cluster <juno> Done

Job </work/tansey/meisterm/scripts/heatmap_input.sh 1 7 68 68 REP_published_auc_mean CTD2_published_auc_mean /work/tansey/meisterm/results/2023-08-02/diagonal/log_REP_CTD2/68/68/1 1000 /work/tansey/meisterm/data> was submitted from host <juno> by user <meisterm> in cluster <juno> at Wed Aug  2 15:58:18 2023
Job was executed on host(s) <ji11>, in queue <general>, as user <meisterm> in cluster <juno> at Wed Aug  2 16:09:41 2023
</home/meisterm> was used as the home directory.
</work/tansey/meisterm> was used as the working directory.
Started at Wed Aug  2 16:09:41 2023
Terminated at Wed Aug  2 16:11:13 2023
Results reported at Wed Aug  2 16:11:13 2023

Your job looked like:

------------------------------------------------------------
# LSBATCH: User input
/work/tansey/meisterm/scripts/heatmap_input.sh 1 7 68 68 REP_published_auc_mean CTD2_published_auc_mean /work/tansey/meisterm/results/2023-08-02/diagonal/log_REP_CTD2/68/68/1 1000 /work/tansey/meisterm/data
------------------------------------------------------------

Successfully completed.

Resource usage summary:

    CPU time :                                   89.70 sec.
    Max Memory :                                 -
    Average Memory :                             -
    Total Requested Memory :                     32.00 GB
    Delta Memory :                               -
    Max Swap :                                   -
    Max Processes :                              4
    Max Threads :                                77
    Run time :                                   92 sec.
    Turnaround time :                            775 sec.

The output (if any) is above this job summary.



PS:

Read file </work/tansey/meisterm/results/2023-08-02/diagonal/log_REP_CTD2/68/68/1/model_split.err> for stderr output of this job.

