FINAL LOSS DIFF: 48.95361328125
corr_test: 0.8346307809375941
corr_train: 0.864438230461973

------------------------------------------------------------
Sender: LSF System <lsfadmin@ji05>
Subject: Job 67467643: </work/tansey/meisterm/scripts/heatmap_input.sh 10 8 16 16 REP_published_auc_mean CTD2_published_auc_mean /work/tansey/meisterm/results/2023-08-02/diagonal/log_REP_CTD2/16/16/10 1000 /work/tansey/meisterm/data> in cluster <juno> Done

Job </work/tansey/meisterm/scripts/heatmap_input.sh 10 8 16 16 REP_published_auc_mean CTD2_published_auc_mean /work/tansey/meisterm/results/2023-08-02/diagonal/log_REP_CTD2/16/16/10 1000 /work/tansey/meisterm/data> was submitted from host <juno> by user <meisterm> in cluster <juno> at Wed Aug  2 15:54:44 2023
Job was executed on host(s) <ji05>, in queue <general>, as user <meisterm> in cluster <juno> at Wed Aug  2 16:02:33 2023
</home/meisterm> was used as the home directory.
</work/tansey/meisterm> was used as the working directory.
Started at Wed Aug  2 16:02:33 2023
Terminated at Wed Aug  2 16:03:04 2023
Results reported at Wed Aug  2 16:03:04 2023

Your job looked like:

------------------------------------------------------------
# LSBATCH: User input
/work/tansey/meisterm/scripts/heatmap_input.sh 10 8 16 16 REP_published_auc_mean CTD2_published_auc_mean /work/tansey/meisterm/results/2023-08-02/diagonal/log_REP_CTD2/16/16/10 1000 /work/tansey/meisterm/data
------------------------------------------------------------

Successfully completed.

Resource usage summary:

    CPU time :                                   30.29 sec.
    Max Memory :                                 -
    Average Memory :                             -
    Total Requested Memory :                     32.00 GB
    Delta Memory :                               -
    Max Swap :                                   -
    Max Processes :                              4
    Max Threads :                                77
    Run time :                                   31 sec.
    Turnaround time :                            500 sec.

The output (if any) is above this job summary.



PS:

Read file </work/tansey/meisterm/results/2023-08-02/diagonal/log_REP_CTD2/16/16/10/model_split.err> for stderr output of this job.

FINAL LOSS DIFF: 187.52197265625
corr_test: 0.8334492759478745
corr_train: 0.8656884602742583

------------------------------------------------------------
Sender: LSF System <lsfadmin@ja07>
Subject: Job 67467637: </work/tansey/meisterm/scripts/heatmap_input.sh 10 2 16 16 REP_published_auc_mean CTD2_published_auc_mean /work/tansey/meisterm/results/2023-08-02/diagonal/log_REP_CTD2/16/16/10 1000 /work/tansey/meisterm/data> in cluster <juno> Done

Job </work/tansey/meisterm/scripts/heatmap_input.sh 10 2 16 16 REP_published_auc_mean CTD2_published_auc_mean /work/tansey/meisterm/results/2023-08-02/diagonal/log_REP_CTD2/16/16/10 1000 /work/tansey/meisterm/data> was submitted from host <juno> by user <meisterm> in cluster <juno> at Wed Aug  2 15:54:44 2023
Job was executed on host(s) <ja07>, in queue <general>, as user <meisterm> in cluster <juno> at Wed Aug  2 16:02:32 2023
</home/meisterm> was used as the home directory.
</work/tansey/meisterm> was used as the working directory.
Started at Wed Aug  2 16:02:32 2023
Terminated at Wed Aug  2 16:03:32 2023
Results reported at Wed Aug  2 16:03:32 2023

Your job looked like:

------------------------------------------------------------
# LSBATCH: User input
/work/tansey/meisterm/scripts/heatmap_input.sh 10 2 16 16 REP_published_auc_mean CTD2_published_auc_mean /work/tansey/meisterm/results/2023-08-02/diagonal/log_REP_CTD2/16/16/10 1000 /work/tansey/meisterm/data
------------------------------------------------------------

Successfully completed.

Resource usage summary:

    CPU time :                                   67.63 sec.
    Max Memory :                                 -
    Average Memory :                             -
    Total Requested Memory :                     32.00 GB
    Delta Memory :                               -
    Max Swap :                                   -
    Max Processes :                              4
    Max Threads :                                49
    Run time :                                   61 sec.
    Turnaround time :                            528 sec.

The output (if any) is above this job summary.



PS:

Read file </work/tansey/meisterm/results/2023-08-02/diagonal/log_REP_CTD2/16/16/10/model_split.err> for stderr output of this job.

FINAL LOSS DIFF: 45.9599609375
corr_test: 0.8286693049590428
corr_train: 0.858445842378617

------------------------------------------------------------
Sender: LSF System <lsfadmin@je03>
Subject: Job 67467644: </work/tansey/meisterm/scripts/heatmap_input.sh 10 9 16 16 REP_published_auc_mean CTD2_published_auc_mean /work/tansey/meisterm/results/2023-08-02/diagonal/log_REP_CTD2/16/16/10 1000 /work/tansey/meisterm/data> in cluster <juno> Done

Job </work/tansey/meisterm/scripts/heatmap_input.sh 10 9 16 16 REP_published_auc_mean CTD2_published_auc_mean /work/tansey/meisterm/results/2023-08-02/diagonal/log_REP_CTD2/16/16/10 1000 /work/tansey/meisterm/data> was submitted from host <juno> by user <meisterm> in cluster <juno> at Wed Aug  2 15:54:44 2023
Job was executed on host(s) <je03>, in queue <general>, as user <meisterm> in cluster <juno> at Wed Aug  2 16:02:33 2023
</home/meisterm> was used as the home directory.
</work/tansey/meisterm> was used as the working directory.
Started at Wed Aug  2 16:02:33 2023
Terminated at Wed Aug  2 16:03:36 2023
Results reported at Wed Aug  2 16:03:36 2023

Your job looked like:

------------------------------------------------------------
# LSBATCH: User input
/work/tansey/meisterm/scripts/heatmap_input.sh 10 9 16 16 REP_published_auc_mean CTD2_published_auc_mean /work/tansey/meisterm/results/2023-08-02/diagonal/log_REP_CTD2/16/16/10 1000 /work/tansey/meisterm/data
------------------------------------------------------------

Successfully completed.

Resource usage summary:

    CPU time :                                   58.49 sec.
    Max Memory :                                 -
    Average Memory :                             -
    Total Requested Memory :                     32.00 GB
    Delta Memory :                               -
    Max Swap :                                   -
    Max Processes :                              4
    Max Threads :                                53
    Run time :                                   64 sec.
    Turnaround time :                            532 sec.

The output (if any) is above this job summary.



PS:

Read file </work/tansey/meisterm/results/2023-08-02/diagonal/log_REP_CTD2/16/16/10/model_split.err> for stderr output of this job.

FINAL LOSS DIFF: 116.480224609375
corr_test: 0.8344111408253758
corr_train: 0.864118573675589

------------------------------------------------------------
Sender: LSF System <lsfadmin@ji14>
Subject: Job 67467645: </work/tansey/meisterm/scripts/heatmap_input.sh 10 10 16 16 REP_published_auc_mean CTD2_published_auc_mean /work/tansey/meisterm/results/2023-08-02/diagonal/log_REP_CTD2/16/16/10 1000 /work/tansey/meisterm/data> in cluster <juno> Done

Job </work/tansey/meisterm/scripts/heatmap_input.sh 10 10 16 16 REP_published_auc_mean CTD2_published_auc_mean /work/tansey/meisterm/results/2023-08-02/diagonal/log_REP_CTD2/16/16/10 1000 /work/tansey/meisterm/data> was submitted from host <juno> by user <meisterm> in cluster <juno> at Wed Aug  2 15:54:44 2023
Job was executed on host(s) <ji14>, in queue <general>, as user <meisterm> in cluster <juno> at Wed Aug  2 16:02:33 2023
</home/meisterm> was used as the home directory.
</work/tansey/meisterm> was used as the working directory.
Started at Wed Aug  2 16:02:33 2023
Terminated at Wed Aug  2 16:03:38 2023
Results reported at Wed Aug  2 16:03:38 2023

Your job looked like:

------------------------------------------------------------
# LSBATCH: User input
/work/tansey/meisterm/scripts/heatmap_input.sh 10 10 16 16 REP_published_auc_mean CTD2_published_auc_mean /work/tansey/meisterm/results/2023-08-02/diagonal/log_REP_CTD2/16/16/10 1000 /work/tansey/meisterm/data
------------------------------------------------------------

Successfully completed.

Resource usage summary:

    CPU time :                                   61.84 sec.
    Max Memory :                                 -
    Average Memory :                             -
    Total Requested Memory :                     32.00 GB
    Delta Memory :                               -
    Max Swap :                                   -
    Max Processes :                              4
    Max Threads :                                77
    Run time :                                   66 sec.
    Turnaround time :                            534 sec.

The output (if any) is above this job summary.



PS:

Read file </work/tansey/meisterm/results/2023-08-02/diagonal/log_REP_CTD2/16/16/10/model_split.err> for stderr output of this job.

FINAL LOSS DIFF: -182.607177734375
corr_test: 0.8320353464896063
corr_train: 0.8613038533456556
FINAL LOSS DIFF: -40.85009765625
corr_test: 0.8355287935585696
corr_train: 0.8638928665971056

------------------------------------------------------------
Sender: LSF System <lsfadmin@ji02>
Subject: Job 67467642: </work/tansey/meisterm/scripts/heatmap_input.sh 10 7 16 16 REP_published_auc_mean CTD2_published_auc_mean /work/tansey/meisterm/results/2023-08-02/diagonal/log_REP_CTD2/16/16/10 1000 /work/tansey/meisterm/data> in cluster <juno> Done

Job </work/tansey/meisterm/scripts/heatmap_input.sh 10 7 16 16 REP_published_auc_mean CTD2_published_auc_mean /work/tansey/meisterm/results/2023-08-02/diagonal/log_REP_CTD2/16/16/10 1000 /work/tansey/meisterm/data> was submitted from host <juno> by user <meisterm> in cluster <juno> at Wed Aug  2 15:54:44 2023
Job was executed on host(s) <ji02>, in queue <general>, as user <meisterm> in cluster <juno> at Wed Aug  2 16:02:33 2023
</home/meisterm> was used as the home directory.
</work/tansey/meisterm> was used as the working directory.
Started at Wed Aug  2 16:02:33 2023
Terminated at Wed Aug  2 16:03:40 2023
Results reported at Wed Aug  2 16:03:40 2023

Your job looked like:

------------------------------------------------------------
# LSBATCH: User input
/work/tansey/meisterm/scripts/heatmap_input.sh 10 7 16 16 REP_published_auc_mean CTD2_published_auc_mean /work/tansey/meisterm/results/2023-08-02/diagonal/log_REP_CTD2/16/16/10 1000 /work/tansey/meisterm/data
------------------------------------------------------------

Successfully completed.

Resource usage summary:

    CPU time :                                   64.18 sec.
    Max Memory :                                 -
    Average Memory :                             -
    Total Requested Memory :                     32.00 GB
    Delta Memory :                               -
    Max Swap :                                   -
    Max Processes :                              4
    Max Threads :                                77
    Run time :                                   69 sec.
    Turnaround time :                            536 sec.

The output (if any) is above this job summary.



PS:

Read file </work/tansey/meisterm/results/2023-08-02/diagonal/log_REP_CTD2/16/16/10/model_split.err> for stderr output of this job.


------------------------------------------------------------
Sender: LSF System <lsfadmin@ji02>
Subject: Job 67467641: </work/tansey/meisterm/scripts/heatmap_input.sh 10 6 16 16 REP_published_auc_mean CTD2_published_auc_mean /work/tansey/meisterm/results/2023-08-02/diagonal/log_REP_CTD2/16/16/10 1000 /work/tansey/meisterm/data> in cluster <juno> Done

Job </work/tansey/meisterm/scripts/heatmap_input.sh 10 6 16 16 REP_published_auc_mean CTD2_published_auc_mean /work/tansey/meisterm/results/2023-08-02/diagonal/log_REP_CTD2/16/16/10 1000 /work/tansey/meisterm/data> was submitted from host <juno> by user <meisterm> in cluster <juno> at Wed Aug  2 15:54:44 2023
Job was executed on host(s) <ji02>, in queue <general>, as user <meisterm> in cluster <juno> at Wed Aug  2 16:02:33 2023
</home/meisterm> was used as the home directory.
</work/tansey/meisterm> was used as the working directory.
Started at Wed Aug  2 16:02:33 2023
Terminated at Wed Aug  2 16:03:41 2023
Results reported at Wed Aug  2 16:03:41 2023

Your job looked like:

------------------------------------------------------------
# LSBATCH: User input
/work/tansey/meisterm/scripts/heatmap_input.sh 10 6 16 16 REP_published_auc_mean CTD2_published_auc_mean /work/tansey/meisterm/results/2023-08-02/diagonal/log_REP_CTD2/16/16/10 1000 /work/tansey/meisterm/data
------------------------------------------------------------

Successfully completed.

Resource usage summary:

    CPU time :                                   64.54 sec.
    Max Memory :                                 -
    Average Memory :                             -
    Total Requested Memory :                     32.00 GB
    Delta Memory :                               -
    Max Swap :                                   -
    Max Processes :                              4
    Max Threads :                                77
    Run time :                                   69 sec.
    Turnaround time :                            537 sec.

The output (if any) is above this job summary.



PS:

Read file </work/tansey/meisterm/results/2023-08-02/diagonal/log_REP_CTD2/16/16/10/model_split.err> for stderr output of this job.

FINAL LOSS DIFF: -99.1064453125
corr_test: 0.8309392426653132
corr_train: 0.8669280045448667

------------------------------------------------------------
Sender: LSF System <lsfadmin@je12>
Subject: Job 67467640: </work/tansey/meisterm/scripts/heatmap_input.sh 10 5 16 16 REP_published_auc_mean CTD2_published_auc_mean /work/tansey/meisterm/results/2023-08-02/diagonal/log_REP_CTD2/16/16/10 1000 /work/tansey/meisterm/data> in cluster <juno> Done

Job </work/tansey/meisterm/scripts/heatmap_input.sh 10 5 16 16 REP_published_auc_mean CTD2_published_auc_mean /work/tansey/meisterm/results/2023-08-02/diagonal/log_REP_CTD2/16/16/10 1000 /work/tansey/meisterm/data> was submitted from host <juno> by user <meisterm> in cluster <juno> at Wed Aug  2 15:54:44 2023
Job was executed on host(s) <je12>, in queue <general>, as user <meisterm> in cluster <juno> at Wed Aug  2 16:02:35 2023
</home/meisterm> was used as the home directory.
</work/tansey/meisterm> was used as the working directory.
Started at Wed Aug  2 16:02:35 2023
Terminated at Wed Aug  2 16:03:53 2023
Results reported at Wed Aug  2 16:03:53 2023

Your job looked like:

------------------------------------------------------------
# LSBATCH: User input
/work/tansey/meisterm/scripts/heatmap_input.sh 10 5 16 16 REP_published_auc_mean CTD2_published_auc_mean /work/tansey/meisterm/results/2023-08-02/diagonal/log_REP_CTD2/16/16/10 1000 /work/tansey/meisterm/data
------------------------------------------------------------

Successfully completed.

Resource usage summary:

    CPU time :                                   74.58 sec.
    Max Memory :                                 -
    Average Memory :                             -
    Total Requested Memory :                     32.00 GB
    Delta Memory :                               -
    Max Swap :                                   -
    Max Processes :                              4
    Max Threads :                                53
    Run time :                                   81 sec.
    Turnaround time :                            549 sec.

The output (if any) is above this job summary.



PS:

Read file </work/tansey/meisterm/results/2023-08-02/diagonal/log_REP_CTD2/16/16/10/model_split.err> for stderr output of this job.

FINAL LOSS DIFF: -28.69580078125
corr_test: 0.8352563683261023
corr_train: 0.864592205434197
FINAL LOSS DIFF: 154.09228515625
corr_test: 0.8327670797018785
corr_train: 0.8652629445950024
FINAL LOSS DIFF: 66.3671875
corr_test: 0.8316267609407407
corr_train: 0.8603309839315331

------------------------------------------------------------
Sender: LSF System <lsfadmin@ja02>
Subject: Job 67467638: </work/tansey/meisterm/scripts/heatmap_input.sh 10 3 16 16 REP_published_auc_mean CTD2_published_auc_mean /work/tansey/meisterm/results/2023-08-02/diagonal/log_REP_CTD2/16/16/10 1000 /work/tansey/meisterm/data> in cluster <juno> Done

Job </work/tansey/meisterm/scripts/heatmap_input.sh 10 3 16 16 REP_published_auc_mean CTD2_published_auc_mean /work/tansey/meisterm/results/2023-08-02/diagonal/log_REP_CTD2/16/16/10 1000 /work/tansey/meisterm/data> was submitted from host <juno> by user <meisterm> in cluster <juno> at Wed Aug  2 15:54:44 2023
Job was executed on host(s) <ja02>, in queue <general>, as user <meisterm> in cluster <juno> at Wed Aug  2 16:02:32 2023
</home/meisterm> was used as the home directory.
</work/tansey/meisterm> was used as the working directory.
Started at Wed Aug  2 16:02:32 2023
Terminated at Wed Aug  2 16:03:55 2023
Results reported at Wed Aug  2 16:03:55 2023

Your job looked like:

------------------------------------------------------------
# LSBATCH: User input
/work/tansey/meisterm/scripts/heatmap_input.sh 10 3 16 16 REP_published_auc_mean CTD2_published_auc_mean /work/tansey/meisterm/results/2023-08-02/diagonal/log_REP_CTD2/16/16/10 1000 /work/tansey/meisterm/data
------------------------------------------------------------

Successfully completed.

Resource usage summary:

    CPU time :                                   80.36 sec.
    Max Memory :                                 -
    Average Memory :                             -
    Total Requested Memory :                     32.00 GB
    Delta Memory :                               -
    Max Swap :                                   -
    Max Processes :                              4
    Max Threads :                                49
    Run time :                                   84 sec.
    Turnaround time :                            551 sec.

The output (if any) is above this job summary.



PS:

Read file </work/tansey/meisterm/results/2023-08-02/diagonal/log_REP_CTD2/16/16/10/model_split.err> for stderr output of this job.


------------------------------------------------------------
Sender: LSF System <lsfadmin@ja02>
Subject: Job 67467639: </work/tansey/meisterm/scripts/heatmap_input.sh 10 4 16 16 REP_published_auc_mean CTD2_published_auc_mean /work/tansey/meisterm/results/2023-08-02/diagonal/log_REP_CTD2/16/16/10 1000 /work/tansey/meisterm/data> in cluster <juno> Done

Job </work/tansey/meisterm/scripts/heatmap_input.sh 10 4 16 16 REP_published_auc_mean CTD2_published_auc_mean /work/tansey/meisterm/results/2023-08-02/diagonal/log_REP_CTD2/16/16/10 1000 /work/tansey/meisterm/data> was submitted from host <juno> by user <meisterm> in cluster <juno> at Wed Aug  2 15:54:44 2023
Job was executed on host(s) <ja02>, in queue <general>, as user <meisterm> in cluster <juno> at Wed Aug  2 16:02:33 2023
</home/meisterm> was used as the home directory.
</work/tansey/meisterm> was used as the working directory.
Started at Wed Aug  2 16:02:33 2023
Terminated at Wed Aug  2 16:03:56 2023
Results reported at Wed Aug  2 16:03:56 2023

Your job looked like:

------------------------------------------------------------
# LSBATCH: User input
/work/tansey/meisterm/scripts/heatmap_input.sh 10 4 16 16 REP_published_auc_mean CTD2_published_auc_mean /work/tansey/meisterm/results/2023-08-02/diagonal/log_REP_CTD2/16/16/10 1000 /work/tansey/meisterm/data
------------------------------------------------------------

Successfully completed.

Resource usage summary:

    CPU time :                                   80.31 sec.
    Max Memory :                                 -
    Average Memory :                             -
    Total Requested Memory :                     32.00 GB
    Delta Memory :                               -
    Max Swap :                                   -
    Max Processes :                              4
    Max Threads :                                49
    Run time :                                   84 sec.
    Turnaround time :                            552 sec.

The output (if any) is above this job summary.



PS:

Read file </work/tansey/meisterm/results/2023-08-02/diagonal/log_REP_CTD2/16/16/10/model_split.err> for stderr output of this job.


------------------------------------------------------------
Sender: LSF System <lsfadmin@ja06>
Subject: Job 67467636: </work/tansey/meisterm/scripts/heatmap_input.sh 10 1 16 16 REP_published_auc_mean CTD2_published_auc_mean /work/tansey/meisterm/results/2023-08-02/diagonal/log_REP_CTD2/16/16/10 1000 /work/tansey/meisterm/data> in cluster <juno> Done

Job </work/tansey/meisterm/scripts/heatmap_input.sh 10 1 16 16 REP_published_auc_mean CTD2_published_auc_mean /work/tansey/meisterm/results/2023-08-02/diagonal/log_REP_CTD2/16/16/10 1000 /work/tansey/meisterm/data> was submitted from host <juno> by user <meisterm> in cluster <juno> at Wed Aug  2 15:54:44 2023
Job was executed on host(s) <ja06>, in queue <general>, as user <meisterm> in cluster <juno> at Wed Aug  2 16:02:32 2023
</home/meisterm> was used as the home directory.
</work/tansey/meisterm> was used as the working directory.
Started at Wed Aug  2 16:02:32 2023
Terminated at Wed Aug  2 16:03:56 2023
Results reported at Wed Aug  2 16:03:56 2023

Your job looked like:

------------------------------------------------------------
# LSBATCH: User input
/work/tansey/meisterm/scripts/heatmap_input.sh 10 1 16 16 REP_published_auc_mean CTD2_published_auc_mean /work/tansey/meisterm/results/2023-08-02/diagonal/log_REP_CTD2/16/16/10 1000 /work/tansey/meisterm/data
------------------------------------------------------------

Successfully completed.

Resource usage summary:

    CPU time :                                   80.37 sec.
    Max Memory :                                 -
    Average Memory :                             -
    Total Requested Memory :                     32.00 GB
    Delta Memory :                               -
    Max Swap :                                   -
    Max Processes :                              4
    Max Threads :                                49
    Run time :                                   83 sec.
    Turnaround time :                            552 sec.

The output (if any) is above this job summary.



PS:

Read file </work/tansey/meisterm/results/2023-08-02/diagonal/log_REP_CTD2/16/16/10/model_split.err> for stderr output of this job.

