FINAL LOSS DIFF: 171.87890625
corr_test: 0.8037640577556578
corr_train: 0.8203990198662989

------------------------------------------------------------
Sender: LSF System <lsfadmin@ji05>
Subject: Job 67474013: </work/tansey/meisterm/scripts/heatmap_input.sh 2 8 80 80 REP_published_auc_mean CTD2_published_auc_mean /work/tansey/meisterm/results/2023-08-02/diagonal/log_REP_CTD2/80/80/2 1000 /work/tansey/meisterm/data> in cluster <juno> Done

Job </work/tansey/meisterm/scripts/heatmap_input.sh 2 8 80 80 REP_published_auc_mean CTD2_published_auc_mean /work/tansey/meisterm/results/2023-08-02/diagonal/log_REP_CTD2/80/80/2 1000 /work/tansey/meisterm/data> was submitted from host <juno> by user <meisterm> in cluster <juno> at Wed Aug  2 15:59:09 2023
Job was executed on host(s) <ji05>, in queue <general>, as user <meisterm> in cluster <juno> at Wed Aug  2 16:11:36 2023
</home/meisterm> was used as the home directory.
</work/tansey/meisterm> was used as the working directory.
Started at Wed Aug  2 16:11:36 2023
Terminated at Wed Aug  2 16:12:37 2023
Results reported at Wed Aug  2 16:12:37 2023

Your job looked like:

------------------------------------------------------------
# LSBATCH: User input
/work/tansey/meisterm/scripts/heatmap_input.sh 2 8 80 80 REP_published_auc_mean CTD2_published_auc_mean /work/tansey/meisterm/results/2023-08-02/diagonal/log_REP_CTD2/80/80/2 1000 /work/tansey/meisterm/data
------------------------------------------------------------

Successfully completed.

Resource usage summary:

    CPU time :                                   58.57 sec.
    Max Memory :                                 -
    Average Memory :                             -
    Total Requested Memory :                     32.00 GB
    Delta Memory :                               -
    Max Swap :                                   -
    Max Processes :                              4
    Max Threads :                                77
    Run time :                                   61 sec.
    Turnaround time :                            808 sec.

The output (if any) is above this job summary.



PS:

Read file </work/tansey/meisterm/results/2023-08-02/diagonal/log_REP_CTD2/80/80/2/model_split.err> for stderr output of this job.

FINAL LOSS DIFF: -87.712890625
corr_test: 0.8046282963315772
corr_train: 0.8241176800609736
FINAL LOSS DIFF: -7.84765625
corr_test: 0.8023255444571443
corr_train: 0.8222402128176867
FINAL LOSS DIFF: 273.7890625
corr_test: 0.800091505546001
corr_train: 0.8202251446461434

------------------------------------------------------------
Sender: LSF System <lsfadmin@jx27>
Subject: Job 67474011: </work/tansey/meisterm/scripts/heatmap_input.sh 2 6 80 80 REP_published_auc_mean CTD2_published_auc_mean /work/tansey/meisterm/results/2023-08-02/diagonal/log_REP_CTD2/80/80/2 1000 /work/tansey/meisterm/data> in cluster <juno> Done

Job </work/tansey/meisterm/scripts/heatmap_input.sh 2 6 80 80 REP_published_auc_mean CTD2_published_auc_mean /work/tansey/meisterm/results/2023-08-02/diagonal/log_REP_CTD2/80/80/2 1000 /work/tansey/meisterm/data> was submitted from host <juno> by user <meisterm> in cluster <juno> at Wed Aug  2 15:59:08 2023
Job was executed on host(s) <jx27>, in queue <general>, as user <meisterm> in cluster <juno> at Wed Aug  2 16:11:36 2023
</home/meisterm> was used as the home directory.
</work/tansey/meisterm> was used as the working directory.
Started at Wed Aug  2 16:11:36 2023
Terminated at Wed Aug  2 16:13:02 2023
Results reported at Wed Aug  2 16:13:02 2023

Your job looked like:

------------------------------------------------------------
# LSBATCH: User input
/work/tansey/meisterm/scripts/heatmap_input.sh 2 6 80 80 REP_published_auc_mean CTD2_published_auc_mean /work/tansey/meisterm/results/2023-08-02/diagonal/log_REP_CTD2/80/80/2 1000 /work/tansey/meisterm/data
------------------------------------------------------------

Successfully completed.

Resource usage summary:

    CPU time :                                   83.62 sec.
    Max Memory :                                 -
    Average Memory :                             -
    Total Requested Memory :                     32.00 GB
    Delta Memory :                               -
    Max Swap :                                   -
    Max Processes :                              4
    Max Threads :                                33
    Run time :                                   88 sec.
    Turnaround time :                            834 sec.

The output (if any) is above this job summary.



PS:

Read file </work/tansey/meisterm/results/2023-08-02/diagonal/log_REP_CTD2/80/80/2/model_split.err> for stderr output of this job.


------------------------------------------------------------
Sender: LSF System <lsfadmin@jx27>
Subject: Job 67474012: </work/tansey/meisterm/scripts/heatmap_input.sh 2 7 80 80 REP_published_auc_mean CTD2_published_auc_mean /work/tansey/meisterm/results/2023-08-02/diagonal/log_REP_CTD2/80/80/2 1000 /work/tansey/meisterm/data> in cluster <juno> Done

Job </work/tansey/meisterm/scripts/heatmap_input.sh 2 7 80 80 REP_published_auc_mean CTD2_published_auc_mean /work/tansey/meisterm/results/2023-08-02/diagonal/log_REP_CTD2/80/80/2 1000 /work/tansey/meisterm/data> was submitted from host <juno> by user <meisterm> in cluster <juno> at Wed Aug  2 15:59:09 2023
Job was executed on host(s) <jx27>, in queue <general>, as user <meisterm> in cluster <juno> at Wed Aug  2 16:11:36 2023
</home/meisterm> was used as the home directory.
</work/tansey/meisterm> was used as the working directory.
Started at Wed Aug  2 16:11:36 2023
Terminated at Wed Aug  2 16:13:02 2023
Results reported at Wed Aug  2 16:13:02 2023

Your job looked like:

------------------------------------------------------------
# LSBATCH: User input
/work/tansey/meisterm/scripts/heatmap_input.sh 2 7 80 80 REP_published_auc_mean CTD2_published_auc_mean /work/tansey/meisterm/results/2023-08-02/diagonal/log_REP_CTD2/80/80/2 1000 /work/tansey/meisterm/data
------------------------------------------------------------

Successfully completed.

Resource usage summary:

    CPU time :                                   83.78 sec.
    Max Memory :                                 -
    Average Memory :                             -
    Total Requested Memory :                     32.00 GB
    Delta Memory :                               -
    Max Swap :                                   -
    Max Processes :                              4
    Max Threads :                                33
    Run time :                                   88 sec.
    Turnaround time :                            833 sec.

The output (if any) is above this job summary.



PS:

Read file </work/tansey/meisterm/results/2023-08-02/diagonal/log_REP_CTD2/80/80/2/model_split.err> for stderr output of this job.


------------------------------------------------------------
Sender: LSF System <lsfadmin@je20>
Subject: Job 67474009: </work/tansey/meisterm/scripts/heatmap_input.sh 2 4 80 80 REP_published_auc_mean CTD2_published_auc_mean /work/tansey/meisterm/results/2023-08-02/diagonal/log_REP_CTD2/80/80/2 1000 /work/tansey/meisterm/data> in cluster <juno> Done

Job </work/tansey/meisterm/scripts/heatmap_input.sh 2 4 80 80 REP_published_auc_mean CTD2_published_auc_mean /work/tansey/meisterm/results/2023-08-02/diagonal/log_REP_CTD2/80/80/2 1000 /work/tansey/meisterm/data> was submitted from host <juno> by user <meisterm> in cluster <juno> at Wed Aug  2 15:59:08 2023
Job was executed on host(s) <je20>, in queue <general>, as user <meisterm> in cluster <juno> at Wed Aug  2 16:11:36 2023
</home/meisterm> was used as the home directory.
</work/tansey/meisterm> was used as the working directory.
Started at Wed Aug  2 16:11:36 2023
Terminated at Wed Aug  2 16:13:02 2023
Results reported at Wed Aug  2 16:13:02 2023

Your job looked like:

------------------------------------------------------------
# LSBATCH: User input
/work/tansey/meisterm/scripts/heatmap_input.sh 2 4 80 80 REP_published_auc_mean CTD2_published_auc_mean /work/tansey/meisterm/results/2023-08-02/diagonal/log_REP_CTD2/80/80/2 1000 /work/tansey/meisterm/data
------------------------------------------------------------

Successfully completed.

Resource usage summary:

    CPU time :                                   82.88 sec.
    Max Memory :                                 -
    Average Memory :                             -
    Total Requested Memory :                     32.00 GB
    Delta Memory :                               -
    Max Swap :                                   -
    Max Processes :                              4
    Max Threads :                                53
    Run time :                                   87 sec.
    Turnaround time :                            834 sec.

The output (if any) is above this job summary.



PS:

Read file </work/tansey/meisterm/results/2023-08-02/diagonal/log_REP_CTD2/80/80/2/model_split.err> for stderr output of this job.

FINAL LOSS DIFF: -64.828125
corr_test: 0.7953476731096013
corr_train: 0.8147439666744521
FINAL LOSS DIFF: -71.537109375
corr_test: 0.7997954358581031
corr_train: 0.817554163404969
FINAL LOSS DIFF: -62.81640625
corr_test: 0.794947377123513
corr_train: 0.817563699058922
FINAL LOSS DIFF: -240.5546875
corr_test: 0.8075978362517888
corr_train: 0.8242079524754056

------------------------------------------------------------
Sender: LSF System <lsfadmin@ji18>
Subject: Job 67474007: </work/tansey/meisterm/scripts/heatmap_input.sh 2 2 80 80 REP_published_auc_mean CTD2_published_auc_mean /work/tansey/meisterm/results/2023-08-02/diagonal/log_REP_CTD2/80/80/2 1000 /work/tansey/meisterm/data> in cluster <juno> Done

Job </work/tansey/meisterm/scripts/heatmap_input.sh 2 2 80 80 REP_published_auc_mean CTD2_published_auc_mean /work/tansey/meisterm/results/2023-08-02/diagonal/log_REP_CTD2/80/80/2 1000 /work/tansey/meisterm/data> was submitted from host <juno> by user <meisterm> in cluster <juno> at Wed Aug  2 15:59:08 2023
Job was executed on host(s) <ji18>, in queue <general>, as user <meisterm> in cluster <juno> at Wed Aug  2 16:11:36 2023
</home/meisterm> was used as the home directory.
</work/tansey/meisterm> was used as the working directory.
Started at Wed Aug  2 16:11:36 2023
Terminated at Wed Aug  2 16:13:12 2023
Results reported at Wed Aug  2 16:13:12 2023

Your job looked like:

------------------------------------------------------------
# LSBATCH: User input
/work/tansey/meisterm/scripts/heatmap_input.sh 2 2 80 80 REP_published_auc_mean CTD2_published_auc_mean /work/tansey/meisterm/results/2023-08-02/diagonal/log_REP_CTD2/80/80/2 1000 /work/tansey/meisterm/data
------------------------------------------------------------

Successfully completed.

Resource usage summary:

    CPU time :                                   91.94 sec.
    Max Memory :                                 -
    Average Memory :                             -
    Total Requested Memory :                     32.00 GB
    Delta Memory :                               -
    Max Swap :                                   -
    Max Processes :                              4
    Max Threads :                                77
    Run time :                                   95 sec.
    Turnaround time :                            844 sec.

The output (if any) is above this job summary.



PS:

Read file </work/tansey/meisterm/results/2023-08-02/diagonal/log_REP_CTD2/80/80/2/model_split.err> for stderr output of this job.


------------------------------------------------------------
Sender: LSF System <lsfadmin@ji18>
Subject: Job 67474006: </work/tansey/meisterm/scripts/heatmap_input.sh 2 1 80 80 REP_published_auc_mean CTD2_published_auc_mean /work/tansey/meisterm/results/2023-08-02/diagonal/log_REP_CTD2/80/80/2 1000 /work/tansey/meisterm/data> in cluster <juno> Done

Job </work/tansey/meisterm/scripts/heatmap_input.sh 2 1 80 80 REP_published_auc_mean CTD2_published_auc_mean /work/tansey/meisterm/results/2023-08-02/diagonal/log_REP_CTD2/80/80/2 1000 /work/tansey/meisterm/data> was submitted from host <juno> by user <meisterm> in cluster <juno> at Wed Aug  2 15:59:08 2023
Job was executed on host(s) <ji18>, in queue <general>, as user <meisterm> in cluster <juno> at Wed Aug  2 16:11:36 2023
</home/meisterm> was used as the home directory.
</work/tansey/meisterm> was used as the working directory.
Started at Wed Aug  2 16:11:36 2023
Terminated at Wed Aug  2 16:13:12 2023
Results reported at Wed Aug  2 16:13:12 2023

Your job looked like:

------------------------------------------------------------
# LSBATCH: User input
/work/tansey/meisterm/scripts/heatmap_input.sh 2 1 80 80 REP_published_auc_mean CTD2_published_auc_mean /work/tansey/meisterm/results/2023-08-02/diagonal/log_REP_CTD2/80/80/2 1000 /work/tansey/meisterm/data
------------------------------------------------------------

Successfully completed.

Resource usage summary:

    CPU time :                                   92.34 sec.
    Max Memory :                                 -
    Average Memory :                             -
    Total Requested Memory :                     32.00 GB
    Delta Memory :                               -
    Max Swap :                                   -
    Max Processes :                              4
    Max Threads :                                77
    Run time :                                   95 sec.
    Turnaround time :                            844 sec.

The output (if any) is above this job summary.



PS:

Read file </work/tansey/meisterm/results/2023-08-02/diagonal/log_REP_CTD2/80/80/2/model_split.err> for stderr output of this job.


------------------------------------------------------------
Sender: LSF System <lsfadmin@ja03>
Subject: Job 67474014: </work/tansey/meisterm/scripts/heatmap_input.sh 2 9 80 80 REP_published_auc_mean CTD2_published_auc_mean /work/tansey/meisterm/results/2023-08-02/diagonal/log_REP_CTD2/80/80/2 1000 /work/tansey/meisterm/data> in cluster <juno> Done

Job </work/tansey/meisterm/scripts/heatmap_input.sh 2 9 80 80 REP_published_auc_mean CTD2_published_auc_mean /work/tansey/meisterm/results/2023-08-02/diagonal/log_REP_CTD2/80/80/2 1000 /work/tansey/meisterm/data> was submitted from host <juno> by user <meisterm> in cluster <juno> at Wed Aug  2 15:59:09 2023
Job was executed on host(s) <ja03>, in queue <general>, as user <meisterm> in cluster <juno> at Wed Aug  2 16:11:36 2023
</home/meisterm> was used as the home directory.
</work/tansey/meisterm> was used as the working directory.
Started at Wed Aug  2 16:11:36 2023
Terminated at Wed Aug  2 16:13:12 2023
Results reported at Wed Aug  2 16:13:12 2023

Your job looked like:

------------------------------------------------------------
# LSBATCH: User input
/work/tansey/meisterm/scripts/heatmap_input.sh 2 9 80 80 REP_published_auc_mean CTD2_published_auc_mean /work/tansey/meisterm/results/2023-08-02/diagonal/log_REP_CTD2/80/80/2 1000 /work/tansey/meisterm/data
------------------------------------------------------------

Successfully completed.

Resource usage summary:

    CPU time :                                   94.11 sec.
    Max Memory :                                 -
    Average Memory :                             -
    Total Requested Memory :                     32.00 GB
    Delta Memory :                               -
    Max Swap :                                   -
    Max Processes :                              4
    Max Threads :                                49
    Run time :                                   97 sec.
    Turnaround time :                            843 sec.

The output (if any) is above this job summary.



PS:

Read file </work/tansey/meisterm/results/2023-08-02/diagonal/log_REP_CTD2/80/80/2/model_split.err> for stderr output of this job.


------------------------------------------------------------
Sender: LSF System <lsfadmin@ja09>
Subject: Job 67474015: </work/tansey/meisterm/scripts/heatmap_input.sh 2 10 80 80 REP_published_auc_mean CTD2_published_auc_mean /work/tansey/meisterm/results/2023-08-02/diagonal/log_REP_CTD2/80/80/2 1000 /work/tansey/meisterm/data> in cluster <juno> Done

Job </work/tansey/meisterm/scripts/heatmap_input.sh 2 10 80 80 REP_published_auc_mean CTD2_published_auc_mean /work/tansey/meisterm/results/2023-08-02/diagonal/log_REP_CTD2/80/80/2 1000 /work/tansey/meisterm/data> was submitted from host <juno> by user <meisterm> in cluster <juno> at Wed Aug  2 15:59:09 2023
Job was executed on host(s) <ja09>, in queue <general>, as user <meisterm> in cluster <juno> at Wed Aug  2 16:11:36 2023
</home/meisterm> was used as the home directory.
</work/tansey/meisterm> was used as the working directory.
Started at Wed Aug  2 16:11:36 2023
Terminated at Wed Aug  2 16:13:13 2023
Results reported at Wed Aug  2 16:13:13 2023

Your job looked like:

------------------------------------------------------------
# LSBATCH: User input
/work/tansey/meisterm/scripts/heatmap_input.sh 2 10 80 80 REP_published_auc_mean CTD2_published_auc_mean /work/tansey/meisterm/results/2023-08-02/diagonal/log_REP_CTD2/80/80/2 1000 /work/tansey/meisterm/data
------------------------------------------------------------

Successfully completed.

Resource usage summary:

    CPU time :                                   93.79 sec.
    Max Memory :                                 -
    Average Memory :                             -
    Total Requested Memory :                     32.00 GB
    Delta Memory :                               -
    Max Swap :                                   -
    Max Processes :                              4
    Max Threads :                                49
    Run time :                                   98 sec.
    Turnaround time :                            844 sec.

The output (if any) is above this job summary.



PS:

Read file </work/tansey/meisterm/results/2023-08-02/diagonal/log_REP_CTD2/80/80/2/model_split.err> for stderr output of this job.

FINAL LOSS DIFF: -326.875
corr_test: 0.7948628228571115
corr_train: 0.8175424956414824

------------------------------------------------------------
Sender: LSF System <lsfadmin@je20>
Subject: Job 67474008: </work/tansey/meisterm/scripts/heatmap_input.sh 2 3 80 80 REP_published_auc_mean CTD2_published_auc_mean /work/tansey/meisterm/results/2023-08-02/diagonal/log_REP_CTD2/80/80/2 1000 /work/tansey/meisterm/data> in cluster <juno> Done

Job </work/tansey/meisterm/scripts/heatmap_input.sh 2 3 80 80 REP_published_auc_mean CTD2_published_auc_mean /work/tansey/meisterm/results/2023-08-02/diagonal/log_REP_CTD2/80/80/2 1000 /work/tansey/meisterm/data> was submitted from host <juno> by user <meisterm> in cluster <juno> at Wed Aug  2 15:59:08 2023
Job was executed on host(s) <je20>, in queue <general>, as user <meisterm> in cluster <juno> at Wed Aug  2 16:11:36 2023
</home/meisterm> was used as the home directory.
</work/tansey/meisterm> was used as the working directory.
Started at Wed Aug  2 16:11:36 2023
Terminated at Wed Aug  2 16:13:18 2023
Results reported at Wed Aug  2 16:13:18 2023

Your job looked like:

------------------------------------------------------------
# LSBATCH: User input
/work/tansey/meisterm/scripts/heatmap_input.sh 2 3 80 80 REP_published_auc_mean CTD2_published_auc_mean /work/tansey/meisterm/results/2023-08-02/diagonal/log_REP_CTD2/80/80/2 1000 /work/tansey/meisterm/data
------------------------------------------------------------

Successfully completed.

Resource usage summary:

    CPU time :                                   99.39 sec.
    Max Memory :                                 -
    Average Memory :                             -
    Total Requested Memory :                     32.00 GB
    Delta Memory :                               -
    Max Swap :                                   -
    Max Processes :                              4
    Max Threads :                                53
    Run time :                                   104 sec.
    Turnaround time :                            850 sec.

The output (if any) is above this job summary.



PS:

Read file </work/tansey/meisterm/results/2023-08-02/diagonal/log_REP_CTD2/80/80/2/model_split.err> for stderr output of this job.

FINAL LOSS DIFF: -40.96484375
corr_test: 0.8050028193208284
corr_train: 0.8236622606241985

------------------------------------------------------------
Sender: LSF System <lsfadmin@je18>
Subject: Job 67474010: </work/tansey/meisterm/scripts/heatmap_input.sh 2 5 80 80 REP_published_auc_mean CTD2_published_auc_mean /work/tansey/meisterm/results/2023-08-02/diagonal/log_REP_CTD2/80/80/2 1000 /work/tansey/meisterm/data> in cluster <juno> Done

Job </work/tansey/meisterm/scripts/heatmap_input.sh 2 5 80 80 REP_published_auc_mean CTD2_published_auc_mean /work/tansey/meisterm/results/2023-08-02/diagonal/log_REP_CTD2/80/80/2 1000 /work/tansey/meisterm/data> was submitted from host <juno> by user <meisterm> in cluster <juno> at Wed Aug  2 15:59:08 2023
Job was executed on host(s) <je18>, in queue <general>, as user <meisterm> in cluster <juno> at Wed Aug  2 16:11:36 2023
</home/meisterm> was used as the home directory.
</work/tansey/meisterm> was used as the working directory.
Started at Wed Aug  2 16:11:36 2023
Terminated at Wed Aug  2 16:13:25 2023
Results reported at Wed Aug  2 16:13:25 2023

Your job looked like:

------------------------------------------------------------
# LSBATCH: User input
/work/tansey/meisterm/scripts/heatmap_input.sh 2 5 80 80 REP_published_auc_mean CTD2_published_auc_mean /work/tansey/meisterm/results/2023-08-02/diagonal/log_REP_CTD2/80/80/2 1000 /work/tansey/meisterm/data
------------------------------------------------------------

Successfully completed.

Resource usage summary:

    CPU time :                                   104.07 sec.
    Max Memory :                                 -
    Average Memory :                             -
    Total Requested Memory :                     32.00 GB
    Delta Memory :                               -
    Max Swap :                                   -
    Max Processes :                              4
    Max Threads :                                53
    Run time :                                   110 sec.
    Turnaround time :                            857 sec.

The output (if any) is above this job summary.



PS:

Read file </work/tansey/meisterm/results/2023-08-02/diagonal/log_REP_CTD2/80/80/2/model_split.err> for stderr output of this job.

