train_corr: 0.5109197069804371
test_corr: 0.5111277550047681

------------------------------------------------------------
Sender: LSF System <lsfadmin@je04>
Subject: Job 68554906: </work/tansey/meisterm/new_scripts/expt.sh /work/tansey/meisterm/code raw REP GDSC random_split .95 data/rep-gdsc-ctd2-mean-log.csv /work/tansey/meisterm/results/2023-08-11/run_2d/log_REP_GDSC/95/raw/1 "" 1000 1> in cluster <juno> Done

Job </work/tansey/meisterm/new_scripts/expt.sh /work/tansey/meisterm/code raw REP GDSC random_split .95 data/rep-gdsc-ctd2-mean-log.csv /work/tansey/meisterm/results/2023-08-11/run_2d/log_REP_GDSC/95/raw/1 "" 1000 1> was submitted from host <juno> by user <meisterm> in cluster <juno> at Fri Aug 11 21:32:05 2023
Job was executed on host(s) <je04>, in queue <general>, as user <meisterm> in cluster <juno> at Fri Aug 11 21:32:20 2023
</home/meisterm> was used as the home directory.
</work/tansey/meisterm> was used as the working directory.
Started at Fri Aug 11 21:32:20 2023
Terminated at Fri Aug 11 21:32:49 2023
Results reported at Fri Aug 11 21:32:49 2023

Your job looked like:

------------------------------------------------------------
# LSBATCH: User input
/work/tansey/meisterm/new_scripts/expt.sh /work/tansey/meisterm/code raw REP GDSC random_split .95 data/rep-gdsc-ctd2-mean-log.csv /work/tansey/meisterm/results/2023-08-11/run_2d/log_REP_GDSC/95/raw/1 "" 1000 1
------------------------------------------------------------

Successfully completed.

Resource usage summary:

    CPU time :                                   9.15 sec.
    Max Memory :                                 -
    Average Memory :                             -
    Total Requested Memory :                     32.00 GB
    Delta Memory :                               -
    Max Swap :                                   -
    Max Processes :                              4
    Max Threads :                                13
    Run time :                                   27 sec.
    Turnaround time :                            44 sec.

The output (if any) is above this job summary.



PS:

Read file </work/tansey/meisterm/results/2023-08-11/run_2d/log_REP_GDSC/95/raw/1/err.err> for stderr output of this job.

