train_corr: 0.9636693861651826
test_corr: 0.7120773153487668

------------------------------------------------------------
Sender: LSF System <lsfadmin@je17>
Subject: Job 68466926: </work/tansey/meisterm/new_scripts/expt.sh /work/tansey/meisterm/code target_only "" GDSC random_split .60 data/rep-gdsc-ctd2-mean-log.csv /work/tansey/meisterm/results/2023-08-10/run_2d/log_GDSC/60/target_only/3 "" 1000 3> in cluster <juno> Done

Job </work/tansey/meisterm/new_scripts/expt.sh /work/tansey/meisterm/code target_only "" GDSC random_split .60 data/rep-gdsc-ctd2-mean-log.csv /work/tansey/meisterm/results/2023-08-10/run_2d/log_GDSC/60/target_only/3 "" 1000 3> was submitted from host <juno> by user <meisterm> in cluster <juno> at Thu Aug 10 17:58:39 2023
Job was executed on host(s) <je17>, in queue <general>, as user <meisterm> in cluster <juno> at Fri Aug 11 13:58:52 2023
</home/meisterm> was used as the home directory.
</work/tansey/meisterm> was used as the working directory.
Started at Fri Aug 11 13:58:52 2023
Terminated at Fri Aug 11 16:18:12 2023
Results reported at Fri Aug 11 16:18:12 2023

Your job looked like:

------------------------------------------------------------
# LSBATCH: User input
/work/tansey/meisterm/new_scripts/expt.sh /work/tansey/meisterm/code target_only "" GDSC random_split .60 data/rep-gdsc-ctd2-mean-log.csv /work/tansey/meisterm/results/2023-08-10/run_2d/log_GDSC/60/target_only/3 "" 1000 3
------------------------------------------------------------

Successfully completed.

Resource usage summary:

    CPU time :                                   13818.69 sec.
    Max Memory :                                 -
    Average Memory :                             -
    Total Requested Memory :                     32.00 GB
    Delta Memory :                               -
    Max Swap :                                   -
    Max Processes :                              4
    Max Threads :                                53
    Run time :                                   8361 sec.
    Turnaround time :                            80373 sec.

The output (if any) is above this job summary.



PS:

Read file </work/tansey/meisterm/results/2023-08-10/run_2d/log_GDSC/60/target_only/3/err.err> for stderr output of this job.

