train_corr: 0.8849523035821982
test_corr: 0.8243183488514658

------------------------------------------------------------
Sender: LSF System <lsfadmin@ji17>
Subject: Job 68555329: </work/tansey/meisterm/new_scripts/expt.sh /work/tansey/meisterm/code transfer CTD2 REP random_split .85 data/rep-gdsc-ctd2-mean-log.csv /work/tansey/meisterm/results/2023-08-11/run_2d/log_CTD2_REP/85/transfer/3 "" 1000 3> in cluster <juno> Done

Job </work/tansey/meisterm/new_scripts/expt.sh /work/tansey/meisterm/code transfer CTD2 REP random_split .85 data/rep-gdsc-ctd2-mean-log.csv /work/tansey/meisterm/results/2023-08-11/run_2d/log_CTD2_REP/85/transfer/3 "" 1000 3> was submitted from host <juno> by user <meisterm> in cluster <juno> at Fri Aug 11 21:32:26 2023
Job was executed on host(s) <ji17>, in queue <general>, as user <meisterm> in cluster <juno> at Fri Aug 11 21:46:59 2023
</home/meisterm> was used as the home directory.
</work/tansey/meisterm> was used as the working directory.
Started at Fri Aug 11 21:46:59 2023
Terminated at Sat Aug 12 01:32:27 2023
Results reported at Sat Aug 12 01:32:27 2023

Your job looked like:

------------------------------------------------------------
# LSBATCH: User input
/work/tansey/meisterm/new_scripts/expt.sh /work/tansey/meisterm/code transfer CTD2 REP random_split .85 data/rep-gdsc-ctd2-mean-log.csv /work/tansey/meisterm/results/2023-08-11/run_2d/log_CTD2_REP/85/transfer/3 "" 1000 3
------------------------------------------------------------

Successfully completed.

Resource usage summary:

    CPU time :                                   13495.18 sec.
    Max Memory :                                 -
    Average Memory :                             -
    Total Requested Memory :                     32.00 GB
    Delta Memory :                               -
    Max Swap :                                   -
    Max Processes :                              4
    Max Threads :                                77
    Run time :                                   13530 sec.
    Turnaround time :                            14401 sec.

The output (if any) is above this job summary.



PS:

Read file </work/tansey/meisterm/results/2023-08-11/run_2d/log_CTD2_REP/85/transfer/3/err.err> for stderr output of this job.

