FINAL LOSS DIFF: 32.445068359375
corr_test: 0.8233632870327139
corr_train: 0.8582434934288727

------------------------------------------------------------
Sender: LSF System <lsfadmin@ji05>
Subject: Job 67466834: </work/tansey/meisterm/scripts/heatmap_input.sh 10 2 8 8 REP_published_auc_mean CTD2_published_auc_mean /work/tansey/meisterm/results/2023-08-02/diagonal/log_REP_CTD2/8/8/10 1000 /work/tansey/meisterm/data> in cluster <juno> Done

Job </work/tansey/meisterm/scripts/heatmap_input.sh 10 2 8 8 REP_published_auc_mean CTD2_published_auc_mean /work/tansey/meisterm/results/2023-08-02/diagonal/log_REP_CTD2/8/8/10 1000 /work/tansey/meisterm/data> was submitted from host <juno> by user <meisterm> in cluster <juno> at Wed Aug  2 15:54:12 2023
Job was executed on host(s) <ji05>, in queue <general>, as user <meisterm> in cluster <juno> at Wed Aug  2 16:01:34 2023
</home/meisterm> was used as the home directory.
</work/tansey/meisterm> was used as the working directory.
Started at Wed Aug  2 16:01:34 2023
Terminated at Wed Aug  2 16:02:23 2023
Results reported at Wed Aug  2 16:02:23 2023

Your job looked like:

------------------------------------------------------------
# LSBATCH: User input
/work/tansey/meisterm/scripts/heatmap_input.sh 10 2 8 8 REP_published_auc_mean CTD2_published_auc_mean /work/tansey/meisterm/results/2023-08-02/diagonal/log_REP_CTD2/8/8/10 1000 /work/tansey/meisterm/data
------------------------------------------------------------

Successfully completed.

Resource usage summary:

    CPU time :                                   47.01 sec.
    Max Memory :                                 -
    Average Memory :                             -
    Total Requested Memory :                     32.00 GB
    Delta Memory :                               -
    Max Swap :                                   -
    Max Processes :                              4
    Max Threads :                                77
    Run time :                                   50 sec.
    Turnaround time :                            491 sec.

The output (if any) is above this job summary.



PS:

Read file </work/tansey/meisterm/results/2023-08-02/diagonal/log_REP_CTD2/8/8/10/model_split.err> for stderr output of this job.

FINAL LOSS DIFF: -13.093505859375
corr_test: 0.8236756947252213
corr_train: 0.8564202034205132

------------------------------------------------------------
Sender: LSF System <lsfadmin@je16>
Subject: Job 67466835: </work/tansey/meisterm/scripts/heatmap_input.sh 10 3 8 8 REP_published_auc_mean CTD2_published_auc_mean /work/tansey/meisterm/results/2023-08-02/diagonal/log_REP_CTD2/8/8/10 1000 /work/tansey/meisterm/data> in cluster <juno> Done

Job </work/tansey/meisterm/scripts/heatmap_input.sh 10 3 8 8 REP_published_auc_mean CTD2_published_auc_mean /work/tansey/meisterm/results/2023-08-02/diagonal/log_REP_CTD2/8/8/10 1000 /work/tansey/meisterm/data> was submitted from host <juno> by user <meisterm> in cluster <juno> at Wed Aug  2 15:54:12 2023
Job was executed on host(s) <je16>, in queue <general>, as user <meisterm> in cluster <juno> at Wed Aug  2 16:01:34 2023
</home/meisterm> was used as the home directory.
</work/tansey/meisterm> was used as the working directory.
Started at Wed Aug  2 16:01:34 2023
Terminated at Wed Aug  2 16:02:27 2023
Results reported at Wed Aug  2 16:02:27 2023

Your job looked like:

------------------------------------------------------------
# LSBATCH: User input
/work/tansey/meisterm/scripts/heatmap_input.sh 10 3 8 8 REP_published_auc_mean CTD2_published_auc_mean /work/tansey/meisterm/results/2023-08-02/diagonal/log_REP_CTD2/8/8/10 1000 /work/tansey/meisterm/data
------------------------------------------------------------

Successfully completed.

Resource usage summary:

    CPU time :                                   50.22 sec.
    Max Memory :                                 -
    Average Memory :                             -
    Total Requested Memory :                     32.00 GB
    Delta Memory :                               -
    Max Swap :                                   -
    Max Processes :                              4
    Max Threads :                                53
    Run time :                                   52 sec.
    Turnaround time :                            495 sec.

The output (if any) is above this job summary.



PS:

Read file </work/tansey/meisterm/results/2023-08-02/diagonal/log_REP_CTD2/8/8/10/model_split.err> for stderr output of this job.

FINAL LOSS DIFF: -65.105224609375
corr_test: 0.8292650103618251
corr_train: 0.8561322880567878

------------------------------------------------------------
Sender: LSF System <lsfadmin@jh02>
Subject: Job 67466842: </work/tansey/meisterm/scripts/heatmap_input.sh 10 10 8 8 REP_published_auc_mean CTD2_published_auc_mean /work/tansey/meisterm/results/2023-08-02/diagonal/log_REP_CTD2/8/8/10 1000 /work/tansey/meisterm/data> in cluster <juno> Done

Job </work/tansey/meisterm/scripts/heatmap_input.sh 10 10 8 8 REP_published_auc_mean CTD2_published_auc_mean /work/tansey/meisterm/results/2023-08-02/diagonal/log_REP_CTD2/8/8/10 1000 /work/tansey/meisterm/data> was submitted from host <juno> by user <meisterm> in cluster <juno> at Wed Aug  2 15:54:12 2023
Job was executed on host(s) <jh02>, in queue <general>, as user <meisterm> in cluster <juno> at Wed Aug  2 16:01:34 2023
</home/meisterm> was used as the home directory.
</work/tansey/meisterm> was used as the working directory.
Started at Wed Aug  2 16:01:34 2023
Terminated at Wed Aug  2 16:02:29 2023
Results reported at Wed Aug  2 16:02:29 2023

Your job looked like:

------------------------------------------------------------
# LSBATCH: User input
/work/tansey/meisterm/scripts/heatmap_input.sh 10 10 8 8 REP_published_auc_mean CTD2_published_auc_mean /work/tansey/meisterm/results/2023-08-02/diagonal/log_REP_CTD2/8/8/10 1000 /work/tansey/meisterm/data
------------------------------------------------------------

Successfully completed.

Resource usage summary:

    CPU time :                                   52.35 sec.
    Max Memory :                                 -
    Average Memory :                             -
    Total Requested Memory :                     32.00 GB
    Delta Memory :                               -
    Max Swap :                                   -
    Max Processes :                              4
    Max Threads :                                65
    Run time :                                   54 sec.
    Turnaround time :                            497 sec.

The output (if any) is above this job summary.



PS:

Read file </work/tansey/meisterm/results/2023-08-02/diagonal/log_REP_CTD2/8/8/10/model_split.err> for stderr output of this job.

FINAL LOSS DIFF: -35.580322265625
corr_test: 0.828901864976376
corr_train: 0.8552030463417888
FINAL LOSS DIFF: -2.717529296875
corr_test: 0.8283360496929736
corr_train: 0.858268282544761

------------------------------------------------------------
Sender: LSF System <lsfadmin@jh08>
Subject: Job 67466841: </work/tansey/meisterm/scripts/heatmap_input.sh 10 9 8 8 REP_published_auc_mean CTD2_published_auc_mean /work/tansey/meisterm/results/2023-08-02/diagonal/log_REP_CTD2/8/8/10 1000 /work/tansey/meisterm/data> in cluster <juno> Done

Job </work/tansey/meisterm/scripts/heatmap_input.sh 10 9 8 8 REP_published_auc_mean CTD2_published_auc_mean /work/tansey/meisterm/results/2023-08-02/diagonal/log_REP_CTD2/8/8/10 1000 /work/tansey/meisterm/data> was submitted from host <juno> by user <meisterm> in cluster <juno> at Wed Aug  2 15:54:12 2023
Job was executed on host(s) <jh08>, in queue <general>, as user <meisterm> in cluster <juno> at Wed Aug  2 16:01:34 2023
</home/meisterm> was used as the home directory.
</work/tansey/meisterm> was used as the working directory.
Started at Wed Aug  2 16:01:34 2023
Terminated at Wed Aug  2 16:02:33 2023
Results reported at Wed Aug  2 16:02:33 2023

Your job looked like:

------------------------------------------------------------
# LSBATCH: User input
/work/tansey/meisterm/scripts/heatmap_input.sh 10 9 8 8 REP_published_auc_mean CTD2_published_auc_mean /work/tansey/meisterm/results/2023-08-02/diagonal/log_REP_CTD2/8/8/10 1000 /work/tansey/meisterm/data
------------------------------------------------------------

Successfully completed.

Resource usage summary:

    CPU time :                                   56.61 sec.
    Max Memory :                                 -
    Average Memory :                             -
    Total Requested Memory :                     32.00 GB
    Delta Memory :                               -
    Max Swap :                                   -
    Max Processes :                              4
    Max Threads :                                65
    Run time :                                   60 sec.
    Turnaround time :                            501 sec.

The output (if any) is above this job summary.



PS:

Read file </work/tansey/meisterm/results/2023-08-02/diagonal/log_REP_CTD2/8/8/10/model_split.err> for stderr output of this job.


------------------------------------------------------------
Sender: LSF System <lsfadmin@jh05>
Subject: Job 67466838: </work/tansey/meisterm/scripts/heatmap_input.sh 10 6 8 8 REP_published_auc_mean CTD2_published_auc_mean /work/tansey/meisterm/results/2023-08-02/diagonal/log_REP_CTD2/8/8/10 1000 /work/tansey/meisterm/data> in cluster <juno> Done

Job </work/tansey/meisterm/scripts/heatmap_input.sh 10 6 8 8 REP_published_auc_mean CTD2_published_auc_mean /work/tansey/meisterm/results/2023-08-02/diagonal/log_REP_CTD2/8/8/10 1000 /work/tansey/meisterm/data> was submitted from host <juno> by user <meisterm> in cluster <juno> at Wed Aug  2 15:54:12 2023
Job was executed on host(s) <jh05>, in queue <general>, as user <meisterm> in cluster <juno> at Wed Aug  2 16:01:34 2023
</home/meisterm> was used as the home directory.
</work/tansey/meisterm> was used as the working directory.
Started at Wed Aug  2 16:01:34 2023
Terminated at Wed Aug  2 16:02:34 2023
Results reported at Wed Aug  2 16:02:34 2023

Your job looked like:

------------------------------------------------------------
# LSBATCH: User input
/work/tansey/meisterm/scripts/heatmap_input.sh 10 6 8 8 REP_published_auc_mean CTD2_published_auc_mean /work/tansey/meisterm/results/2023-08-02/diagonal/log_REP_CTD2/8/8/10 1000 /work/tansey/meisterm/data
------------------------------------------------------------

Successfully completed.

Resource usage summary:

    CPU time :                                   56.75 sec.
    Max Memory :                                 -
    Average Memory :                             -
    Total Requested Memory :                     32.00 GB
    Delta Memory :                               -
    Max Swap :                                   -
    Max Processes :                              4
    Max Threads :                                65
    Run time :                                   59 sec.
    Turnaround time :                            502 sec.

The output (if any) is above this job summary.



PS:

Read file </work/tansey/meisterm/results/2023-08-02/diagonal/log_REP_CTD2/8/8/10/model_split.err> for stderr output of this job.

FINAL LOSS DIFF: 90.733642578125
corr_test: 0.8296172932161617
corr_train: 0.8562593706714421
FINAL LOSS DIFF: -17.541748046875
corr_test: 0.8272065102912678
corr_train: 0.856753383092729

------------------------------------------------------------
Sender: LSF System <lsfadmin@jh04>
Subject: Job 67466840: </work/tansey/meisterm/scripts/heatmap_input.sh 10 8 8 8 REP_published_auc_mean CTD2_published_auc_mean /work/tansey/meisterm/results/2023-08-02/diagonal/log_REP_CTD2/8/8/10 1000 /work/tansey/meisterm/data> in cluster <juno> Done

Job </work/tansey/meisterm/scripts/heatmap_input.sh 10 8 8 8 REP_published_auc_mean CTD2_published_auc_mean /work/tansey/meisterm/results/2023-08-02/diagonal/log_REP_CTD2/8/8/10 1000 /work/tansey/meisterm/data> was submitted from host <juno> by user <meisterm> in cluster <juno> at Wed Aug  2 15:54:12 2023
Job was executed on host(s) <jh04>, in queue <general>, as user <meisterm> in cluster <juno> at Wed Aug  2 16:01:35 2023
</home/meisterm> was used as the home directory.
</work/tansey/meisterm> was used as the working directory.
Started at Wed Aug  2 16:01:35 2023
Terminated at Wed Aug  2 16:02:36 2023
Results reported at Wed Aug  2 16:02:36 2023

Your job looked like:

------------------------------------------------------------
# LSBATCH: User input
/work/tansey/meisterm/scripts/heatmap_input.sh 10 8 8 8 REP_published_auc_mean CTD2_published_auc_mean /work/tansey/meisterm/results/2023-08-02/diagonal/log_REP_CTD2/8/8/10 1000 /work/tansey/meisterm/data
------------------------------------------------------------

Successfully completed.

Resource usage summary:

    CPU time :                                   58.65 sec.
    Max Memory :                                 -
    Average Memory :                             -
    Total Requested Memory :                     32.00 GB
    Delta Memory :                               -
    Max Swap :                                   -
    Max Processes :                              4
    Max Threads :                                65
    Run time :                                   62 sec.
    Turnaround time :                            504 sec.

The output (if any) is above this job summary.



PS:

Read file </work/tansey/meisterm/results/2023-08-02/diagonal/log_REP_CTD2/8/8/10/model_split.err> for stderr output of this job.


------------------------------------------------------------
Sender: LSF System <lsfadmin@jh04>
Subject: Job 67466839: </work/tansey/meisterm/scripts/heatmap_input.sh 10 7 8 8 REP_published_auc_mean CTD2_published_auc_mean /work/tansey/meisterm/results/2023-08-02/diagonal/log_REP_CTD2/8/8/10 1000 /work/tansey/meisterm/data> in cluster <juno> Done

Job </work/tansey/meisterm/scripts/heatmap_input.sh 10 7 8 8 REP_published_auc_mean CTD2_published_auc_mean /work/tansey/meisterm/results/2023-08-02/diagonal/log_REP_CTD2/8/8/10 1000 /work/tansey/meisterm/data> was submitted from host <juno> by user <meisterm> in cluster <juno> at Wed Aug  2 15:54:12 2023
Job was executed on host(s) <jh04>, in queue <general>, as user <meisterm> in cluster <juno> at Wed Aug  2 16:01:35 2023
</home/meisterm> was used as the home directory.
</work/tansey/meisterm> was used as the working directory.
Started at Wed Aug  2 16:01:35 2023
Terminated at Wed Aug  2 16:02:37 2023
Results reported at Wed Aug  2 16:02:37 2023

Your job looked like:

------------------------------------------------------------
# LSBATCH: User input
/work/tansey/meisterm/scripts/heatmap_input.sh 10 7 8 8 REP_published_auc_mean CTD2_published_auc_mean /work/tansey/meisterm/results/2023-08-02/diagonal/log_REP_CTD2/8/8/10 1000 /work/tansey/meisterm/data
------------------------------------------------------------

Successfully completed.

Resource usage summary:

    CPU time :                                   58.85 sec.
    Max Memory :                                 -
    Average Memory :                             -
    Total Requested Memory :                     32.00 GB
    Delta Memory :                               -
    Max Swap :                                   -
    Max Processes :                              4
    Max Threads :                                65
    Run time :                                   62 sec.
    Turnaround time :                            505 sec.

The output (if any) is above this job summary.



PS:

Read file </work/tansey/meisterm/results/2023-08-02/diagonal/log_REP_CTD2/8/8/10/model_split.err> for stderr output of this job.

FINAL LOSS DIFF: 112.824462890625
corr_test: 0.8274363986924745
corr_train: 0.8553708035205156

------------------------------------------------------------
Sender: LSF System <lsfadmin@ja04>
Subject: Job 67466836: </work/tansey/meisterm/scripts/heatmap_input.sh 10 4 8 8 REP_published_auc_mean CTD2_published_auc_mean /work/tansey/meisterm/results/2023-08-02/diagonal/log_REP_CTD2/8/8/10 1000 /work/tansey/meisterm/data> in cluster <juno> Done

Job </work/tansey/meisterm/scripts/heatmap_input.sh 10 4 8 8 REP_published_auc_mean CTD2_published_auc_mean /work/tansey/meisterm/results/2023-08-02/diagonal/log_REP_CTD2/8/8/10 1000 /work/tansey/meisterm/data> was submitted from host <juno> by user <meisterm> in cluster <juno> at Wed Aug  2 15:54:12 2023
Job was executed on host(s) <ja04>, in queue <general>, as user <meisterm> in cluster <juno> at Wed Aug  2 16:01:34 2023
</home/meisterm> was used as the home directory.
</work/tansey/meisterm> was used as the working directory.
Started at Wed Aug  2 16:01:34 2023
Terminated at Wed Aug  2 16:02:38 2023
Results reported at Wed Aug  2 16:02:38 2023

Your job looked like:

------------------------------------------------------------
# LSBATCH: User input
/work/tansey/meisterm/scripts/heatmap_input.sh 10 4 8 8 REP_published_auc_mean CTD2_published_auc_mean /work/tansey/meisterm/results/2023-08-02/diagonal/log_REP_CTD2/8/8/10 1000 /work/tansey/meisterm/data
------------------------------------------------------------

Successfully completed.

Resource usage summary:

    CPU time :                                   61.30 sec.
    Max Memory :                                 -
    Average Memory :                             -
    Total Requested Memory :                     32.00 GB
    Delta Memory :                               -
    Max Swap :                                   -
    Max Processes :                              4
    Max Threads :                                49
    Run time :                                   65 sec.
    Turnaround time :                            506 sec.

The output (if any) is above this job summary.



PS:

Read file </work/tansey/meisterm/results/2023-08-02/diagonal/log_REP_CTD2/8/8/10/model_split.err> for stderr output of this job.

FINAL LOSS DIFF: 146.606201171875
corr_test: 0.8242020508041848
corr_train: 0.8560978333684803

------------------------------------------------------------
Sender: LSF System <lsfadmin@je15>
Subject: Job 67466833: </work/tansey/meisterm/scripts/heatmap_input.sh 10 1 8 8 REP_published_auc_mean CTD2_published_auc_mean /work/tansey/meisterm/results/2023-08-02/diagonal/log_REP_CTD2/8/8/10 1000 /work/tansey/meisterm/data> in cluster <juno> Done

Job </work/tansey/meisterm/scripts/heatmap_input.sh 10 1 8 8 REP_published_auc_mean CTD2_published_auc_mean /work/tansey/meisterm/results/2023-08-02/diagonal/log_REP_CTD2/8/8/10 1000 /work/tansey/meisterm/data> was submitted from host <juno> by user <meisterm> in cluster <juno> at Wed Aug  2 15:54:12 2023
Job was executed on host(s) <je15>, in queue <general>, as user <meisterm> in cluster <juno> at Wed Aug  2 16:01:34 2023
</home/meisterm> was used as the home directory.
</work/tansey/meisterm> was used as the working directory.
Started at Wed Aug  2 16:01:34 2023
Terminated at Wed Aug  2 16:02:49 2023
Results reported at Wed Aug  2 16:02:49 2023

Your job looked like:

------------------------------------------------------------
# LSBATCH: User input
/work/tansey/meisterm/scripts/heatmap_input.sh 10 1 8 8 REP_published_auc_mean CTD2_published_auc_mean /work/tansey/meisterm/results/2023-08-02/diagonal/log_REP_CTD2/8/8/10 1000 /work/tansey/meisterm/data
------------------------------------------------------------

Successfully completed.

Resource usage summary:

    CPU time :                                   72.56 sec.
    Max Memory :                                 -
    Average Memory :                             -
    Total Requested Memory :                     32.00 GB
    Delta Memory :                               -
    Max Swap :                                   -
    Max Processes :                              4
    Max Threads :                                53
    Run time :                                   76 sec.
    Turnaround time :                            517 sec.

The output (if any) is above this job summary.



PS:

Read file </work/tansey/meisterm/results/2023-08-02/diagonal/log_REP_CTD2/8/8/10/model_split.err> for stderr output of this job.

FINAL LOSS DIFF: 16.28125
corr_test: 0.8244719360013781
corr_train: 0.8594074329979898

------------------------------------------------------------
Sender: LSF System <lsfadmin@ja07>
Subject: Job 67466837: </work/tansey/meisterm/scripts/heatmap_input.sh 10 5 8 8 REP_published_auc_mean CTD2_published_auc_mean /work/tansey/meisterm/results/2023-08-02/diagonal/log_REP_CTD2/8/8/10 1000 /work/tansey/meisterm/data> in cluster <juno> Done

Job </work/tansey/meisterm/scripts/heatmap_input.sh 10 5 8 8 REP_published_auc_mean CTD2_published_auc_mean /work/tansey/meisterm/results/2023-08-02/diagonal/log_REP_CTD2/8/8/10 1000 /work/tansey/meisterm/data> was submitted from host <juno> by user <meisterm> in cluster <juno> at Wed Aug  2 15:54:12 2023
Job was executed on host(s) <ja07>, in queue <general>, as user <meisterm> in cluster <juno> at Wed Aug  2 16:01:34 2023
</home/meisterm> was used as the home directory.
</work/tansey/meisterm> was used as the working directory.
Started at Wed Aug  2 16:01:34 2023
Terminated at Wed Aug  2 16:02:53 2023
Results reported at Wed Aug  2 16:02:53 2023

Your job looked like:

------------------------------------------------------------
# LSBATCH: User input
/work/tansey/meisterm/scripts/heatmap_input.sh 10 5 8 8 REP_published_auc_mean CTD2_published_auc_mean /work/tansey/meisterm/results/2023-08-02/diagonal/log_REP_CTD2/8/8/10 1000 /work/tansey/meisterm/data
------------------------------------------------------------

Successfully completed.

Resource usage summary:

    CPU time :                                   75.58 sec.
    Max Memory :                                 -
    Average Memory :                             -
    Total Requested Memory :                     32.00 GB
    Delta Memory :                               -
    Max Swap :                                   -
    Max Processes :                              4
    Max Threads :                                49
    Run time :                                   80 sec.
    Turnaround time :                            521 sec.

The output (if any) is above this job summary.



PS:

Read file </work/tansey/meisterm/results/2023-08-02/diagonal/log_REP_CTD2/8/8/10/model_split.err> for stderr output of this job.

