train_corr: 0.9265532339941333
test_corr: 0.6918118437669688

------------------------------------------------------------
Sender: LSF System <lsfadmin@ji17>
Subject: Job 68466314: </work/tansey/meisterm/new_scripts/expt.sh /work/tansey/meisterm/code transfer REP GDSC sample_split -1 data/rep-gdsc-ctd2-mean-log.csv /work/tansey/meisterm/results/2023-08-10/run_2c/log_REP_GDSC/transfer/3 fold_info/fold_list_10.pkl 1000 3> in cluster <juno> Done

Job </work/tansey/meisterm/new_scripts/expt.sh /work/tansey/meisterm/code transfer REP GDSC sample_split -1 data/rep-gdsc-ctd2-mean-log.csv /work/tansey/meisterm/results/2023-08-10/run_2c/log_REP_GDSC/transfer/3 fold_info/fold_list_10.pkl 1000 3> was submitted from host <juno> by user <meisterm> in cluster <juno> at Thu Aug 10 17:57:39 2023
Job was executed on host(s) <ji17>, in queue <general>, as user <meisterm> in cluster <juno> at Fri Aug 11 01:47:37 2023
</home/meisterm> was used as the home directory.
</work/tansey/meisterm> was used as the working directory.
Started at Fri Aug 11 01:47:37 2023
Terminated at Fri Aug 11 04:40:13 2023
Results reported at Fri Aug 11 04:40:13 2023

Your job looked like:

------------------------------------------------------------
# LSBATCH: User input
/work/tansey/meisterm/new_scripts/expt.sh /work/tansey/meisterm/code transfer REP GDSC sample_split -1 data/rep-gdsc-ctd2-mean-log.csv /work/tansey/meisterm/results/2023-08-10/run_2c/log_REP_GDSC/transfer/3 fold_info/fold_list_10.pkl 1000 3
------------------------------------------------------------

Successfully completed.

Resource usage summary:

    CPU time :                                   10318.79 sec.
    Max Memory :                                 -
    Average Memory :                             -
    Total Requested Memory :                     32.00 GB
    Delta Memory :                               -
    Max Swap :                                   -
    Max Processes :                              4
    Max Threads :                                77
    Run time :                                   10357 sec.
    Turnaround time :                            38554 sec.

The output (if any) is above this job summary.



PS:

Read file </work/tansey/meisterm/results/2023-08-10/run_2c/log_REP_GDSC/transfer/3/err.err> for stderr output of this job.

