FINAL LOSS DIFF: -131.93994140625
corr_test: 0.8176840271436319
corr_train: 0.8460858827372474

------------------------------------------------------------
Sender: LSF System <lsfadmin@ji05>
Subject: Job 67469811: </work/tansey/meisterm/scripts/heatmap_input.sh 6 2 38 38 REP_published_auc_mean CTD2_published_auc_mean /work/tansey/meisterm/results/2023-08-02/diagonal/log_REP_CTD2/38/38/6 1000 /work/tansey/meisterm/data> in cluster <juno> Done

Job </work/tansey/meisterm/scripts/heatmap_input.sh 6 2 38 38 REP_published_auc_mean CTD2_published_auc_mean /work/tansey/meisterm/results/2023-08-02/diagonal/log_REP_CTD2/38/38/6 1000 /work/tansey/meisterm/data> was submitted from host <juno> by user <meisterm> in cluster <juno> at Wed Aug  2 15:56:11 2023
Job was executed on host(s) <ji05>, in queue <general>, as user <meisterm> in cluster <juno> at Wed Aug  2 16:05:26 2023
</home/meisterm> was used as the home directory.
</work/tansey/meisterm> was used as the working directory.
Started at Wed Aug  2 16:05:26 2023
Terminated at Wed Aug  2 16:06:08 2023
Results reported at Wed Aug  2 16:06:08 2023

Your job looked like:

------------------------------------------------------------
# LSBATCH: User input
/work/tansey/meisterm/scripts/heatmap_input.sh 6 2 38 38 REP_published_auc_mean CTD2_published_auc_mean /work/tansey/meisterm/results/2023-08-02/diagonal/log_REP_CTD2/38/38/6 1000 /work/tansey/meisterm/data
------------------------------------------------------------

Successfully completed.

Resource usage summary:

    CPU time :                                   34.82 sec.
    Max Memory :                                 -
    Average Memory :                             -
    Total Requested Memory :                     32.00 GB
    Delta Memory :                               -
    Max Swap :                                   -
    Max Processes :                              4
    Max Threads :                                77
    Run time :                                   41 sec.
    Turnaround time :                            597 sec.

The output (if any) is above this job summary.



PS:

Read file </work/tansey/meisterm/results/2023-08-02/diagonal/log_REP_CTD2/38/38/6/model_split.err> for stderr output of this job.

FINAL LOSS DIFF: 142.6923828125
corr_test: 0.8171125079449082
corr_train: 0.8467712741961121
FINAL LOSS DIFF: 173.1591796875
corr_test: 0.8141531069425307
corr_train: 0.8496814529687348

------------------------------------------------------------
Sender: LSF System <lsfadmin@je22>
Subject: Job 67469815: </work/tansey/meisterm/scripts/heatmap_input.sh 6 6 38 38 REP_published_auc_mean CTD2_published_auc_mean /work/tansey/meisterm/results/2023-08-02/diagonal/log_REP_CTD2/38/38/6 1000 /work/tansey/meisterm/data> in cluster <juno> Done

Job </work/tansey/meisterm/scripts/heatmap_input.sh 6 6 38 38 REP_published_auc_mean CTD2_published_auc_mean /work/tansey/meisterm/results/2023-08-02/diagonal/log_REP_CTD2/38/38/6 1000 /work/tansey/meisterm/data> was submitted from host <juno> by user <meisterm> in cluster <juno> at Wed Aug  2 15:56:11 2023
Job was executed on host(s) <je22>, in queue <general>, as user <meisterm> in cluster <juno> at Wed Aug  2 16:05:27 2023
</home/meisterm> was used as the home directory.
</work/tansey/meisterm> was used as the working directory.
Started at Wed Aug  2 16:05:27 2023
Terminated at Wed Aug  2 16:06:37 2023
Results reported at Wed Aug  2 16:06:37 2023

Your job looked like:

------------------------------------------------------------
# LSBATCH: User input
/work/tansey/meisterm/scripts/heatmap_input.sh 6 6 38 38 REP_published_auc_mean CTD2_published_auc_mean /work/tansey/meisterm/results/2023-08-02/diagonal/log_REP_CTD2/38/38/6 1000 /work/tansey/meisterm/data
------------------------------------------------------------

Successfully completed.

Resource usage summary:

    CPU time :                                   59.65 sec.
    Max Memory :                                 -
    Average Memory :                             -
    Total Requested Memory :                     32.00 GB
    Delta Memory :                               -
    Max Swap :                                   -
    Max Processes :                              4
    Max Threads :                                53
    Run time :                                   69 sec.
    Turnaround time :                            626 sec.

The output (if any) is above this job summary.



PS:

Read file </work/tansey/meisterm/results/2023-08-02/diagonal/log_REP_CTD2/38/38/6/model_split.err> for stderr output of this job.


------------------------------------------------------------
Sender: LSF System <lsfadmin@ji18>
Subject: Job 67469810: </work/tansey/meisterm/scripts/heatmap_input.sh 6 1 38 38 REP_published_auc_mean CTD2_published_auc_mean /work/tansey/meisterm/results/2023-08-02/diagonal/log_REP_CTD2/38/38/6 1000 /work/tansey/meisterm/data> in cluster <juno> Done

Job </work/tansey/meisterm/scripts/heatmap_input.sh 6 1 38 38 REP_published_auc_mean CTD2_published_auc_mean /work/tansey/meisterm/results/2023-08-02/diagonal/log_REP_CTD2/38/38/6 1000 /work/tansey/meisterm/data> was submitted from host <juno> by user <meisterm> in cluster <juno> at Wed Aug  2 15:56:11 2023
Job was executed on host(s) <ji18>, in queue <general>, as user <meisterm> in cluster <juno> at Wed Aug  2 16:05:26 2023
</home/meisterm> was used as the home directory.
</work/tansey/meisterm> was used as the working directory.
Started at Wed Aug  2 16:05:26 2023
Terminated at Wed Aug  2 16:06:37 2023
Results reported at Wed Aug  2 16:06:37 2023

Your job looked like:

------------------------------------------------------------
# LSBATCH: User input
/work/tansey/meisterm/scripts/heatmap_input.sh 6 1 38 38 REP_published_auc_mean CTD2_published_auc_mean /work/tansey/meisterm/results/2023-08-02/diagonal/log_REP_CTD2/38/38/6 1000 /work/tansey/meisterm/data
------------------------------------------------------------

Successfully completed.

Resource usage summary:

    CPU time :                                   59.90 sec.
    Max Memory :                                 -
    Average Memory :                             -
    Total Requested Memory :                     32.00 GB
    Delta Memory :                               -
    Max Swap :                                   -
    Max Processes :                              4
    Max Threads :                                77
    Run time :                                   73 sec.
    Turnaround time :                            626 sec.

The output (if any) is above this job summary.



PS:

Read file </work/tansey/meisterm/results/2023-08-02/diagonal/log_REP_CTD2/38/38/6/model_split.err> for stderr output of this job.

FINAL LOSS DIFF: -101.65087890625
corr_test: 0.8222815610721295
corr_train: 0.85181729831244

------------------------------------------------------------
Sender: LSF System <lsfadmin@je16>
Subject: Job 67469819: </work/tansey/meisterm/scripts/heatmap_input.sh 6 10 38 38 REP_published_auc_mean CTD2_published_auc_mean /work/tansey/meisterm/results/2023-08-02/diagonal/log_REP_CTD2/38/38/6 1000 /work/tansey/meisterm/data> in cluster <juno> Done

Job </work/tansey/meisterm/scripts/heatmap_input.sh 6 10 38 38 REP_published_auc_mean CTD2_published_auc_mean /work/tansey/meisterm/results/2023-08-02/diagonal/log_REP_CTD2/38/38/6 1000 /work/tansey/meisterm/data> was submitted from host <juno> by user <meisterm> in cluster <juno> at Wed Aug  2 15:56:11 2023
Job was executed on host(s) <je16>, in queue <general>, as user <meisterm> in cluster <juno> at Wed Aug  2 16:05:28 2023
</home/meisterm> was used as the home directory.
</work/tansey/meisterm> was used as the working directory.
Started at Wed Aug  2 16:05:28 2023
Terminated at Wed Aug  2 16:06:41 2023
Results reported at Wed Aug  2 16:06:41 2023

Your job looked like:

------------------------------------------------------------
# LSBATCH: User input
/work/tansey/meisterm/scripts/heatmap_input.sh 6 10 38 38 REP_published_auc_mean CTD2_published_auc_mean /work/tansey/meisterm/results/2023-08-02/diagonal/log_REP_CTD2/38/38/6 1000 /work/tansey/meisterm/data
------------------------------------------------------------

Successfully completed.

Resource usage summary:

    CPU time :                                   82.27 sec.
    Max Memory :                                 -
    Average Memory :                             -
    Total Requested Memory :                     32.00 GB
    Delta Memory :                               -
    Max Swap :                                   -
    Max Processes :                              4
    Max Threads :                                53
    Run time :                                   74 sec.
    Turnaround time :                            630 sec.

The output (if any) is above this job summary.



PS:

Read file </work/tansey/meisterm/results/2023-08-02/diagonal/log_REP_CTD2/38/38/6/model_split.err> for stderr output of this job.

FINAL LOSS DIFF: 73.80419921875
corr_test: 0.8167417686432547
corr_train: 0.8485654228052938

------------------------------------------------------------
Sender: LSF System <lsfadmin@jh05>
Subject: Job 67469814: </work/tansey/meisterm/scripts/heatmap_input.sh 6 5 38 38 REP_published_auc_mean CTD2_published_auc_mean /work/tansey/meisterm/results/2023-08-02/diagonal/log_REP_CTD2/38/38/6 1000 /work/tansey/meisterm/data> in cluster <juno> Done

Job </work/tansey/meisterm/scripts/heatmap_input.sh 6 5 38 38 REP_published_auc_mean CTD2_published_auc_mean /work/tansey/meisterm/results/2023-08-02/diagonal/log_REP_CTD2/38/38/6 1000 /work/tansey/meisterm/data> was submitted from host <juno> by user <meisterm> in cluster <juno> at Wed Aug  2 15:56:11 2023
Job was executed on host(s) <jh05>, in queue <general>, as user <meisterm> in cluster <juno> at Wed Aug  2 16:05:26 2023
</home/meisterm> was used as the home directory.
</work/tansey/meisterm> was used as the working directory.
Started at Wed Aug  2 16:05:26 2023
Terminated at Wed Aug  2 16:06:43 2023
Results reported at Wed Aug  2 16:06:43 2023

Your job looked like:

------------------------------------------------------------
# LSBATCH: User input
/work/tansey/meisterm/scripts/heatmap_input.sh 6 5 38 38 REP_published_auc_mean CTD2_published_auc_mean /work/tansey/meisterm/results/2023-08-02/diagonal/log_REP_CTD2/38/38/6 1000 /work/tansey/meisterm/data
------------------------------------------------------------

Successfully completed.

Resource usage summary:

    CPU time :                                   65.77 sec.
    Max Memory :                                 -
    Average Memory :                             -
    Total Requested Memory :                     32.00 GB
    Delta Memory :                               -
    Max Swap :                                   -
    Max Processes :                              4
    Max Threads :                                65
    Run time :                                   77 sec.
    Turnaround time :                            632 sec.

The output (if any) is above this job summary.



PS:

Read file </work/tansey/meisterm/results/2023-08-02/diagonal/log_REP_CTD2/38/38/6/model_split.err> for stderr output of this job.

FINAL LOSS DIFF: 29.5263671875
corr_test: 0.8164967311115949
corr_train: 0.8456814742867469

------------------------------------------------------------
Sender: LSF System <lsfadmin@ji03>
Subject: Job 67469812: </work/tansey/meisterm/scripts/heatmap_input.sh 6 3 38 38 REP_published_auc_mean CTD2_published_auc_mean /work/tansey/meisterm/results/2023-08-02/diagonal/log_REP_CTD2/38/38/6 1000 /work/tansey/meisterm/data> in cluster <juno> Done

Job </work/tansey/meisterm/scripts/heatmap_input.sh 6 3 38 38 REP_published_auc_mean CTD2_published_auc_mean /work/tansey/meisterm/results/2023-08-02/diagonal/log_REP_CTD2/38/38/6 1000 /work/tansey/meisterm/data> was submitted from host <juno> by user <meisterm> in cluster <juno> at Wed Aug  2 15:56:11 2023
Job was executed on host(s) <ji03>, in queue <general>, as user <meisterm> in cluster <juno> at Wed Aug  2 16:05:26 2023
</home/meisterm> was used as the home directory.
</work/tansey/meisterm> was used as the working directory.
Started at Wed Aug  2 16:05:26 2023
Terminated at Wed Aug  2 16:06:52 2023
Results reported at Wed Aug  2 16:06:52 2023

Your job looked like:

------------------------------------------------------------
# LSBATCH: User input
/work/tansey/meisterm/scripts/heatmap_input.sh 6 3 38 38 REP_published_auc_mean CTD2_published_auc_mean /work/tansey/meisterm/results/2023-08-02/diagonal/log_REP_CTD2/38/38/6 1000 /work/tansey/meisterm/data
------------------------------------------------------------

Successfully completed.

Resource usage summary:

    CPU time :                                   69.92 sec.
    Max Memory :                                 -
    Average Memory :                             -
    Total Requested Memory :                     32.00 GB
    Delta Memory :                               -
    Max Swap :                                   -
    Max Processes :                              4
    Max Threads :                                77
    Run time :                                   86 sec.
    Turnaround time :                            641 sec.

The output (if any) is above this job summary.



PS:

Read file </work/tansey/meisterm/results/2023-08-02/diagonal/log_REP_CTD2/38/38/6/model_split.err> for stderr output of this job.

FINAL LOSS DIFF: -107.8623046875
corr_test: 0.8217564957430814
corr_train: 0.851835415394543
FINAL LOSS DIFF: -58.1591796875
corr_test: 0.8226341033437926
corr_train: 0.8499124635515599

------------------------------------------------------------
Sender: LSF System <lsfadmin@ji07>
Subject: Job 67469813: </work/tansey/meisterm/scripts/heatmap_input.sh 6 4 38 38 REP_published_auc_mean CTD2_published_auc_mean /work/tansey/meisterm/results/2023-08-02/diagonal/log_REP_CTD2/38/38/6 1000 /work/tansey/meisterm/data> in cluster <juno> Done

Job </work/tansey/meisterm/scripts/heatmap_input.sh 6 4 38 38 REP_published_auc_mean CTD2_published_auc_mean /work/tansey/meisterm/results/2023-08-02/diagonal/log_REP_CTD2/38/38/6 1000 /work/tansey/meisterm/data> was submitted from host <juno> by user <meisterm> in cluster <juno> at Wed Aug  2 15:56:11 2023
Job was executed on host(s) <ji07>, in queue <general>, as user <meisterm> in cluster <juno> at Wed Aug  2 16:05:28 2023
</home/meisterm> was used as the home directory.
</work/tansey/meisterm> was used as the working directory.
Started at Wed Aug  2 16:05:28 2023
Terminated at Wed Aug  2 16:06:55 2023
Results reported at Wed Aug  2 16:06:55 2023

Your job looked like:

------------------------------------------------------------
# LSBATCH: User input
/work/tansey/meisterm/scripts/heatmap_input.sh 6 4 38 38 REP_published_auc_mean CTD2_published_auc_mean /work/tansey/meisterm/results/2023-08-02/diagonal/log_REP_CTD2/38/38/6 1000 /work/tansey/meisterm/data
------------------------------------------------------------

Successfully completed.

Resource usage summary:

    CPU time :                                   71.55 sec.
    Max Memory :                                 -
    Average Memory :                             -
    Total Requested Memory :                     32.00 GB
    Delta Memory :                               -
    Max Swap :                                   -
    Max Processes :                              4
    Max Threads :                                77
    Run time :                                   89 sec.
    Turnaround time :                            644 sec.

The output (if any) is above this job summary.



PS:

Read file </work/tansey/meisterm/results/2023-08-02/diagonal/log_REP_CTD2/38/38/6/model_split.err> for stderr output of this job.


------------------------------------------------------------
Sender: LSF System <lsfadmin@je14>
Subject: Job 67469818: </work/tansey/meisterm/scripts/heatmap_input.sh 6 9 38 38 REP_published_auc_mean CTD2_published_auc_mean /work/tansey/meisterm/results/2023-08-02/diagonal/log_REP_CTD2/38/38/6 1000 /work/tansey/meisterm/data> in cluster <juno> Done

Job </work/tansey/meisterm/scripts/heatmap_input.sh 6 9 38 38 REP_published_auc_mean CTD2_published_auc_mean /work/tansey/meisterm/results/2023-08-02/diagonal/log_REP_CTD2/38/38/6 1000 /work/tansey/meisterm/data> was submitted from host <juno> by user <meisterm> in cluster <juno> at Wed Aug  2 15:56:11 2023
Job was executed on host(s) <je14>, in queue <general>, as user <meisterm> in cluster <juno> at Wed Aug  2 16:05:28 2023
</home/meisterm> was used as the home directory.
</work/tansey/meisterm> was used as the working directory.
Started at Wed Aug  2 16:05:28 2023
Terminated at Wed Aug  2 16:06:56 2023
Results reported at Wed Aug  2 16:06:56 2023

Your job looked like:

------------------------------------------------------------
# LSBATCH: User input
/work/tansey/meisterm/scripts/heatmap_input.sh 6 9 38 38 REP_published_auc_mean CTD2_published_auc_mean /work/tansey/meisterm/results/2023-08-02/diagonal/log_REP_CTD2/38/38/6 1000 /work/tansey/meisterm/data
------------------------------------------------------------

Successfully completed.

Resource usage summary:

    CPU time :                                   98.82 sec.
    Max Memory :                                 -
    Average Memory :                             -
    Total Requested Memory :                     32.00 GB
    Delta Memory :                               -
    Max Swap :                                   -
    Max Processes :                              4
    Max Threads :                                53
    Run time :                                   88 sec.
    Turnaround time :                            645 sec.

The output (if any) is above this job summary.



PS:

Read file </work/tansey/meisterm/results/2023-08-02/diagonal/log_REP_CTD2/38/38/6/model_split.err> for stderr output of this job.

FINAL LOSS DIFF: -43.47412109375
corr_test: 0.8195266837169658
corr_train: 0.8513152524521135
FINAL LOSS DIFF: -73.8583984375
corr_test: 0.8200832174996563
corr_train: 0.8520384861559507

------------------------------------------------------------
Sender: LSF System <lsfadmin@je12>
Subject: Job 67469817: </work/tansey/meisterm/scripts/heatmap_input.sh 6 8 38 38 REP_published_auc_mean CTD2_published_auc_mean /work/tansey/meisterm/results/2023-08-02/diagonal/log_REP_CTD2/38/38/6 1000 /work/tansey/meisterm/data> in cluster <juno> Done

Job </work/tansey/meisterm/scripts/heatmap_input.sh 6 8 38 38 REP_published_auc_mean CTD2_published_auc_mean /work/tansey/meisterm/results/2023-08-02/diagonal/log_REP_CTD2/38/38/6 1000 /work/tansey/meisterm/data> was submitted from host <juno> by user <meisterm> in cluster <juno> at Wed Aug  2 15:56:11 2023
Job was executed on host(s) <je12>, in queue <general>, as user <meisterm> in cluster <juno> at Wed Aug  2 16:05:28 2023
</home/meisterm> was used as the home directory.
</work/tansey/meisterm> was used as the working directory.
Started at Wed Aug  2 16:05:28 2023
Terminated at Wed Aug  2 16:06:59 2023
Results reported at Wed Aug  2 16:06:59 2023

Your job looked like:

------------------------------------------------------------
# LSBATCH: User input
/work/tansey/meisterm/scripts/heatmap_input.sh 6 8 38 38 REP_published_auc_mean CTD2_published_auc_mean /work/tansey/meisterm/results/2023-08-02/diagonal/log_REP_CTD2/38/38/6 1000 /work/tansey/meisterm/data
------------------------------------------------------------

Successfully completed.

Resource usage summary:

    CPU time :                                   86.27 sec.
    Max Memory :                                 -
    Average Memory :                             -
    Total Requested Memory :                     32.00 GB
    Delta Memory :                               -
    Max Swap :                                   -
    Max Processes :                              4
    Max Threads :                                53
    Run time :                                   91 sec.
    Turnaround time :                            648 sec.

The output (if any) is above this job summary.



PS:

Read file </work/tansey/meisterm/results/2023-08-02/diagonal/log_REP_CTD2/38/38/6/model_split.err> for stderr output of this job.


------------------------------------------------------------
Sender: LSF System <lsfadmin@jd03>
Subject: Job 67469816: </work/tansey/meisterm/scripts/heatmap_input.sh 6 7 38 38 REP_published_auc_mean CTD2_published_auc_mean /work/tansey/meisterm/results/2023-08-02/diagonal/log_REP_CTD2/38/38/6 1000 /work/tansey/meisterm/data> in cluster <juno> Done

Job </work/tansey/meisterm/scripts/heatmap_input.sh 6 7 38 38 REP_published_auc_mean CTD2_published_auc_mean /work/tansey/meisterm/results/2023-08-02/diagonal/log_REP_CTD2/38/38/6 1000 /work/tansey/meisterm/data> was submitted from host <juno> by user <meisterm> in cluster <juno> at Wed Aug  2 15:56:11 2023
Job was executed on host(s) <jd03>, in queue <general>, as user <meisterm> in cluster <juno> at Wed Aug  2 16:05:28 2023
</home/meisterm> was used as the home directory.
</work/tansey/meisterm> was used as the working directory.
Started at Wed Aug  2 16:05:28 2023
Terminated at Wed Aug  2 16:06:59 2023
Results reported at Wed Aug  2 16:06:59 2023

Your job looked like:

------------------------------------------------------------
# LSBATCH: User input
/work/tansey/meisterm/scripts/heatmap_input.sh 6 7 38 38 REP_published_auc_mean CTD2_published_auc_mean /work/tansey/meisterm/results/2023-08-02/diagonal/log_REP_CTD2/38/38/6 1000 /work/tansey/meisterm/data
------------------------------------------------------------

Successfully completed.

Resource usage summary:

    CPU time :                                   81.81 sec.
    Max Memory :                                 -
    Average Memory :                             -
    Total Requested Memory :                     32.00 GB
    Delta Memory :                               -
    Max Swap :                                   -
    Max Processes :                              4
    Max Threads :                                49
    Run time :                                   92 sec.
    Turnaround time :                            648 sec.

The output (if any) is above this job summary.



PS:

Read file </work/tansey/meisterm/results/2023-08-02/diagonal/log_REP_CTD2/38/38/6/model_split.err> for stderr output of this job.

