train_corr: 0.9348151895145386
test_corr: 0.6871100545151092

------------------------------------------------------------
Sender: LSF System <lsfadmin@ji03>
Subject: Job 68466978: </work/tansey/meisterm/new_scripts/expt.sh /work/tansey/meisterm/code target_only "" CTD2 random_split .80 data/rep-gdsc-ctd2-mean-log.csv /work/tansey/meisterm/results/2023-08-10/run_2d/log_CTD2/80/target_only/4 "" 1000 4> in cluster <juno> Done

Job </work/tansey/meisterm/new_scripts/expt.sh /work/tansey/meisterm/code target_only "" CTD2 random_split .80 data/rep-gdsc-ctd2-mean-log.csv /work/tansey/meisterm/results/2023-08-10/run_2d/log_CTD2/80/target_only/4 "" 1000 4> was submitted from host <juno> by user <meisterm> in cluster <juno> at Thu Aug 10 17:58:43 2023
Job was executed on host(s) <ji03>, in queue <general>, as user <meisterm> in cluster <juno> at Fri Aug 11 14:26:30 2023
</home/meisterm> was used as the home directory.
</work/tansey/meisterm> was used as the working directory.
Started at Fri Aug 11 14:26:30 2023
Terminated at Fri Aug 11 15:58:32 2023
Results reported at Fri Aug 11 15:58:32 2023

Your job looked like:

------------------------------------------------------------
# LSBATCH: User input
/work/tansey/meisterm/new_scripts/expt.sh /work/tansey/meisterm/code target_only "" CTD2 random_split .80 data/rep-gdsc-ctd2-mean-log.csv /work/tansey/meisterm/results/2023-08-10/run_2d/log_CTD2/80/target_only/4 "" 1000 4
------------------------------------------------------------

Successfully completed.

Resource usage summary:

    CPU time :                                   5505.55 sec.
    Max Memory :                                 -
    Average Memory :                             -
    Total Requested Memory :                     32.00 GB
    Delta Memory :                               -
    Max Swap :                                   -
    Max Processes :                              4
    Max Threads :                                77
    Run time :                                   5522 sec.
    Turnaround time :                            79189 sec.

The output (if any) is above this job summary.



PS:

Read file </work/tansey/meisterm/results/2023-08-10/run_2d/log_CTD2/80/target_only/4/err.err> for stderr output of this job.

