train_corr: 0.5033111084322418
test_corr: 0.5145492934041599

------------------------------------------------------------
Sender: LSF System <lsfadmin@ji02>
Subject: Job 68671118: </work/tansey/meisterm/new_scripts/expt.sh /work/tansey/meisterm/code raw REP GDSC random_split .70 data/rep-gdsc-ctd2-mean-log.csv /work/tansey/meisterm/results/2023-08-12/run_2d/log_REP_GDSC/70/raw/3 "" 1000 3> in cluster <juno> Done

Job </work/tansey/meisterm/new_scripts/expt.sh /work/tansey/meisterm/code raw REP GDSC random_split .70 data/rep-gdsc-ctd2-mean-log.csv /work/tansey/meisterm/results/2023-08-12/run_2d/log_REP_GDSC/70/raw/3 "" 1000 3> was submitted from host <juno> by user <meisterm> in cluster <juno> at Sat Aug 12 10:45:30 2023
Job was executed on host(s) <ji02>, in queue <general>, as user <meisterm> in cluster <juno> at Sat Aug 12 10:45:32 2023
</home/meisterm> was used as the home directory.
</work/tansey/meisterm> was used as the working directory.
Started at Sat Aug 12 10:45:32 2023
Terminated at Sat Aug 12 10:45:41 2023
Results reported at Sat Aug 12 10:45:41 2023

Your job looked like:

------------------------------------------------------------
# LSBATCH: User input
/work/tansey/meisterm/new_scripts/expt.sh /work/tansey/meisterm/code raw REP GDSC random_split .70 data/rep-gdsc-ctd2-mean-log.csv /work/tansey/meisterm/results/2023-08-12/run_2d/log_REP_GDSC/70/raw/3 "" 1000 3
------------------------------------------------------------

Successfully completed.

Resource usage summary:

    CPU time :                                   3.97 sec.
    Max Memory :                                 -
    Average Memory :                             -
    Total Requested Memory :                     32.00 GB
    Delta Memory :                               -
    Max Swap :                                   -
    Max Processes :                              4
    Max Threads :                                13
    Run time :                                   9 sec.
    Turnaround time :                            11 sec.

The output (if any) is above this job summary.



PS:

Read file </work/tansey/meisterm/results/2023-08-12/run_2d/log_REP_GDSC/70/raw/3/err.err> for stderr output of this job.

