train_corr: 0.9674392156348933
test_corr: 0.6606215498043189

------------------------------------------------------------
Sender: LSF System <lsfadmin@je03>
Subject: Job 68466941: </work/tansey/meisterm/new_scripts/expt.sh /work/tansey/meisterm/code target_only "" GDSC random_split .80 data/rep-gdsc-ctd2-mean-log.csv /work/tansey/meisterm/results/2023-08-10/run_2d/log_GDSC/80/target_only/8 "" 1000 8> in cluster <juno> Done

Job </work/tansey/meisterm/new_scripts/expt.sh /work/tansey/meisterm/code target_only "" GDSC random_split .80 data/rep-gdsc-ctd2-mean-log.csv /work/tansey/meisterm/results/2023-08-10/run_2d/log_GDSC/80/target_only/8 "" 1000 8> was submitted from host <juno> by user <meisterm> in cluster <juno> at Thu Aug 10 17:58:41 2023
Job was executed on host(s) <je03>, in queue <general>, as user <meisterm> in cluster <juno> at Fri Aug 11 14:12:43 2023
</home/meisterm> was used as the home directory.
</work/tansey/meisterm> was used as the working directory.
Started at Fri Aug 11 14:12:43 2023
Terminated at Fri Aug 11 16:05:41 2023
Results reported at Fri Aug 11 16:05:41 2023

Your job looked like:

------------------------------------------------------------
# LSBATCH: User input
/work/tansey/meisterm/new_scripts/expt.sh /work/tansey/meisterm/code target_only "" GDSC random_split .80 data/rep-gdsc-ctd2-mean-log.csv /work/tansey/meisterm/results/2023-08-10/run_2d/log_GDSC/80/target_only/8 "" 1000 8
------------------------------------------------------------

Successfully completed.

Resource usage summary:

    CPU time :                                   6755.87 sec.
    Max Memory :                                 -
    Average Memory :                             -
    Total Requested Memory :                     32.00 GB
    Delta Memory :                               -
    Max Swap :                                   -
    Max Processes :                              4
    Max Threads :                                53
    Run time :                                   6777 sec.
    Turnaround time :                            79620 sec.

The output (if any) is above this job summary.



PS:

Read file </work/tansey/meisterm/results/2023-08-10/run_2d/log_GDSC/80/target_only/8/err.err> for stderr output of this job.

