train_corr: 0.9079454232338977
test_corr: 0.8401412553653546

------------------------------------------------------------
Sender: LSF System <lsfadmin@ji17>
Subject: Job 68466857: </work/tansey/meisterm/new_scripts/expt.sh /work/tansey/meisterm/code transfer CTD2 REP random_split .80 data/rep-gdsc-ctd2-mean-log.csv /work/tansey/meisterm/results/2023-08-10/run_2d/log_CTD2_REP/80/transfer/8 "" 1000 8> in cluster <juno> Done

Job </work/tansey/meisterm/new_scripts/expt.sh /work/tansey/meisterm/code transfer CTD2 REP random_split .80 data/rep-gdsc-ctd2-mean-log.csv /work/tansey/meisterm/results/2023-08-10/run_2d/log_CTD2_REP/80/transfer/8 "" 1000 8> was submitted from host <juno> by user <meisterm> in cluster <juno> at Thu Aug 10 17:58:36 2023
Job was executed on host(s) <ji17>, in queue <general>, as user <meisterm> in cluster <juno> at Fri Aug 11 13:53:33 2023
</home/meisterm> was used as the home directory.
</work/tansey/meisterm> was used as the working directory.
Started at Fri Aug 11 13:53:33 2023
Terminated at Fri Aug 11 18:19:09 2023
Results reported at Fri Aug 11 18:19:09 2023

Your job looked like:

------------------------------------------------------------
# LSBATCH: User input
/work/tansey/meisterm/new_scripts/expt.sh /work/tansey/meisterm/code transfer CTD2 REP random_split .80 data/rep-gdsc-ctd2-mean-log.csv /work/tansey/meisterm/results/2023-08-10/run_2d/log_CTD2_REP/80/transfer/8 "" 1000 8
------------------------------------------------------------

Successfully completed.

Resource usage summary:

    CPU time :                                   15894.79 sec.
    Max Memory :                                 -
    Average Memory :                             -
    Total Requested Memory :                     32.00 GB
    Delta Memory :                               -
    Max Swap :                                   -
    Max Processes :                              4
    Max Threads :                                77
    Run time :                                   15935 sec.
    Turnaround time :                            87633 sec.

The output (if any) is above this job summary.



PS:

Read file </work/tansey/meisterm/results/2023-08-10/run_2d/log_CTD2_REP/80/transfer/8/err.err> for stderr output of this job.

