train_corr: 0.9599405379339496
test_corr: 0.6091585205531707

------------------------------------------------------------
Sender: LSF System <lsfadmin@jx23>
Subject: Job 68555410: </work/tansey/meisterm/new_scripts/expt.sh /work/tansey/meisterm/code target_only "" GDSC random_split .85 data/rep-gdsc-ctd2-mean-log.csv /work/tansey/meisterm/results/2023-08-11/run_2d/log_GDSC/85/target_only/4 "" 1000 4> in cluster <juno> Done

Job </work/tansey/meisterm/new_scripts/expt.sh /work/tansey/meisterm/code target_only "" GDSC random_split .85 data/rep-gdsc-ctd2-mean-log.csv /work/tansey/meisterm/results/2023-08-11/run_2d/log_GDSC/85/target_only/4 "" 1000 4> was submitted from host <juno> by user <meisterm> in cluster <juno> at Fri Aug 11 21:32:30 2023
Job was executed on host(s) <jx23>, in queue <general>, as user <meisterm> in cluster <juno> at Fri Aug 11 21:55:22 2023
</home/meisterm> was used as the home directory.
</work/tansey/meisterm> was used as the working directory.
Started at Fri Aug 11 21:55:22 2023
Terminated at Fri Aug 11 23:43:44 2023
Results reported at Fri Aug 11 23:43:44 2023

Your job looked like:

------------------------------------------------------------
# LSBATCH: User input
/work/tansey/meisterm/new_scripts/expt.sh /work/tansey/meisterm/code target_only "" GDSC random_split .85 data/rep-gdsc-ctd2-mean-log.csv /work/tansey/meisterm/results/2023-08-11/run_2d/log_GDSC/85/target_only/4 "" 1000 4
------------------------------------------------------------

Successfully completed.

Resource usage summary:

    CPU time :                                   6501.26 sec.
    Max Memory :                                 -
    Average Memory :                             -
    Total Requested Memory :                     32.00 GB
    Delta Memory :                               -
    Max Swap :                                   -
    Max Processes :                              4
    Max Threads :                                33
    Run time :                                   6504 sec.
    Turnaround time :                            7874 sec.

The output (if any) is above this job summary.



PS:

Read file </work/tansey/meisterm/results/2023-08-11/run_2d/log_GDSC/85/target_only/4/err.err> for stderr output of this job.

