train_corr: 0.8453308048013835
test_corr: 0.7192725823870826

------------------------------------------------------------
Sender: LSF System <lsfadmin@ji01>
Subject: Job 68466689: </work/tansey/meisterm/new_scripts/expt.sh /work/tansey/meisterm/code transfer REP CTD2 random_split .80 data/rep-gdsc-ctd2-mean-log.csv /work/tansey/meisterm/results/2023-08-10/run_2d/log_REP_CTD2/80/transfer/3 "" 1000 3> in cluster <juno> Done

Job </work/tansey/meisterm/new_scripts/expt.sh /work/tansey/meisterm/code transfer REP CTD2 random_split .80 data/rep-gdsc-ctd2-mean-log.csv /work/tansey/meisterm/results/2023-08-10/run_2d/log_REP_CTD2/80/transfer/3 "" 1000 3> was submitted from host <juno> by user <meisterm> in cluster <juno> at Thu Aug 10 17:58:27 2023
Job was executed on host(s) <ji01>, in queue <general>, as user <meisterm> in cluster <juno> at Fri Aug 11 10:50:08 2023
</home/meisterm> was used as the home directory.
</work/tansey/meisterm> was used as the working directory.
Started at Fri Aug 11 10:50:08 2023
Terminated at Fri Aug 11 14:58:03 2023
Results reported at Fri Aug 11 14:58:03 2023

Your job looked like:

------------------------------------------------------------
# LSBATCH: User input
/work/tansey/meisterm/new_scripts/expt.sh /work/tansey/meisterm/code transfer REP CTD2 random_split .80 data/rep-gdsc-ctd2-mean-log.csv /work/tansey/meisterm/results/2023-08-10/run_2d/log_REP_CTD2/80/transfer/3 "" 1000 3
------------------------------------------------------------

Successfully completed.

Resource usage summary:

    CPU time :                                   14834.94 sec.
    Max Memory :                                 -
    Average Memory :                             -
    Total Requested Memory :                     32.00 GB
    Delta Memory :                               -
    Max Swap :                                   -
    Max Processes :                              4
    Max Threads :                                77
    Run time :                                   14878 sec.
    Turnaround time :                            75576 sec.

The output (if any) is above this job summary.



PS:

Read file </work/tansey/meisterm/results/2023-08-10/run_2d/log_REP_CTD2/80/transfer/3/err.err> for stderr output of this job.

