train_corr: 0.9510767855550102
test_corr: 0.7486447867906597

------------------------------------------------------------
Sender: LSF System <lsfadmin@ji07>
Subject: Job 68466970: </work/tansey/meisterm/new_scripts/expt.sh /work/tansey/meisterm/code target_only "" CTD2 random_split .60 data/rep-gdsc-ctd2-mean-log.csv /work/tansey/meisterm/results/2023-08-10/run_2d/log_CTD2/60/target_only/6 "" 1000 6> in cluster <juno> Done

Job </work/tansey/meisterm/new_scripts/expt.sh /work/tansey/meisterm/code target_only "" CTD2 random_split .60 data/rep-gdsc-ctd2-mean-log.csv /work/tansey/meisterm/results/2023-08-10/run_2d/log_CTD2/60/target_only/6 "" 1000 6> was submitted from host <juno> by user <meisterm> in cluster <juno> at Thu Aug 10 17:58:42 2023
Job was executed on host(s) <ji07>, in queue <general>, as user <meisterm> in cluster <juno> at Fri Aug 11 14:22:09 2023
</home/meisterm> was used as the home directory.
</work/tansey/meisterm> was used as the working directory.
Started at Fri Aug 11 14:22:09 2023
Terminated at Fri Aug 11 16:54:54 2023
Results reported at Fri Aug 11 16:54:54 2023

Your job looked like:

------------------------------------------------------------
# LSBATCH: User input
/work/tansey/meisterm/new_scripts/expt.sh /work/tansey/meisterm/code target_only "" CTD2 random_split .60 data/rep-gdsc-ctd2-mean-log.csv /work/tansey/meisterm/results/2023-08-10/run_2d/log_CTD2/60/target_only/6 "" 1000 6
------------------------------------------------------------

Successfully completed.

Resource usage summary:

    CPU time :                                   9133.89 sec.
    Max Memory :                                 -
    Average Memory :                             -
    Total Requested Memory :                     32.00 GB
    Delta Memory :                               -
    Max Swap :                                   -
    Max Processes :                              4
    Max Threads :                                77
    Run time :                                   9165 sec.
    Turnaround time :                            82572 sec.

The output (if any) is above this job summary.



PS:

Read file </work/tansey/meisterm/results/2023-08-10/run_2d/log_CTD2/60/target_only/6/err.err> for stderr output of this job.

