train_corr: 0.4941585849793394
test_corr: 0.5047792781916751

------------------------------------------------------------
Sender: LSF System <lsfadmin@ji04>
Subject: Job 68671145: </work/tansey/meisterm/new_scripts/expt.sh /work/tansey/meisterm/code raw REP CTD2 random_split .70 data/rep-gdsc-ctd2-mean-log.csv /work/tansey/meisterm/results/2023-08-12/run_2d/log_REP_CTD2/70/raw/0 "" 1000 0> in cluster <juno> Done

Job </work/tansey/meisterm/new_scripts/expt.sh /work/tansey/meisterm/code raw REP CTD2 random_split .70 data/rep-gdsc-ctd2-mean-log.csv /work/tansey/meisterm/results/2023-08-12/run_2d/log_REP_CTD2/70/raw/0 "" 1000 0> was submitted from host <juno> by user <meisterm> in cluster <juno> at Sat Aug 12 10:45:32 2023
Job was executed on host(s) <ji04>, in queue <general>, as user <meisterm> in cluster <juno> at Sat Aug 12 10:45:33 2023
</home/meisterm> was used as the home directory.
</work/tansey/meisterm> was used as the working directory.
Started at Sat Aug 12 10:45:33 2023
Terminated at Sat Aug 12 10:45:51 2023
Results reported at Sat Aug 12 10:45:51 2023

Your job looked like:

------------------------------------------------------------
# LSBATCH: User input
/work/tansey/meisterm/new_scripts/expt.sh /work/tansey/meisterm/code raw REP CTD2 random_split .70 data/rep-gdsc-ctd2-mean-log.csv /work/tansey/meisterm/results/2023-08-12/run_2d/log_REP_CTD2/70/raw/0 "" 1000 0
------------------------------------------------------------

Successfully completed.

Resource usage summary:

    CPU time :                                   6.31 sec.
    Max Memory :                                 -
    Average Memory :                             -
    Total Requested Memory :                     32.00 GB
    Delta Memory :                               -
    Max Swap :                                   -
    Max Processes :                              4
    Max Threads :                                13
    Run time :                                   16 sec.
    Turnaround time :                            19 sec.

The output (if any) is above this job summary.



PS:

Read file </work/tansey/meisterm/results/2023-08-12/run_2d/log_REP_CTD2/70/raw/0/err.err> for stderr output of this job.

