train_corr: 0.6565212735110384
test_corr: 0.07807995646101784

------------------------------------------------------------
Sender: LSF System <lsfadmin@ji18>
Subject: Job 68555429: </work/tansey/meisterm/new_scripts/expt.sh /work/tansey/meisterm/code target_only "" GDSC random_split .95 data/rep-gdsc-ctd2-mean-log.csv /work/tansey/meisterm/results/2023-08-11/run_2d/log_GDSC/95/target_only/2 "" 1000 2> in cluster <juno> Done

Job </work/tansey/meisterm/new_scripts/expt.sh /work/tansey/meisterm/code target_only "" GDSC random_split .95 data/rep-gdsc-ctd2-mean-log.csv /work/tansey/meisterm/results/2023-08-11/run_2d/log_GDSC/95/target_only/2 "" 1000 2> was submitted from host <juno> by user <meisterm> in cluster <juno> at Fri Aug 11 21:32:31 2023
Job was executed on host(s) <ji18>, in queue <general>, as user <meisterm> in cluster <juno> at Fri Aug 11 21:57:19 2023
</home/meisterm> was used as the home directory.
</work/tansey/meisterm> was used as the working directory.
Started at Fri Aug 11 21:57:19 2023
Terminated at Sat Aug 12 00:31:04 2023
Results reported at Sat Aug 12 00:31:04 2023

Your job looked like:

------------------------------------------------------------
# LSBATCH: User input
/work/tansey/meisterm/new_scripts/expt.sh /work/tansey/meisterm/code target_only "" GDSC random_split .95 data/rep-gdsc-ctd2-mean-log.csv /work/tansey/meisterm/results/2023-08-11/run_2d/log_GDSC/95/target_only/2 "" 1000 2
------------------------------------------------------------

Successfully completed.

Resource usage summary:

    CPU time :                                   9187.29 sec.
    Max Memory :                                 -
    Average Memory :                             -
    Total Requested Memory :                     32.00 GB
    Delta Memory :                               -
    Max Swap :                                   -
    Max Processes :                              4
    Max Threads :                                77
    Run time :                                   9227 sec.
    Turnaround time :                            10713 sec.

The output (if any) is above this job summary.



PS:

Read file </work/tansey/meisterm/results/2023-08-11/run_2d/log_GDSC/95/target_only/2/err.err> for stderr output of this job.

