FINAL LOSS DIFF: -107.5576171875
corr_test: 0.8191957977750964
corr_train: 0.8315657951026293

------------------------------------------------------------
Sender: LSF System <lsfadmin@ji08>
Subject: Job 67472545: </work/tansey/meisterm/scripts/heatmap_input.sh 7 4 65 65 REP_published_auc_mean CTD2_published_auc_mean /work/tansey/meisterm/results/2023-08-02/diagonal/log_REP_CTD2/65/65/7 1000 /work/tansey/meisterm/data> in cluster <juno> Done

Job </work/tansey/meisterm/scripts/heatmap_input.sh 7 4 65 65 REP_published_auc_mean CTD2_published_auc_mean /work/tansey/meisterm/results/2023-08-02/diagonal/log_REP_CTD2/65/65/7 1000 /work/tansey/meisterm/data> was submitted from host <juno> by user <meisterm> in cluster <juno> at Wed Aug  2 15:58:07 2023
Job was executed on host(s) <ji08>, in queue <general>, as user <meisterm> in cluster <juno> at Wed Aug  2 16:09:13 2023
</home/meisterm> was used as the home directory.
</work/tansey/meisterm> was used as the working directory.
Started at Wed Aug  2 16:09:13 2023
Terminated at Wed Aug  2 16:10:07 2023
Results reported at Wed Aug  2 16:10:07 2023

Your job looked like:

------------------------------------------------------------
# LSBATCH: User input
/work/tansey/meisterm/scripts/heatmap_input.sh 7 4 65 65 REP_published_auc_mean CTD2_published_auc_mean /work/tansey/meisterm/results/2023-08-02/diagonal/log_REP_CTD2/65/65/7 1000 /work/tansey/meisterm/data
------------------------------------------------------------

Successfully completed.

Resource usage summary:

    CPU time :                                   51.63 sec.
    Max Memory :                                 -
    Average Memory :                             -
    Total Requested Memory :                     32.00 GB
    Delta Memory :                               -
    Max Swap :                                   -
    Max Processes :                              4
    Max Threads :                                77
    Run time :                                   55 sec.
    Turnaround time :                            720 sec.

The output (if any) is above this job summary.



PS:

Read file </work/tansey/meisterm/results/2023-08-02/diagonal/log_REP_CTD2/65/65/7/model_split.err> for stderr output of this job.

FINAL LOSS DIFF: -16.4775390625
corr_test: 0.8124657435877132
corr_train: 0.8261780633331588

------------------------------------------------------------
Sender: LSF System <lsfadmin@jh09>
Subject: Job 67472542: </work/tansey/meisterm/scripts/heatmap_input.sh 7 1 65 65 REP_published_auc_mean CTD2_published_auc_mean /work/tansey/meisterm/results/2023-08-02/diagonal/log_REP_CTD2/65/65/7 1000 /work/tansey/meisterm/data> in cluster <juno> Done

Job </work/tansey/meisterm/scripts/heatmap_input.sh 7 1 65 65 REP_published_auc_mean CTD2_published_auc_mean /work/tansey/meisterm/results/2023-08-02/diagonal/log_REP_CTD2/65/65/7 1000 /work/tansey/meisterm/data> was submitted from host <juno> by user <meisterm> in cluster <juno> at Wed Aug  2 15:58:07 2023
Job was executed on host(s) <jh09>, in queue <general>, as user <meisterm> in cluster <juno> at Wed Aug  2 16:09:13 2023
</home/meisterm> was used as the home directory.
</work/tansey/meisterm> was used as the working directory.
Started at Wed Aug  2 16:09:13 2023
Terminated at Wed Aug  2 16:10:29 2023
Results reported at Wed Aug  2 16:10:29 2023

Your job looked like:

------------------------------------------------------------
# LSBATCH: User input
/work/tansey/meisterm/scripts/heatmap_input.sh 7 1 65 65 REP_published_auc_mean CTD2_published_auc_mean /work/tansey/meisterm/results/2023-08-02/diagonal/log_REP_CTD2/65/65/7 1000 /work/tansey/meisterm/data
------------------------------------------------------------

Successfully completed.

Resource usage summary:

    CPU time :                                   73.33 sec.
    Max Memory :                                 -
    Average Memory :                             -
    Total Requested Memory :                     32.00 GB
    Delta Memory :                               -
    Max Swap :                                   -
    Max Processes :                              4
    Max Threads :                                65
    Run time :                                   76 sec.
    Turnaround time :                            742 sec.

The output (if any) is above this job summary.



PS:

Read file </work/tansey/meisterm/results/2023-08-02/diagonal/log_REP_CTD2/65/65/7/model_split.err> for stderr output of this job.

FINAL LOSS DIFF: 26.12109375
corr_test: 0.8185926887797331
corr_train: 0.8340203922086808

------------------------------------------------------------
Sender: LSF System <lsfadmin@jh04>
Subject: Job 67472543: </work/tansey/meisterm/scripts/heatmap_input.sh 7 2 65 65 REP_published_auc_mean CTD2_published_auc_mean /work/tansey/meisterm/results/2023-08-02/diagonal/log_REP_CTD2/65/65/7 1000 /work/tansey/meisterm/data> in cluster <juno> Done

Job </work/tansey/meisterm/scripts/heatmap_input.sh 7 2 65 65 REP_published_auc_mean CTD2_published_auc_mean /work/tansey/meisterm/results/2023-08-02/diagonal/log_REP_CTD2/65/65/7 1000 /work/tansey/meisterm/data> was submitted from host <juno> by user <meisterm> in cluster <juno> at Wed Aug  2 15:58:07 2023
Job was executed on host(s) <jh04>, in queue <general>, as user <meisterm> in cluster <juno> at Wed Aug  2 16:09:12 2023
</home/meisterm> was used as the home directory.
</work/tansey/meisterm> was used as the working directory.
Started at Wed Aug  2 16:09:12 2023
Terminated at Wed Aug  2 16:10:30 2023
Results reported at Wed Aug  2 16:10:30 2023

Your job looked like:

------------------------------------------------------------
# LSBATCH: User input
/work/tansey/meisterm/scripts/heatmap_input.sh 7 2 65 65 REP_published_auc_mean CTD2_published_auc_mean /work/tansey/meisterm/results/2023-08-02/diagonal/log_REP_CTD2/65/65/7 1000 /work/tansey/meisterm/data
------------------------------------------------------------

Successfully completed.

Resource usage summary:

    CPU time :                                   75.62 sec.
    Max Memory :                                 -
    Average Memory :                             -
    Total Requested Memory :                     32.00 GB
    Delta Memory :                               -
    Max Swap :                                   -
    Max Processes :                              4
    Max Threads :                                65
    Run time :                                   79 sec.
    Turnaround time :                            743 sec.

The output (if any) is above this job summary.



PS:

Read file </work/tansey/meisterm/results/2023-08-02/diagonal/log_REP_CTD2/65/65/7/model_split.err> for stderr output of this job.

FINAL LOSS DIFF: 92.8681640625
corr_test: 0.8122190045201054
corr_train: 0.8312483735900059

------------------------------------------------------------
Sender: LSF System <lsfadmin@jh06>
Subject: Job 67472551: </work/tansey/meisterm/scripts/heatmap_input.sh 7 10 65 65 REP_published_auc_mean CTD2_published_auc_mean /work/tansey/meisterm/results/2023-08-02/diagonal/log_REP_CTD2/65/65/7 1000 /work/tansey/meisterm/data> in cluster <juno> Done

Job </work/tansey/meisterm/scripts/heatmap_input.sh 7 10 65 65 REP_published_auc_mean CTD2_published_auc_mean /work/tansey/meisterm/results/2023-08-02/diagonal/log_REP_CTD2/65/65/7 1000 /work/tansey/meisterm/data> was submitted from host <juno> by user <meisterm> in cluster <juno> at Wed Aug  2 15:58:07 2023
Job was executed on host(s) <jh06>, in queue <general>, as user <meisterm> in cluster <juno> at Wed Aug  2 16:09:15 2023
</home/meisterm> was used as the home directory.
</work/tansey/meisterm> was used as the working directory.
Started at Wed Aug  2 16:09:15 2023
Terminated at Wed Aug  2 16:10:33 2023
Results reported at Wed Aug  2 16:10:33 2023

Your job looked like:

------------------------------------------------------------
# LSBATCH: User input
/work/tansey/meisterm/scripts/heatmap_input.sh 7 10 65 65 REP_published_auc_mean CTD2_published_auc_mean /work/tansey/meisterm/results/2023-08-02/diagonal/log_REP_CTD2/65/65/7 1000 /work/tansey/meisterm/data
------------------------------------------------------------

Successfully completed.

Resource usage summary:

    CPU time :                                   76.29 sec.
    Max Memory :                                 -
    Average Memory :                             -
    Total Requested Memory :                     32.00 GB
    Delta Memory :                               -
    Max Swap :                                   -
    Max Processes :                              4
    Max Threads :                                65
    Run time :                                   79 sec.
    Turnaround time :                            746 sec.

The output (if any) is above this job summary.



PS:

Read file </work/tansey/meisterm/results/2023-08-02/diagonal/log_REP_CTD2/65/65/7/model_split.err> for stderr output of this job.

FINAL LOSS DIFF: 101.2177734375
corr_test: 0.815127549563949
corr_train: 0.8319633731641837

------------------------------------------------------------
Sender: LSF System <lsfadmin@jh06>
Subject: Job 67472550: </work/tansey/meisterm/scripts/heatmap_input.sh 7 9 65 65 REP_published_auc_mean CTD2_published_auc_mean /work/tansey/meisterm/results/2023-08-02/diagonal/log_REP_CTD2/65/65/7 1000 /work/tansey/meisterm/data> in cluster <juno> Done

Job </work/tansey/meisterm/scripts/heatmap_input.sh 7 9 65 65 REP_published_auc_mean CTD2_published_auc_mean /work/tansey/meisterm/results/2023-08-02/diagonal/log_REP_CTD2/65/65/7 1000 /work/tansey/meisterm/data> was submitted from host <juno> by user <meisterm> in cluster <juno> at Wed Aug  2 15:58:07 2023
Job was executed on host(s) <jh06>, in queue <general>, as user <meisterm> in cluster <juno> at Wed Aug  2 16:09:15 2023
</home/meisterm> was used as the home directory.
</work/tansey/meisterm> was used as the working directory.
Started at Wed Aug  2 16:09:15 2023
Terminated at Wed Aug  2 16:10:34 2023
Results reported at Wed Aug  2 16:10:34 2023

Your job looked like:

------------------------------------------------------------
# LSBATCH: User input
/work/tansey/meisterm/scripts/heatmap_input.sh 7 9 65 65 REP_published_auc_mean CTD2_published_auc_mean /work/tansey/meisterm/results/2023-08-02/diagonal/log_REP_CTD2/65/65/7 1000 /work/tansey/meisterm/data
------------------------------------------------------------

Successfully completed.

Resource usage summary:

    CPU time :                                   77.49 sec.
    Max Memory :                                 -
    Average Memory :                             -
    Total Requested Memory :                     32.00 GB
    Delta Memory :                               -
    Max Swap :                                   -
    Max Processes :                              4
    Max Threads :                                65
    Run time :                                   80 sec.
    Turnaround time :                            747 sec.

The output (if any) is above this job summary.



PS:

Read file </work/tansey/meisterm/results/2023-08-02/diagonal/log_REP_CTD2/65/65/7/model_split.err> for stderr output of this job.

FINAL LOSS DIFF: 148.966796875
corr_test: 0.8157421621965403
corr_train: 0.8341022244546002

------------------------------------------------------------
Sender: LSF System <lsfadmin@je18>
Subject: Job 67472544: </work/tansey/meisterm/scripts/heatmap_input.sh 7 3 65 65 REP_published_auc_mean CTD2_published_auc_mean /work/tansey/meisterm/results/2023-08-02/diagonal/log_REP_CTD2/65/65/7 1000 /work/tansey/meisterm/data> in cluster <juno> Done

Job </work/tansey/meisterm/scripts/heatmap_input.sh 7 3 65 65 REP_published_auc_mean CTD2_published_auc_mean /work/tansey/meisterm/results/2023-08-02/diagonal/log_REP_CTD2/65/65/7 1000 /work/tansey/meisterm/data> was submitted from host <juno> by user <meisterm> in cluster <juno> at Wed Aug  2 15:58:07 2023
Job was executed on host(s) <je18>, in queue <general>, as user <meisterm> in cluster <juno> at Wed Aug  2 16:09:12 2023
</home/meisterm> was used as the home directory.
</work/tansey/meisterm> was used as the working directory.
Started at Wed Aug  2 16:09:12 2023
Terminated at Wed Aug  2 16:10:40 2023
Results reported at Wed Aug  2 16:10:40 2023

Your job looked like:

------------------------------------------------------------
# LSBATCH: User input
/work/tansey/meisterm/scripts/heatmap_input.sh 7 3 65 65 REP_published_auc_mean CTD2_published_auc_mean /work/tansey/meisterm/results/2023-08-02/diagonal/log_REP_CTD2/65/65/7 1000 /work/tansey/meisterm/data
------------------------------------------------------------

Successfully completed.

Resource usage summary:

    CPU time :                                   84.91 sec.
    Max Memory :                                 -
    Average Memory :                             -
    Total Requested Memory :                     32.00 GB
    Delta Memory :                               -
    Max Swap :                                   -
    Max Processes :                              4
    Max Threads :                                53
    Run time :                                   88 sec.
    Turnaround time :                            753 sec.

The output (if any) is above this job summary.



PS:

Read file </work/tansey/meisterm/results/2023-08-02/diagonal/log_REP_CTD2/65/65/7/model_split.err> for stderr output of this job.

FINAL LOSS DIFF: 6.189453125
corr_test: 0.8128264398701188
corr_train: 0.827987082630621

------------------------------------------------------------
Sender: LSF System <lsfadmin@ja09>
Subject: Job 67472546: </work/tansey/meisterm/scripts/heatmap_input.sh 7 5 65 65 REP_published_auc_mean CTD2_published_auc_mean /work/tansey/meisterm/results/2023-08-02/diagonal/log_REP_CTD2/65/65/7 1000 /work/tansey/meisterm/data> in cluster <juno> Done

Job </work/tansey/meisterm/scripts/heatmap_input.sh 7 5 65 65 REP_published_auc_mean CTD2_published_auc_mean /work/tansey/meisterm/results/2023-08-02/diagonal/log_REP_CTD2/65/65/7 1000 /work/tansey/meisterm/data> was submitted from host <juno> by user <meisterm> in cluster <juno> at Wed Aug  2 15:58:07 2023
Job was executed on host(s) <ja09>, in queue <general>, as user <meisterm> in cluster <juno> at Wed Aug  2 16:09:13 2023
</home/meisterm> was used as the home directory.
</work/tansey/meisterm> was used as the working directory.
Started at Wed Aug  2 16:09:13 2023
Terminated at Wed Aug  2 16:10:42 2023
Results reported at Wed Aug  2 16:10:42 2023

Your job looked like:

------------------------------------------------------------
# LSBATCH: User input
/work/tansey/meisterm/scripts/heatmap_input.sh 7 5 65 65 REP_published_auc_mean CTD2_published_auc_mean /work/tansey/meisterm/results/2023-08-02/diagonal/log_REP_CTD2/65/65/7 1000 /work/tansey/meisterm/data
------------------------------------------------------------

Successfully completed.

Resource usage summary:

    CPU time :                                   86.78 sec.
    Max Memory :                                 -
    Average Memory :                             -
    Total Requested Memory :                     32.00 GB
    Delta Memory :                               -
    Max Swap :                                   -
    Max Processes :                              4
    Max Threads :                                49
    Run time :                                   89 sec.
    Turnaround time :                            755 sec.

The output (if any) is above this job summary.



PS:

Read file </work/tansey/meisterm/results/2023-08-02/diagonal/log_REP_CTD2/65/65/7/model_split.err> for stderr output of this job.

FINAL LOSS DIFF: 187.73046875
corr_test: 0.8131173299876399
corr_train: 0.8251398080938442

------------------------------------------------------------
Sender: LSF System <lsfadmin@je19>
Subject: Job 67472549: </work/tansey/meisterm/scripts/heatmap_input.sh 7 8 65 65 REP_published_auc_mean CTD2_published_auc_mean /work/tansey/meisterm/results/2023-08-02/diagonal/log_REP_CTD2/65/65/7 1000 /work/tansey/meisterm/data> in cluster <juno> Done

Job </work/tansey/meisterm/scripts/heatmap_input.sh 7 8 65 65 REP_published_auc_mean CTD2_published_auc_mean /work/tansey/meisterm/results/2023-08-02/diagonal/log_REP_CTD2/65/65/7 1000 /work/tansey/meisterm/data> was submitted from host <juno> by user <meisterm> in cluster <juno> at Wed Aug  2 15:58:07 2023
Job was executed on host(s) <je19>, in queue <general>, as user <meisterm> in cluster <juno> at Wed Aug  2 16:09:14 2023
</home/meisterm> was used as the home directory.
</work/tansey/meisterm> was used as the working directory.
Started at Wed Aug  2 16:09:14 2023
Terminated at Wed Aug  2 16:10:44 2023
Results reported at Wed Aug  2 16:10:44 2023

Your job looked like:

------------------------------------------------------------
# LSBATCH: User input
/work/tansey/meisterm/scripts/heatmap_input.sh 7 8 65 65 REP_published_auc_mean CTD2_published_auc_mean /work/tansey/meisterm/results/2023-08-02/diagonal/log_REP_CTD2/65/65/7 1000 /work/tansey/meisterm/data
------------------------------------------------------------

Successfully completed.

Resource usage summary:

    CPU time :                                   86.91 sec.
    Max Memory :                                 -
    Average Memory :                             -
    Total Requested Memory :                     32.00 GB
    Delta Memory :                               -
    Max Swap :                                   -
    Max Processes :                              4
    Max Threads :                                53
    Run time :                                   91 sec.
    Turnaround time :                            757 sec.

The output (if any) is above this job summary.



PS:

Read file </work/tansey/meisterm/results/2023-08-02/diagonal/log_REP_CTD2/65/65/7/model_split.err> for stderr output of this job.

FINAL LOSS DIFF: 262.0654296875
corr_test: 0.8125386373963703
corr_train: 0.8325947669932949

------------------------------------------------------------
Sender: LSF System <lsfadmin@je24>
Subject: Job 67472548: </work/tansey/meisterm/scripts/heatmap_input.sh 7 7 65 65 REP_published_auc_mean CTD2_published_auc_mean /work/tansey/meisterm/results/2023-08-02/diagonal/log_REP_CTD2/65/65/7 1000 /work/tansey/meisterm/data> in cluster <juno> Done

Job </work/tansey/meisterm/scripts/heatmap_input.sh 7 7 65 65 REP_published_auc_mean CTD2_published_auc_mean /work/tansey/meisterm/results/2023-08-02/diagonal/log_REP_CTD2/65/65/7 1000 /work/tansey/meisterm/data> was submitted from host <juno> by user <meisterm> in cluster <juno> at Wed Aug  2 15:58:07 2023
Job was executed on host(s) <je24>, in queue <general>, as user <meisterm> in cluster <juno> at Wed Aug  2 16:09:13 2023
</home/meisterm> was used as the home directory.
</work/tansey/meisterm> was used as the working directory.
Started at Wed Aug  2 16:09:13 2023
Terminated at Wed Aug  2 16:10:47 2023
Results reported at Wed Aug  2 16:10:47 2023

Your job looked like:

------------------------------------------------------------
# LSBATCH: User input
/work/tansey/meisterm/scripts/heatmap_input.sh 7 7 65 65 REP_published_auc_mean CTD2_published_auc_mean /work/tansey/meisterm/results/2023-08-02/diagonal/log_REP_CTD2/65/65/7 1000 /work/tansey/meisterm/data
------------------------------------------------------------

Successfully completed.

Resource usage summary:

    CPU time :                                   94.75 sec.
    Max Memory :                                 -
    Average Memory :                             -
    Total Requested Memory :                     32.00 GB
    Delta Memory :                               -
    Max Swap :                                   -
    Max Processes :                              4
    Max Threads :                                53
    Run time :                                   95 sec.
    Turnaround time :                            760 sec.

The output (if any) is above this job summary.



PS:

Read file </work/tansey/meisterm/results/2023-08-02/diagonal/log_REP_CTD2/65/65/7/model_split.err> for stderr output of this job.

FINAL LOSS DIFF: -99.013671875
corr_test: 0.8150357262722399
corr_train: 0.8311840785723654

------------------------------------------------------------
Sender: LSF System <lsfadmin@je11>
Subject: Job 67472547: </work/tansey/meisterm/scripts/heatmap_input.sh 7 6 65 65 REP_published_auc_mean CTD2_published_auc_mean /work/tansey/meisterm/results/2023-08-02/diagonal/log_REP_CTD2/65/65/7 1000 /work/tansey/meisterm/data> in cluster <juno> Done

Job </work/tansey/meisterm/scripts/heatmap_input.sh 7 6 65 65 REP_published_auc_mean CTD2_published_auc_mean /work/tansey/meisterm/results/2023-08-02/diagonal/log_REP_CTD2/65/65/7 1000 /work/tansey/meisterm/data> was submitted from host <juno> by user <meisterm> in cluster <juno> at Wed Aug  2 15:58:07 2023
Job was executed on host(s) <je11>, in queue <general>, as user <meisterm> in cluster <juno> at Wed Aug  2 16:09:13 2023
</home/meisterm> was used as the home directory.
</work/tansey/meisterm> was used as the working directory.
Started at Wed Aug  2 16:09:13 2023
Terminated at Wed Aug  2 16:10:50 2023
Results reported at Wed Aug  2 16:10:50 2023

Your job looked like:

------------------------------------------------------------
# LSBATCH: User input
/work/tansey/meisterm/scripts/heatmap_input.sh 7 6 65 65 REP_published_auc_mean CTD2_published_auc_mean /work/tansey/meisterm/results/2023-08-02/diagonal/log_REP_CTD2/65/65/7 1000 /work/tansey/meisterm/data
------------------------------------------------------------

Successfully completed.

Resource usage summary:

    CPU time :                                   93.82 sec.
    Max Memory :                                 -
    Average Memory :                             -
    Total Requested Memory :                     32.00 GB
    Delta Memory :                               -
    Max Swap :                                   -
    Max Processes :                              4
    Max Threads :                                53
    Run time :                                   97 sec.
    Turnaround time :                            763 sec.

The output (if any) is above this job summary.



PS:

Read file </work/tansey/meisterm/results/2023-08-02/diagonal/log_REP_CTD2/65/65/7/model_split.err> for stderr output of this job.

